2018-02-26 16:42:37 wait until 2018-02-27 06:55:00 sec: 51143, 1519703700, 1519652557  sleep: 14.206388888889
https://uslugi.mosreg.ru/zdrav/doctor_appointment/doctor/0901052/1395/2018-03-12?scenery=1
No time: Array
(
)

               total    1  0.391
                curl    1  0.391
          parseTimes    1  0.000

Status: NO TIME, Next Run: 2018-02-27 06:55:15
https://uslugi.mosreg.ru/zdrav/doctor_appointment/doctor/0901052/1395/2018-03-12?scenery=1
No time: Array
(
)

               total    1  0.003
                curl    1  0.003
          parseTimes    1  0.000

Status: NO TIME, Next Run: 2018-02-27 06:55:30
https://uslugi.mosreg.ru/zdrav/doctor_appointment/doctor/0901052/1395/2018-03-12?scenery=1
No time: Array
(
)

               total    1  0.080
                curl    1  0.080
          parseTimes    1  0.000

Status: NO TIME, Next Run: 2018-02-27 06:55:45
https://uslugi.mosreg.ru/zdrav/doctor_appointment/doctor/0901052/1395/2018-03-12?scenery=1
No time: Array
(
)

               total    1  0.003
                curl    1  0.003
          parseTimes    1  0.000

Status: NO TIME, Next Run: 2018-02-27 06:56:00
https://uslugi.mosreg.ru/zdrav/doctor_appointment/doctor/0901052/1395/2018-03-12?scenery=1
No time: Array
(
)

               total    1  0.080
                curl    1  0.080
          parseTimes    1  0.000

Status: NO TIME, Next Run: 2018-02-27 06:56:15
https://uslugi.mosreg.ru/zdrav/doctor_appointment/doctor/0901052/1395/2018-03-12?scenery=1
No time: Array
(
)

               total    1  0.003
                curl    1  0.003
          parseTimes    1  0.000

Status: NO TIME, Next Run: 2018-02-27 06:56:30
https://uslugi.mosreg.ru/zdrav/doctor_appointment/doctor/0901052/1395/2018-03-12?scenery=1
No time: Array
(
)

               total    1  0.078
                curl    1  0.078
          parseTimes    1  0.000

Status: NO TIME, Next Run: 2018-02-27 06:56:45
https://uslugi.mosreg.ru/zdrav/doctor_appointment/doctor/0901052/1395/2018-03-12?scenery=1
No time: Array
(
)

               total    1  0.257
                curl    1  0.257
          parseTimes    1  0.000

Status: NO TIME, Next Run: 2018-02-27 06:57:00
https://uslugi.mosreg.ru/zdrav/doctor_appointment/doctor/0901052/1395/2018-03-12?scenery=1
No time: Array
(
)

               total    1  0.246
                curl    1  0.246
          parseTimes    1  0.000

Status: NO TIME, Next Run: 2018-02-27 06:57:15
https://uslugi.mosreg.ru/zdrav/doctor_appointment/doctor/0901052/1395/2018-03-12?scenery=1
No time: Array
(
)

               total    1  0.003
                curl    1  0.003
          parseTimes    1  0.000

Status: NO TIME, Next Run: 2018-02-27 06:57:30
https://uslugi.mosreg.ru/zdrav/doctor_appointment/doctor/0901052/1395/2018-03-12?scenery=1
No time: Array
(
)

               total    1  0.081
                curl    1  0.081
          parseTimes    1  0.000

Status: NO TIME, Next Run: 2018-02-27 06:57:45
https://uslugi.mosreg.ru/zdrav/doctor_appointment/doctor/0901052/1395/2018-03-12?scenery=1
No time: Array
(
)

               total    1  0.004
                curl    1  0.004
          parseTimes    1  0.000

Status: NO TIME, Next Run: 2018-02-27 06:58:00
https://uslugi.mosreg.ru/zdrav/doctor_appointment/doctor/0901052/1395/2018-03-12?scenery=1
No time: Array
(
)

               total    1  0.080
                curl    1  0.080
          parseTimes    1  0.000

Status: NO TIME, Next Run: 2018-02-27 06:58:15
https://uslugi.mosreg.ru/zdrav/doctor_appointment/doctor/0901052/1395/2018-03-12?scenery=1
No time: Array
(
)

               total    1  0.008
                curl    1  0.008
          parseTimes    1  0.000

Status: NO TIME, Next Run: 2018-02-27 06:58:30
https://uslugi.mosreg.ru/zdrav/doctor_appointment/doctor/0901052/1395/2018-03-12?scenery=1
No time: Array
(
)

               total    1  0.079
                curl    1  0.079
          parseTimes    1  0.000

Status: NO TIME, Next Run: 2018-02-27 06:58:45
https://uslugi.mosreg.ru/zdrav/doctor_appointment/doctor/0901052/1395/2018-03-12?scenery=1
No time: Array
(
)

               total    1  0.003
                curl    1  0.003
          parseTimes    1  0.000

Status: NO TIME, Next Run: 2018-02-27 06:59:00
https://uslugi.mosreg.ru/zdrav/doctor_appointment/doctor/0901052/1395/2018-03-12?scenery=1
No time: Array
(
)

               total    1  0.230
                curl    1  0.230
          parseTimes    1  0.000

Status: NO TIME, Next Run: 2018-02-27 06:59:15
https://uslugi.mosreg.ru/zdrav/doctor_appointment/doctor/0901052/1395/2018-03-12?scenery=1
No time: Array
(
)

               total    1  0.003
                curl    1  0.003
          parseTimes    1  0.000

Status: NO TIME, Next Run: 2018-02-27 06:59:30
https://uslugi.mosreg.ru/zdrav/doctor_appointment/doctor/0901052/1395/2018-03-12?scenery=1
No time: Array
(
)

               total    1  0.081
                curl    1  0.081
          parseTimes    1  0.000

Status: NO TIME, Next Run: 2018-02-27 06:59:45
https://uslugi.mosreg.ru/zdrav/doctor_appointment/doctor/0901052/1395/2018-03-12?scenery=1
No time: Array
(
)

               total    1  0.003
                curl    1  0.003
          parseTimes    1  0.000

Status: NO TIME, Next Run: 2018-02-27 07:00:00
https://uslugi.mosreg.ru/zdrav/doctor_appointment/doctor/0901052/1395/2018-03-12?scenery=1
No time: Array
(
)

               total    1  0.088
                curl    1  0.088
          parseTimes    1  0.000

Status: NO TIME, Next Run: 2018-02-27 07:00:15
https://uslugi.mosreg.ru/zdrav/doctor_appointment/doctor/0901052/1395/2018-03-12?scenery=1
FAIL. We missed time!
