2018-02-26 16:41:36 wait until 2018-02-27 06:55:00 sec: 51204, 1519703700, 1519652496  sleep: 14.223333333333
https://uslugi.mosreg.ru/zdrav/doctor_appointment/doctor/0901052/1330/2018-03-12?scenery=1
No time: Array
(
)

               total    1  1.746
                curl    1  1.745
          parseTimes    1  0.000

Something wrong with it: LOADING OK

Errors: Array
(
)
Status: LOADING OK, Next Run: 2018-02-27 06:55:15
https://uslugi.mosreg.ru/zdrav/doctor_appointment/doctor/0901052/1330/2018-03-12?scenery=1
No time: Array
(
)

               total    1  1.253
                curl    1  1.253
          parseTimes    1  0.000

Something wrong with it: LOADING OK

Errors: Array
(
)
Status: LOADING OK, Next Run: 2018-02-27 06:55:30
https://uslugi.mosreg.ru/zdrav/doctor_appointment/doctor/0901052/1330/2018-03-12?scenery=1
No time: Array
(
)

               total    1  1.259
                curl    1  1.259
          parseTimes    1  0.000

Something wrong with it: LOADING OK

Errors: Array
(
)
Status: LOADING OK, Next Run: 2018-02-27 06:55:45
https://uslugi.mosreg.ru/zdrav/doctor_appointment/doctor/0901052/1330/2018-03-12?scenery=1
No time: Array
(
)

               total    1  1.256
                curl    1  1.255
          parseTimes    1  0.000

Something wrong with it: LOADING OK

Errors: Array
(
)
Status: LOADING OK, Next Run: 2018-02-27 06:56:00
https://uslugi.mosreg.ru/zdrav/doctor_appointment/doctor/0901052/1330/2018-03-12?scenery=1
No time: Array
(
)

               total    1  1.272
                curl    1  1.272
          parseTimes    1  0.000

Something wrong with it: LOADING OK

Errors: Array
(
)
Status: LOADING OK, Next Run: 2018-02-27 06:56:15
https://uslugi.mosreg.ru/zdrav/doctor_appointment/doctor/0901052/1330/2018-03-12?scenery=1
No time: Array
(
)

               total    1  1.251
                curl    1  1.251
          parseTimes    1  0.000

Something wrong with it: LOADING OK

Errors: Array
(
)
Status: LOADING OK, Next Run: 2018-02-27 06:56:30
https://uslugi.mosreg.ru/zdrav/doctor_appointment/doctor/0901052/1330/2018-03-12?scenery=1
No time: Array
(
)

               total    1  1.255
                curl    1  1.255
          parseTimes    1  0.000

Something wrong with it: LOADING OK

Errors: Array
(
)
Status: LOADING OK, Next Run: 2018-02-27 06:56:45
https://uslugi.mosreg.ru/zdrav/doctor_appointment/doctor/0901052/1330/2018-03-12?scenery=1
No time: Array
(
)

               total    1  1.254
                curl    1  1.253
          parseTimes    1  0.000

Something wrong with it: LOADING OK

Errors: Array
(
)
Status: LOADING OK, Next Run: 2018-02-27 06:57:00
https://uslugi.mosreg.ru/zdrav/doctor_appointment/doctor/0901052/1330/2018-03-12?scenery=1
No time: Array
(
)

               total    1  1.258
                curl    1  1.257
          parseTimes    1  0.000

Something wrong with it: LOADING OK

Errors: Array
(
)
Status: LOADING OK, Next Run: 2018-02-27 06:57:15
https://uslugi.mosreg.ru/zdrav/doctor_appointment/doctor/0901052/1330/2018-03-12?scenery=1
No time: Array
(
)

               total    1  1.256
                curl    1  1.256
          parseTimes    1  0.000

Something wrong with it: LOADING OK

Errors: Array
(
)
Status: LOADING OK, Next Run: 2018-02-27 06:57:30
https://uslugi.mosreg.ru/zdrav/doctor_appointment/doctor/0901052/1330/2018-03-12?scenery=1
No time: Array
(
)

               total    1  1.247
                curl    1  1.247
          parseTimes    1  0.000

Something wrong with it: LOADING OK

Errors: Array
(
)
Status: LOADING OK, Next Run: 2018-02-27 06:57:45
https://uslugi.mosreg.ru/zdrav/doctor_appointment/doctor/0901052/1330/2018-03-12?scenery=1
No time: Array
(
)

               total    1  1.258
                curl    1  1.258
          parseTimes    1  0.000

Something wrong with it: LOADING OK

Errors: Array
(
)
Status: LOADING OK, Next Run: 2018-02-27 06:58:00
https://uslugi.mosreg.ru/zdrav/doctor_appointment/doctor/0901052/1330/2018-03-12?scenery=1
No time: Array
(
)

               total    1  1.260
                curl    1  1.260
          parseTimes    1  0.000

Something wrong with it: LOADING OK

Errors: Array
(
)
Status: LOADING OK, Next Run: 2018-02-27 06:58:15
https://uslugi.mosreg.ru/zdrav/doctor_appointment/doctor/0901052/1330/2018-03-12?scenery=1
No time: Array
(
)

               total    1  1.250
                curl    1  1.250
          parseTimes    1  0.000

Something wrong with it: LOADING OK

Errors: Array
(
)
Status: LOADING OK, Next Run: 2018-02-27 06:58:30
https://uslugi.mosreg.ru/zdrav/doctor_appointment/doctor/0901052/1330/2018-03-12?scenery=1
No time: Array
(
)

               total    1  1.251
                curl    1  1.251
          parseTimes    1  0.000

Something wrong with it: LOADING OK

Errors: Array
(
)
Status: LOADING OK, Next Run: 2018-02-27 06:58:45
https://uslugi.mosreg.ru/zdrav/doctor_appointment/doctor/0901052/1330/2018-03-12?scenery=1
No time: Array
(
)

               total    1  1.254
                curl    1  1.254
          parseTimes    1  0.000

Something wrong with it: LOADING OK

Errors: Array
(
)
Status: LOADING OK, Next Run: 2018-02-27 06:59:00
https://uslugi.mosreg.ru/zdrav/doctor_appointment/doctor/0901052/1330/2018-03-12?scenery=1
No time: Array
(
)

               total    1  1.260
                curl    1  1.260
          parseTimes    1  0.000

Something wrong with it: LOADING OK

Errors: Array
(
)
Status: LOADING OK, Next Run: 2018-02-27 06:59:15
https://uslugi.mosreg.ru/zdrav/doctor_appointment/doctor/0901052/1330/2018-03-12?scenery=1
No time: Array
(
)

               total    1  1.262
                curl    1  1.262
          parseTimes    1  0.000

Something wrong with it: LOADING OK

Errors: Array
(
)
Status: LOADING OK, Next Run: 2018-02-27 06:59:30
https://uslugi.mosreg.ru/zdrav/doctor_appointment/doctor/0901052/1330/2018-03-12?scenery=1
No time: Array
(
)

               total    1  1.284
                curl    1  1.284
          parseTimes    1  0.000

Something wrong with it: LOADING OK

Errors: Array
(
)
Status: LOADING OK, Next Run: 2018-02-27 06:59:45
https://uslugi.mosreg.ru/zdrav/doctor_appointment/doctor/0901052/1330/2018-03-12?scenery=1
No time: Array
(
)

               total    1  1.258
                curl    1  1.258
          parseTimes    1  0.000

Something wrong with it: LOADING OK

Errors: Array
(
)
Status: LOADING OK, Next Run: 2018-02-27 07:00:00
https://uslugi.mosreg.ru/zdrav/doctor_appointment/doctor/0901052/1330/2018-03-12?scenery=1
FAIL. We missed time!
