2018-02-23 01:17:56 wait until 2018-02-23 06:55:00 sec: 20224, 1519358100, 1519337876  sleep: 5.6177777777778
https://uslugi.mosreg.ru/zdrav/doctor_appointment/doctor/090105/3644/2018-03-08?scenery=1
No time: Array
(
)

               total    1  1.691
                curl    1  1.691
          parseTimes    1  0.000

Something wrong with it: LOADING OK

Errors: Array
(
)
Status: LOADING OK, Next Run: 2018-02-23 06:55:05
https://uslugi.mosreg.ru/zdrav/doctor_appointment/doctor/090105/3644/2018-03-08?scenery=1
No time: Array
(
)

               total    1  1.190
                curl    1  1.190
          parseTimes    1  0.000

Something wrong with it: LOADING OK

Errors: Array
(
)
Status: LOADING OK, Next Run: 2018-02-23 06:55:10
https://uslugi.mosreg.ru/zdrav/doctor_appointment/doctor/090105/3644/2018-03-08?scenery=1
No time: Array
(
)

               total    1  1.183
                curl    1  1.183
          parseTimes    1  0.000

Something wrong with it: LOADING OK

Errors: Array
(
)
Status: LOADING OK, Next Run: 2018-02-23 06:55:15
https://uslugi.mosreg.ru/zdrav/doctor_appointment/doctor/090105/3644/2018-03-08?scenery=1
No time: Array
(
)

               total    1  1.189
                curl    1  1.188
          parseTimes    1  0.000

Something wrong with it: LOADING OK

Errors: Array
(
)
Status: LOADING OK, Next Run: 2018-02-23 06:55:20
https://uslugi.mosreg.ru/zdrav/doctor_appointment/doctor/090105/3644/2018-03-08?scenery=1
No time: Array
(
)

               total    1  1.174
                curl    1  1.174
          parseTimes    1  0.000

Something wrong with it: LOADING OK

Errors: Array
(
)
Status: LOADING OK, Next Run: 2018-02-23 06:55:25
https://uslugi.mosreg.ru/zdrav/doctor_appointment/doctor/090105/3644/2018-03-08?scenery=1
No time: Array
(
)

               total    1  1.197
                curl    1  1.197
          parseTimes    1  0.000

Something wrong with it: LOADING OK

Errors: Array
(
)
Status: LOADING OK, Next Run: 2018-02-23 06:55:30
https://uslugi.mosreg.ru/zdrav/doctor_appointment/doctor/090105/3644/2018-03-08?scenery=1
No time: Array
(
)

               total    1  1.180
                curl    1  1.180
          parseTimes    1  0.000

Something wrong with it: LOADING OK

Errors: Array
(
)
Status: LOADING OK, Next Run: 2018-02-23 06:55:35
https://uslugi.mosreg.ru/zdrav/doctor_appointment/doctor/090105/3644/2018-03-08?scenery=1
No time: Array
(
)

               total    1  1.183
                curl    1  1.183
          parseTimes    1  0.000

Something wrong with it: LOADING OK

Errors: Array
(
)
Status: LOADING OK, Next Run: 2018-02-23 06:55:40
https://uslugi.mosreg.ru/zdrav/doctor_appointment/doctor/090105/3644/2018-03-08?scenery=1
No time: Array
(
)

               total    1  1.217
                curl    1  1.217
          parseTimes    1  0.000

Something wrong with it: LOADING OK

Errors: Array
(
)
Status: LOADING OK, Next Run: 2018-02-23 06:55:45
https://uslugi.mosreg.ru/zdrav/doctor_appointment/doctor/090105/3644/2018-03-08?scenery=1
No time: Array
(
)

               total    1  1.200
                curl    1  1.200
          parseTimes    1  0.000

Something wrong with it: LOADING OK

Errors: Array
(
)
Status: LOADING OK, Next Run: 2018-02-23 06:55:50
https://uslugi.mosreg.ru/zdrav/doctor_appointment/doctor/090105/3644/2018-03-08?scenery=1
No time: Array
(
)

               total    1  1.177
                curl    1  1.177
          parseTimes    1  0.000

Something wrong with it: LOADING OK

Errors: Array
(
)
Status: LOADING OK, Next Run: 2018-02-23 06:55:55
https://uslugi.mosreg.ru/zdrav/doctor_appointment/doctor/090105/3644/2018-03-08?scenery=1
No time: Array
(
)

               total    1  1.178
                curl    1  1.178
          parseTimes    1  0.000

Something wrong with it: LOADING OK

Errors: Array
(
)
Status: LOADING OK, Next Run: 2018-02-23 06:56:00
https://uslugi.mosreg.ru/zdrav/doctor_appointment/doctor/090105/3644/2018-03-08?scenery=1
No time: Array
(
)

               total    1  1.196
                curl    1  1.196
          parseTimes    1  0.000

Something wrong with it: LOADING OK

Errors: Array
(
)
Status: LOADING OK, Next Run: 2018-02-23 06:56:05
https://uslugi.mosreg.ru/zdrav/doctor_appointment/doctor/090105/3644/2018-03-08?scenery=1
No time: Array
(
)

               total    1  1.197
                curl    1  1.197
          parseTimes    1  0.000

Something wrong with it: LOADING OK

Errors: Array
(
)
Status: LOADING OK, Next Run: 2018-02-23 06:56:10
https://uslugi.mosreg.ru/zdrav/doctor_appointment/doctor/090105/3644/2018-03-08?scenery=1
No time: Array
(
)

               total    1  1.184
                curl    1  1.184
          parseTimes    1  0.000

Something wrong with it: LOADING OK

Errors: Array
(
)
Status: LOADING OK, Next Run: 2018-02-23 06:56:15
https://uslugi.mosreg.ru/zdrav/doctor_appointment/doctor/090105/3644/2018-03-08?scenery=1
No time: Array
(
)

               total    1  1.186
                curl    1  1.186
          parseTimes    1  0.000

Something wrong with it: LOADING OK

Errors: Array
(
)
Status: LOADING OK, Next Run: 2018-02-23 06:56:20
https://uslugi.mosreg.ru/zdrav/doctor_appointment/doctor/090105/3644/2018-03-08?scenery=1
No time: Array
(
)

               total    1  1.196
                curl    1  1.196
          parseTimes    1  0.000

Something wrong with it: LOADING OK

Errors: Array
(
)
Status: LOADING OK, Next Run: 2018-02-23 06:56:25
https://uslugi.mosreg.ru/zdrav/doctor_appointment/doctor/090105/3644/2018-03-08?scenery=1
No time: Array
(
)

               total    1  1.180
                curl    1  1.180
          parseTimes    1  0.000

Something wrong with it: LOADING OK

Errors: Array
(
)
Status: LOADING OK, Next Run: 2018-02-23 06:56:30
https://uslugi.mosreg.ru/zdrav/doctor_appointment/doctor/090105/3644/2018-03-08?scenery=1
No time: Array
(
)

               total    1  1.191
                curl    1  1.191
          parseTimes    1  0.000

Something wrong with it: LOADING OK

Errors: Array
(
)
Status: LOADING OK, Next Run: 2018-02-23 06:56:35
https://uslugi.mosreg.ru/zdrav/doctor_appointment/doctor/090105/3644/2018-03-08?scenery=1
No time: Array
(
)

               total    1  1.188
                curl    1  1.188
          parseTimes    1  0.000

Something wrong with it: LOADING OK

Errors: Array
(
)
Status: LOADING OK, Next Run: 2018-02-23 06:56:40
https://uslugi.mosreg.ru/zdrav/doctor_appointment/doctor/090105/3644/2018-03-08?scenery=1
No time: Array
(
)

               total    1  1.194
                curl    1  1.194
          parseTimes    1  0.000

Something wrong with it: LOADING OK

Errors: Array
(
)
Status: LOADING OK, Next Run: 2018-02-23 06:56:45
https://uslugi.mosreg.ru/zdrav/doctor_appointment/doctor/090105/3644/2018-03-08?scenery=1
No time: Array
(
)

               total    1  1.175
                curl    1  1.175
          parseTimes    1  0.000

Something wrong with it: LOADING OK

Errors: Array
(
)
Status: LOADING OK, Next Run: 2018-02-23 06:56:50
https://uslugi.mosreg.ru/zdrav/doctor_appointment/doctor/090105/3644/2018-03-08?scenery=1
No time: Array
(
)

               total    1  1.182
                curl    1  1.181
          parseTimes    1  0.000

Something wrong with it: LOADING OK

Errors: Array
(
)
Status: LOADING OK, Next Run: 2018-02-23 06:56:55
https://uslugi.mosreg.ru/zdrav/doctor_appointment/doctor/090105/3644/2018-03-08?scenery=1
No time: Array
(
)

               total    1  1.180
                curl    1  1.180
          parseTimes    1  0.000

Something wrong with it: LOADING OK

Errors: Array
(
)
Status: LOADING OK, Next Run: 2018-02-23 06:57:00
https://uslugi.mosreg.ru/zdrav/doctor_appointment/doctor/090105/3644/2018-03-08?scenery=1
No time: Array
(
)

               total    1  1.193
                curl    1  1.193
          parseTimes    1  0.000

Something wrong with it: LOADING OK

Errors: Array
(
)
Status: LOADING OK, Next Run: 2018-02-23 06:57:05
https://uslugi.mosreg.ru/zdrav/doctor_appointment/doctor/090105/3644/2018-03-08?scenery=1
No time: Array
(
)

               total    1  1.179
                curl    1  1.179
          parseTimes    1  0.000

Something wrong with it: LOADING OK

Errors: Array
(
)
Status: LOADING OK, Next Run: 2018-02-23 06:57:10
https://uslugi.mosreg.ru/zdrav/doctor_appointment/doctor/090105/3644/2018-03-08?scenery=1
No time: Array
(
)

               total    1  1.177
                curl    1  1.177
          parseTimes    1  0.000

Something wrong with it: LOADING OK

Errors: Array
(
)
Status: LOADING OK, Next Run: 2018-02-23 06:57:15
https://uslugi.mosreg.ru/zdrav/doctor_appointment/doctor/090105/3644/2018-03-08?scenery=1
No time: Array
(
)

               total    1  1.219
                curl    1  1.219
          parseTimes    1  0.000

Something wrong with it: LOADING OK

Errors: Array
(
)
Status: LOADING OK, Next Run: 2018-02-23 06:57:20
https://uslugi.mosreg.ru/zdrav/doctor_appointment/doctor/090105/3644/2018-03-08?scenery=1
No time: Array
(
)

               total    1  1.170
                curl    1  1.170
          parseTimes    1  0.000

Something wrong with it: LOADING OK

Errors: Array
(
)
Status: LOADING OK, Next Run: 2018-02-23 06:57:25
https://uslugi.mosreg.ru/zdrav/doctor_appointment/doctor/090105/3644/2018-03-08?scenery=1
No time: Array
(
)

               total    1  1.199
                curl    1  1.199
          parseTimes    1  0.000

Something wrong with it: LOADING OK

Errors: Array
(
)
Status: LOADING OK, Next Run: 2018-02-23 06:57:30
https://uslugi.mosreg.ru/zdrav/doctor_appointment/doctor/090105/3644/2018-03-08?scenery=1
No time: Array
(
)

               total    1  1.198
                curl    1  1.198
          parseTimes    1  0.000

Something wrong with it: LOADING OK

Errors: Array
(
)
Status: LOADING OK, Next Run: 2018-02-23 06:57:35
https://uslugi.mosreg.ru/zdrav/doctor_appointment/doctor/090105/3644/2018-03-08?scenery=1
No time: Array
(
)

               total    1  1.184
                curl    1  1.184
          parseTimes    1  0.000

Something wrong with it: LOADING OK

Errors: Array
(
)
Status: LOADING OK, Next Run: 2018-02-23 06:57:40
https://uslugi.mosreg.ru/zdrav/doctor_appointment/doctor/090105/3644/2018-03-08?scenery=1
No time: Array
(
)

               total    1  1.184
                curl    1  1.184
          parseTimes    1  0.000

Something wrong with it: LOADING OK

Errors: Array
(
)
Status: LOADING OK, Next Run: 2018-02-23 06:57:45
https://uslugi.mosreg.ru/zdrav/doctor_appointment/doctor/090105/3644/2018-03-08?scenery=1
No time: Array
(
)

               total    1  1.181
                curl    1  1.181
          parseTimes    1  0.000

Something wrong with it: LOADING OK

Errors: Array
(
)
Status: LOADING OK, Next Run: 2018-02-23 06:57:50
https://uslugi.mosreg.ru/zdrav/doctor_appointment/doctor/090105/3644/2018-03-08?scenery=1
No time: Array
(
)

               total    1  1.202
                curl    1  1.202
          parseTimes    1  0.000

Something wrong with it: LOADING OK

Errors: Array
(
)
Status: LOADING OK, Next Run: 2018-02-23 06:57:55
https://uslugi.mosreg.ru/zdrav/doctor_appointment/doctor/090105/3644/2018-03-08?scenery=1
No time: Array
(
)

               total    1  1.194
                curl    1  1.194
          parseTimes    1  0.000

Something wrong with it: LOADING OK

Errors: Array
(
)
Status: LOADING OK, Next Run: 2018-02-23 06:58:00
https://uslugi.mosreg.ru/zdrav/doctor_appointment/doctor/090105/3644/2018-03-08?scenery=1
No time: Array
(
)

               total    1  1.176
                curl    1  1.176
          parseTimes    1  0.000

Something wrong with it: LOADING OK

Errors: Array
(
)
Status: LOADING OK, Next Run: 2018-02-23 06:58:05
https://uslugi.mosreg.ru/zdrav/doctor_appointment/doctor/090105/3644/2018-03-08?scenery=1
No time: Array
(
)

               total    1  1.211
                curl    1  1.211
          parseTimes    1  0.000

Something wrong with it: LOADING OK

Errors: Array
(
)
Status: LOADING OK, Next Run: 2018-02-23 06:58:10
https://uslugi.mosreg.ru/zdrav/doctor_appointment/doctor/090105/3644/2018-03-08?scenery=1
No time: Array
(
)

               total    1  1.178
                curl    1  1.178
          parseTimes    1  0.000

Something wrong with it: LOADING OK

Errors: Array
(
)
Status: LOADING OK, Next Run: 2018-02-23 06:58:15
https://uslugi.mosreg.ru/zdrav/doctor_appointment/doctor/090105/3644/2018-03-08?scenery=1
No time: Array
(
)

               total    1  1.189
                curl    1  1.189
          parseTimes    1  0.000

Something wrong with it: LOADING OK

Errors: Array
(
)
Status: LOADING OK, Next Run: 2018-02-23 06:58:20
https://uslugi.mosreg.ru/zdrav/doctor_appointment/doctor/090105/3644/2018-03-08?scenery=1
No time: Array
(
)

               total    1  1.200
                curl    1  1.200
          parseTimes    1  0.000

Something wrong with it: LOADING OK

Errors: Array
(
)
Status: LOADING OK, Next Run: 2018-02-23 06:58:25
https://uslugi.mosreg.ru/zdrav/doctor_appointment/doctor/090105/3644/2018-03-08?scenery=1
No time: Array
(
)

               total    1  1.193
                curl    1  1.193
          parseTimes    1  0.000

Something wrong with it: LOADING OK

Errors: Array
(
)
Status: LOADING OK, Next Run: 2018-02-23 06:58:30
https://uslugi.mosreg.ru/zdrav/doctor_appointment/doctor/090105/3644/2018-03-08?scenery=1
No time: Array
(
)

               total    1  1.184
                curl    1  1.184
          parseTimes    1  0.000

Something wrong with it: LOADING OK

Errors: Array
(
)
Status: LOADING OK, Next Run: 2018-02-23 06:58:35
https://uslugi.mosreg.ru/zdrav/doctor_appointment/doctor/090105/3644/2018-03-08?scenery=1
No time: Array
(
)

               total    1  1.196
                curl    1  1.196
          parseTimes    1  0.000

Something wrong with it: LOADING OK

Errors: Array
(
)
Status: LOADING OK, Next Run: 2018-02-23 06:58:40
https://uslugi.mosreg.ru/zdrav/doctor_appointment/doctor/090105/3644/2018-03-08?scenery=1
No time: Array
(
)

               total    1  1.400
                curl    1  1.400
          parseTimes    1  0.000

Something wrong with it: LOADING OK

Errors: Array
(
)
Status: LOADING OK, Next Run: 2018-02-23 06:58:45
https://uslugi.mosreg.ru/zdrav/doctor_appointment/doctor/090105/3644/2018-03-08?scenery=1
No time: Array
(
)

               total    1  1.181
                curl    1  1.181
          parseTimes    1  0.000

Something wrong with it: LOADING OK

Errors: Array
(
)
Status: LOADING OK, Next Run: 2018-02-23 06:58:50
https://uslugi.mosreg.ru/zdrav/doctor_appointment/doctor/090105/3644/2018-03-08?scenery=1
No time: Array
(
)

               total    1  1.198
                curl    1  1.198
          parseTimes    1  0.000

Something wrong with it: LOADING OK

Errors: Array
(
)
Status: LOADING OK, Next Run: 2018-02-23 06:58:55
https://uslugi.mosreg.ru/zdrav/doctor_appointment/doctor/090105/3644/2018-03-08?scenery=1
No time: Array
(
)

               total    1  1.171
                curl    1  1.171
          parseTimes    1  0.000

Something wrong with it: LOADING OK

Errors: Array
(
)
Status: LOADING OK, Next Run: 2018-02-23 06:59:00
https://uslugi.mosreg.ru/zdrav/doctor_appointment/doctor/090105/3644/2018-03-08?scenery=1
No time: Array
(
)

               total    1  1.196
                curl    1  1.196
          parseTimes    1  0.000

Something wrong with it: LOADING OK

Errors: Array
(
)
Status: LOADING OK, Next Run: 2018-02-23 06:59:05
https://uslugi.mosreg.ru/zdrav/doctor_appointment/doctor/090105/3644/2018-03-08?scenery=1
No time: Array
(
)

               total    1  1.354
                curl    1  1.353
          parseTimes    1  0.000

Something wrong with it: LOADING OK

Errors: Array
(
)
Status: LOADING OK, Next Run: 2018-02-23 06:59:10
https://uslugi.mosreg.ru/zdrav/doctor_appointment/doctor/090105/3644/2018-03-08?scenery=1
No time: Array
(
)

               total    1  1.188
                curl    1  1.188
          parseTimes    1  0.000

Something wrong with it: LOADING OK

Errors: Array
(
)
Status: LOADING OK, Next Run: 2018-02-23 06:59:15
https://uslugi.mosreg.ru/zdrav/doctor_appointment/doctor/090105/3644/2018-03-08?scenery=1
No time: Array
(
)

               total    1  1.910
                curl    1  1.910
          parseTimes    1  0.000

Something wrong with it: LOADING OK

Errors: Array
(
)
Status: LOADING OK, Next Run: 2018-02-23 06:59:20
https://uslugi.mosreg.ru/zdrav/doctor_appointment/doctor/090105/3644/2018-03-08?scenery=1
No time: Array
(
)

               total    1  1.191
                curl    1  1.191
          parseTimes    1  0.000

Something wrong with it: LOADING OK

Errors: Array
(
)
Status: LOADING OK, Next Run: 2018-02-23 06:59:25
https://uslugi.mosreg.ru/zdrav/doctor_appointment/doctor/090105/3644/2018-03-08?scenery=1
No time: Array
(
)

               total    1  2.832
                curl    1  2.832
          parseTimes    1  0.000

Something wrong with it: LOADING OK

Errors: Array
(
)
Status: LOADING OK, Next Run: 2018-02-23 06:59:30
https://uslugi.mosreg.ru/zdrav/doctor_appointment/doctor/090105/3644/2018-03-08?scenery=1
No time: Array
(
)

               total    1  1.223
                curl    1  1.223
          parseTimes    1  0.000

Something wrong with it: LOADING OK

Errors: Array
(
)
Status: LOADING OK, Next Run: 2018-02-23 06:59:35
https://uslugi.mosreg.ru/zdrav/doctor_appointment/doctor/090105/3644/2018-03-08?scenery=1
No time: Array
(
)

               total    1  1.177
                curl    1  1.177
          parseTimes    1  0.000

Something wrong with it: LOADING OK

Errors: Array
(
)
Status: LOADING OK, Next Run: 2018-02-23 06:59:40
https://uslugi.mosreg.ru/zdrav/doctor_appointment/doctor/090105/3644/2018-03-08?scenery=1
No time: Array
(
)

               total    1  1.217
                curl    1  1.216
          parseTimes    1  0.000

Something wrong with it: LOADING OK

Errors: Array
(
)
Status: LOADING OK, Next Run: 2018-02-23 06:59:45
https://uslugi.mosreg.ru/zdrav/doctor_appointment/doctor/090105/3644/2018-03-08?scenery=1
No time: Array
(
)

               total    1  1.195
                curl    1  1.195
          parseTimes    1  0.000

Something wrong with it: LOADING OK

Errors: Array
(
)
Status: LOADING OK, Next Run: 2018-02-23 06:59:50
https://uslugi.mosreg.ru/zdrav/doctor_appointment/doctor/090105/3644/2018-03-08?scenery=1
No time: Array
(
)

               total    1  1.192
                curl    1  1.192
          parseTimes    1  0.000

Something wrong with it: LOADING OK

Errors: Array
(
)
Status: LOADING OK, Next Run: 2018-02-23 06:59:55
https://uslugi.mosreg.ru/zdrav/doctor_appointment/doctor/090105/3644/2018-03-08?scenery=1
No time: Array
(
)

               total    1  1.180
                curl    1  1.180
          parseTimes    1  0.000

Something wrong with it: LOADING OK

Errors: Array
(
)
Status: LOADING OK, Next Run: 2018-02-23 07:00:00
https://uslugi.mosreg.ru/zdrav/doctor_appointment/doctor/090105/3644/2018-03-08?scenery=1
No time: Array
(
)

               total    1  1.173
                curl    1  1.172
          parseTimes    1  0.000

Something wrong with it: LOADING OK

Errors: Array
(
)
Status: LOADING OK, Next Run: 2018-02-23 07:00:05
https://uslugi.mosreg.ru/zdrav/doctor_appointment/doctor/090105/3644/2018-03-08?scenery=1
No time: Array
(
)

               total    1  1.195
                curl    1  1.195
          parseTimes    1  0.000

Something wrong with it: LOADING OK

Errors: Array
(
)
Status: LOADING OK, Next Run: 2018-02-23 07:00:10
https://uslugi.mosreg.ru/zdrav/doctor_appointment/doctor/090105/3644/2018-03-08?scenery=1
No time: Array
(
)

               total    1  1.187
                curl    1  1.187
          parseTimes    1  0.000

Something wrong with it: LOADING OK

Errors: Array
(
)
Status: LOADING OK, Next Run: 2018-02-23 07:00:15
https://uslugi.mosreg.ru/zdrav/doctor_appointment/doctor/090105/3644/2018-03-08?scenery=1
No time: Array
(
)

               total    1  1.173
                curl    1  1.173
          parseTimes    1  0.000

Something wrong with it: LOADING OK

Errors: Array
(
)
Status: LOADING OK, Next Run: 2018-02-23 07:00:20
https://uslugi.mosreg.ru/zdrav/doctor_appointment/doctor/090105/3644/2018-03-08?scenery=1
No time: Array
(
)

               total    1  1.183
                curl    1  1.183
          parseTimes    1  0.000

Something wrong with it: LOADING OK

Errors: Array
(
)
Status: LOADING OK, Next Run: 2018-02-23 07:00:25
https://uslugi.mosreg.ru/zdrav/doctor_appointment/doctor/090105/3644/2018-03-08?scenery=1
No time: Array
(
)

               total    1  1.175
                curl    1  1.175
          parseTimes    1  0.000

Something wrong with it: LOADING OK

Errors: Array
(
)
Status: LOADING OK, Next Run: 2018-02-23 07:00:30
https://uslugi.mosreg.ru/zdrav/doctor_appointment/doctor/090105/3644/2018-03-08?scenery=1
No time: Array
(
)

               total    1  1.194
                curl    1  1.194
          parseTimes    1  0.000

Something wrong with it: LOADING OK

Errors: Array
(
)
Status: LOADING OK, Next Run: 2018-02-23 07:00:35
https://uslugi.mosreg.ru/zdrav/doctor_appointment/doctor/090105/3644/2018-03-08?scenery=1
No time: Array
(
)

               total    1  1.180
                curl    1  1.179
          parseTimes    1  0.000

Something wrong with it: LOADING OK

Errors: Array
(
)
Status: LOADING OK, Next Run: 2018-02-23 07:00:40
https://uslugi.mosreg.ru/zdrav/doctor_appointment/doctor/090105/3644/2018-03-08?scenery=1
No time: Array
(
)

               total    1  1.181
                curl    1  1.181
          parseTimes    1  0.000

Something wrong with it: LOADING OK

Errors: Array
(
)
Status: LOADING OK, Next Run: 2018-02-23 07:00:45
https://uslugi.mosreg.ru/zdrav/doctor_appointment/doctor/090105/3644/2018-03-08?scenery=1
No time: Array
(
)

               total    1  1.180
                curl    1  1.180
          parseTimes    1  0.000

Something wrong with it: LOADING OK

Errors: Array
(
)
Status: LOADING OK, Next Run: 2018-02-23 07:00:50
https://uslugi.mosreg.ru/zdrav/doctor_appointment/doctor/090105/3644/2018-03-08?scenery=1
No time: Array
(
)

               total    1  1.180
                curl    1  1.179
          parseTimes    1  0.000

Something wrong with it: LOADING OK

Errors: Array
(
)
Status: LOADING OK, Next Run: 2018-02-23 07:00:55
https://uslugi.mosreg.ru/zdrav/doctor_appointment/doctor/090105/3644/2018-03-08?scenery=1
No time: Array
(
)

               total    1  1.179
                curl    1  1.179
          parseTimes    1  0.000

Something wrong with it: LOADING OK

Errors: Array
(
)
Status: LOADING OK, Next Run: 2018-02-23 07:01:00
https://uslugi.mosreg.ru/zdrav/doctor_appointment/doctor/090105/3644/2018-03-08?scenery=1
No time: Array
(
)

               total    1  1.180
                curl    1  1.180
          parseTimes    1  0.000

Something wrong with it: LOADING OK

Errors: Array
(
)
Status: LOADING OK, Next Run: 2018-02-23 07:01:05
https://uslugi.mosreg.ru/zdrav/doctor_appointment/doctor/090105/3644/2018-03-08?scenery=1
No time: Array
(
)

               total    1  1.178
                curl    1  1.178
          parseTimes    1  0.000

Something wrong with it: LOADING OK

Errors: Array
(
)
Status: LOADING OK, Next Run: 2018-02-23 07:01:10
https://uslugi.mosreg.ru/zdrav/doctor_appointment/doctor/090105/3644/2018-03-08?scenery=1
No time: Array
(
)

               total    1  1.183
                curl    1  1.183
          parseTimes    1  0.000

Something wrong with it: LOADING OK

Errors: Array
(
)
Status: LOADING OK, Next Run: 2018-02-23 07:01:15
https://uslugi.mosreg.ru/zdrav/doctor_appointment/doctor/090105/3644/2018-03-08?scenery=1
No time: Array
(
)

               total    1  1.173
                curl    1  1.173
          parseTimes    1  0.000

Something wrong with it: LOADING OK

Errors: Array
(
)
Status: LOADING OK, Next Run: 2018-02-23 07:01:20
https://uslugi.mosreg.ru/zdrav/doctor_appointment/doctor/090105/3644/2018-03-08?scenery=1
No time: Array
(
)

               total    1  1.183
                curl    1  1.183
          parseTimes    1  0.000

Something wrong with it: LOADING OK

Errors: Array
(
)
Status: LOADING OK, Next Run: 2018-02-23 07:01:25
https://uslugi.mosreg.ru/zdrav/doctor_appointment/doctor/090105/3644/2018-03-08?scenery=1
No time: Array
(
)

               total    1  1.926
                curl    1  1.926
          parseTimes    1  0.000

Something wrong with it: LOADING OK

Errors: Array
(
)
Status: LOADING OK, Next Run: 2018-02-23 07:01:30
https://uslugi.mosreg.ru/zdrav/doctor_appointment/doctor/090105/3644/2018-03-08?scenery=1
No time: Array
(
)

               total    1  1.167
                curl    1  1.167
          parseTimes    1  0.000

Something wrong with it: LOADING OK

Errors: Array
(
)
Status: LOADING OK, Next Run: 2018-02-23 07:01:35
https://uslugi.mosreg.ru/zdrav/doctor_appointment/doctor/090105/3644/2018-03-08?scenery=1
No time: Array
(
)

               total    1  1.174
                curl    1  1.174
          parseTimes    1  0.000

Something wrong with it: LOADING OK

Errors: Array
(
)
Status: LOADING OK, Next Run: 2018-02-23 07:01:40
https://uslugi.mosreg.ru/zdrav/doctor_appointment/doctor/090105/3644/2018-03-08?scenery=1
No time: Array
(
)

               total    1  1.186
                curl    1  1.186
          parseTimes    1  0.000

Something wrong with it: LOADING OK

Errors: Array
(
)
Status: LOADING OK, Next Run: 2018-02-23 07:01:45
https://uslugi.mosreg.ru/zdrav/doctor_appointment/doctor/090105/3644/2018-03-08?scenery=1
No time: Array
(
)

               total    1  1.180
                curl    1  1.180
          parseTimes    1  0.000

Something wrong with it: LOADING OK

Errors: Array
(
)
Status: LOADING OK, Next Run: 2018-02-23 07:01:50
https://uslugi.mosreg.ru/zdrav/doctor_appointment/doctor/090105/3644/2018-03-08?scenery=1
No time: Array
(
)

               total    1  1.180
                curl    1  1.180
          parseTimes    1  0.000

Something wrong with it: LOADING OK

Errors: Array
(
)
Status: LOADING OK, Next Run: 2018-02-23 07:01:55
https://uslugi.mosreg.ru/zdrav/doctor_appointment/doctor/090105/3644/2018-03-08?scenery=1
No time: Array
(
)

               total    1  1.183
                curl    1  1.183
          parseTimes    1  0.000

Something wrong with it: LOADING OK

Errors: Array
(
)
Status: LOADING OK, Next Run: 2018-02-23 07:02:00
https://uslugi.mosreg.ru/zdrav/doctor_appointment/doctor/090105/3644/2018-03-08?scenery=1
No time: Array
(
)

               total    1  1.202
                curl    1  1.202
          parseTimes    1  0.000

Something wrong with it: LOADING OK

Errors: Array
(
)
Status: LOADING OK, Next Run: 2018-02-23 07:02:05
https://uslugi.mosreg.ru/zdrav/doctor_appointment/doctor/090105/3644/2018-03-08?scenery=1
No time: Array
(
)

               total    1  1.178
                curl    1  1.178
          parseTimes    1  0.000

Something wrong with it: LOADING OK

Errors: Array
(
)
Status: LOADING OK, Next Run: 2018-02-23 07:02:10
https://uslugi.mosreg.ru/zdrav/doctor_appointment/doctor/090105/3644/2018-03-08?scenery=1
No time: Array
(
)

               total    1  1.188
                curl    1  1.188
          parseTimes    1  0.000

Something wrong with it: LOADING OK

Errors: Array
(
)
Status: LOADING OK, Next Run: 2018-02-23 07:02:15
https://uslugi.mosreg.ru/zdrav/doctor_appointment/doctor/090105/3644/2018-03-08?scenery=1
No time: Array
(
)

               total    1  1.181
                curl    1  1.181
          parseTimes    1  0.000

Something wrong with it: LOADING OK

Errors: Array
(
)
Status: LOADING OK, Next Run: 2018-02-23 07:02:20
https://uslugi.mosreg.ru/zdrav/doctor_appointment/doctor/090105/3644/2018-03-08?scenery=1
No time: Array
(
)

               total    1  1.176
                curl    1  1.176
          parseTimes    1  0.000

Something wrong with it: LOADING OK

Errors: Array
(
)
Status: LOADING OK, Next Run: 2018-02-23 07:02:25
https://uslugi.mosreg.ru/zdrav/doctor_appointment/doctor/090105/3644/2018-03-08?scenery=1
No time: Array
(
)

               total    1  1.168
                curl    1  1.168
          parseTimes    1  0.000

Something wrong with it: LOADING OK

Errors: Array
(
)
Status: LOADING OK, Next Run: 2018-02-23 07:02:30
https://uslugi.mosreg.ru/zdrav/doctor_appointment/doctor/090105/3644/2018-03-08?scenery=1
No time: Array
(
)

               total    1  1.188
                curl    1  1.188
          parseTimes    1  0.000

Something wrong with it: LOADING OK

Errors: Array
(
)
Status: LOADING OK, Next Run: 2018-02-23 07:02:35
https://uslugi.mosreg.ru/zdrav/doctor_appointment/doctor/090105/3644/2018-03-08?scenery=1
No time: Array
(
)

               total    1  1.179
                curl    1  1.178
          parseTimes    1  0.000

Something wrong with it: LOADING OK

Errors: Array
(
)
Status: LOADING OK, Next Run: 2018-02-23 07:02:40
https://uslugi.mosreg.ru/zdrav/doctor_appointment/doctor/090105/3644/2018-03-08?scenery=1
No time: Array
(
)

               total    1  1.183
                curl    1  1.183
          parseTimes    1  0.000

Something wrong with it: LOADING OK

Errors: Array
(
)
Status: LOADING OK, Next Run: 2018-02-23 07:02:45
https://uslugi.mosreg.ru/zdrav/doctor_appointment/doctor/090105/3644/2018-03-08?scenery=1
No time: Array
(
)

               total    1  5.562
                curl    1  5.562
          parseTimes    1  0.000

Something wrong with it: LOADING OK

Errors: Array
(
)
Status: LOADING OK, Next Run: 2018-02-23 07:02:51
https://uslugi.mosreg.ru/zdrav/doctor_appointment/doctor/090105/3644/2018-03-08?scenery=1
No time: Array
(
)

               total    1  0.003
                curl    1  0.003
          parseTimes    1  0.000

Status: NO TIME, Next Run: 2018-02-23 07:02:56
https://uslugi.mosreg.ru/zdrav/doctor_appointment/doctor/090105/3644/2018-03-08?scenery=1
No time: Array
(
)

               total    1  0.004
                curl    1  0.004
          parseTimes    1  0.000

Status: NO TIME, Next Run: 2018-02-23 07:03:01
https://uslugi.mosreg.ru/zdrav/doctor_appointment/doctor/090105/3644/2018-03-08?scenery=1
No time: Array
(
)

               total    1  0.003
                curl    1  0.003
          parseTimes    1  0.000

Status: NO TIME, Next Run: 2018-02-23 07:03:06
https://uslugi.mosreg.ru/zdrav/doctor_appointment/doctor/090105/3644/2018-03-08?scenery=1
No time: Array
(
)

               total    1  0.003
                curl    1  0.003
          parseTimes    1  0.000

Status: NO TIME, Next Run: 2018-02-23 07:03:11
https://uslugi.mosreg.ru/zdrav/doctor_appointment/doctor/090105/3644/2018-03-08?scenery=1
No time: Array
(
)

               total    1  0.003
                curl    1  0.003
          parseTimes    1  0.000

Status: NO TIME, Next Run: 2018-02-23 07:03:16
https://uslugi.mosreg.ru/zdrav/doctor_appointment/doctor/090105/3644/2018-03-08?scenery=1
No time: Array
(
)

               total    1  0.004
                curl    1  0.003
          parseTimes    1  0.000

Status: NO TIME, Next Run: 2018-02-23 07:03:21
https://uslugi.mosreg.ru/zdrav/doctor_appointment/doctor/090105/3644/2018-03-08?scenery=1
No time: Array
(
)

               total    1  0.003
                curl    1  0.003
          parseTimes    1  0.000

Status: NO TIME, Next Run: 2018-02-23 07:03:26
https://uslugi.mosreg.ru/zdrav/doctor_appointment/doctor/090105/3644/2018-03-08?scenery=1
No time: Array
(
)

               total    1  0.004
                curl    1  0.004
          parseTimes    1  0.000

Status: NO TIME, Next Run: 2018-02-23 07:03:31
https://uslugi.mosreg.ru/zdrav/doctor_appointment/doctor/090105/3644/2018-03-08?scenery=1
No time: Array
(
)

               total    1  0.003
                curl    1  0.003
          parseTimes    1  0.000

Status: NO TIME, Next Run: 2018-02-23 07:03:36
https://uslugi.mosreg.ru/zdrav/doctor_appointment/doctor/090105/3644/2018-03-08?scenery=1
No time: Array
(
)

               total    1  0.004
                curl    1  0.004
          parseTimes    1  0.000

Status: NO TIME, Next Run: 2018-02-23 07:03:41
https://uslugi.mosreg.ru/zdrav/doctor_appointment/doctor/090105/3644/2018-03-08?scenery=1
No time: Array
(
)

               total    1  0.004
                curl    1  0.004
          parseTimes    1  0.000

Status: NO TIME, Next Run: 2018-02-23 07:03:46
https://uslugi.mosreg.ru/zdrav/doctor_appointment/doctor/090105/3644/2018-03-08?scenery=1
No time: Array
(
)

               total    1  0.003
                curl    1  0.003
          parseTimes    1  0.000

Status: NO TIME, Next Run: 2018-02-23 07:03:51
https://uslugi.mosreg.ru/zdrav/doctor_appointment/doctor/090105/3644/2018-03-08?scenery=1
No time: Array
(
)

               total    1  0.003
                curl    1  0.003
          parseTimes    1  0.000

Status: NO TIME, Next Run: 2018-02-23 07:03:56
https://uslugi.mosreg.ru/zdrav/doctor_appointment/doctor/090105/3644/2018-03-08?scenery=1
No time: Array
(
)

               total    1  0.003
                curl    1  0.003
          parseTimes    1  0.000

Status: NO TIME, Next Run: 2018-02-23 07:04:01
https://uslugi.mosreg.ru/zdrav/doctor_appointment/doctor/090105/3644/2018-03-08?scenery=1
No time: Array
(
)

               total    1  0.003
                curl    1  0.003
          parseTimes    1  0.000

Status: NO TIME, Next Run: 2018-02-23 07:04:06
https://uslugi.mosreg.ru/zdrav/doctor_appointment/doctor/090105/3644/2018-03-08?scenery=1
No time: Array
(
)

               total    1  0.004
                curl    1  0.004
          parseTimes    1  0.000

Status: NO TIME, Next Run: 2018-02-23 07:04:11
https://uslugi.mosreg.ru/zdrav/doctor_appointment/doctor/090105/3644/2018-03-08?scenery=1
No time: Array
(
)

               total    1  0.003
                curl    1  0.003
          parseTimes    1  0.000

Status: NO TIME, Next Run: 2018-02-23 07:04:16
https://uslugi.mosreg.ru/zdrav/doctor_appointment/doctor/090105/3644/2018-03-08?scenery=1
No time: Array
(
)

               total    1  0.004
                curl    1  0.003
          parseTimes    1  0.000

Status: NO TIME, Next Run: 2018-02-23 07:04:21
https://uslugi.mosreg.ru/zdrav/doctor_appointment/doctor/090105/3644/2018-03-08?scenery=1
No time: Array
(
)

               total    1  0.004
                curl    1  0.003
          parseTimes    1  0.000

Status: NO TIME, Next Run: 2018-02-23 07:04:26
https://uslugi.mosreg.ru/zdrav/doctor_appointment/doctor/090105/3644/2018-03-08?scenery=1
No time: Array
(
)

               total    1  0.003
                curl    1  0.003
          parseTimes    1  0.000

Status: NO TIME, Next Run: 2018-02-23 07:04:31
https://uslugi.mosreg.ru/zdrav/doctor_appointment/doctor/090105/3644/2018-03-08?scenery=1
No time: Array
(
)

               total    1  0.003
                curl    1  0.003
          parseTimes    1  0.000

Status: NO TIME, Next Run: 2018-02-23 07:04:36
https://uslugi.mosreg.ru/zdrav/doctor_appointment/doctor/090105/3644/2018-03-08?scenery=1
No time: Array
(
)

               total    1  0.003
                curl    1  0.003
          parseTimes    1  0.000

Status: NO TIME, Next Run: 2018-02-23 07:04:41
https://uslugi.mosreg.ru/zdrav/doctor_appointment/doctor/090105/3644/2018-03-08?scenery=1
No time: Array
(
)

               total    1  0.003
                curl    1  0.003
          parseTimes    1  0.000

Status: NO TIME, Next Run: 2018-02-23 07:04:46
https://uslugi.mosreg.ru/zdrav/doctor_appointment/doctor/090105/3644/2018-03-08?scenery=1
No time: Array
(
)

               total    1  0.004
                curl    1  0.004
          parseTimes    1  0.000

Status: NO TIME, Next Run: 2018-02-23 07:04:51
https://uslugi.mosreg.ru/zdrav/doctor_appointment/doctor/090105/3644/2018-03-08?scenery=1
No time: Array
(
)

               total    1  0.003
                curl    1  0.003
          parseTimes    1  0.000

Status: NO TIME, Next Run: 2018-02-23 07:04:56
https://uslugi.mosreg.ru/zdrav/doctor_appointment/doctor/090105/3644/2018-03-08?scenery=1
No time: Array
(
)

               total    1  0.008
                curl    1  0.008
          parseTimes    1  0.000

Status: NO TIME, Next Run: 2018-02-23 07:05:01
https://uslugi.mosreg.ru/zdrav/doctor_appointment/doctor/090105/3644/2018-03-08?scenery=1
No time: Array
(
)

               total    1  0.003
                curl    1  0.003
          parseTimes    1  0.000

Time is over: 2018-02-23 07:05:00
