2016-06-10 15:46:44 wait until 2016-06-10 20:58:00 sec: 18676, 1465581480, 1465562804  sleep: 5.1877777777778
https://uslugi.mosreg.ru/zdrav/doctor_appointment/doctor/0901052/3591/2016-06-24?scenery=1
No time: Array
(
)

               total    1  0.523
                curl    1  0.523
          parseTimes    1  0.000

Status: TIME NOT OPENED, Next Run: 2016-06-10 20:58:05
https://uslugi.mosreg.ru/zdrav/doctor_appointment/doctor/0901052/3591/2016-06-24?scenery=1
No time: Array
(
)

               total    1  0.069
                curl    1  0.069
          parseTimes    1  0.000

Status: TIME NOT OPENED, Next Run: 2016-06-10 20:58:11
https://uslugi.mosreg.ru/zdrav/doctor_appointment/doctor/0901052/3591/2016-06-24?scenery=1
No time: Array
(
)

               total    1  0.068
                curl    1  0.068
          parseTimes    1  0.000

Status: TIME NOT OPENED, Next Run: 2016-06-10 20:58:16
https://uslugi.mosreg.ru/zdrav/doctor_appointment/doctor/0901052/3591/2016-06-24?scenery=1
No time: Array
(
)

               total    1  0.215
                curl    1  0.215
          parseTimes    1  0.000

Status: TIME NOT OPENED, Next Run: 2016-06-10 20:58:21
https://uslugi.mosreg.ru/zdrav/doctor_appointment/doctor/0901052/3591/2016-06-24?scenery=1
No time: Array
(
)

               total    1  0.067
                curl    1  0.067
          parseTimes    1  0.000

Status: TIME NOT OPENED, Next Run: 2016-06-10 20:58:26
https://uslugi.mosreg.ru/zdrav/doctor_appointment/doctor/0901052/3591/2016-06-24?scenery=1
No time: Array
(
)

               total    1  0.108
                curl    1  0.108
          parseTimes    1  0.000

Status: TIME NOT OPENED, Next Run: 2016-06-10 20:58:31
https://uslugi.mosreg.ru/zdrav/doctor_appointment/doctor/0901052/3591/2016-06-24?scenery=1
No time: Array
(
)

               total    1  0.089
                curl    1  0.089
          parseTimes    1  0.000

Status: TIME NOT OPENED, Next Run: 2016-06-10 20:58:36
https://uslugi.mosreg.ru/zdrav/doctor_appointment/doctor/0901052/3591/2016-06-24?scenery=1
No time: Array
(
)

               total    1  0.070
                curl    1  0.070
          parseTimes    1  0.000

Status: TIME NOT OPENED, Next Run: 2016-06-10 20:58:41
https://uslugi.mosreg.ru/zdrav/doctor_appointment/doctor/0901052/3591/2016-06-24?scenery=1
No time: Array
(
)

               total    1  0.153
                curl    1  0.153
          parseTimes    1  0.000

Status: TIME NOT OPENED, Next Run: 2016-06-10 20:58:46
https://uslugi.mosreg.ru/zdrav/doctor_appointment/doctor/0901052/3591/2016-06-24?scenery=1
No time: Array
(
)

               total    1  0.066
                curl    1  0.066
          parseTimes    1  0.000

Status: TIME NOT OPENED, Next Run: 2016-06-10 20:58:51
https://uslugi.mosreg.ru/zdrav/doctor_appointment/doctor/0901052/3591/2016-06-24?scenery=1
No time: Array
(
)

               total    1  0.066
                curl    1  0.066
          parseTimes    1  0.000

Status: TIME NOT OPENED, Next Run: 2016-06-10 20:58:56
https://uslugi.mosreg.ru/zdrav/doctor_appointment/doctor/0901052/3591/2016-06-24?scenery=1
No time: Array
(
)

               total    1  0.201
                curl    1  0.201
          parseTimes    1  0.000

Status: TIME NOT OPENED, Next Run: 2016-06-10 20:59:01
https://uslugi.mosreg.ru/zdrav/doctor_appointment/doctor/0901052/3591/2016-06-24?scenery=1
No time: Array
(
)

               total    1  0.070
                curl    1  0.069
          parseTimes    1  0.000

Status: TIME NOT OPENED, Next Run: 2016-06-10 20:59:06
https://uslugi.mosreg.ru/zdrav/doctor_appointment/doctor/0901052/3591/2016-06-24?scenery=1
No time: Array
(
)

               total    1  0.071
                curl    1  0.071
          parseTimes    1  0.000

Status: TIME NOT OPENED, Next Run: 2016-06-10 20:59:11
https://uslugi.mosreg.ru/zdrav/doctor_appointment/doctor/0901052/3591/2016-06-24?scenery=1
No time: Array
(
)

               total    1  0.079
                curl    1  0.079
          parseTimes    1  0.000

Status: TIME NOT OPENED, Next Run: 2016-06-10 20:59:16
https://uslugi.mosreg.ru/zdrav/doctor_appointment/doctor/0901052/3591/2016-06-24?scenery=1
No time: Array
(
)

               total    1  0.106
                curl    1  0.106
          parseTimes    1  0.000

Status: TIME NOT OPENED, Next Run: 2016-06-10 20:59:21
https://uslugi.mosreg.ru/zdrav/doctor_appointment/doctor/0901052/3591/2016-06-24?scenery=1
No time: Array
(
)

               total    1  0.067
                curl    1  0.067
          parseTimes    1  0.000

Status: TIME NOT OPENED, Next Run: 2016-06-10 20:59:26
https://uslugi.mosreg.ru/zdrav/doctor_appointment/doctor/0901052/3591/2016-06-24?scenery=1
No time: Array
(
)

               total    1  0.074
                curl    1  0.074
          parseTimes    1  0.000

Status: TIME NOT OPENED, Next Run: 2016-06-10 20:59:31
https://uslugi.mosreg.ru/zdrav/doctor_appointment/doctor/0901052/3591/2016-06-24?scenery=1
No time: Array
(
)

               total    1  0.067
                curl    1  0.067
          parseTimes    1  0.000

Status: TIME NOT OPENED, Next Run: 2016-06-10 20:59:36
https://uslugi.mosreg.ru/zdrav/doctor_appointment/doctor/0901052/3591/2016-06-24?scenery=1
No time: Array
(
)

               total    1  0.228
                curl    1  0.227
          parseTimes    1  0.000

Status: TIME NOT OPENED, Next Run: 2016-06-10 20:59:41
https://uslugi.mosreg.ru/zdrav/doctor_appointment/doctor/0901052/3591/2016-06-24?scenery=1
No time: Array
(
)

               total    1  0.067
                curl    1  0.066
          parseTimes    1  0.000

Status: TIME NOT OPENED, Next Run: 2016-06-10 20:59:46
https://uslugi.mosreg.ru/zdrav/doctor_appointment/doctor/0901052/3591/2016-06-24?scenery=1
No time: Array
(
)

               total    1  0.172
                curl    1  0.172
          parseTimes    1  0.000

Status: TIME NOT OPENED, Next Run: 2016-06-10 20:59:51
https://uslugi.mosreg.ru/zdrav/doctor_appointment/doctor/0901052/3591/2016-06-24?scenery=1
No time: Array
(
)

               total    1  0.070
                curl    1  0.070
          parseTimes    1  0.000

Status: TIME NOT OPENED, Next Run: 2016-06-10 20:59:56
https://uslugi.mosreg.ru/zdrav/doctor_appointment/doctor/0901052/3591/2016-06-24?scenery=1
No time: Array
(
)

               total    1  0.212
                curl    1  0.212
          parseTimes    1  0.000

Something wrong with it: LOADING OK

Errors: Array
(
)
Status: LOADING OK, Next Run: 2016-06-10 21:00:01
https://uslugi.mosreg.ru/zdrav/doctor_appointment/doctor/0901052/3591/2016-06-24?scenery=1
No time: Array
(
)

               total    1  0.074
                curl    1  0.074
          parseTimes    1  0.000

Something wrong with it: LOADING OK

Errors: Array
(
)
Status: LOADING OK, Next Run: 2016-06-10 21:00:06
https://uslugi.mosreg.ru/zdrav/doctor_appointment/doctor/0901052/3591/2016-06-24?scenery=1
No time: Array
(
)

               total    1  0.118
                curl    1  0.118
          parseTimes    1  0.000

Something wrong with it: LOADING OK

Errors: Array
(
)
Status: LOADING OK, Next Run: 2016-06-10 21:00:11
https://uslugi.mosreg.ru/zdrav/doctor_appointment/doctor/0901052/3591/2016-06-24?scenery=1
No time: Array
(
)

               total    1  0.074
                curl    1  0.073
          parseTimes    1  0.000

Something wrong with it: LOADING OK

Errors: Array
(
)
Status: LOADING OK, Next Run: 2016-06-10 21:00:16
https://uslugi.mosreg.ru/zdrav/doctor_appointment/doctor/0901052/3591/2016-06-24?scenery=1
No time: Array
(
)

               total    1  0.067
                curl    1  0.067
          parseTimes    1  0.000

Something wrong with it: LOADING OK

Errors: Array
(
)
Status: LOADING OK, Next Run: 2016-06-10 21:00:21
https://uslugi.mosreg.ru/zdrav/doctor_appointment/doctor/0901052/3591/2016-06-24?scenery=1
No time: Array
(
)

               total    1  0.119
                curl    1  0.118
          parseTimes    1  0.000

Something wrong with it: LOADING OK

Errors: Array
(
)
Status: LOADING OK, Next Run: 2016-06-10 21:00:26
https://uslugi.mosreg.ru/zdrav/doctor_appointment/doctor/0901052/3591/2016-06-24?scenery=1
No time: Array
(
)

               total    1  0.073
                curl    1  0.073
          parseTimes    1  0.000

Something wrong with it: LOADING OK

Errors: Array
(
)
Status: LOADING OK, Next Run: 2016-06-10 21:00:31
https://uslugi.mosreg.ru/zdrav/doctor_appointment/doctor/0901052/3591/2016-06-24?scenery=1
No time: Array
(
)

               total    1  0.080
                curl    1  0.080
          parseTimes    1  0.000

Something wrong with it: LOADING OK

Errors: Array
(
)
Status: LOADING OK, Next Run: 2016-06-10 21:00:36
https://uslugi.mosreg.ru/zdrav/doctor_appointment/doctor/0901052/3591/2016-06-24?scenery=1
No time: Array
(
)

               total    1  0.261
                curl    1  0.261
          parseTimes    1  0.000

Something wrong with it: LOADING OK

Errors: Array
(
)
Status: LOADING OK, Next Run: 2016-06-10 21:00:41
https://uslugi.mosreg.ru/zdrav/doctor_appointment/doctor/0901052/3591/2016-06-24?scenery=1
No time: Array
(
)

               total    1  0.074
                curl    1  0.074
          parseTimes    1  0.000

Something wrong with it: LOADING OK

Errors: Array
(
)
Status: LOADING OK, Next Run: 2016-06-10 21:00:46
https://uslugi.mosreg.ru/zdrav/doctor_appointment/doctor/0901052/3591/2016-06-24?scenery=1
No time: Array
(
)

               total    1  0.078
                curl    1  0.078
          parseTimes    1  0.000

Something wrong with it: LOADING OK

Errors: Array
(
)
Status: LOADING OK, Next Run: 2016-06-10 21:00:51
https://uslugi.mosreg.ru/zdrav/doctor_appointment/doctor/0901052/3591/2016-06-24?scenery=1
No time: Array
(
)

               total    1  0.074
                curl    1  0.074
          parseTimes    1  0.000

Something wrong with it: LOADING OK

Errors: Array
(
)
Status: LOADING OK, Next Run: 2016-06-10 21:00:56
https://uslugi.mosreg.ru/zdrav/doctor_appointment/doctor/0901052/3591/2016-06-24?scenery=1
No time: Array
(
)

               total    1  0.213
                curl    1  0.212
          parseTimes    1  0.000

Something wrong with it: LOADING OK

Errors: Array
(
)
Status: LOADING OK, Next Run: 2016-06-10 21:01:01
https://uslugi.mosreg.ru/zdrav/doctor_appointment/doctor/0901052/3591/2016-06-24?scenery=1
No time: Array
(
)

               total    1  0.088
                curl    1  0.088
          parseTimes    1  0.000

Something wrong with it: LOADING OK

Errors: Array
(
)
Status: LOADING OK, Next Run: 2016-06-10 21:01:06
https://uslugi.mosreg.ru/zdrav/doctor_appointment/doctor/0901052/3591/2016-06-24?scenery=1
No time: Array
(
)

               total    1  0.228
                curl    1  0.228
          parseTimes    1  0.000

Something wrong with it: LOADING OK

Errors: Array
(
)
Status: LOADING OK, Next Run: 2016-06-10 21:01:11
https://uslugi.mosreg.ru/zdrav/doctor_appointment/doctor/0901052/3591/2016-06-24?scenery=1
No time: Array
(
)

               total    1  0.094
                curl    1  0.094
          parseTimes    1  0.000

Something wrong with it: LOADING OK

Errors: Array
(
)
Status: LOADING OK, Next Run: 2016-06-10 21:01:16
https://uslugi.mosreg.ru/zdrav/doctor_appointment/doctor/0901052/3591/2016-06-24?scenery=1
No time: Array
(
)

               total    1  0.066
                curl    1  0.066
          parseTimes    1  0.000

Something wrong with it: LOADING OK

Errors: Array
(
)
Status: LOADING OK, Next Run: 2016-06-10 21:01:21
https://uslugi.mosreg.ru/zdrav/doctor_appointment/doctor/0901052/3591/2016-06-24?scenery=1
No time: Array
(
)

               total    1  0.073
                curl    1  0.073
          parseTimes    1  0.000

Something wrong with it: LOADING OK

Errors: Array
(
)
Status: LOADING OK, Next Run: 2016-06-10 21:01:26
https://uslugi.mosreg.ru/zdrav/doctor_appointment/doctor/0901052/3591/2016-06-24?scenery=1
No time: Array
(
)

               total    1  0.066
                curl    1  0.066
          parseTimes    1  0.000

Something wrong with it: LOADING OK

Errors: Array
(
)
Status: LOADING OK, Next Run: 2016-06-10 21:01:31
https://uslugi.mosreg.ru/zdrav/doctor_appointment/doctor/0901052/3591/2016-06-24?scenery=1
No time: Array
(
)

               total    1  0.075
                curl    1  0.075
          parseTimes    1  0.000

Something wrong with it: LOADING OK

Errors: Array
(
)
Status: LOADING OK, Next Run: 2016-06-10 21:01:36
https://uslugi.mosreg.ru/zdrav/doctor_appointment/doctor/0901052/3591/2016-06-24?scenery=1
No time: Array
(
)

               total    1  0.068
                curl    1  0.068
          parseTimes    1  0.000

Something wrong with it: LOADING OK

Errors: Array
(
)
Status: LOADING OK, Next Run: 2016-06-10 21:01:41
https://uslugi.mosreg.ru/zdrav/doctor_appointment/doctor/0901052/3591/2016-06-24?scenery=1
No time: Array
(
)

               total    1  0.226
                curl    1  0.226
          parseTimes    1  0.000

Something wrong with it: LOADING OK

Errors: Array
(
)
Status: LOADING OK, Next Run: 2016-06-10 21:01:46
https://uslugi.mosreg.ru/zdrav/doctor_appointment/doctor/0901052/3591/2016-06-24?scenery=1
No time: Array
(
)

               total    1  0.066
                curl    1  0.066
          parseTimes    1  0.000

Something wrong with it: LOADING OK

Errors: Array
(
)
Status: LOADING OK, Next Run: 2016-06-10 21:01:51
https://uslugi.mosreg.ru/zdrav/doctor_appointment/doctor/0901052/3591/2016-06-24?scenery=1
No time: Array
(
)

               total    1  0.290
                curl    1  0.290
          parseTimes    1  0.000

Something wrong with it: LOADING OK

Errors: Array
(
)
Status: LOADING OK, Next Run: 2016-06-10 21:01:56
https://uslugi.mosreg.ru/zdrav/doctor_appointment/doctor/0901052/3591/2016-06-24?scenery=1
No time: Array
(
)

               total    1  0.070
                curl    1  0.069
          parseTimes    1  0.000

Something wrong with it: LOADING OK

Errors: Array
(
)
Status: LOADING OK, Next Run: 2016-06-10 21:02:01
https://uslugi.mosreg.ru/zdrav/doctor_appointment/doctor/0901052/3591/2016-06-24?scenery=1
No time: Array
(
)

               total    1  0.155
                curl    1  0.155
          parseTimes    1  0.000

Something wrong with it: LOADING OK

Errors: Array
(
)
Time is over: 2016-06-10 21:02:00
