2016-06-10 15:46:22 wait until 2016-06-10 20:58:00 sec: 18698, 1465581480, 1465562782  sleep: 5.1938888888889
https://uslugi.mosreg.ru/zdrav/doctor_appointment/doctor/0901052/1395/2016-06-24?scenery=1
No time: Array
(
)

               total    1  0.398
                curl    1  0.398
          parseTimes    1  0.000

Status: TIME NOT OPENED, Next Run: 2016-06-10 20:58:06
https://uslugi.mosreg.ru/zdrav/doctor_appointment/doctor/0901052/1395/2016-06-24?scenery=1
No time: Array
(
)

               total    1  0.070
                curl    1  0.069
          parseTimes    1  0.000

Status: TIME NOT OPENED, Next Run: 2016-06-10 20:58:10
https://uslugi.mosreg.ru/zdrav/doctor_appointment/doctor/0901052/1395/2016-06-24?scenery=1
No time: Array
(
)

               total    1  0.067
                curl    1  0.067
          parseTimes    1  0.000

Status: TIME NOT OPENED, Next Run: 2016-06-10 20:58:15
https://uslugi.mosreg.ru/zdrav/doctor_appointment/doctor/0901052/1395/2016-06-24?scenery=1
No time: Array
(
)

               total    1  0.256
                curl    1  0.255
          parseTimes    1  0.000

Status: TIME NOT OPENED, Next Run: 2016-06-10 20:58:20
https://uslugi.mosreg.ru/zdrav/doctor_appointment/doctor/0901052/1395/2016-06-24?scenery=1
No time: Array
(
)

               total    1  0.066
                curl    1  0.066
          parseTimes    1  0.000

Status: TIME NOT OPENED, Next Run: 2016-06-10 20:58:25
https://uslugi.mosreg.ru/zdrav/doctor_appointment/doctor/0901052/1395/2016-06-24?scenery=1
No time: Array
(
)

               total    1  0.144
                curl    1  0.144
          parseTimes    1  0.000

Status: TIME NOT OPENED, Next Run: 2016-06-10 20:58:30
https://uslugi.mosreg.ru/zdrav/doctor_appointment/doctor/0901052/1395/2016-06-24?scenery=1
No time: Array
(
)

               total    1  0.070
                curl    1  0.070
          parseTimes    1  0.000

Status: TIME NOT OPENED, Next Run: 2016-06-10 20:58:35
https://uslugi.mosreg.ru/zdrav/doctor_appointment/doctor/0901052/1395/2016-06-24?scenery=1
No time: Array
(
)

               total    1  0.138
                curl    1  0.138
          parseTimes    1  0.000

Status: TIME NOT OPENED, Next Run: 2016-06-10 20:58:40
https://uslugi.mosreg.ru/zdrav/doctor_appointment/doctor/0901052/1395/2016-06-24?scenery=1
No time: Array
(
)

               total    1  0.073
                curl    1  0.073
          parseTimes    1  0.000

Status: TIME NOT OPENED, Next Run: 2016-06-10 20:58:45
https://uslugi.mosreg.ru/zdrav/doctor_appointment/doctor/0901052/1395/2016-06-24?scenery=1
No time: Array
(
)

               total    1  0.064
                curl    1  0.064
          parseTimes    1  0.000

Status: TIME NOT OPENED, Next Run: 2016-06-10 20:58:50
https://uslugi.mosreg.ru/zdrav/doctor_appointment/doctor/0901052/1395/2016-06-24?scenery=1
No time: Array
(
)

               total    1  0.132
                curl    1  0.131
          parseTimes    1  0.000

Status: TIME NOT OPENED, Next Run: 2016-06-10 20:58:55
https://uslugi.mosreg.ru/zdrav/doctor_appointment/doctor/0901052/1395/2016-06-24?scenery=1
No time: Array
(
)

               total    1  0.072
                curl    1  0.071
          parseTimes    1  0.000

Status: TIME NOT OPENED, Next Run: 2016-06-10 20:59:00
https://uslugi.mosreg.ru/zdrav/doctor_appointment/doctor/0901052/1395/2016-06-24?scenery=1
No time: Array
(
)

               total    1  0.153
                curl    1  0.153
          parseTimes    1  0.000

Status: TIME NOT OPENED, Next Run: 2016-06-10 20:59:05
https://uslugi.mosreg.ru/zdrav/doctor_appointment/doctor/0901052/1395/2016-06-24?scenery=1
No time: Array
(
)

               total    1  0.064
                curl    1  0.064
          parseTimes    1  0.000

Status: TIME NOT OPENED, Next Run: 2016-06-10 20:59:10
https://uslugi.mosreg.ru/zdrav/doctor_appointment/doctor/0901052/1395/2016-06-24?scenery=1
No time: Array
(
)

               total    1  0.290
                curl    1  0.289
          parseTimes    1  0.000

Status: TIME NOT OPENED, Next Run: 2016-06-10 20:59:16
https://uslugi.mosreg.ru/zdrav/doctor_appointment/doctor/0901052/1395/2016-06-24?scenery=1
No time: Array
(
)

               total    1  0.070
                curl    1  0.070
          parseTimes    1  0.000

Status: TIME NOT OPENED, Next Run: 2016-06-10 20:59:20
https://uslugi.mosreg.ru/zdrav/doctor_appointment/doctor/0901052/1395/2016-06-24?scenery=1
No time: Array
(
)

               total    1  0.223
                curl    1  0.223
          parseTimes    1  0.000

Status: TIME NOT OPENED, Next Run: 2016-06-10 20:59:25
https://uslugi.mosreg.ru/zdrav/doctor_appointment/doctor/0901052/1395/2016-06-24?scenery=1
No time: Array
(
)

               total    1  0.068
                curl    1  0.068
          parseTimes    1  0.000

Status: TIME NOT OPENED, Next Run: 2016-06-10 20:59:30
https://uslugi.mosreg.ru/zdrav/doctor_appointment/doctor/0901052/1395/2016-06-24?scenery=1
No time: Array
(
)

               total    1  0.138
                curl    1  0.138
          parseTimes    1  0.000

Status: TIME NOT OPENED, Next Run: 2016-06-10 20:59:35
https://uslugi.mosreg.ru/zdrav/doctor_appointment/doctor/0901052/1395/2016-06-24?scenery=1
No time: Array
(
)

               total    1  0.093
                curl    1  0.093
          parseTimes    1  0.000

Status: TIME NOT OPENED, Next Run: 2016-06-10 20:59:40
https://uslugi.mosreg.ru/zdrav/doctor_appointment/doctor/0901052/1395/2016-06-24?scenery=1
No time: Array
(
)

               total    1  0.124
                curl    1  0.124
          parseTimes    1  0.000

Status: TIME NOT OPENED, Next Run: 2016-06-10 20:59:45
https://uslugi.mosreg.ru/zdrav/doctor_appointment/doctor/0901052/1395/2016-06-24?scenery=1
No time: Array
(
)

               total    1  0.077
                curl    1  0.077
          parseTimes    1  0.000

Status: TIME NOT OPENED, Next Run: 2016-06-10 20:59:50
https://uslugi.mosreg.ru/zdrav/doctor_appointment/doctor/0901052/1395/2016-06-24?scenery=1
No time: Array
(
)

               total    1  0.136
                curl    1  0.135
          parseTimes    1  0.000

Status: TIME NOT OPENED, Next Run: 2016-06-10 20:59:55
https://uslugi.mosreg.ru/zdrav/doctor_appointment/doctor/0901052/1395/2016-06-24?scenery=1
Have found free time: 2803278 in ranges:Array
(
    [1] => Array
        (
            [2803275] => 08:00
            [2803276] => 08:15
            [2803277] => 08:30
            [2803278] => 08:45
            [2803279] => 09:00
        )

    [2] => Array
        (
        )

    [3] => Array
        (
            [2803280] => 09:15
            [2803282] => 09:45
            [2803283] => 10:00
        )

    [4] => Array
        (
            [2803284] => 10:15
            [2803285] => 10:30
            [2803286] => 10:45
            [2803287] => 11:00
            [2803289] => 11:30
            [2803290] => 11:45
            [2803291] => 12:00
            [2803292] => 12:15
            [2803293] => 12:30
            [2803295] => 13:00
            [2803296] => 13:15
            [2803297] => 13:30
            [2803298] => 13:45
        )

    [5] => Array
        (
        )

    [6] => Array
        (
        )

)

https://uslugi.mosreg.ru/zdrav/doctor_appointment/submit
https://uslugi.mosreg.ru/zdrav/doctor_appointment/create_visit
               total    1  1.173
                curl    3  1.172
          parseTimes    1  0.000
          parseLogin    1  0.001
    parseCreateVisit    1  0.000


Result: Array
(
    [times] => Array
        (
            [2803275] => 08:00
            [2803276] => 08:15
            [2803277] => 08:30
            [2803278] => 08:45
            [2803279] => 09:00
            [2803280] => 09:15
            [2803282] => 09:45
            [2803283] => 10:00
            [2803284] => 10:15
            [2803285] => 10:30
            [2803286] => 10:45
            [2803287] => 11:00
            [2803289] => 11:30
            [2803290] => 11:45
            [2803291] => 12:00
            [2803292] => 12:15
            [2803293] => 12:30
            [2803295] => 13:00
            [2803296] => 13:15
            [2803297] => 13:30
            [2803298] => 13:45
        )

    [create_visit] => Array
        (
            [success] => 1
            [items] => Array
                (
                    [CreateVisitResult] => <CreateVisitResult Result="true" StubNum="БЕ004" Code="0">
<ErrorDescription>OK</ErrorDescription>
</CreateVisitResult>
                )

            [lpu] => Array
                (
                    [ID] => 57082163
                    [LPUCODE] => 0901052
                    [EMAIL] => gel-dor.cgb@mail.ru
                    [SITEURL] =>  
                    [NAME] => Детская поликлиника (ГБУЗ МО "ЦГБ")
                    [IP] => http://10.3.126.67:8002/Zhelezn_CGB/webhltservice.asmx?wsdl
                    [ADDRESS] => Московская обл., г Железнодорожный, ул Некрасова, дом 4, стр. 1
                    [PHONE] =>  
                    [ACCESSIBILITY] => 1.0000
                    [CHILDREN] => 1.0000
                    [CITY] => 57074335
                    [isWaitingList] => 1
                    [isCallDocHome] => 1
                    [latitude] => 55.749841
                    [longitude] => 37.995664
                )

            [policy] => Array
                (
                    [S_POL] => 
                    [N_POL] => 5088889748000312
                    [Birthday] => 2011-11-01
                )

            [binded] => 1
            [server] => Array
                (
                    [date] => 10.06.2016
                    [time] => 21:00
                )

            [STATUS] => COMPLETE
        )

    [login] => Array
        (
            [STATUS] => AUTHORIZED
            [last_authorized] => 1465581596
            [success] => 1
            [count_items] => 17
        )

)
Finish and complete!
