2016-06-10 15:46:34 wait until 2016-06-10 20:58:00 sec: 18686, 1465581480, 1465562794  sleep: 5.1905555555556
https://uslugi.mosreg.ru/zdrav/doctor_appointment/doctor/0901052/3648/2016-06-24?scenery=1
No time: Array
(
)

               total    1  0.458
                curl    1  0.458
          parseTimes    1  0.000

Status: TIME NOT OPENED, Next Run: 2016-06-10 20:58:06
https://uslugi.mosreg.ru/zdrav/doctor_appointment/doctor/0901052/3648/2016-06-24?scenery=1
No time: Array
(
)

               total    1  0.074
                curl    1  0.074
          parseTimes    1  0.000

Status: TIME NOT OPENED, Next Run: 2016-06-10 20:58:10
https://uslugi.mosreg.ru/zdrav/doctor_appointment/doctor/0901052/3648/2016-06-24?scenery=1
No time: Array
(
)

               total    1  0.070
                curl    1  0.069
          parseTimes    1  0.000

Status: TIME NOT OPENED, Next Run: 2016-06-10 20:58:15
https://uslugi.mosreg.ru/zdrav/doctor_appointment/doctor/0901052/3648/2016-06-24?scenery=1
No time: Array
(
)

               total    1  0.124
                curl    1  0.123
          parseTimes    1  0.000

Status: TIME NOT OPENED, Next Run: 2016-06-10 20:58:20
https://uslugi.mosreg.ru/zdrav/doctor_appointment/doctor/0901052/3648/2016-06-24?scenery=1
No time: Array
(
)

               total    1  0.070
                curl    1  0.070
          parseTimes    1  0.000

Status: TIME NOT OPENED, Next Run: 2016-06-10 20:58:25
https://uslugi.mosreg.ru/zdrav/doctor_appointment/doctor/0901052/3648/2016-06-24?scenery=1
No time: Array
(
)

               total    1  0.111
                curl    1  0.111
          parseTimes    1  0.000

Status: TIME NOT OPENED, Next Run: 2016-06-10 20:58:30
https://uslugi.mosreg.ru/zdrav/doctor_appointment/doctor/0901052/3648/2016-06-24?scenery=1
No time: Array
(
)

               total    1  0.068
                curl    1  0.068
          parseTimes    1  0.000

Status: TIME NOT OPENED, Next Run: 2016-06-10 20:58:35
https://uslugi.mosreg.ru/zdrav/doctor_appointment/doctor/0901052/3648/2016-06-24?scenery=1
No time: Array
(
)

               total    1  0.211
                curl    1  0.210
          parseTimes    1  0.000

Status: TIME NOT OPENED, Next Run: 2016-06-10 20:58:40
https://uslugi.mosreg.ru/zdrav/doctor_appointment/doctor/0901052/3648/2016-06-24?scenery=1
No time: Array
(
)

               total    1  0.070
                curl    1  0.070
          parseTimes    1  0.000

Status: TIME NOT OPENED, Next Run: 2016-06-10 20:58:45
https://uslugi.mosreg.ru/zdrav/doctor_appointment/doctor/0901052/3648/2016-06-24?scenery=1
No time: Array
(
)

               total    1  0.149
                curl    1  0.149
          parseTimes    1  0.000

Status: TIME NOT OPENED, Next Run: 2016-06-10 20:58:50
https://uslugi.mosreg.ru/zdrav/doctor_appointment/doctor/0901052/3648/2016-06-24?scenery=1
No time: Array
(
)

               total    1  0.068
                curl    1  0.068
          parseTimes    1  0.000

Status: TIME NOT OPENED, Next Run: 2016-06-10 20:58:55
https://uslugi.mosreg.ru/zdrav/doctor_appointment/doctor/0901052/3648/2016-06-24?scenery=1
No time: Array
(
)

               total    1  0.287
                curl    1  0.286
          parseTimes    1  0.000

Status: TIME NOT OPENED, Next Run: 2016-06-10 20:59:00
https://uslugi.mosreg.ru/zdrav/doctor_appointment/doctor/0901052/3648/2016-06-24?scenery=1
No time: Array
(
)

               total    1  0.097
                curl    1  0.096
          parseTimes    1  0.000

Status: TIME NOT OPENED, Next Run: 2016-06-10 20:59:05
https://uslugi.mosreg.ru/zdrav/doctor_appointment/doctor/0901052/3648/2016-06-24?scenery=1
No time: Array
(
)

               total    1  0.076
                curl    1  0.076
          parseTimes    1  0.000

Status: TIME NOT OPENED, Next Run: 2016-06-10 20:59:10
https://uslugi.mosreg.ru/zdrav/doctor_appointment/doctor/0901052/3648/2016-06-24?scenery=1
No time: Array
(
)

               total    1  0.110
                curl    1  0.110
          parseTimes    1  0.000

Status: TIME NOT OPENED, Next Run: 2016-06-10 20:59:15
https://uslugi.mosreg.ru/zdrav/doctor_appointment/doctor/0901052/3648/2016-06-24?scenery=1
No time: Array
(
)

               total    1  0.067
                curl    1  0.067
          parseTimes    1  0.000

Status: TIME NOT OPENED, Next Run: 2016-06-10 20:59:20
https://uslugi.mosreg.ru/zdrav/doctor_appointment/doctor/0901052/3648/2016-06-24?scenery=1
No time: Array
(
)

               total    1  0.079
                curl    1  0.079
          parseTimes    1  0.000

Status: TIME NOT OPENED, Next Run: 2016-06-10 20:59:25
https://uslugi.mosreg.ru/zdrav/doctor_appointment/doctor/0901052/3648/2016-06-24?scenery=1
No time: Array
(
)

               total    1  0.086
                curl    1  0.085
          parseTimes    1  0.000

Status: TIME NOT OPENED, Next Run: 2016-06-10 20:59:30
https://uslugi.mosreg.ru/zdrav/doctor_appointment/doctor/0901052/3648/2016-06-24?scenery=1
No time: Array
(
)

               total    1  0.126
                curl    1  0.125
          parseTimes    1  0.000

Status: TIME NOT OPENED, Next Run: 2016-06-10 20:59:35
https://uslugi.mosreg.ru/zdrav/doctor_appointment/doctor/0901052/3648/2016-06-24?scenery=1
No time: Array
(
)

               total    1  0.103
                curl    1  0.102
          parseTimes    1  0.000

Status: TIME NOT OPENED, Next Run: 2016-06-10 20:59:40
https://uslugi.mosreg.ru/zdrav/doctor_appointment/doctor/0901052/3648/2016-06-24?scenery=1
No time: Array
(
)

               total    1  0.143
                curl    1  0.143
          parseTimes    1  0.000

Status: TIME NOT OPENED, Next Run: 2016-06-10 20:59:45
https://uslugi.mosreg.ru/zdrav/doctor_appointment/doctor/0901052/3648/2016-06-24?scenery=1
No time: Array
(
)

               total    1  0.085
                curl    1  0.085
          parseTimes    1  0.000

Status: TIME NOT OPENED, Next Run: 2016-06-10 20:59:50
https://uslugi.mosreg.ru/zdrav/doctor_appointment/doctor/0901052/3648/2016-06-24?scenery=1
No time: Array
(
)

               total    1  0.141
                curl    1  0.141
          parseTimes    1  0.000

Status: TIME NOT OPENED, Next Run: 2016-06-10 20:59:55
https://uslugi.mosreg.ru/zdrav/doctor_appointment/doctor/0901052/3648/2016-06-24?scenery=1
No time: Array
(
)

               total    1  0.075
                curl    1  0.075
          parseTimes    1  0.000

Something wrong with it: LOADING OK

Errors: Array
(
)
Status: LOADING OK, Next Run: 2016-06-10 21:00:00
https://uslugi.mosreg.ru/zdrav/doctor_appointment/doctor/0901052/3648/2016-06-24?scenery=1
No time: Array
(
)

               total    1  0.069
                curl    1  0.069
          parseTimes    1  0.000

Something wrong with it: LOADING OK

Errors: Array
(
)
Status: LOADING OK, Next Run: 2016-06-10 21:00:05
https://uslugi.mosreg.ru/zdrav/doctor_appointment/doctor/0901052/3648/2016-06-24?scenery=1
No time: Array
(
)

               total    1  0.073
                curl    1  0.073
          parseTimes    1  0.000

Something wrong with it: LOADING OK

Errors: Array
(
)
Status: LOADING OK, Next Run: 2016-06-10 21:00:10
https://uslugi.mosreg.ru/zdrav/doctor_appointment/doctor/0901052/3648/2016-06-24?scenery=1
No time: Array
(
)

               total    1  0.076
                curl    1  0.075
          parseTimes    1  0.000

Something wrong with it: LOADING OK

Errors: Array
(
)
Status: LOADING OK, Next Run: 2016-06-10 21:00:15
https://uslugi.mosreg.ru/zdrav/doctor_appointment/doctor/0901052/3648/2016-06-24?scenery=1
No time: Array
(
)

               total    1  0.068
                curl    1  0.067
          parseTimes    1  0.000

Something wrong with it: LOADING OK

Errors: Array
(
)
Status: LOADING OK, Next Run: 2016-06-10 21:00:20
https://uslugi.mosreg.ru/zdrav/doctor_appointment/doctor/0901052/3648/2016-06-24?scenery=1
No time: Array
(
)

               total    1  0.078
                curl    1  0.077
          parseTimes    1  0.000

Something wrong with it: LOADING OK

Errors: Array
(
)
Status: LOADING OK, Next Run: 2016-06-10 21:00:25
https://uslugi.mosreg.ru/zdrav/doctor_appointment/doctor/0901052/3648/2016-06-24?scenery=1
No time: Array
(
)

               total    1  0.156
                curl    1  0.156
          parseTimes    1  0.000

Something wrong with it: LOADING OK

Errors: Array
(
)
Status: LOADING OK, Next Run: 2016-06-10 21:00:30
https://uslugi.mosreg.ru/zdrav/doctor_appointment/doctor/0901052/3648/2016-06-24?scenery=1
No time: Array
(
)

               total    1  0.092
                curl    1  0.092
          parseTimes    1  0.000

Something wrong with it: LOADING OK

Errors: Array
(
)
Status: LOADING OK, Next Run: 2016-06-10 21:00:35
https://uslugi.mosreg.ru/zdrav/doctor_appointment/doctor/0901052/3648/2016-06-24?scenery=1
No time: Array
(
)

               total    1  0.071
                curl    1  0.071
          parseTimes    1  0.000

Something wrong with it: LOADING OK

Errors: Array
(
)
Status: LOADING OK, Next Run: 2016-06-10 21:00:40
https://uslugi.mosreg.ru/zdrav/doctor_appointment/doctor/0901052/3648/2016-06-24?scenery=1
No time: Array
(
)

               total    1  0.268
                curl    1  0.267
          parseTimes    1  0.000

Something wrong with it: LOADING OK

Errors: Array
(
)
Status: LOADING OK, Next Run: 2016-06-10 21:00:45
https://uslugi.mosreg.ru/zdrav/doctor_appointment/doctor/0901052/3648/2016-06-24?scenery=1
No time: Array
(
)

               total    1  0.082
                curl    1  0.082
          parseTimes    1  0.000

Something wrong with it: LOADING OK

Errors: Array
(
)
Status: LOADING OK, Next Run: 2016-06-10 21:00:50
https://uslugi.mosreg.ru/zdrav/doctor_appointment/doctor/0901052/3648/2016-06-24?scenery=1
No time: Array
(
)

               total    1  0.136
                curl    1  0.136
          parseTimes    1  0.000

Something wrong with it: LOADING OK

Errors: Array
(
)
Status: LOADING OK, Next Run: 2016-06-10 21:00:55
https://uslugi.mosreg.ru/zdrav/doctor_appointment/doctor/0901052/3648/2016-06-24?scenery=1
No time: Array
(
)

               total    1  0.094
                curl    1  0.094
          parseTimes    1  0.000

Something wrong with it: LOADING OK

Errors: Array
(
)
Status: LOADING OK, Next Run: 2016-06-10 21:01:00
https://uslugi.mosreg.ru/zdrav/doctor_appointment/doctor/0901052/3648/2016-06-24?scenery=1
No time: Array
(
)

               total    1  0.069
                curl    1  0.069
          parseTimes    1  0.000

Something wrong with it: LOADING OK

Errors: Array
(
)
Status: LOADING OK, Next Run: 2016-06-10 21:01:05
https://uslugi.mosreg.ru/zdrav/doctor_appointment/doctor/0901052/3648/2016-06-24?scenery=1
No time: Array
(
)

               total    1  0.259
                curl    1  0.259
          parseTimes    1  0.000

Something wrong with it: LOADING OK

Errors: Array
(
)
Status: LOADING OK, Next Run: 2016-06-10 21:01:10
https://uslugi.mosreg.ru/zdrav/doctor_appointment/doctor/0901052/3648/2016-06-24?scenery=1
No time: Array
(
)

               total    1  0.082
                curl    1  0.082
          parseTimes    1  0.000

Something wrong with it: LOADING OK

Errors: Array
(
)
Status: LOADING OK, Next Run: 2016-06-10 21:01:15
https://uslugi.mosreg.ru/zdrav/doctor_appointment/doctor/0901052/3648/2016-06-24?scenery=1
No time: Array
(
)

               total    1  0.082
                curl    1  0.082
          parseTimes    1  0.000

Something wrong with it: LOADING OK

Errors: Array
(
)
Status: LOADING OK, Next Run: 2016-06-10 21:01:20
https://uslugi.mosreg.ru/zdrav/doctor_appointment/doctor/0901052/3648/2016-06-24?scenery=1
No time: Array
(
)

               total    1  0.077
                curl    1  0.077
          parseTimes    1  0.000

Something wrong with it: LOADING OK

Errors: Array
(
)
Status: LOADING OK, Next Run: 2016-06-10 21:01:25
https://uslugi.mosreg.ru/zdrav/doctor_appointment/doctor/0901052/3648/2016-06-24?scenery=1
No time: Array
(
)

               total    1  0.081
                curl    1  0.081
          parseTimes    1  0.000

Something wrong with it: LOADING OK

Errors: Array
(
)
Status: LOADING OK, Next Run: 2016-06-10 21:01:30
https://uslugi.mosreg.ru/zdrav/doctor_appointment/doctor/0901052/3648/2016-06-24?scenery=1
No time: Array
(
)

               total    1  0.067
                curl    1  0.067
          parseTimes    1  0.000

Something wrong with it: LOADING OK

Errors: Array
(
)
Status: LOADING OK, Next Run: 2016-06-10 21:01:35
https://uslugi.mosreg.ru/zdrav/doctor_appointment/doctor/0901052/3648/2016-06-24?scenery=1
No time: Array
(
)

               total    1  0.070
                curl    1  0.070
          parseTimes    1  0.000

Something wrong with it: LOADING OK

Errors: Array
(
)
Status: LOADING OK, Next Run: 2016-06-10 21:01:40
https://uslugi.mosreg.ru/zdrav/doctor_appointment/doctor/0901052/3648/2016-06-24?scenery=1
No time: Array
(
)

               total    1  0.074
                curl    1  0.074
          parseTimes    1  0.000

Something wrong with it: LOADING OK

Errors: Array
(
)
Status: LOADING OK, Next Run: 2016-06-10 21:01:45
https://uslugi.mosreg.ru/zdrav/doctor_appointment/doctor/0901052/3648/2016-06-24?scenery=1
No time: Array
(
)

               total    1  0.090
                curl    1  0.090
          parseTimes    1  0.000

Something wrong with it: LOADING OK

Errors: Array
(
)
Status: LOADING OK, Next Run: 2016-06-10 21:01:50
https://uslugi.mosreg.ru/zdrav/doctor_appointment/doctor/0901052/3648/2016-06-24?scenery=1
No time: Array
(
)

               total    1  0.071
                curl    1  0.071
          parseTimes    1  0.000

Something wrong with it: LOADING OK

Errors: Array
(
)
Status: LOADING OK, Next Run: 2016-06-10 21:01:55
https://uslugi.mosreg.ru/zdrav/doctor_appointment/doctor/0901052/3648/2016-06-24?scenery=1
No time: Array
(
)

               total    1  0.086
                curl    1  0.086
          parseTimes    1  0.000

Something wrong with it: LOADING OK

Errors: Array
(
)
Status: LOADING OK, Next Run: 2016-06-10 21:02:00
https://uslugi.mosreg.ru/zdrav/doctor_appointment/doctor/0901052/3648/2016-06-24?scenery=1
No time: Array
(
)

               total    1  0.066
                curl    1  0.066
          parseTimes    1  0.000

Something wrong with it: LOADING OK

Errors: Array
(
)
Status: LOADING OK, Next Run: 2016-06-10 21:02:05
https://uslugi.mosreg.ru/zdrav/doctor_appointment/doctor/0901052/3648/2016-06-24?scenery=1
No time: Array
(
)

               total    1  0.065
                curl    1  0.064
          parseTimes    1  0.000

Something wrong with it: LOADING OK

Errors: Array
(
)
Time is over: 2016-06-10 21:02:00
