2018-02-23 01:14:46 wait until 2018-02-23 06:55:00 sec: 20414, 1519358100, 1519337686  sleep: 5.6705555555556
https://uslugi.mosreg.ru/zdrav/doctor_appointment/doctor/0901052/1329/2018-03-08?scenery=1
No time: Array
(
)

               total    1  0.577
                curl    1  0.577
          parseTimes    1  0.000

Something wrong with it: LOADING OK

Errors: Array
(
)
Status: LOADING OK, Next Run: 2018-02-23 06:55:04
https://uslugi.mosreg.ru/zdrav/doctor_appointment/doctor/0901052/1329/2018-03-08?scenery=1
No time: Array
(
)

               total    1  0.087
                curl    1  0.087
          parseTimes    1  0.000

Something wrong with it: LOADING OK

Errors: Array
(
)
Status: LOADING OK, Next Run: 2018-02-23 06:55:10
https://uslugi.mosreg.ru/zdrav/doctor_appointment/doctor/0901052/1329/2018-03-08?scenery=1
No time: Array
(
)

               total    1  0.096
                curl    1  0.096
          parseTimes    1  0.000

Something wrong with it: LOADING OK

Errors: Array
(
)
Status: LOADING OK, Next Run: 2018-02-23 06:55:15
https://uslugi.mosreg.ru/zdrav/doctor_appointment/doctor/0901052/1329/2018-03-08?scenery=1
No time: Array
(
)

               total    1  0.085
                curl    1  0.085
          parseTimes    1  0.000

Something wrong with it: LOADING OK

Errors: Array
(
)
Status: LOADING OK, Next Run: 2018-02-23 06:55:20
https://uslugi.mosreg.ru/zdrav/doctor_appointment/doctor/0901052/1329/2018-03-08?scenery=1
No time: Array
(
)

               total    1  0.089
                curl    1  0.088
          parseTimes    1  0.000

Something wrong with it: LOADING OK

Errors: Array
(
)
Status: LOADING OK, Next Run: 2018-02-23 06:55:25
https://uslugi.mosreg.ru/zdrav/doctor_appointment/doctor/0901052/1329/2018-03-08?scenery=1
No time: Array
(
)

               total    1  0.304
                curl    1  0.304
          parseTimes    1  0.000

Something wrong with it: LOADING OK

Errors: Array
(
)
Status: LOADING OK, Next Run: 2018-02-23 06:55:30
https://uslugi.mosreg.ru/zdrav/doctor_appointment/doctor/0901052/1329/2018-03-08?scenery=1
No time: Array
(
)

               total    1  0.107
                curl    1  0.107
          parseTimes    1  0.000

Something wrong with it: LOADING OK

Errors: Array
(
)
Status: LOADING OK, Next Run: 2018-02-23 06:55:35
https://uslugi.mosreg.ru/zdrav/doctor_appointment/doctor/0901052/1329/2018-03-08?scenery=1
No time: Array
(
)

               total    1  0.099
                curl    1  0.099
          parseTimes    1  0.000

Something wrong with it: LOADING OK

Errors: Array
(
)
Status: LOADING OK, Next Run: 2018-02-23 06:55:40
https://uslugi.mosreg.ru/zdrav/doctor_appointment/doctor/0901052/1329/2018-03-08?scenery=1
No time: Array
(
)

               total    1  0.094
                curl    1  0.093
          parseTimes    1  0.000

Something wrong with it: LOADING OK

Errors: Array
(
)
Status: LOADING OK, Next Run: 2018-02-23 06:55:45
https://uslugi.mosreg.ru/zdrav/doctor_appointment/doctor/0901052/1329/2018-03-08?scenery=1
No time: Array
(
)

               total    1  0.086
                curl    1  0.086
          parseTimes    1  0.000

Something wrong with it: LOADING OK

Errors: Array
(
)
Status: LOADING OK, Next Run: 2018-02-23 06:55:50
https://uslugi.mosreg.ru/zdrav/doctor_appointment/doctor/0901052/1329/2018-03-08?scenery=1
No time: Array
(
)

               total    1  0.110
                curl    1  0.109
          parseTimes    1  0.000

Something wrong with it: LOADING OK

Errors: Array
(
)
Status: LOADING OK, Next Run: 2018-02-23 06:55:55
https://uslugi.mosreg.ru/zdrav/doctor_appointment/doctor/0901052/1329/2018-03-08?scenery=1
No time: Array
(
)

               total    1  0.083
                curl    1  0.083
          parseTimes    1  0.000

Something wrong with it: LOADING OK

Errors: Array
(
)
Status: LOADING OK, Next Run: 2018-02-23 06:56:00
https://uslugi.mosreg.ru/zdrav/doctor_appointment/doctor/0901052/1329/2018-03-08?scenery=1
No time: Array
(
)

               total    1  0.090
                curl    1  0.089
          parseTimes    1  0.000

Something wrong with it: LOADING OK

Errors: Array
(
)
Status: LOADING OK, Next Run: 2018-02-23 06:56:05
https://uslugi.mosreg.ru/zdrav/doctor_appointment/doctor/0901052/1329/2018-03-08?scenery=1
No time: Array
(
)

               total    1  0.092
                curl    1  0.091
          parseTimes    1  0.000

Something wrong with it: LOADING OK

Errors: Array
(
)
Status: LOADING OK, Next Run: 2018-02-23 06:56:10
https://uslugi.mosreg.ru/zdrav/doctor_appointment/doctor/0901052/1329/2018-03-08?scenery=1
No time: Array
(
)

               total    1  0.104
                curl    1  0.104
          parseTimes    1  0.000

Something wrong with it: LOADING OK

Errors: Array
(
)
Status: LOADING OK, Next Run: 2018-02-23 06:56:15
https://uslugi.mosreg.ru/zdrav/doctor_appointment/doctor/0901052/1329/2018-03-08?scenery=1
No time: Array
(
)

               total    1  0.097
                curl    1  0.096
          parseTimes    1  0.000

Something wrong with it: LOADING OK

Errors: Array
(
)
Status: LOADING OK, Next Run: 2018-02-23 06:56:20
https://uslugi.mosreg.ru/zdrav/doctor_appointment/doctor/0901052/1329/2018-03-08?scenery=1
No time: Array
(
)

               total    1  0.088
                curl    1  0.088
          parseTimes    1  0.000

Something wrong with it: LOADING OK

Errors: Array
(
)
Status: LOADING OK, Next Run: 2018-02-23 06:56:25
https://uslugi.mosreg.ru/zdrav/doctor_appointment/doctor/0901052/1329/2018-03-08?scenery=1
No time: Array
(
)

               total    1  0.076
                curl    1  0.076
          parseTimes    1  0.000

Something wrong with it: LOADING OK

Errors: Array
(
)
Status: LOADING OK, Next Run: 2018-02-23 06:56:30
https://uslugi.mosreg.ru/zdrav/doctor_appointment/doctor/0901052/1329/2018-03-08?scenery=1
No time: Array
(
)

               total    1  0.091
                curl    1  0.091
          parseTimes    1  0.000

Something wrong with it: LOADING OK

Errors: Array
(
)
Status: LOADING OK, Next Run: 2018-02-23 06:56:35
https://uslugi.mosreg.ru/zdrav/doctor_appointment/doctor/0901052/1329/2018-03-08?scenery=1
No time: Array
(
)

               total    1  0.073
                curl    1  0.073
          parseTimes    1  0.000

Something wrong with it: LOADING OK

Errors: Array
(
)
Status: LOADING OK, Next Run: 2018-02-23 06:56:40
https://uslugi.mosreg.ru/zdrav/doctor_appointment/doctor/0901052/1329/2018-03-08?scenery=1
No time: Array
(
)

               total    1  0.103
                curl    1  0.103
          parseTimes    1  0.000

Something wrong with it: LOADING OK

Errors: Array
(
)
Status: LOADING OK, Next Run: 2018-02-23 06:56:45
https://uslugi.mosreg.ru/zdrav/doctor_appointment/doctor/0901052/1329/2018-03-08?scenery=1
No time: Array
(
)

               total    1  0.086
                curl    1  0.086
          parseTimes    1  0.000

Something wrong with it: LOADING OK

Errors: Array
(
)
Status: LOADING OK, Next Run: 2018-02-23 06:56:50
https://uslugi.mosreg.ru/zdrav/doctor_appointment/doctor/0901052/1329/2018-03-08?scenery=1
No time: Array
(
)

               total    1  0.084
                curl    1  0.084
          parseTimes    1  0.000

Something wrong with it: LOADING OK

Errors: Array
(
)
Status: LOADING OK, Next Run: 2018-02-23 06:56:55
https://uslugi.mosreg.ru/zdrav/doctor_appointment/doctor/0901052/1329/2018-03-08?scenery=1
No time: Array
(
)

               total    1  0.102
                curl    1  0.101
          parseTimes    1  0.000

Something wrong with it: LOADING OK

Errors: Array
(
)
Status: LOADING OK, Next Run: 2018-02-23 06:57:00
https://uslugi.mosreg.ru/zdrav/doctor_appointment/doctor/0901052/1329/2018-03-08?scenery=1
No time: Array
(
)

               total    1  0.091
                curl    1  0.091
          parseTimes    1  0.000

Something wrong with it: LOADING OK

Errors: Array
(
)
Status: LOADING OK, Next Run: 2018-02-23 06:57:05
https://uslugi.mosreg.ru/zdrav/doctor_appointment/doctor/0901052/1329/2018-03-08?scenery=1
No time: Array
(
)

               total    1  0.085
                curl    1  0.085
          parseTimes    1  0.000

Something wrong with it: LOADING OK

Errors: Array
(
)
Status: LOADING OK, Next Run: 2018-02-23 06:57:10
https://uslugi.mosreg.ru/zdrav/doctor_appointment/doctor/0901052/1329/2018-03-08?scenery=1
No time: Array
(
)

               total    1  0.080
                curl    1  0.080
          parseTimes    1  0.000

Something wrong with it: LOADING OK

Errors: Array
(
)
Status: LOADING OK, Next Run: 2018-02-23 06:57:15
https://uslugi.mosreg.ru/zdrav/doctor_appointment/doctor/0901052/1329/2018-03-08?scenery=1
No time: Array
(
)

               total    1  0.619
                curl    1  0.619
          parseTimes    1  0.000

Something wrong with it: LOADING OK

Errors: Array
(
)
Status: LOADING OK, Next Run: 2018-02-23 06:57:19
https://uslugi.mosreg.ru/zdrav/doctor_appointment/doctor/0901052/1329/2018-03-08?scenery=1
No time: Array
(
)

               total    1  0.093
                curl    1  0.093
          parseTimes    1  0.000

Something wrong with it: LOADING OK

Errors: Array
(
)
Status: LOADING OK, Next Run: 2018-02-23 06:57:25
https://uslugi.mosreg.ru/zdrav/doctor_appointment/doctor/0901052/1329/2018-03-08?scenery=1
No time: Array
(
)

               total    1  0.082
                curl    1  0.082
          parseTimes    1  0.000

Something wrong with it: LOADING OK

Errors: Array
(
)
Status: LOADING OK, Next Run: 2018-02-23 06:57:30
https://uslugi.mosreg.ru/zdrav/doctor_appointment/doctor/0901052/1329/2018-03-08?scenery=1
No time: Array
(
)

               total    1  0.098
                curl    1  0.098
          parseTimes    1  0.000

Something wrong with it: LOADING OK

Errors: Array
(
)
Status: LOADING OK, Next Run: 2018-02-23 06:57:35
https://uslugi.mosreg.ru/zdrav/doctor_appointment/doctor/0901052/1329/2018-03-08?scenery=1
No time: Array
(
)

               total    1  0.101
                curl    1  0.101
          parseTimes    1  0.000

Something wrong with it: LOADING OK

Errors: Array
(
)
Status: LOADING OK, Next Run: 2018-02-23 06:57:40
https://uslugi.mosreg.ru/zdrav/doctor_appointment/doctor/0901052/1329/2018-03-08?scenery=1
No time: Array
(
)

               total    1  0.085
                curl    1  0.085
          parseTimes    1  0.000

Something wrong with it: LOADING OK

Errors: Array
(
)
Status: LOADING OK, Next Run: 2018-02-23 06:57:45
https://uslugi.mosreg.ru/zdrav/doctor_appointment/doctor/0901052/1329/2018-03-08?scenery=1
No time: Array
(
)

               total    1  0.080
                curl    1  0.079
          parseTimes    1  0.000

Something wrong with it: LOADING OK

Errors: Array
(
)
Status: LOADING OK, Next Run: 2018-02-23 06:57:50
https://uslugi.mosreg.ru/zdrav/doctor_appointment/doctor/0901052/1329/2018-03-08?scenery=1
No time: Array
(
)

               total    1  0.096
                curl    1  0.096
          parseTimes    1  0.000

Something wrong with it: LOADING OK

Errors: Array
(
)
Status: LOADING OK, Next Run: 2018-02-23 06:57:55
https://uslugi.mosreg.ru/zdrav/doctor_appointment/doctor/0901052/1329/2018-03-08?scenery=1
No time: Array
(
)

               total    1  0.088
                curl    1  0.088
          parseTimes    1  0.000

Something wrong with it: LOADING OK

Errors: Array
(
)
Status: LOADING OK, Next Run: 2018-02-23 06:58:00
https://uslugi.mosreg.ru/zdrav/doctor_appointment/doctor/0901052/1329/2018-03-08?scenery=1
No time: Array
(
)

               total    1  0.096
                curl    1  0.096
          parseTimes    1  0.000

Something wrong with it: LOADING OK

Errors: Array
(
)
Status: LOADING OK, Next Run: 2018-02-23 06:58:05
https://uslugi.mosreg.ru/zdrav/doctor_appointment/doctor/0901052/1329/2018-03-08?scenery=1
No time: Array
(
)

               total    1  0.092
                curl    1  0.092
          parseTimes    1  0.000

Something wrong with it: LOADING OK

Errors: Array
(
)
Status: LOADING OK, Next Run: 2018-02-23 06:58:10
https://uslugi.mosreg.ru/zdrav/doctor_appointment/doctor/0901052/1329/2018-03-08?scenery=1
No time: Array
(
)

               total    1  0.080
                curl    1  0.080
          parseTimes    1  0.000

Something wrong with it: LOADING OK

Errors: Array
(
)
Status: LOADING OK, Next Run: 2018-02-23 06:58:15
https://uslugi.mosreg.ru/zdrav/doctor_appointment/doctor/0901052/1329/2018-03-08?scenery=1
No time: Array
(
)

               total    1  0.104
                curl    1  0.104
          parseTimes    1  0.000

Something wrong with it: LOADING OK

Errors: Array
(
)
Status: LOADING OK, Next Run: 2018-02-23 06:58:20
https://uslugi.mosreg.ru/zdrav/doctor_appointment/doctor/0901052/1329/2018-03-08?scenery=1
No time: Array
(
)

               total    1  0.085
                curl    1  0.085
          parseTimes    1  0.000

Something wrong with it: LOADING OK

Errors: Array
(
)
Status: LOADING OK, Next Run: 2018-02-23 06:58:25
https://uslugi.mosreg.ru/zdrav/doctor_appointment/doctor/0901052/1329/2018-03-08?scenery=1
No time: Array
(
)

               total    1  0.085
                curl    1  0.084
          parseTimes    1  0.000

Something wrong with it: LOADING OK

Errors: Array
(
)
Status: LOADING OK, Next Run: 2018-02-23 06:58:30
https://uslugi.mosreg.ru/zdrav/doctor_appointment/doctor/0901052/1329/2018-03-08?scenery=1
No time: Array
(
)

               total    1  0.086
                curl    1  0.086
          parseTimes    1  0.000

Something wrong with it: LOADING OK

Errors: Array
(
)
Status: LOADING OK, Next Run: 2018-02-23 06:58:35
https://uslugi.mosreg.ru/zdrav/doctor_appointment/doctor/0901052/1329/2018-03-08?scenery=1
No time: Array
(
)

               total    1  0.165
                curl    1  0.165
          parseTimes    1  0.000

Something wrong with it: LOADING OK

Errors: Array
(
)
Status: LOADING OK, Next Run: 2018-02-23 06:58:40
https://uslugi.mosreg.ru/zdrav/doctor_appointment/doctor/0901052/1329/2018-03-08?scenery=1
No time: Array
(
)

               total    1  0.093
                curl    1  0.093
          parseTimes    1  0.000

Something wrong with it: LOADING OK

Errors: Array
(
)
Status: LOADING OK, Next Run: 2018-02-23 06:58:45
https://uslugi.mosreg.ru/zdrav/doctor_appointment/doctor/0901052/1329/2018-03-08?scenery=1
No time: Array
(
)

               total    1  0.101
                curl    1  0.101
          parseTimes    1  0.000

Something wrong with it: LOADING OK

Errors: Array
(
)
Status: LOADING OK, Next Run: 2018-02-23 06:58:50
https://uslugi.mosreg.ru/zdrav/doctor_appointment/doctor/0901052/1329/2018-03-08?scenery=1
No time: Array
(
)

               total    1  0.092
                curl    1  0.092
          parseTimes    1  0.000

Something wrong with it: LOADING OK

Errors: Array
(
)
Status: LOADING OK, Next Run: 2018-02-23 06:58:55
https://uslugi.mosreg.ru/zdrav/doctor_appointment/doctor/0901052/1329/2018-03-08?scenery=1
No time: Array
(
)

               total    1  0.088
                curl    1  0.088
          parseTimes    1  0.000

Something wrong with it: LOADING OK

Errors: Array
(
)
Status: LOADING OK, Next Run: 2018-02-23 06:59:00
https://uslugi.mosreg.ru/zdrav/doctor_appointment/doctor/0901052/1329/2018-03-08?scenery=1
No time: Array
(
)

               total    1  0.080
                curl    1  0.080
          parseTimes    1  0.000

Something wrong with it: LOADING OK

Errors: Array
(
)
Status: LOADING OK, Next Run: 2018-02-23 06:59:05
https://uslugi.mosreg.ru/zdrav/doctor_appointment/doctor/0901052/1329/2018-03-08?scenery=1
No time: Array
(
)

               total    1  0.082
                curl    1  0.082
          parseTimes    1  0.000

Something wrong with it: LOADING OK

Errors: Array
(
)
Status: LOADING OK, Next Run: 2018-02-23 06:59:10
https://uslugi.mosreg.ru/zdrav/doctor_appointment/doctor/0901052/1329/2018-03-08?scenery=1
No time: Array
(
)

               total    1  0.081
                curl    1  0.081
          parseTimes    1  0.000

Something wrong with it: LOADING OK

Errors: Array
(
)
Status: LOADING OK, Next Run: 2018-02-23 06:59:15
https://uslugi.mosreg.ru/zdrav/doctor_appointment/doctor/0901052/1329/2018-03-08?scenery=1
No time: Array
(
)

               total    1  0.083
                curl    1  0.083
          parseTimes    1  0.000

Something wrong with it: LOADING OK

Errors: Array
(
)
Status: LOADING OK, Next Run: 2018-02-23 06:59:20
https://uslugi.mosreg.ru/zdrav/doctor_appointment/doctor/0901052/1329/2018-03-08?scenery=1
No time: Array
(
)

               total    1  0.212
                curl    1  0.212
          parseTimes    1  0.000

Something wrong with it: LOADING OK

Errors: Array
(
)
Status: LOADING OK, Next Run: 2018-02-23 06:59:25
https://uslugi.mosreg.ru/zdrav/doctor_appointment/doctor/0901052/1329/2018-03-08?scenery=1
No time: Array
(
)

               total    1  1.230
                curl    1  1.230
          parseTimes    1  0.000

Something wrong with it: LOADING OK

Errors: Array
(
)
Status: LOADING OK, Next Run: 2018-02-23 06:59:30
https://uslugi.mosreg.ru/zdrav/doctor_appointment/doctor/0901052/1329/2018-03-08?scenery=1
No time: Array
(
)

               total    1  1.120
                curl    1  1.120
          parseTimes    1  0.000

Something wrong with it: LOADING OK

Errors: Array
(
)
Status: LOADING OK, Next Run: 2018-02-23 06:59:35
https://uslugi.mosreg.ru/zdrav/doctor_appointment/doctor/0901052/1329/2018-03-08?scenery=1
No time: Array
(
)

               total    1  0.099
                curl    1  0.098
          parseTimes    1  0.000

Something wrong with it: LOADING OK

Errors: Array
(
)
Status: LOADING OK, Next Run: 2018-02-23 06:59:40
https://uslugi.mosreg.ru/zdrav/doctor_appointment/doctor/0901052/1329/2018-03-08?scenery=1
No time: Array
(
)

               total    1  0.087
                curl    1  0.087
          parseTimes    1  0.000

Something wrong with it: LOADING OK

Errors: Array
(
)
Status: LOADING OK, Next Run: 2018-02-23 06:59:45
https://uslugi.mosreg.ru/zdrav/doctor_appointment/doctor/0901052/1329/2018-03-08?scenery=1
No time: Array
(
)

               total    1  0.076
                curl    1  0.076
          parseTimes    1  0.000

Something wrong with it: LOADING OK

Errors: Array
(
)
Status: LOADING OK, Next Run: 2018-02-23 06:59:50
https://uslugi.mosreg.ru/zdrav/doctor_appointment/doctor/0901052/1329/2018-03-08?scenery=1
No time: Array
(
)

               total    1  0.085
                curl    1  0.085
          parseTimes    1  0.000

Something wrong with it: LOADING OK

Errors: Array
(
)
Status: LOADING OK, Next Run: 2018-02-23 06:59:55
https://uslugi.mosreg.ru/zdrav/doctor_appointment/doctor/0901052/1329/2018-03-08?scenery=1
No time: Array
(
)

               total    1  0.087
                curl    1  0.087
          parseTimes    1  0.000

Something wrong with it: LOADING OK

Errors: Array
(
)
Status: LOADING OK, Next Run: 2018-02-23 07:00:00
https://uslugi.mosreg.ru/zdrav/doctor_appointment/doctor/0901052/1329/2018-03-08?scenery=1
No time: Array
(
)

               total    1  0.077
                curl    1  0.077
          parseTimes    1  0.000

Something wrong with it: LOADING OK

Errors: Array
(
)
Status: LOADING OK, Next Run: 2018-02-23 07:00:05
https://uslugi.mosreg.ru/zdrav/doctor_appointment/doctor/0901052/1329/2018-03-08?scenery=1
No time: Array
(
)

               total    1  0.077
                curl    1  0.077
          parseTimes    1  0.000

Something wrong with it: LOADING OK

Errors: Array
(
)
Status: LOADING OK, Next Run: 2018-02-23 07:00:10
https://uslugi.mosreg.ru/zdrav/doctor_appointment/doctor/0901052/1329/2018-03-08?scenery=1
No time: Array
(
)

               total    1  0.110
                curl    1  0.110
          parseTimes    1  0.000

Something wrong with it: LOADING OK

Errors: Array
(
)
Status: LOADING OK, Next Run: 2018-02-23 07:00:15
https://uslugi.mosreg.ru/zdrav/doctor_appointment/doctor/0901052/1329/2018-03-08?scenery=1
No time: Array
(
)

               total    1  0.090
                curl    1  0.090
          parseTimes    1  0.000

Something wrong with it: LOADING OK

Errors: Array
(
)
Status: LOADING OK, Next Run: 2018-02-23 07:00:20
https://uslugi.mosreg.ru/zdrav/doctor_appointment/doctor/0901052/1329/2018-03-08?scenery=1
No time: Array
(
)

               total    1  0.081
                curl    1  0.081
          parseTimes    1  0.000

Something wrong with it: LOADING OK

Errors: Array
(
)
Status: LOADING OK, Next Run: 2018-02-23 07:00:25
https://uslugi.mosreg.ru/zdrav/doctor_appointment/doctor/0901052/1329/2018-03-08?scenery=1
No time: Array
(
)

               total    1  0.085
                curl    1  0.085
          parseTimes    1  0.000

Something wrong with it: LOADING OK

Errors: Array
(
)
Status: LOADING OK, Next Run: 2018-02-23 07:00:30
https://uslugi.mosreg.ru/zdrav/doctor_appointment/doctor/0901052/1329/2018-03-08?scenery=1
No time: Array
(
)

               total    1  0.100
                curl    1  0.100
          parseTimes    1  0.000

Something wrong with it: LOADING OK

Errors: Array
(
)
Status: LOADING OK, Next Run: 2018-02-23 07:00:35
https://uslugi.mosreg.ru/zdrav/doctor_appointment/doctor/0901052/1329/2018-03-08?scenery=1
No time: Array
(
)

               total    1  0.084
                curl    1  0.084
          parseTimes    1  0.000

Something wrong with it: LOADING OK

Errors: Array
(
)
Status: LOADING OK, Next Run: 2018-02-23 07:00:40
https://uslugi.mosreg.ru/zdrav/doctor_appointment/doctor/0901052/1329/2018-03-08?scenery=1
No time: Array
(
)

               total    1  0.079
                curl    1  0.079
          parseTimes    1  0.000

Something wrong with it: LOADING OK

Errors: Array
(
)
Status: LOADING OK, Next Run: 2018-02-23 07:00:45
https://uslugi.mosreg.ru/zdrav/doctor_appointment/doctor/0901052/1329/2018-03-08?scenery=1
No time: Array
(
)

               total    1  0.088
                curl    1  0.088
          parseTimes    1  0.000

Something wrong with it: LOADING OK

Errors: Array
(
)
Status: LOADING OK, Next Run: 2018-02-23 07:00:50
https://uslugi.mosreg.ru/zdrav/doctor_appointment/doctor/0901052/1329/2018-03-08?scenery=1
No time: Array
(
)

               total    1  0.080
                curl    1  0.080
          parseTimes    1  0.000

Something wrong with it: LOADING OK

Errors: Array
(
)
Status: LOADING OK, Next Run: 2018-02-23 07:00:55
https://uslugi.mosreg.ru/zdrav/doctor_appointment/doctor/0901052/1329/2018-03-08?scenery=1
No time: Array
(
)

               total    1  0.084
                curl    1  0.084
          parseTimes    1  0.000

Something wrong with it: LOADING OK

Errors: Array
(
)
Status: LOADING OK, Next Run: 2018-02-23 07:01:00
https://uslugi.mosreg.ru/zdrav/doctor_appointment/doctor/0901052/1329/2018-03-08?scenery=1
No time: Array
(
)

               total    1  0.085
                curl    1  0.085
          parseTimes    1  0.000

Something wrong with it: LOADING OK

Errors: Array
(
)
Status: LOADING OK, Next Run: 2018-02-23 07:01:05
https://uslugi.mosreg.ru/zdrav/doctor_appointment/doctor/0901052/1329/2018-03-08?scenery=1
No time: Array
(
)

               total    1  0.076
                curl    1  0.076
          parseTimes    1  0.000

Something wrong with it: LOADING OK

Errors: Array
(
)
Status: LOADING OK, Next Run: 2018-02-23 07:01:10
https://uslugi.mosreg.ru/zdrav/doctor_appointment/doctor/0901052/1329/2018-03-08?scenery=1
No time: Array
(
)

               total    1  0.685
                curl    1  0.685
          parseTimes    1  0.000

Something wrong with it: LOADING OK

Errors: Array
(
)
Status: LOADING OK, Next Run: 2018-02-23 07:01:14
https://uslugi.mosreg.ru/zdrav/doctor_appointment/doctor/0901052/1329/2018-03-08?scenery=1
No time: Array
(
)

               total    1  0.081
                curl    1  0.080
          parseTimes    1  0.000

Something wrong with it: LOADING OK

Errors: Array
(
)
Status: LOADING OK, Next Run: 2018-02-23 07:01:20
https://uslugi.mosreg.ru/zdrav/doctor_appointment/doctor/0901052/1329/2018-03-08?scenery=1
No time: Array
(
)

               total    1  0.676
                curl    1  0.676
          parseTimes    1  0.000

Something wrong with it: LOADING OK

Errors: Array
(
)
Status: LOADING OK, Next Run: 2018-02-23 07:01:24
https://uslugi.mosreg.ru/zdrav/doctor_appointment/doctor/0901052/1329/2018-03-08?scenery=1
No time: Array
(
)

               total    1  0.084
                curl    1  0.084
          parseTimes    1  0.000

Something wrong with it: LOADING OK

Errors: Array
(
)
Status: LOADING OK, Next Run: 2018-02-23 07:01:30
https://uslugi.mosreg.ru/zdrav/doctor_appointment/doctor/0901052/1329/2018-03-08?scenery=1
No time: Array
(
)

               total    1  0.083
                curl    1  0.083
          parseTimes    1  0.000

Something wrong with it: LOADING OK

Errors: Array
(
)
Status: LOADING OK, Next Run: 2018-02-23 07:01:35
https://uslugi.mosreg.ru/zdrav/doctor_appointment/doctor/0901052/1329/2018-03-08?scenery=1
No time: Array
(
)

               total    1  0.084
                curl    1  0.083
          parseTimes    1  0.000

Something wrong with it: LOADING OK

Errors: Array
(
)
Status: LOADING OK, Next Run: 2018-02-23 07:01:40
https://uslugi.mosreg.ru/zdrav/doctor_appointment/doctor/0901052/1329/2018-03-08?scenery=1
No time: Array
(
)

               total    1  0.078
                curl    1  0.078
          parseTimes    1  0.000

Something wrong with it: LOADING OK

Errors: Array
(
)
Status: LOADING OK, Next Run: 2018-02-23 07:01:45
https://uslugi.mosreg.ru/zdrav/doctor_appointment/doctor/0901052/1329/2018-03-08?scenery=1
No time: Array
(
)

               total    1  0.085
                curl    1  0.084
          parseTimes    1  0.000

Something wrong with it: LOADING OK

Errors: Array
(
)
Status: LOADING OK, Next Run: 2018-02-23 07:01:50
https://uslugi.mosreg.ru/zdrav/doctor_appointment/doctor/0901052/1329/2018-03-08?scenery=1
No time: Array
(
)

               total    1  0.093
                curl    1  0.093
          parseTimes    1  0.000

Something wrong with it: LOADING OK

Errors: Array
(
)
Status: LOADING OK, Next Run: 2018-02-23 07:01:55
https://uslugi.mosreg.ru/zdrav/doctor_appointment/doctor/0901052/1329/2018-03-08?scenery=1
No time: Array
(
)

               total    1  0.087
                curl    1  0.086
          parseTimes    1  0.000

Something wrong with it: LOADING OK

Errors: Array
(
)
Status: LOADING OK, Next Run: 2018-02-23 07:02:00
https://uslugi.mosreg.ru/zdrav/doctor_appointment/doctor/0901052/1329/2018-03-08?scenery=1
No time: Array
(
)

               total    1  0.083
                curl    1  0.083
          parseTimes    1  0.000

Something wrong with it: LOADING OK

Errors: Array
(
)
Status: LOADING OK, Next Run: 2018-02-23 07:02:05
https://uslugi.mosreg.ru/zdrav/doctor_appointment/doctor/0901052/1329/2018-03-08?scenery=1
No time: Array
(
)

               total    1  0.080
                curl    1  0.080
          parseTimes    1  0.000

Something wrong with it: LOADING OK

Errors: Array
(
)
Status: LOADING OK, Next Run: 2018-02-23 07:02:10
https://uslugi.mosreg.ru/zdrav/doctor_appointment/doctor/0901052/1329/2018-03-08?scenery=1
No time: Array
(
)

               total    1  0.081
                curl    1  0.080
          parseTimes    1  0.000

Something wrong with it: LOADING OK

Errors: Array
(
)
Status: LOADING OK, Next Run: 2018-02-23 07:02:15
https://uslugi.mosreg.ru/zdrav/doctor_appointment/doctor/0901052/1329/2018-03-08?scenery=1
No time: Array
(
)

               total    1  0.076
                curl    1  0.076
          parseTimes    1  0.000

Something wrong with it: LOADING OK

Errors: Array
(
)
Status: LOADING OK, Next Run: 2018-02-23 07:02:20
https://uslugi.mosreg.ru/zdrav/doctor_appointment/doctor/0901052/1329/2018-03-08?scenery=1
No time: Array
(
)

               total    1  0.094
                curl    1  0.094
          parseTimes    1  0.000

Something wrong with it: LOADING OK

Errors: Array
(
)
Status: LOADING OK, Next Run: 2018-02-23 07:02:25
https://uslugi.mosreg.ru/zdrav/doctor_appointment/doctor/0901052/1329/2018-03-08?scenery=1
No time: Array
(
)

               total    1  0.086
                curl    1  0.086
          parseTimes    1  0.000

Something wrong with it: LOADING OK

Errors: Array
(
)
Status: LOADING OK, Next Run: 2018-02-23 07:02:30
https://uslugi.mosreg.ru/zdrav/doctor_appointment/doctor/0901052/1329/2018-03-08?scenery=1
No time: Array
(
)

               total    1  0.084
                curl    1  0.084
          parseTimes    1  0.000

Something wrong with it: LOADING OK

Errors: Array
(
)
Status: LOADING OK, Next Run: 2018-02-23 07:02:35
https://uslugi.mosreg.ru/zdrav/doctor_appointment/doctor/0901052/1329/2018-03-08?scenery=1
No time: Array
(
)

               total    1  0.085
                curl    1  0.085
          parseTimes    1  0.000

Something wrong with it: LOADING OK

Errors: Array
(
)
Status: LOADING OK, Next Run: 2018-02-23 07:02:40
https://uslugi.mosreg.ru/zdrav/doctor_appointment/doctor/0901052/1329/2018-03-08?scenery=1
No time: Array
(
)

               total    1  0.093
                curl    1  0.093
          parseTimes    1  0.000

Something wrong with it: LOADING OK

Errors: Array
(
)
Status: LOADING OK, Next Run: 2018-02-23 07:02:45
https://uslugi.mosreg.ru/zdrav/doctor_appointment/doctor/0901052/1329/2018-03-08?scenery=1
No time: Array
(
)

               total    1  0.322
                curl    1  0.322
          parseTimes    1  0.000

Something wrong with it: LOADING OK

Errors: Array
(
)
Status: LOADING OK, Next Run: 2018-02-23 07:02:50
https://uslugi.mosreg.ru/zdrav/doctor_appointment/doctor/0901052/1329/2018-03-08?scenery=1
No time: Array
(
)

               total    1  1.733
                curl    1  1.733
          parseTimes    1  0.000

Something wrong with it: LOADING OK

Errors: Array
(
)
Status: LOADING OK, Next Run: 2018-02-23 07:02:54
https://uslugi.mosreg.ru/zdrav/doctor_appointment/doctor/0901052/1329/2018-03-08?scenery=1
No time: Array
(
)

               total    1  0.454
                curl    1  0.454
          parseTimes    1  0.000

Something wrong with it: LOADING OK

Errors: Array
(
)
Status: LOADING OK, Next Run: 2018-02-23 07:03:00
https://uslugi.mosreg.ru/zdrav/doctor_appointment/doctor/0901052/1329/2018-03-08?scenery=1
No time: Array
(
)

               total    1  0.219
                curl    1  0.219
          parseTimes    1  0.000

Something wrong with it: LOADING OK

Errors: Array
(
)
Status: LOADING OK, Next Run: 2018-02-23 07:03:05
https://uslugi.mosreg.ru/zdrav/doctor_appointment/doctor/0901052/1329/2018-03-08?scenery=1
No time: Array
(
)

               total    1  0.082
                curl    1  0.082
          parseTimes    1  0.000

Something wrong with it: LOADING OK

Errors: Array
(
)
Status: LOADING OK, Next Run: 2018-02-23 07:03:10
https://uslugi.mosreg.ru/zdrav/doctor_appointment/doctor/0901052/1329/2018-03-08?scenery=1
No time: Array
(
)

               total    1  0.080
                curl    1  0.080
          parseTimes    1  0.000

Something wrong with it: LOADING OK

Errors: Array
(
)
Status: LOADING OK, Next Run: 2018-02-23 07:03:15
https://uslugi.mosreg.ru/zdrav/doctor_appointment/doctor/0901052/1329/2018-03-08?scenery=1
No time: Array
(
)

               total    1  0.079
                curl    1  0.079
          parseTimes    1  0.000

Something wrong with it: LOADING OK

Errors: Array
(
)
Status: LOADING OK, Next Run: 2018-02-23 07:03:20
https://uslugi.mosreg.ru/zdrav/doctor_appointment/doctor/0901052/1329/2018-03-08?scenery=1
No time: Array
(
)

               total    1  0.093
                curl    1  0.093
          parseTimes    1  0.000

Something wrong with it: LOADING OK

Errors: Array
(
)
Status: LOADING OK, Next Run: 2018-02-23 07:03:25
https://uslugi.mosreg.ru/zdrav/doctor_appointment/doctor/0901052/1329/2018-03-08?scenery=1
No time: Array
(
)

               total    1  0.093
                curl    1  0.093
          parseTimes    1  0.000

Something wrong with it: LOADING OK

Errors: Array
(
)
Status: LOADING OK, Next Run: 2018-02-23 07:03:30
https://uslugi.mosreg.ru/zdrav/doctor_appointment/doctor/0901052/1329/2018-03-08?scenery=1
No time: Array
(
)

               total    1  0.082
                curl    1  0.082
          parseTimes    1  0.000

Something wrong with it: LOADING OK

Errors: Array
(
)
Status: LOADING OK, Next Run: 2018-02-23 07:03:35
https://uslugi.mosreg.ru/zdrav/doctor_appointment/doctor/0901052/1329/2018-03-08?scenery=1
No time: Array
(
)

               total    1  0.081
                curl    1  0.081
          parseTimes    1  0.000

Something wrong with it: LOADING OK

Errors: Array
(
)
Status: LOADING OK, Next Run: 2018-02-23 07:03:40
https://uslugi.mosreg.ru/zdrav/doctor_appointment/doctor/0901052/1329/2018-03-08?scenery=1
No time: Array
(
)

               total    1  0.079
                curl    1  0.079
          parseTimes    1  0.000

Something wrong with it: LOADING OK

Errors: Array
(
)
Status: LOADING OK, Next Run: 2018-02-23 07:03:45
https://uslugi.mosreg.ru/zdrav/doctor_appointment/doctor/0901052/1329/2018-03-08?scenery=1
No time: Array
(
)

               total    1  0.093
                curl    1  0.093
          parseTimes    1  0.000

Something wrong with it: LOADING OK

Errors: Array
(
)
Status: LOADING OK, Next Run: 2018-02-23 07:03:50
https://uslugi.mosreg.ru/zdrav/doctor_appointment/doctor/0901052/1329/2018-03-08?scenery=1
No time: Array
(
)

               total    1  0.083
                curl    1  0.083
          parseTimes    1  0.000

Something wrong with it: LOADING OK

Errors: Array
(
)
Status: LOADING OK, Next Run: 2018-02-23 07:03:55
https://uslugi.mosreg.ru/zdrav/doctor_appointment/doctor/0901052/1329/2018-03-08?scenery=1
No time: Array
(
)

               total    1  0.077
                curl    1  0.077
          parseTimes    1  0.000

Something wrong with it: LOADING OK

Errors: Array
(
)
Status: LOADING OK, Next Run: 2018-02-23 07:04:00
https://uslugi.mosreg.ru/zdrav/doctor_appointment/doctor/0901052/1329/2018-03-08?scenery=1
No time: Array
(
)

               total    1  0.078
                curl    1  0.078
          parseTimes    1  0.000

Something wrong with it: LOADING OK

Errors: Array
(
)
Status: LOADING OK, Next Run: 2018-02-23 07:04:05
https://uslugi.mosreg.ru/zdrav/doctor_appointment/doctor/0901052/1329/2018-03-08?scenery=1
No time: Array
(
)

               total    1  0.083
                curl    1  0.083
          parseTimes    1  0.000

Something wrong with it: LOADING OK

Errors: Array
(
)
Status: LOADING OK, Next Run: 2018-02-23 07:04:10
https://uslugi.mosreg.ru/zdrav/doctor_appointment/doctor/0901052/1329/2018-03-08?scenery=1
No time: Array
(
)

               total    1  0.156
                curl    1  0.156
          parseTimes    1  0.000

Something wrong with it: LOADING OK

Errors: Array
(
)
Status: LOADING OK, Next Run: 2018-02-23 07:04:15
https://uslugi.mosreg.ru/zdrav/doctor_appointment/doctor/0901052/1329/2018-03-08?scenery=1
No time: Array
(
)

               total    1  0.087
                curl    1  0.087
          parseTimes    1  0.000

Something wrong with it: LOADING OK

Errors: Array
(
)
Status: LOADING OK, Next Run: 2018-02-23 07:04:20
https://uslugi.mosreg.ru/zdrav/doctor_appointment/doctor/0901052/1329/2018-03-08?scenery=1
No time: Array
(
)

               total    1  0.085
                curl    1  0.085
          parseTimes    1  0.000

Something wrong with it: LOADING OK

Errors: Array
(
)
Status: LOADING OK, Next Run: 2018-02-23 07:04:25
https://uslugi.mosreg.ru/zdrav/doctor_appointment/doctor/0901052/1329/2018-03-08?scenery=1
No time: Array
(
)

               total    1  0.100
                curl    1  0.099
          parseTimes    1  0.000

Something wrong with it: LOADING OK

Errors: Array
(
)
Status: LOADING OK, Next Run: 2018-02-23 07:04:30
https://uslugi.mosreg.ru/zdrav/doctor_appointment/doctor/0901052/1329/2018-03-08?scenery=1
No time: Array
(
)

               total    1  0.075
                curl    1  0.075
          parseTimes    1  0.000

Something wrong with it: LOADING OK

Errors: Array
(
)
Status: LOADING OK, Next Run: 2018-02-23 07:04:35
https://uslugi.mosreg.ru/zdrav/doctor_appointment/doctor/0901052/1329/2018-03-08?scenery=1
No time: Array
(
)

               total    1  0.092
                curl    1  0.091
          parseTimes    1  0.000

Something wrong with it: LOADING OK

Errors: Array
(
)
Status: LOADING OK, Next Run: 2018-02-23 07:04:40
https://uslugi.mosreg.ru/zdrav/doctor_appointment/doctor/0901052/1329/2018-03-08?scenery=1
No time: Array
(
)

               total    1  0.088
                curl    1  0.087
          parseTimes    1  0.000

Something wrong with it: LOADING OK

Errors: Array
(
)
Status: LOADING OK, Next Run: 2018-02-23 07:04:45
https://uslugi.mosreg.ru/zdrav/doctor_appointment/doctor/0901052/1329/2018-03-08?scenery=1
No time: Array
(
)

               total    1  0.098
                curl    1  0.098
          parseTimes    1  0.000

Something wrong with it: LOADING OK

Errors: Array
(
)
Status: LOADING OK, Next Run: 2018-02-23 07:04:50
https://uslugi.mosreg.ru/zdrav/doctor_appointment/doctor/0901052/1329/2018-03-08?scenery=1
No time: Array
(
)

               total    1  0.100
                curl    1  0.100
          parseTimes    1  0.000

Something wrong with it: LOADING OK

Errors: Array
(
)
Status: LOADING OK, Next Run: 2018-02-23 07:04:55
https://uslugi.mosreg.ru/zdrav/doctor_appointment/doctor/0901052/1329/2018-03-08?scenery=1
No time: Array
(
)

               total    1  0.092
                curl    1  0.092
          parseTimes    1  0.000

Something wrong with it: LOADING OK

Errors: Array
(
)
Status: LOADING OK, Next Run: 2018-02-23 07:05:00
https://uslugi.mosreg.ru/zdrav/doctor_appointment/doctor/0901052/1329/2018-03-08?scenery=1
No time: Array
(
)

               total    1  0.090
                curl    1  0.090
          parseTimes    1  0.000

Something wrong with it: LOADING OK

Errors: Array
(
)
Status: LOADING OK, Next Run: 2018-02-23 07:05:05
https://uslugi.mosreg.ru/zdrav/doctor_appointment/doctor/0901052/1329/2018-03-08?scenery=1
No time: Array
(
)

               total    1  0.122
                curl    1  0.122
          parseTimes    1  0.000

Something wrong with it: LOADING OK

Errors: Array
(
)
Time is over: 2018-02-23 07:05:00
