2018-02-21 23:44:53 wait until 2018-02-22 06:55:00 sec: 25807, 1519271700, 1519245893  sleep: 7.1686111111111
https://uslugi.mosreg.ru/zdrav/doctor_appointment/doctor/0901052/1395/2018-03-07?scenery=1
No time: Array
(
)

               total    1  0.542
                curl    1  0.542
          parseTimes    1  0.000

Something wrong with it: LOADING OK

Errors: Array
(
)
Status: LOADING OK, Next Run: 2018-02-22 06:55:14
https://uslugi.mosreg.ru/zdrav/doctor_appointment/doctor/0901052/1395/2018-03-07?scenery=1
No time: Array
(
)

               total    1  0.079
                curl    1  0.079
          parseTimes    1  0.000

Something wrong with it: LOADING OK

Errors: Array
(
)
Status: LOADING OK, Next Run: 2018-02-22 06:55:30
https://uslugi.mosreg.ru/zdrav/doctor_appointment/doctor/0901052/1395/2018-03-07?scenery=1
No time: Array
(
)

               total    1  0.080
                curl    1  0.080
          parseTimes    1  0.000

Something wrong with it: LOADING OK

Errors: Array
(
)
Status: LOADING OK, Next Run: 2018-02-22 06:55:45
https://uslugi.mosreg.ru/zdrav/doctor_appointment/doctor/0901052/1395/2018-03-07?scenery=1
No time: Array
(
)

               total    1  0.090
                curl    1  0.090
          parseTimes    1  0.000

Something wrong with it: LOADING OK

Errors: Array
(
)
Status: LOADING OK, Next Run: 2018-02-22 06:56:00
https://uslugi.mosreg.ru/zdrav/doctor_appointment/doctor/0901052/1395/2018-03-07?scenery=1
No time: Array
(
)

               total    1  0.079
                curl    1  0.079
          parseTimes    1  0.000

Something wrong with it: LOADING OK

Errors: Array
(
)
Status: LOADING OK, Next Run: 2018-02-22 06:56:15
https://uslugi.mosreg.ru/zdrav/doctor_appointment/doctor/0901052/1395/2018-03-07?scenery=1
No time: Array
(
)

               total    1  0.076
                curl    1  0.076
          parseTimes    1  0.000

Something wrong with it: LOADING OK

Errors: Array
(
)
Status: LOADING OK, Next Run: 2018-02-22 06:56:30
https://uslugi.mosreg.ru/zdrav/doctor_appointment/doctor/0901052/1395/2018-03-07?scenery=1
No time: Array
(
)

               total    1  0.220
                curl    1  0.220
          parseTimes    1  0.000

Something wrong with it: LOADING OK

Errors: Array
(
)
Status: LOADING OK, Next Run: 2018-02-22 06:56:45
https://uslugi.mosreg.ru/zdrav/doctor_appointment/doctor/0901052/1395/2018-03-07?scenery=1
No time: Array
(
)

               total    1  0.087
                curl    1  0.086
          parseTimes    1  0.000

Something wrong with it: LOADING OK

Errors: Array
(
)
Status: LOADING OK, Next Run: 2018-02-22 06:57:00
https://uslugi.mosreg.ru/zdrav/doctor_appointment/doctor/0901052/1395/2018-03-07?scenery=1
No time: Array
(
)

               total    1  0.081
                curl    1  0.081
          parseTimes    1  0.000

Something wrong with it: LOADING OK

Errors: Array
(
)
Status: LOADING OK, Next Run: 2018-02-22 06:57:15
https://uslugi.mosreg.ru/zdrav/doctor_appointment/doctor/0901052/1395/2018-03-07?scenery=1
No time: Array
(
)

               total    1  0.081
                curl    1  0.081
          parseTimes    1  0.000

Something wrong with it: LOADING OK

Errors: Array
(
)
Status: LOADING OK, Next Run: 2018-02-22 06:57:30
https://uslugi.mosreg.ru/zdrav/doctor_appointment/doctor/0901052/1395/2018-03-07?scenery=1
No time: Array
(
)

               total    1  0.077
                curl    1  0.077
          parseTimes    1  0.000

Something wrong with it: LOADING OK

Errors: Array
(
)
Status: LOADING OK, Next Run: 2018-02-22 06:57:45
https://uslugi.mosreg.ru/zdrav/doctor_appointment/doctor/0901052/1395/2018-03-07?scenery=1
No time: Array
(
)

               total    1  0.078
                curl    1  0.078
          parseTimes    1  0.000

Something wrong with it: LOADING OK

Errors: Array
(
)
Status: LOADING OK, Next Run: 2018-02-22 06:58:00
https://uslugi.mosreg.ru/zdrav/doctor_appointment/doctor/0901052/1395/2018-03-07?scenery=1
No time: Array
(
)

               total    1  0.083
                curl    1  0.083
          parseTimes    1  0.000

Something wrong with it: LOADING OK

Errors: Array
(
)
Status: LOADING OK, Next Run: 2018-02-22 06:58:15
https://uslugi.mosreg.ru/zdrav/doctor_appointment/doctor/0901052/1395/2018-03-07?scenery=1
No time: Array
(
)

               total    1  0.084
                curl    1  0.084
          parseTimes    1  0.000

Something wrong with it: LOADING OK

Errors: Array
(
)
Status: LOADING OK, Next Run: 2018-02-22 06:58:30
https://uslugi.mosreg.ru/zdrav/doctor_appointment/doctor/0901052/1395/2018-03-07?scenery=1
No time: Array
(
)

               total    1  0.075
                curl    1  0.074
          parseTimes    1  0.000

Something wrong with it: LOADING OK

Errors: Array
(
)
Status: LOADING OK, Next Run: 2018-02-22 06:58:45
https://uslugi.mosreg.ru/zdrav/doctor_appointment/doctor/0901052/1395/2018-03-07?scenery=1
No time: Array
(
)

               total    1  0.078
                curl    1  0.078
          parseTimes    1  0.000

Something wrong with it: LOADING OK

Errors: Array
(
)
Status: LOADING OK, Next Run: 2018-02-22 06:59:00
https://uslugi.mosreg.ru/zdrav/doctor_appointment/doctor/0901052/1395/2018-03-07?scenery=1
No time: Array
(
)

               total    1  0.528
                curl    1  0.528
          parseTimes    1  0.000

Something wrong with it: LOADING OK

Errors: Array
(
)
Status: LOADING OK, Next Run: 2018-02-22 06:59:14
https://uslugi.mosreg.ru/zdrav/doctor_appointment/doctor/0901052/1395/2018-03-07?scenery=1
No time: Array
(
)

               total    1  0.076
                curl    1  0.076
          parseTimes    1  0.000

Something wrong with it: LOADING OK

Errors: Array
(
)
Status: LOADING OK, Next Run: 2018-02-22 06:59:30
https://uslugi.mosreg.ru/zdrav/doctor_appointment/doctor/0901052/1395/2018-03-07?scenery=1
No time: Array
(
)

               total    1  4.094
                curl    1  4.094
          parseTimes    1  0.000

Something wrong with it: LOADING OK

Errors: Array
(
)
Status: LOADING OK, Next Run: 2018-02-22 06:59:45
https://uslugi.mosreg.ru/zdrav/doctor_appointment/doctor/0901052/1395/2018-03-07?scenery=1
No time: Array
(
)

               total    1  0.105
                curl    1  0.105
          parseTimes    1  0.000

Something wrong with it: LOADING OK

Errors: Array
(
)
Status: LOADING OK, Next Run: 2018-02-22 07:00:00
https://uslugi.mosreg.ru/zdrav/doctor_appointment/doctor/0901052/1395/2018-03-07?scenery=1
No time: Array
(
)

               total    1  0.081
                curl    1  0.081
          parseTimes    1  0.000

Something wrong with it: LOADING OK

Errors: Array
(
)
Status: LOADING OK, Next Run: 2018-02-22 07:00:15
https://uslugi.mosreg.ru/zdrav/doctor_appointment/doctor/0901052/1395/2018-03-07?scenery=1
No time: Array
(
)

               total    1  0.088
                curl    1  0.087
          parseTimes    1  0.000

Something wrong with it: LOADING OK

Errors: Array
(
)
Status: LOADING OK, Next Run: 2018-02-22 07:00:30
https://uslugi.mosreg.ru/zdrav/doctor_appointment/doctor/0901052/1395/2018-03-07?scenery=1
No time: Array
(
)

               total    1  6.035
                curl    1  6.035
          parseTimes    1  0.000

Something wrong with it: LOADING OK

Errors: Array
(
)
Status: LOADING OK, Next Run: 2018-02-22 07:00:45
https://uslugi.mosreg.ru/zdrav/doctor_appointment/doctor/0901052/1395/2018-03-07?scenery=1
No time: Array
(
)

               total    1  0.074
                curl    1  0.074
          parseTimes    1  0.000

Something wrong with it: LOADING OK

Errors: Array
(
)
Status: LOADING OK, Next Run: 2018-02-22 07:01:00
https://uslugi.mosreg.ru/zdrav/doctor_appointment/doctor/0901052/1395/2018-03-07?scenery=1
No time: Array
(
)

               total    1  6.399
                curl    1  6.399
          parseTimes    1  0.000

Something wrong with it: LOADING OK

Errors: Array
(
)
Status: LOADING OK, Next Run: 2018-02-22 07:01:15
https://uslugi.mosreg.ru/zdrav/doctor_appointment/doctor/0901052/1395/2018-03-07?scenery=1
No time: Array
(
)

               total    1  0.082
                curl    1  0.082
          parseTimes    1  0.000

Something wrong with it: LOADING OK

Errors: Array
(
)
Status: LOADING OK, Next Run: 2018-02-22 07:01:30
https://uslugi.mosreg.ru/zdrav/doctor_appointment/doctor/0901052/1395/2018-03-07?scenery=1
No time: Array
(
)

               total    1  2.187
                curl    1  2.186
          parseTimes    1  0.000

Something wrong with it: LOADING OK

Errors: Array
(
)
Status: LOADING OK, Next Run: 2018-02-22 07:01:45
https://uslugi.mosreg.ru/zdrav/doctor_appointment/doctor/0901052/1395/2018-03-07?scenery=1
No time: Array
(
)

               total    1  0.091
                curl    1  0.090
          parseTimes    1  0.000

Something wrong with it: LOADING OK

Errors: Array
(
)
Status: LOADING OK, Next Run: 2018-02-22 07:02:00
https://uslugi.mosreg.ru/zdrav/doctor_appointment/doctor/0901052/1395/2018-03-07?scenery=1
No time: Array
(
)

               total    1  2.218
                curl    1  2.218
          parseTimes    1  0.000

Something wrong with it: LOADING OK

Errors: Array
(
)
Status: LOADING OK, Next Run: 2018-02-22 07:02:15
https://uslugi.mosreg.ru/zdrav/doctor_appointment/doctor/0901052/1395/2018-03-07?scenery=1
No time: Array
(
)

               total    1  0.084
                curl    1  0.084
          parseTimes    1  0.000

Something wrong with it: LOADING OK

Errors: Array
(
)
Status: LOADING OK, Next Run: 2018-02-22 07:02:30
https://uslugi.mosreg.ru/zdrav/doctor_appointment/doctor/0901052/1395/2018-03-07?scenery=1
No time: Array
(
)

               total    1  3.779
                curl    1  3.779
          parseTimes    1  0.000

Something wrong with it: LOADING OK

Errors: Array
(
)
Status: LOADING OK, Next Run: 2018-02-22 07:02:45
https://uslugi.mosreg.ru/zdrav/doctor_appointment/doctor/0901052/1395/2018-03-07?scenery=1
No time: Array
(
)

               total    1  0.079
                curl    1  0.079
          parseTimes    1  0.000

Something wrong with it: LOADING OK

Errors: Array
(
)
Status: LOADING OK, Next Run: 2018-02-22 07:03:00
https://uslugi.mosreg.ru/zdrav/doctor_appointment/doctor/0901052/1395/2018-03-07?scenery=1
No time: Array
(
)

               total    1  4.473
                curl    1  4.473
          parseTimes    1  0.000

Something wrong with it: LOADING OK

Errors: Array
(
)
Status: LOADING OK, Next Run: 2018-02-22 07:03:15
https://uslugi.mosreg.ru/zdrav/doctor_appointment/doctor/0901052/1395/2018-03-07?scenery=1
No time: Array
(
)

               total    1  1.569
                curl    1  1.569
          parseTimes    1  0.000

Something wrong with it: LOADING OK

Errors: Array
(
)
Status: LOADING OK, Next Run: 2018-02-22 07:03:29
https://uslugi.mosreg.ru/zdrav/doctor_appointment/doctor/0901052/1395/2018-03-07?scenery=1
No time: Array
(
)

               total    1  7.277
                curl    1  7.277
          parseTimes    1  0.000

Something wrong with it: LOADING OK

Errors: Array
(
)
Status: LOADING OK, Next Run: 2018-02-22 07:03:45
https://uslugi.mosreg.ru/zdrav/doctor_appointment/doctor/0901052/1395/2018-03-07?scenery=1
No time: Array
(
)

               total    1  3.104
                curl    1  3.104
          parseTimes    1  0.000

Something wrong with it: LOADING OK

Errors: Array
(
)
Status: LOADING OK, Next Run: 2018-02-22 07:04:00
https://uslugi.mosreg.ru/zdrav/doctor_appointment/doctor/0901052/1395/2018-03-07?scenery=1
No time: Array
(
)

               total    1  2.828
                curl    1  2.828
          parseTimes    1  0.000

Something wrong with it: LOADING OK

Errors: Array
(
)
Status: LOADING OK, Next Run: 2018-02-22 07:04:15
https://uslugi.mosreg.ru/zdrav/doctor_appointment/doctor/0901052/1395/2018-03-07?scenery=1
No time: Array
(
)

               total    1  0.082
                curl    1  0.082
          parseTimes    1  0.000

Something wrong with it: LOADING OK

Errors: Array
(
)
Status: LOADING OK, Next Run: 2018-02-22 07:04:30
https://uslugi.mosreg.ru/zdrav/doctor_appointment/doctor/0901052/1395/2018-03-07?scenery=1
No time: Array
(
)

               total    1  4.641
                curl    1  4.641
          parseTimes    1  0.000

Something wrong with it: LOADING OK

Errors: Array
(
)
Status: LOADING OK, Next Run: 2018-02-22 07:04:44
https://uslugi.mosreg.ru/zdrav/doctor_appointment/doctor/0901052/1395/2018-03-07?scenery=1
No time: Array
(
)

               total    1  0.078
                curl    1  0.078
          parseTimes    1  0.000

Something wrong with it: LOADING OK

Errors: Array
(
)
Status: LOADING OK, Next Run: 2018-02-22 07:05:00
https://uslugi.mosreg.ru/zdrav/doctor_appointment/doctor/0901052/1395/2018-03-07?scenery=1
No time: Array
(
)

               total    1  1.890
                curl    1  1.890
          parseTimes    1  0.000

Something wrong with it: LOADING OK

Errors: Array
(
)
Time is over: 2018-02-22 07:05:00
