2018-02-21 23:43:35 wait until 2018-02-22 06:55:00 sec: 25885, 1519271700, 1519245815  sleep: 7.1902777777778
https://uslugi.mosreg.ru/zdrav/doctor_appointment/doctor/0901052/3721/2018-03-07?scenery=1
No time: Array
(
)

               total    1  0.504
                curl    1  0.504
          parseTimes    1  0.000

Something wrong with it: LOADING OK

Errors: Array
(
)
Status: LOADING OK, Next Run: 2018-02-22 06:55:15
https://uslugi.mosreg.ru/zdrav/doctor_appointment/doctor/0901052/3721/2018-03-07?scenery=1
No time: Array
(
)

               total    1  0.089
                curl    1  0.089
          parseTimes    1  0.000

Something wrong with it: LOADING OK

Errors: Array
(
)
Status: LOADING OK, Next Run: 2018-02-22 06:55:30
https://uslugi.mosreg.ru/zdrav/doctor_appointment/doctor/0901052/3721/2018-03-07?scenery=1
No time: Array
(
)

               total    1  0.081
                curl    1  0.080
          parseTimes    1  0.000

Something wrong with it: LOADING OK

Errors: Array
(
)
Status: LOADING OK, Next Run: 2018-02-22 06:55:45
https://uslugi.mosreg.ru/zdrav/doctor_appointment/doctor/0901052/3721/2018-03-07?scenery=1
No time: Array
(
)

               total    1  0.080
                curl    1  0.080
          parseTimes    1  0.000

Something wrong with it: LOADING OK

Errors: Array
(
)
Status: LOADING OK, Next Run: 2018-02-22 06:56:00
https://uslugi.mosreg.ru/zdrav/doctor_appointment/doctor/0901052/3721/2018-03-07?scenery=1
No time: Array
(
)

               total    1  0.079
                curl    1  0.079
          parseTimes    1  0.000

Something wrong with it: LOADING OK

Errors: Array
(
)
Status: LOADING OK, Next Run: 2018-02-22 06:56:15
https://uslugi.mosreg.ru/zdrav/doctor_appointment/doctor/0901052/3721/2018-03-07?scenery=1
No time: Array
(
)

               total    1  0.083
                curl    1  0.082
          parseTimes    1  0.000

Something wrong with it: LOADING OK

Errors: Array
(
)
Status: LOADING OK, Next Run: 2018-02-22 06:56:30
https://uslugi.mosreg.ru/zdrav/doctor_appointment/doctor/0901052/3721/2018-03-07?scenery=1
No time: Array
(
)

               total    1  0.165
                curl    1  0.164
          parseTimes    1  0.000

Something wrong with it: LOADING OK

Errors: Array
(
)
Status: LOADING OK, Next Run: 2018-02-22 06:56:46
https://uslugi.mosreg.ru/zdrav/doctor_appointment/doctor/0901052/3721/2018-03-07?scenery=1
No time: Array
(
)

               total    1  0.085
                curl    1  0.085
          parseTimes    1  0.000

Something wrong with it: LOADING OK

Errors: Array
(
)
Status: LOADING OK, Next Run: 2018-02-22 06:57:00
https://uslugi.mosreg.ru/zdrav/doctor_appointment/doctor/0901052/3721/2018-03-07?scenery=1
No time: Array
(
)

               total    1  0.081
                curl    1  0.081
          parseTimes    1  0.000

Something wrong with it: LOADING OK

Errors: Array
(
)
Status: LOADING OK, Next Run: 2018-02-22 06:57:15
https://uslugi.mosreg.ru/zdrav/doctor_appointment/doctor/0901052/3721/2018-03-07?scenery=1
No time: Array
(
)

               total    1  0.082
                curl    1  0.082
          parseTimes    1  0.000

Something wrong with it: LOADING OK

Errors: Array
(
)
Status: LOADING OK, Next Run: 2018-02-22 06:57:30
https://uslugi.mosreg.ru/zdrav/doctor_appointment/doctor/0901052/3721/2018-03-07?scenery=1
No time: Array
(
)

               total    1  0.079
                curl    1  0.079
          parseTimes    1  0.000

Something wrong with it: LOADING OK

Errors: Array
(
)
Status: LOADING OK, Next Run: 2018-02-22 06:57:45
https://uslugi.mosreg.ru/zdrav/doctor_appointment/doctor/0901052/3721/2018-03-07?scenery=1
No time: Array
(
)

               total    1  0.083
                curl    1  0.083
          parseTimes    1  0.000

Something wrong with it: LOADING OK

Errors: Array
(
)
Status: LOADING OK, Next Run: 2018-02-22 06:58:00
https://uslugi.mosreg.ru/zdrav/doctor_appointment/doctor/0901052/3721/2018-03-07?scenery=1
No time: Array
(
)

               total    1  0.084
                curl    1  0.084
          parseTimes    1  0.000

Something wrong with it: LOADING OK

Errors: Array
(
)
Status: LOADING OK, Next Run: 2018-02-22 06:58:15
https://uslugi.mosreg.ru/zdrav/doctor_appointment/doctor/0901052/3721/2018-03-07?scenery=1
No time: Array
(
)

               total    1  0.082
                curl    1  0.082
          parseTimes    1  0.000

Something wrong with it: LOADING OK

Errors: Array
(
)
Status: LOADING OK, Next Run: 2018-02-22 06:58:30
https://uslugi.mosreg.ru/zdrav/doctor_appointment/doctor/0901052/3721/2018-03-07?scenery=1
No time: Array
(
)

               total    1  0.082
                curl    1  0.082
          parseTimes    1  0.000

Something wrong with it: LOADING OK

Errors: Array
(
)
Status: LOADING OK, Next Run: 2018-02-22 06:58:45
https://uslugi.mosreg.ru/zdrav/doctor_appointment/doctor/0901052/3721/2018-03-07?scenery=1
No time: Array
(
)

               total    1  0.085
                curl    1  0.085
          parseTimes    1  0.000

Something wrong with it: LOADING OK

Errors: Array
(
)
Status: LOADING OK, Next Run: 2018-02-22 06:59:00
https://uslugi.mosreg.ru/zdrav/doctor_appointment/doctor/0901052/3721/2018-03-07?scenery=1
No time: Array
(
)

               total    1  0.522
                curl    1  0.522
          parseTimes    1  0.000

Something wrong with it: LOADING OK

Errors: Array
(
)
Status: LOADING OK, Next Run: 2018-02-22 06:59:15
https://uslugi.mosreg.ru/zdrav/doctor_appointment/doctor/0901052/3721/2018-03-07?scenery=1
No time: Array
(
)

               total    1  0.081
                curl    1  0.081
          parseTimes    1  0.000

Something wrong with it: LOADING OK

Errors: Array
(
)
Status: LOADING OK, Next Run: 2018-02-22 06:59:30
https://uslugi.mosreg.ru/zdrav/doctor_appointment/doctor/0901052/3721/2018-03-07?scenery=1
No time: Array
(
)

               total    1  3.804
                curl    1  3.804
          parseTimes    1  0.000

Something wrong with it: LOADING OK

Errors: Array
(
)
Status: LOADING OK, Next Run: 2018-02-22 06:59:45
https://uslugi.mosreg.ru/zdrav/doctor_appointment/doctor/0901052/3721/2018-03-07?scenery=1
No time: Array
(
)

               total    1  0.076
                curl    1  0.076
          parseTimes    1  0.000

Something wrong with it: LOADING OK

Errors: Array
(
)
Status: LOADING OK, Next Run: 2018-02-22 07:00:00
https://uslugi.mosreg.ru/zdrav/doctor_appointment/doctor/0901052/3721/2018-03-07?scenery=1
No time: Array
(
)

               total    1  0.163
                curl    1  0.163
          parseTimes    1  0.000

Something wrong with it: LOADING OK

Errors: Array
(
)
Status: LOADING OK, Next Run: 2018-02-22 07:00:16
https://uslugi.mosreg.ru/zdrav/doctor_appointment/doctor/0901052/3721/2018-03-07?scenery=1
Have found free time: 4492320 in ranges:Array
(
    [0] => Array
        (
        )

    [1] => Array
        (
        )

    [2] => Array
        (
            [4492320] => 18:45
        )

    [3] => Array
        (
        )

    [4] => Array
        (
            [4492301] => 14:00
        )

    [5] => Array
        (
            [4492306] => 15:15
            [4492307] => 15:30
            [4492308] => 15:45
            [4492309] => 16:00
            [4492310] => 16:15
            [4492311] => 16:30
            [4492312] => 16:45
            [4492313] => 17:00
        )

    [6] => Array
        (
            [4492302] => 14:15
            [4492303] => 14:30
            [4492314] => 17:15
            [4492315] => 17:30
            [4492318] => 18:15
        )

)

https://uslugi.mosreg.ru/zdrav/doctor_appointment/submit
https://uslugi.mosreg.ru/zdrav/doctor_appointment/create_visit
               total    1  3.886
                curl    3  3.886
          parseTimes    1  0.000
          parseLogin    1  0.000
    parseCreateVisit    1  0.000

Something wrong with it: UNKNOWN

Errors: Array
(
)
Status: UNKNOWN, Next Run: 2018-02-22 07:00:30
https://uslugi.mosreg.ru/zdrav/doctor_appointment/doctor/0901052/3721/2018-03-07?scenery=1
Have found free time: 4492320 in ranges:Array
(
    [0] => Array
        (
        )

    [1] => Array
        (
        )

    [2] => Array
        (
            [4492320] => 18:45
        )

    [3] => Array
        (
        )

    [4] => Array
        (
            [4492301] => 14:00
        )

    [5] => Array
        (
            [4492307] => 15:30
            [4492308] => 15:45
            [4492309] => 16:00
            [4492310] => 16:15
            [4492312] => 16:45
            [4492313] => 17:00
        )

    [6] => Array
        (
            [4492302] => 14:15
            [4492303] => 14:30
            [4492314] => 17:15
            [4492315] => 17:30
            [4492318] => 18:15
        )

)

https://uslugi.mosreg.ru/zdrav/doctor_appointment/create_visit
               total    1  5.912
                curl    2  5.911
          parseTimes    1  0.000
    parseCreateVisit    1  0.000

Something wrong with it: UNKNOWN

Errors: Array
(
)
Status: UNKNOWN, Next Run: 2018-02-22 07:00:45
https://uslugi.mosreg.ru/zdrav/doctor_appointment/doctor/0901052/3721/2018-03-07?scenery=1
Have found free time: 4492320 in ranges:Array
(
    [0] => Array
        (
        )

    [1] => Array
        (
        )

    [2] => Array
        (
            [4492320] => 18:45
        )

    [3] => Array
        (
        )

    [4] => Array
        (
            [4492301] => 14:00
        )

    [5] => Array
        (
            [4492308] => 15:45
            [4492309] => 16:00
            [4492310] => 16:15
            [4492312] => 16:45
            [4492313] => 17:00
        )

    [6] => Array
        (
            [4492302] => 14:15
            [4492303] => 14:30
            [4492314] => 17:15
            [4492318] => 18:15
        )

)

https://uslugi.mosreg.ru/zdrav/doctor_appointment/create_visit
               total    1  0.593
                curl    2  0.593
          parseTimes    1  0.000
    parseCreateVisit    1  0.000

Something wrong with it: UNKNOWN

Errors: Array
(
)
Status: UNKNOWN, Next Run: 2018-02-22 07:01:00
https://uslugi.mosreg.ru/zdrav/doctor_appointment/doctor/0901052/3721/2018-03-07?scenery=1
Have found free time: 4492320 in ranges:Array
(
    [0] => Array
        (
        )

    [1] => Array
        (
        )

    [2] => Array
        (
            [4492320] => 18:45
        )

    [3] => Array
        (
        )

    [4] => Array
        (
            [4492301] => 14:00
        )

    [5] => Array
        (
            [4492308] => 15:45
            [4492309] => 16:00
            [4492310] => 16:15
            [4492312] => 16:45
        )

    [6] => Array
        (
            [4492302] => 14:15
            [4492303] => 14:30
            [4492314] => 17:15
            [4492318] => 18:15
        )

)

https://uslugi.mosreg.ru/zdrav/doctor_appointment/create_visit
               total    1  6.003
                curl    2  6.003
          parseTimes    1  0.000
    parseCreateVisit    1  0.000

Something wrong with it: UNKNOWN

Errors: Array
(
)
Status: UNKNOWN, Next Run: 2018-02-22 07:01:15
https://uslugi.mosreg.ru/zdrav/doctor_appointment/doctor/0901052/3721/2018-03-07?scenery=1
Have found free time: 4492320 in ranges:Array
(
    [0] => Array
        (
        )

    [1] => Array
        (
        )

    [2] => Array
        (
            [4492320] => 18:45
        )

    [3] => Array
        (
        )

    [4] => Array
        (
            [4492301] => 14:00
        )

    [5] => Array
        (
            [4492308] => 15:45
            [4492309] => 16:00
            [4492310] => 16:15
        )

    [6] => Array
        (
            [4492302] => 14:15
            [4492303] => 14:30
            [4492314] => 17:15
            [4492318] => 18:15
        )

)

https://uslugi.mosreg.ru/zdrav/doctor_appointment/create_visit
               total    1  0.578
                curl    2  0.578
          parseTimes    1  0.000
    parseCreateVisit    1  0.000

Something wrong with it: UNKNOWN

Errors: Array
(
)
Status: UNKNOWN, Next Run: 2018-02-22 07:01:30
https://uslugi.mosreg.ru/zdrav/doctor_appointment/doctor/0901052/3721/2018-03-07?scenery=1
Have found free time: 4492320 in ranges:Array
(
    [0] => Array
        (
        )

    [1] => Array
        (
        )

    [2] => Array
        (
            [4492320] => 18:45
        )

    [3] => Array
        (
        )

    [4] => Array
        (
            [4492301] => 14:00
        )

    [5] => Array
        (
            [4492309] => 16:00
            [4492310] => 16:15
        )

    [6] => Array
        (
            [4492302] => 14:15
            [4492303] => 14:30
            [4492318] => 18:15
        )

)

https://uslugi.mosreg.ru/zdrav/doctor_appointment/create_visit
               total    1  6.226
                curl    2  6.226
          parseTimes    1  0.000
    parseCreateVisit    1  0.000

Something wrong with it: UNKNOWN

Errors: Array
(
)
Status: UNKNOWN, Next Run: 2018-02-22 07:01:46
https://uslugi.mosreg.ru/zdrav/doctor_appointment/doctor/0901052/3721/2018-03-07?scenery=1
Have found free time: 4492320 in ranges:Array
(
    [0] => Array
        (
        )

    [1] => Array
        (
        )

    [2] => Array
        (
            [4492320] => 18:45
        )

    [3] => Array
        (
        )

    [4] => Array
        (
            [4492301] => 14:00
        )

    [5] => Array
        (
            [4492310] => 16:15
        )

    [6] => Array
        (
            [4492302] => 14:15
            [4492303] => 14:30
            [4492318] => 18:15
        )

)

https://uslugi.mosreg.ru/zdrav/doctor_appointment/create_visit
               total    1  0.579
                curl    2  0.579
          parseTimes    1  0.000
    parseCreateVisit    1  0.000

Something wrong with it: UNKNOWN

Errors: Array
(
)
Status: UNKNOWN, Next Run: 2018-02-22 07:02:00
https://uslugi.mosreg.ru/zdrav/doctor_appointment/doctor/0901052/3721/2018-03-07?scenery=1
Have found free time: 4492320 in ranges:Array
(
    [0] => Array
        (
        )

    [1] => Array
        (
        )

    [2] => Array
        (
            [4492320] => 18:45
        )

    [3] => Array
        (
        )

    [4] => Array
        (
            [4492301] => 14:00
        )

    [5] => Array
        (
            [4492310] => 16:15
        )

    [6] => Array
        (
            [4492302] => 14:15
            [4492303] => 14:30
            [4492318] => 18:15
        )

)

https://uslugi.mosreg.ru/zdrav/doctor_appointment/create_visit
               total    1  7.524
                curl    2  7.524
          parseTimes    1  0.000
    parseCreateVisit    1  0.000

Something wrong with it: UNKNOWN

Errors: Array
(
)
Status: UNKNOWN, Next Run: 2018-02-22 07:02:15
https://uslugi.mosreg.ru/zdrav/doctor_appointment/doctor/0901052/3721/2018-03-07?scenery=1
Have found free time: 4492320 in ranges:Array
(
    [0] => Array
        (
        )

    [1] => Array
        (
        )

    [2] => Array
        (
            [4492320] => 18:45
        )

    [3] => Array
        (
        )

    [4] => Array
        (
            [4492301] => 14:00
        )

    [5] => Array
        (
            [4492310] => 16:15
        )

    [6] => Array
        (
            [4492302] => 14:15
            [4492303] => 14:30
            [4492318] => 18:15
        )

)

https://uslugi.mosreg.ru/zdrav/doctor_appointment/create_visit
               total    1  0.582
                curl    2  0.582
          parseTimes    1  0.000
    parseCreateVisit    1  0.000

Something wrong with it: UNKNOWN

Errors: Array
(
)
Status: UNKNOWN, Next Run: 2018-02-22 07:02:30
https://uslugi.mosreg.ru/zdrav/doctor_appointment/doctor/0901052/3721/2018-03-07?scenery=1
Have found free time: 4492320 in ranges:Array
(
    [0] => Array
        (
        )

    [1] => Array
        (
        )

    [2] => Array
        (
            [4492320] => 18:45
        )

    [3] => Array
        (
        )

    [4] => Array
        (
            [4492301] => 14:00
        )

    [5] => Array
        (
            [4492310] => 16:15
        )

    [6] => Array
        (
            [4492302] => 14:15
            [4492303] => 14:30
            [4492318] => 18:15
        )

)

https://uslugi.mosreg.ru/zdrav/doctor_appointment/create_visit
               total    1  4.965
                curl    2  4.965
          parseTimes    1  0.000
    parseCreateVisit    1  0.000

Something wrong with it: UNKNOWN

Errors: Array
(
)
Status: UNKNOWN, Next Run: 2018-02-22 07:02:45
https://uslugi.mosreg.ru/zdrav/doctor_appointment/doctor/0901052/3721/2018-03-07?scenery=1
Have found free time: 4492320 in ranges:Array
(
    [0] => Array
        (
        )

    [1] => Array
        (
        )

    [2] => Array
        (
            [4492320] => 18:45
        )

    [3] => Array
        (
        )

    [4] => Array
        (
            [4492301] => 14:00
        )

    [5] => Array
        (
            [4492310] => 16:15
        )

    [6] => Array
        (
            [4492302] => 14:15
            [4492303] => 14:30
            [4492318] => 18:15
        )

)

https://uslugi.mosreg.ru/zdrav/doctor_appointment/create_visit
               total    1  0.958
                curl    2  0.958
          parseTimes    1  0.000
    parseCreateVisit    1  0.000

Something wrong with it: UNKNOWN

Errors: Array
(
)
Status: UNKNOWN, Next Run: 2018-02-22 07:03:00
https://uslugi.mosreg.ru/zdrav/doctor_appointment/doctor/0901052/3721/2018-03-07?scenery=1
Have found free time: 4492320 in ranges:Array
(
    [0] => Array
        (
        )

    [1] => Array
        (
        )

    [2] => Array
        (
            [4492320] => 18:45
        )

    [3] => Array
        (
        )

    [4] => Array
        (
            [4492301] => 14:00
        )

    [5] => Array
        (
            [4492310] => 16:15
        )

    [6] => Array
        (
            [4492302] => 14:15
            [4492303] => 14:30
            [4492318] => 18:15
        )

)

https://uslugi.mosreg.ru/zdrav/doctor_appointment/create_visit
               total    1  5.557
                curl    2  5.556
          parseTimes    1  0.000
    parseCreateVisit    1  0.000

Something wrong with it: UNKNOWN

Errors: Array
(
)
Status: UNKNOWN, Next Run: 2018-02-22 07:03:15
https://uslugi.mosreg.ru/zdrav/doctor_appointment/doctor/0901052/3721/2018-03-07?scenery=1
Have found free time: 4492320 in ranges:Array
(
    [0] => Array
        (
        )

    [1] => Array
        (
        )

    [2] => Array
        (
            [4492320] => 18:45
        )

    [3] => Array
        (
        )

    [4] => Array
        (
            [4492301] => 14:00
        )

    [5] => Array
        (
            [4492310] => 16:15
        )

    [6] => Array
        (
            [4492302] => 14:15
            [4492303] => 14:30
            [4492318] => 18:15
        )

)

https://uslugi.mosreg.ru/zdrav/doctor_appointment/create_visit
               total    1  3.205
                curl    2  3.205
          parseTimes    1  0.000
    parseCreateVisit    1  0.000

Something wrong with it: UNKNOWN

Errors: Array
(
)
Status: UNKNOWN, Next Run: 2018-02-22 07:03:31
https://uslugi.mosreg.ru/zdrav/doctor_appointment/doctor/0901052/3721/2018-03-07?scenery=1
Have found free time: 4492320 in ranges:Array
(
    [0] => Array
        (
        )

    [1] => Array
        (
        )

    [2] => Array
        (
            [4492320] => 18:45
        )

    [3] => Array
        (
        )

    [4] => Array
        (
            [4492301] => 14:00
        )

    [5] => Array
        (
            [4492310] => 16:15
        )

    [6] => Array
        (
            [4492302] => 14:15
            [4492303] => 14:30
            [4492318] => 18:15
        )

)

https://uslugi.mosreg.ru/zdrav/doctor_appointment/create_visit
               total    1  7.436
                curl    2  7.435
          parseTimes    1  0.000
    parseCreateVisit    1  0.000

Something wrong with it: UNKNOWN

Errors: Array
(
)
Status: UNKNOWN, Next Run: 2018-02-22 07:03:46
https://uslugi.mosreg.ru/zdrav/doctor_appointment/doctor/0901052/3721/2018-03-07?scenery=1
Have found free time: 4492320 in ranges:Array
(
    [0] => Array
        (
        )

    [1] => Array
        (
        )

    [2] => Array
        (
            [4492320] => 18:45
        )

    [3] => Array
        (
        )

    [4] => Array
        (
            [4492301] => 14:00
        )

    [5] => Array
        (
            [4492310] => 16:15
        )

    [6] => Array
        (
            [4492302] => 14:15
            [4492303] => 14:30
            [4492318] => 18:15
        )

)

https://uslugi.mosreg.ru/zdrav/doctor_appointment/create_visit
               total    1  1.601
                curl    2  1.600
          parseTimes    1  0.000
    parseCreateVisit    1  0.000

Something wrong with it: UNKNOWN

Errors: Array
(
)
Status: UNKNOWN, Next Run: 2018-02-22 07:04:00
https://uslugi.mosreg.ru/zdrav/doctor_appointment/doctor/0901052/3721/2018-03-07?scenery=1
Have found free time: 4492320 in ranges:Array
(
    [0] => Array
        (
        )

    [1] => Array
        (
        )

    [2] => Array
        (
            [4492320] => 18:45
        )

    [3] => Array
        (
        )

    [4] => Array
        (
            [4492301] => 14:00
        )

    [5] => Array
        (
            [4492310] => 16:15
        )

    [6] => Array
        (
            [4492302] => 14:15
            [4492303] => 14:30
            [4492318] => 18:15
        )

)

https://uslugi.mosreg.ru/zdrav/doctor_appointment/create_visit
               total    1  7.322
                curl    2  7.321
          parseTimes    1  0.000
    parseCreateVisit    1  0.000

Something wrong with it: UNKNOWN

Errors: Array
(
)
Status: UNKNOWN, Next Run: 2018-02-22 07:04:16
https://uslugi.mosreg.ru/zdrav/doctor_appointment/doctor/0901052/3721/2018-03-07?scenery=1
Have found free time: 4492320 in ranges:Array
(
    [0] => Array
        (
        )

    [1] => Array
        (
        )

    [2] => Array
        (
            [4492320] => 18:45
        )

    [3] => Array
        (
        )

    [4] => Array
        (
            [4492301] => 14:00
        )

    [5] => Array
        (
            [4492310] => 16:15
        )

    [6] => Array
        (
            [4492302] => 14:15
            [4492303] => 14:30
            [4492318] => 18:15
        )

)

https://uslugi.mosreg.ru/zdrav/doctor_appointment/create_visit
               total    1  0.588
                curl    2  0.587
          parseTimes    1  0.000
    parseCreateVisit    1  0.000

Something wrong with it: UNKNOWN

Errors: Array
(
)
Status: UNKNOWN, Next Run: 2018-02-22 07:04:30
https://uslugi.mosreg.ru/zdrav/doctor_appointment/doctor/0901052/3721/2018-03-07?scenery=1
Have found free time: 4492320 in ranges:Array
(
    [0] => Array
        (
        )

    [1] => Array
        (
        )

    [2] => Array
        (
            [4492320] => 18:45
        )

    [3] => Array
        (
        )

    [4] => Array
        (
            [4492301] => 14:00
        )

    [5] => Array
        (
            [4492310] => 16:15
        )

    [6] => Array
        (
            [4492302] => 14:15
            [4492303] => 14:30
            [4492318] => 18:15
        )

)

https://uslugi.mosreg.ru/zdrav/doctor_appointment/create_visit
               total    1  5.557
                curl    2  5.556
          parseTimes    1  0.000
    parseCreateVisit    1  0.000

Something wrong with it: UNKNOWN

Errors: Array
(
)
Status: UNKNOWN, Next Run: 2018-02-22 07:04:45
https://uslugi.mosreg.ru/zdrav/doctor_appointment/doctor/0901052/3721/2018-03-07?scenery=1
Have found free time: 4492320 in ranges:Array
(
    [0] => Array
        (
        )

    [1] => Array
        (
        )

    [2] => Array
        (
            [4492320] => 18:45
        )

    [3] => Array
        (
        )

    [4] => Array
        (
            [4492301] => 14:00
        )

    [5] => Array
        (
            [4492310] => 16:15
        )

    [6] => Array
        (
            [4492302] => 14:15
            [4492303] => 14:30
            [4492318] => 18:15
        )

)

https://uslugi.mosreg.ru/zdrav/doctor_appointment/create_visit
               total    1  0.583
                curl    2  0.582
          parseTimes    1  0.000
    parseCreateVisit    1  0.000

Something wrong with it: UNKNOWN

Errors: Array
(
)
Status: UNKNOWN, Next Run: 2018-02-22 07:05:00
https://uslugi.mosreg.ru/zdrav/doctor_appointment/doctor/0901052/3721/2018-03-07?scenery=1
Have found free time: 4492320 in ranges:Array
(
    [0] => Array
        (
        )

    [1] => Array
        (
        )

    [2] => Array
        (
            [4492320] => 18:45
        )

    [3] => Array
        (
        )

    [4] => Array
        (
            [4492301] => 14:00
        )

    [5] => Array
        (
            [4492310] => 16:15
        )

    [6] => Array
        (
            [4492302] => 14:15
            [4492303] => 14:30
            [4492318] => 18:15
        )

)

https://uslugi.mosreg.ru/zdrav/doctor_appointment/create_visit
               total    1  4.867
                curl    2  4.867
          parseTimes    1  0.000
    parseCreateVisit    1  0.000

Something wrong with it: UNKNOWN

Errors: Array
(
)
Time is over: 2018-02-22 07:05:00
