2018-02-23 01:16:29 wait until 2018-02-23 06:55:00 sec: 20311, 1519358100, 1519337789  sleep: 5.6419444444444
https://uslugi.mosreg.ru/zdrav/doctor_appointment/doctor/0901052/2485/2018-03-08?scenery=1
No time: Array
(
)

               total    1  1.037
                curl    1  1.037
          parseTimes    1  0.000

Something wrong with it: LOADING OK

Errors: Array
(
)
Status: LOADING OK, Next Run: 2018-02-23 06:55:05
https://uslugi.mosreg.ru/zdrav/doctor_appointment/doctor/0901052/2485/2018-03-08?scenery=1
No time: Array
(
)

               total    1  0.572
                curl    1  0.572
          parseTimes    1  0.000

Something wrong with it: LOADING OK

Errors: Array
(
)
Status: LOADING OK, Next Run: 2018-02-23 06:55:09
https://uslugi.mosreg.ru/zdrav/doctor_appointment/doctor/0901052/2485/2018-03-08?scenery=1
No time: Array
(
)

               total    1  0.551
                curl    1  0.551
          parseTimes    1  0.000

Something wrong with it: LOADING OK

Errors: Array
(
)
Status: LOADING OK, Next Run: 2018-02-23 06:55:14
https://uslugi.mosreg.ru/zdrav/doctor_appointment/doctor/0901052/2485/2018-03-08?scenery=1
No time: Array
(
)

               total    1  0.569
                curl    1  0.569
          parseTimes    1  0.000

Something wrong with it: LOADING OK

Errors: Array
(
)
Status: LOADING OK, Next Run: 2018-02-23 06:55:19
https://uslugi.mosreg.ru/zdrav/doctor_appointment/doctor/0901052/2485/2018-03-08?scenery=1
No time: Array
(
)

               total    1  0.551
                curl    1  0.551
          parseTimes    1  0.000

Something wrong with it: LOADING OK

Errors: Array
(
)
Status: LOADING OK, Next Run: 2018-02-23 06:55:24
https://uslugi.mosreg.ru/zdrav/doctor_appointment/doctor/0901052/2485/2018-03-08?scenery=1
No time: Array
(
)

               total    1  0.573
                curl    1  0.573
          parseTimes    1  0.000

Something wrong with it: LOADING OK

Errors: Array
(
)
Status: LOADING OK, Next Run: 2018-02-23 06:55:29
https://uslugi.mosreg.ru/zdrav/doctor_appointment/doctor/0901052/2485/2018-03-08?scenery=1
No time: Array
(
)

               total    1  0.597
                curl    1  0.597
          parseTimes    1  0.000

Something wrong with it: LOADING OK

Errors: Array
(
)
Status: LOADING OK, Next Run: 2018-02-23 06:55:34
https://uslugi.mosreg.ru/zdrav/doctor_appointment/doctor/0901052/2485/2018-03-08?scenery=1
No time: Array
(
)

               total    1  0.571
                curl    1  0.571
          parseTimes    1  0.000

Something wrong with it: LOADING OK

Errors: Array
(
)
Status: LOADING OK, Next Run: 2018-02-23 06:55:39
https://uslugi.mosreg.ru/zdrav/doctor_appointment/doctor/0901052/2485/2018-03-08?scenery=1
No time: Array
(
)

               total    1  0.565
                curl    1  0.565
          parseTimes    1  0.000

Something wrong with it: LOADING OK

Errors: Array
(
)
Status: LOADING OK, Next Run: 2018-02-23 06:55:44
https://uslugi.mosreg.ru/zdrav/doctor_appointment/doctor/0901052/2485/2018-03-08?scenery=1
No time: Array
(
)

               total    1  0.612
                curl    1  0.612
          parseTimes    1  0.000

Something wrong with it: LOADING OK

Errors: Array
(
)
Status: LOADING OK, Next Run: 2018-02-23 06:55:49
https://uslugi.mosreg.ru/zdrav/doctor_appointment/doctor/0901052/2485/2018-03-08?scenery=1
No time: Array
(
)

               total    1  0.580
                curl    1  0.580
          parseTimes    1  0.000

Something wrong with it: LOADING OK

Errors: Array
(
)
Status: LOADING OK, Next Run: 2018-02-23 06:55:54
https://uslugi.mosreg.ru/zdrav/doctor_appointment/doctor/0901052/2485/2018-03-08?scenery=1
No time: Array
(
)

               total    1  0.568
                curl    1  0.568
          parseTimes    1  0.000

Something wrong with it: LOADING OK

Errors: Array
(
)
Status: LOADING OK, Next Run: 2018-02-23 06:55:59
https://uslugi.mosreg.ru/zdrav/doctor_appointment/doctor/0901052/2485/2018-03-08?scenery=1
No time: Array
(
)

               total    1  0.566
                curl    1  0.566
          parseTimes    1  0.000

Something wrong with it: LOADING OK

Errors: Array
(
)
Status: LOADING OK, Next Run: 2018-02-23 06:56:04
https://uslugi.mosreg.ru/zdrav/doctor_appointment/doctor/0901052/2485/2018-03-08?scenery=1
No time: Array
(
)

               total    1  0.579
                curl    1  0.579
          parseTimes    1  0.000

Something wrong with it: LOADING OK

Errors: Array
(
)
Status: LOADING OK, Next Run: 2018-02-23 06:56:09
https://uslugi.mosreg.ru/zdrav/doctor_appointment/doctor/0901052/2485/2018-03-08?scenery=1
No time: Array
(
)

               total    1  0.558
                curl    1  0.558
          parseTimes    1  0.000

Something wrong with it: LOADING OK

Errors: Array
(
)
Status: LOADING OK, Next Run: 2018-02-23 06:56:14
https://uslugi.mosreg.ru/zdrav/doctor_appointment/doctor/0901052/2485/2018-03-08?scenery=1
No time: Array
(
)

               total    1  0.551
                curl    1  0.551
          parseTimes    1  0.000

Something wrong with it: LOADING OK

Errors: Array
(
)
Status: LOADING OK, Next Run: 2018-02-23 06:56:19
https://uslugi.mosreg.ru/zdrav/doctor_appointment/doctor/0901052/2485/2018-03-08?scenery=1
No time: Array
(
)

               total    1  0.575
                curl    1  0.575
          parseTimes    1  0.000

Something wrong with it: LOADING OK

Errors: Array
(
)
Status: LOADING OK, Next Run: 2018-02-23 06:56:24
https://uslugi.mosreg.ru/zdrav/doctor_appointment/doctor/0901052/2485/2018-03-08?scenery=1
No time: Array
(
)

               total    1  0.552
                curl    1  0.552
          parseTimes    1  0.000

Something wrong with it: LOADING OK

Errors: Array
(
)
Status: LOADING OK, Next Run: 2018-02-23 06:56:29
https://uslugi.mosreg.ru/zdrav/doctor_appointment/doctor/0901052/2485/2018-03-08?scenery=1
No time: Array
(
)

               total    1  0.771
                curl    1  0.771
          parseTimes    1  0.000

Something wrong with it: LOADING OK

Errors: Array
(
)
Status: LOADING OK, Next Run: 2018-02-23 06:56:34
https://uslugi.mosreg.ru/zdrav/doctor_appointment/doctor/0901052/2485/2018-03-08?scenery=1
No time: Array
(
)

               total    1  0.560
                curl    1  0.560
          parseTimes    1  0.000

Something wrong with it: LOADING OK

Errors: Array
(
)
Status: LOADING OK, Next Run: 2018-02-23 06:56:39
https://uslugi.mosreg.ru/zdrav/doctor_appointment/doctor/0901052/2485/2018-03-08?scenery=1
No time: Array
(
)

               total    1  0.571
                curl    1  0.571
          parseTimes    1  0.000

Something wrong with it: LOADING OK

Errors: Array
(
)
Status: LOADING OK, Next Run: 2018-02-23 06:56:44
https://uslugi.mosreg.ru/zdrav/doctor_appointment/doctor/0901052/2485/2018-03-08?scenery=1
No time: Array
(
)

               total    1  0.579
                curl    1  0.579
          parseTimes    1  0.000

Something wrong with it: LOADING OK

Errors: Array
(
)
Status: LOADING OK, Next Run: 2018-02-23 06:56:49
https://uslugi.mosreg.ru/zdrav/doctor_appointment/doctor/0901052/2485/2018-03-08?scenery=1
No time: Array
(
)

               total    1  0.572
                curl    1  0.572
          parseTimes    1  0.000

Something wrong with it: LOADING OK

Errors: Array
(
)
Status: LOADING OK, Next Run: 2018-02-23 06:56:54
https://uslugi.mosreg.ru/zdrav/doctor_appointment/doctor/0901052/2485/2018-03-08?scenery=1
No time: Array
(
)

               total    1  0.557
                curl    1  0.557
          parseTimes    1  0.000

Something wrong with it: LOADING OK

Errors: Array
(
)
Status: LOADING OK, Next Run: 2018-02-23 06:56:59
https://uslugi.mosreg.ru/zdrav/doctor_appointment/doctor/0901052/2485/2018-03-08?scenery=1
No time: Array
(
)

               total    1  0.566
                curl    1  0.566
          parseTimes    1  0.000

Something wrong with it: LOADING OK

Errors: Array
(
)
Status: LOADING OK, Next Run: 2018-02-23 06:57:04
https://uslugi.mosreg.ru/zdrav/doctor_appointment/doctor/0901052/2485/2018-03-08?scenery=1
No time: Array
(
)

               total    1  0.557
                curl    1  0.557
          parseTimes    1  0.000

Something wrong with it: LOADING OK

Errors: Array
(
)
Status: LOADING OK, Next Run: 2018-02-23 06:57:09
https://uslugi.mosreg.ru/zdrav/doctor_appointment/doctor/0901052/2485/2018-03-08?scenery=1
No time: Array
(
)

               total    1  0.568
                curl    1  0.568
          parseTimes    1  0.000

Something wrong with it: LOADING OK

Errors: Array
(
)
Status: LOADING OK, Next Run: 2018-02-23 06:57:14
https://uslugi.mosreg.ru/zdrav/doctor_appointment/doctor/0901052/2485/2018-03-08?scenery=1
No time: Array
(
)

               total    1  0.096
                curl    1  0.096
          parseTimes    1  0.000

Something wrong with it: LOADING OK

Errors: Array
(
)
Status: LOADING OK, Next Run: 2018-02-23 06:57:20
https://uslugi.mosreg.ru/zdrav/doctor_appointment/doctor/0901052/2485/2018-03-08?scenery=1
No time: Array
(
)

               total    1  0.571
                curl    1  0.571
          parseTimes    1  0.000

Something wrong with it: LOADING OK

Errors: Array
(
)
Status: LOADING OK, Next Run: 2018-02-23 06:57:24
https://uslugi.mosreg.ru/zdrav/doctor_appointment/doctor/0901052/2485/2018-03-08?scenery=1
No time: Array
(
)

               total    1  0.558
                curl    1  0.558
          parseTimes    1  0.000

Something wrong with it: LOADING OK

Errors: Array
(
)
Status: LOADING OK, Next Run: 2018-02-23 06:57:29
https://uslugi.mosreg.ru/zdrav/doctor_appointment/doctor/0901052/2485/2018-03-08?scenery=1
No time: Array
(
)

               total    1  0.562
                curl    1  0.562
          parseTimes    1  0.000

Something wrong with it: LOADING OK

Errors: Array
(
)
Status: LOADING OK, Next Run: 2018-02-23 06:57:34
https://uslugi.mosreg.ru/zdrav/doctor_appointment/doctor/0901052/2485/2018-03-08?scenery=1
No time: Array
(
)

               total    1  0.575
                curl    1  0.575
          parseTimes    1  0.000

Something wrong with it: LOADING OK

Errors: Array
(
)
Status: LOADING OK, Next Run: 2018-02-23 06:57:39
https://uslugi.mosreg.ru/zdrav/doctor_appointment/doctor/0901052/2485/2018-03-08?scenery=1
No time: Array
(
)

               total    1  0.563
                curl    1  0.563
          parseTimes    1  0.000

Something wrong with it: LOADING OK

Errors: Array
(
)
Status: LOADING OK, Next Run: 2018-02-23 06:57:44
https://uslugi.mosreg.ru/zdrav/doctor_appointment/doctor/0901052/2485/2018-03-08?scenery=1
No time: Array
(
)

               total    1  0.572
                curl    1  0.572
          parseTimes    1  0.000

Something wrong with it: LOADING OK

Errors: Array
(
)
Status: LOADING OK, Next Run: 2018-02-23 06:57:49
https://uslugi.mosreg.ru/zdrav/doctor_appointment/doctor/0901052/2485/2018-03-08?scenery=1
No time: Array
(
)

               total    1  0.599
                curl    1  0.599
          parseTimes    1  0.000

Something wrong with it: LOADING OK

Errors: Array
(
)
Status: LOADING OK, Next Run: 2018-02-23 06:57:54
https://uslugi.mosreg.ru/zdrav/doctor_appointment/doctor/0901052/2485/2018-03-08?scenery=1
No time: Array
(
)

               total    1  0.561
                curl    1  0.561
          parseTimes    1  0.000

Something wrong with it: LOADING OK

Errors: Array
(
)
Status: LOADING OK, Next Run: 2018-02-23 06:57:59
https://uslugi.mosreg.ru/zdrav/doctor_appointment/doctor/0901052/2485/2018-03-08?scenery=1
No time: Array
(
)

               total    1  0.562
                curl    1  0.562
          parseTimes    1  0.000

Something wrong with it: LOADING OK

Errors: Array
(
)
Status: LOADING OK, Next Run: 2018-02-23 06:58:04
https://uslugi.mosreg.ru/zdrav/doctor_appointment/doctor/0901052/2485/2018-03-08?scenery=1
No time: Array
(
)

               total    1  0.579
                curl    1  0.579
          parseTimes    1  0.000

Something wrong with it: LOADING OK

Errors: Array
(
)
Status: LOADING OK, Next Run: 2018-02-23 06:58:09
https://uslugi.mosreg.ru/zdrav/doctor_appointment/doctor/0901052/2485/2018-03-08?scenery=1
No time: Array
(
)

               total    1  0.570
                curl    1  0.570
          parseTimes    1  0.000

Something wrong with it: LOADING OK

Errors: Array
(
)
Status: LOADING OK, Next Run: 2018-02-23 06:58:14
https://uslugi.mosreg.ru/zdrav/doctor_appointment/doctor/0901052/2485/2018-03-08?scenery=1
No time: Array
(
)

               total    1  0.556
                curl    1  0.556
          parseTimes    1  0.000

Something wrong with it: LOADING OK

Errors: Array
(
)
Status: LOADING OK, Next Run: 2018-02-23 06:58:19
https://uslugi.mosreg.ru/zdrav/doctor_appointment/doctor/0901052/2485/2018-03-08?scenery=1
No time: Array
(
)

               total    1  0.565
                curl    1  0.565
          parseTimes    1  0.000

Something wrong with it: LOADING OK

Errors: Array
(
)
Status: LOADING OK, Next Run: 2018-02-23 06:58:24
https://uslugi.mosreg.ru/zdrav/doctor_appointment/doctor/0901052/2485/2018-03-08?scenery=1
No time: Array
(
)

               total    1  0.565
                curl    1  0.565
          parseTimes    1  0.000

Something wrong with it: LOADING OK

Errors: Array
(
)
Status: LOADING OK, Next Run: 2018-02-23 06:58:29
https://uslugi.mosreg.ru/zdrav/doctor_appointment/doctor/0901052/2485/2018-03-08?scenery=1
No time: Array
(
)

               total    1  0.576
                curl    1  0.576
          parseTimes    1  0.000

Something wrong with it: LOADING OK

Errors: Array
(
)
Status: LOADING OK, Next Run: 2018-02-23 06:58:34
https://uslugi.mosreg.ru/zdrav/doctor_appointment/doctor/0901052/2485/2018-03-08?scenery=1
No time: Array
(
)

               total    1  0.776
                curl    1  0.776
          parseTimes    1  0.000

Something wrong with it: LOADING OK

Errors: Array
(
)
Status: LOADING OK, Next Run: 2018-02-23 06:58:39
https://uslugi.mosreg.ru/zdrav/doctor_appointment/doctor/0901052/2485/2018-03-08?scenery=1
No time: Array
(
)

               total    1  0.562
                curl    1  0.562
          parseTimes    1  0.000

Something wrong with it: LOADING OK

Errors: Array
(
)
Status: LOADING OK, Next Run: 2018-02-23 06:58:44
https://uslugi.mosreg.ru/zdrav/doctor_appointment/doctor/0901052/2485/2018-03-08?scenery=1
No time: Array
(
)

               total    1  0.590
                curl    1  0.590
          parseTimes    1  0.000

Something wrong with it: LOADING OK

Errors: Array
(
)
Status: LOADING OK, Next Run: 2018-02-23 06:58:49
https://uslugi.mosreg.ru/zdrav/doctor_appointment/doctor/0901052/2485/2018-03-08?scenery=1
No time: Array
(
)

               total    1  0.568
                curl    1  0.568
          parseTimes    1  0.000

Something wrong with it: LOADING OK

Errors: Array
(
)
Status: LOADING OK, Next Run: 2018-02-23 06:58:54
https://uslugi.mosreg.ru/zdrav/doctor_appointment/doctor/0901052/2485/2018-03-08?scenery=1
No time: Array
(
)

               total    1  0.560
                curl    1  0.560
          parseTimes    1  0.000

Something wrong with it: LOADING OK

Errors: Array
(
)
Status: LOADING OK, Next Run: 2018-02-23 06:58:59
https://uslugi.mosreg.ru/zdrav/doctor_appointment/doctor/0901052/2485/2018-03-08?scenery=1
No time: Array
(
)

               total    1  0.561
                curl    1  0.561
          parseTimes    1  0.000

Something wrong with it: LOADING OK

Errors: Array
(
)
Status: LOADING OK, Next Run: 2018-02-23 06:59:04
https://uslugi.mosreg.ru/zdrav/doctor_appointment/doctor/0901052/2485/2018-03-08?scenery=1
No time: Array
(
)

               total    1  0.551
                curl    1  0.551
          parseTimes    1  0.000

Something wrong with it: LOADING OK

Errors: Array
(
)
Status: LOADING OK, Next Run: 2018-02-23 06:59:09
https://uslugi.mosreg.ru/zdrav/doctor_appointment/doctor/0901052/2485/2018-03-08?scenery=1
No time: Array
(
)

               total    1  0.571
                curl    1  0.571
          parseTimes    1  0.000

Something wrong with it: LOADING OK

Errors: Array
(
)
Status: LOADING OK, Next Run: 2018-02-23 06:59:14
https://uslugi.mosreg.ru/zdrav/doctor_appointment/doctor/0901052/2485/2018-03-08?scenery=1
No time: Array
(
)

               total    1  0.567
                curl    1  0.567
          parseTimes    1  0.000

Something wrong with it: LOADING OK

Errors: Array
(
)
Status: LOADING OK, Next Run: 2018-02-23 06:59:19
https://uslugi.mosreg.ru/zdrav/doctor_appointment/doctor/0901052/2485/2018-03-08?scenery=1
No time: Array
(
)

               total    1  0.706
                curl    1  0.706
          parseTimes    1  0.000

Something wrong with it: LOADING OK

Errors: Array
(
)
Status: LOADING OK, Next Run: 2018-02-23 06:59:24
https://uslugi.mosreg.ru/zdrav/doctor_appointment/doctor/0901052/2485/2018-03-08?scenery=1
No time: Array
(
)

               total    1  2.803
                curl    1  2.802
          parseTimes    1  0.000

Something wrong with it: LOADING OK

Errors: Array
(
)
Status: LOADING OK, Next Run: 2018-02-23 06:59:29
https://uslugi.mosreg.ru/zdrav/doctor_appointment/doctor/0901052/2485/2018-03-08?scenery=1
No time: Array
(
)

               total    1  1.095
                curl    1  1.095
          parseTimes    1  0.000

Something wrong with it: LOADING OK

Errors: Array
(
)
Status: LOADING OK, Next Run: 2018-02-23 06:59:35
https://uslugi.mosreg.ru/zdrav/doctor_appointment/doctor/0901052/2485/2018-03-08?scenery=1
No time: Array
(
)

               total    1  0.555
                curl    1  0.555
          parseTimes    1  0.000

Something wrong with it: LOADING OK

Errors: Array
(
)
Status: LOADING OK, Next Run: 2018-02-23 06:59:39
https://uslugi.mosreg.ru/zdrav/doctor_appointment/doctor/0901052/2485/2018-03-08?scenery=1
No time: Array
(
)

               total    1  0.574
                curl    1  0.574
          parseTimes    1  0.000

Something wrong with it: LOADING OK

Errors: Array
(
)
Status: LOADING OK, Next Run: 2018-02-23 06:59:44
https://uslugi.mosreg.ru/zdrav/doctor_appointment/doctor/0901052/2485/2018-03-08?scenery=1
No time: Array
(
)

               total    1  0.575
                curl    1  0.574
          parseTimes    1  0.000

Something wrong with it: LOADING OK

Errors: Array
(
)
Status: LOADING OK, Next Run: 2018-02-23 06:59:49
https://uslugi.mosreg.ru/zdrav/doctor_appointment/doctor/0901052/2485/2018-03-08?scenery=1
No time: Array
(
)

               total    1  0.553
                curl    1  0.552
          parseTimes    1  0.000

Something wrong with it: LOADING OK

Errors: Array
(
)
Status: LOADING OK, Next Run: 2018-02-23 06:59:54
https://uslugi.mosreg.ru/zdrav/doctor_appointment/doctor/0901052/2485/2018-03-08?scenery=1
No time: Array
(
)

               total    1  0.558
                curl    1  0.558
          parseTimes    1  0.000

Something wrong with it: LOADING OK

Errors: Array
(
)
Status: LOADING OK, Next Run: 2018-02-23 06:59:59
https://uslugi.mosreg.ru/zdrav/doctor_appointment/doctor/0901052/2485/2018-03-08?scenery=1
No time: Array
(
)

               total    1  0.574
                curl    1  0.574
          parseTimes    1  0.000

Something wrong with it: LOADING OK

Errors: Array
(
)
Status: LOADING OK, Next Run: 2018-02-23 07:00:04
https://uslugi.mosreg.ru/zdrav/doctor_appointment/doctor/0901052/2485/2018-03-08?scenery=1
No time: Array
(
)

               total    1  0.622
                curl    1  0.621
          parseTimes    1  0.000

Something wrong with it: LOADING OK

Errors: Array
(
)
Status: LOADING OK, Next Run: 2018-02-23 07:00:09
https://uslugi.mosreg.ru/zdrav/doctor_appointment/doctor/0901052/2485/2018-03-08?scenery=1
No time: Array
(
)

               total    1  0.567
                curl    1  0.567
          parseTimes    1  0.000

Something wrong with it: LOADING OK

Errors: Array
(
)
Status: LOADING OK, Next Run: 2018-02-23 07:00:14
https://uslugi.mosreg.ru/zdrav/doctor_appointment/doctor/0901052/2485/2018-03-08?scenery=1
No time: Array
(
)

               total    1  0.553
                curl    1  0.553
          parseTimes    1  0.000

Something wrong with it: LOADING OK

Errors: Array
(
)
Status: LOADING OK, Next Run: 2018-02-23 07:00:19
https://uslugi.mosreg.ru/zdrav/doctor_appointment/doctor/0901052/2485/2018-03-08?scenery=1
No time: Array
(
)

               total    1  0.556
                curl    1  0.555
          parseTimes    1  0.000

Something wrong with it: LOADING OK

Errors: Array
(
)
Status: LOADING OK, Next Run: 2018-02-23 07:00:24
https://uslugi.mosreg.ru/zdrav/doctor_appointment/doctor/0901052/2485/2018-03-08?scenery=1
No time: Array
(
)

               total    1  0.572
                curl    1  0.572
          parseTimes    1  0.000

Something wrong with it: LOADING OK

Errors: Array
(
)
Status: LOADING OK, Next Run: 2018-02-23 07:00:29
https://uslugi.mosreg.ru/zdrav/doctor_appointment/doctor/0901052/2485/2018-03-08?scenery=1
No time: Array
(
)

               total    1  0.577
                curl    1  0.577
          parseTimes    1  0.000

Something wrong with it: LOADING OK

Errors: Array
(
)
Status: LOADING OK, Next Run: 2018-02-23 07:00:34
https://uslugi.mosreg.ru/zdrav/doctor_appointment/doctor/0901052/2485/2018-03-08?scenery=1
No time: Array
(
)

               total    1  0.557
                curl    1  0.557
          parseTimes    1  0.000

Something wrong with it: LOADING OK

Errors: Array
(
)
Status: LOADING OK, Next Run: 2018-02-23 07:00:39
https://uslugi.mosreg.ru/zdrav/doctor_appointment/doctor/0901052/2485/2018-03-08?scenery=1
No time: Array
(
)

               total    1  0.558
                curl    1  0.558
          parseTimes    1  0.000

Something wrong with it: LOADING OK

Errors: Array
(
)
Status: LOADING OK, Next Run: 2018-02-23 07:00:44
https://uslugi.mosreg.ru/zdrav/doctor_appointment/doctor/0901052/2485/2018-03-08?scenery=1
No time: Array
(
)

               total    1  0.557
                curl    1  0.557
          parseTimes    1  0.000

Something wrong with it: LOADING OK

Errors: Array
(
)
Status: LOADING OK, Next Run: 2018-02-23 07:00:49
https://uslugi.mosreg.ru/zdrav/doctor_appointment/doctor/0901052/2485/2018-03-08?scenery=1
No time: Array
(
)

               total    1  0.560
                curl    1  0.560
          parseTimes    1  0.000

Something wrong with it: LOADING OK

Errors: Array
(
)
Status: LOADING OK, Next Run: 2018-02-23 07:00:54
https://uslugi.mosreg.ru/zdrav/doctor_appointment/doctor/0901052/2485/2018-03-08?scenery=1
No time: Array
(
)

               total    1  0.558
                curl    1  0.558
          parseTimes    1  0.000

Something wrong with it: LOADING OK

Errors: Array
(
)
Status: LOADING OK, Next Run: 2018-02-23 07:00:59
https://uslugi.mosreg.ru/zdrav/doctor_appointment/doctor/0901052/2485/2018-03-08?scenery=1
No time: Array
(
)

               total    1  0.551
                curl    1  0.551
          parseTimes    1  0.000

Something wrong with it: LOADING OK

Errors: Array
(
)
Status: LOADING OK, Next Run: 2018-02-23 07:01:04
https://uslugi.mosreg.ru/zdrav/doctor_appointment/doctor/0901052/2485/2018-03-08?scenery=1
No time: Array
(
)

               total    1  0.554
                curl    1  0.554
          parseTimes    1  0.000

Something wrong with it: LOADING OK

Errors: Array
(
)
Status: LOADING OK, Next Run: 2018-02-23 07:01:09
https://uslugi.mosreg.ru/zdrav/doctor_appointment/doctor/0901052/2485/2018-03-08?scenery=1
No time: Array
(
)

               total    1  0.798
                curl    1  0.798
          parseTimes    1  0.000

Something wrong with it: LOADING OK

Errors: Array
(
)
Status: LOADING OK, Next Run: 2018-02-23 07:01:14
https://uslugi.mosreg.ru/zdrav/doctor_appointment/doctor/0901052/2485/2018-03-08?scenery=1
No time: Array
(
)

               total    1  0.628
                curl    1  0.628
          parseTimes    1  0.000

Something wrong with it: LOADING OK

Errors: Array
(
)
Status: LOADING OK, Next Run: 2018-02-23 07:01:19
https://uslugi.mosreg.ru/zdrav/doctor_appointment/doctor/0901052/2485/2018-03-08?scenery=1
No time: Array
(
)

               total    1  0.651
                curl    1  0.651
          parseTimes    1  0.000

Something wrong with it: LOADING OK

Errors: Array
(
)
Status: LOADING OK, Next Run: 2018-02-23 07:01:24
https://uslugi.mosreg.ru/zdrav/doctor_appointment/doctor/0901052/2485/2018-03-08?scenery=1
No time: Array
(
)

               total    1  1.005
                curl    1  1.004
          parseTimes    1  0.000

Something wrong with it: LOADING OK

Errors: Array
(
)
Status: LOADING OK, Next Run: 2018-02-23 07:01:30
https://uslugi.mosreg.ru/zdrav/doctor_appointment/doctor/0901052/2485/2018-03-08?scenery=1
No time: Array
(
)

               total    1  0.570
                curl    1  0.570
          parseTimes    1  0.000

Something wrong with it: LOADING OK

Errors: Array
(
)
Status: LOADING OK, Next Run: 2018-02-23 07:01:34
https://uslugi.mosreg.ru/zdrav/doctor_appointment/doctor/0901052/2485/2018-03-08?scenery=1
No time: Array
(
)

               total    1  0.556
                curl    1  0.556
          parseTimes    1  0.000

Something wrong with it: LOADING OK

Errors: Array
(
)
Status: LOADING OK, Next Run: 2018-02-23 07:01:39
https://uslugi.mosreg.ru/zdrav/doctor_appointment/doctor/0901052/2485/2018-03-08?scenery=1
No time: Array
(
)

               total    1  0.560
                curl    1  0.560
          parseTimes    1  0.000

Something wrong with it: LOADING OK

Errors: Array
(
)
Status: LOADING OK, Next Run: 2018-02-23 07:01:44
https://uslugi.mosreg.ru/zdrav/doctor_appointment/doctor/0901052/2485/2018-03-08?scenery=1
No time: Array
(
)

               total    1  0.555
                curl    1  0.555
          parseTimes    1  0.000

Something wrong with it: LOADING OK

Errors: Array
(
)
Status: LOADING OK, Next Run: 2018-02-23 07:01:49
https://uslugi.mosreg.ru/zdrav/doctor_appointment/doctor/0901052/2485/2018-03-08?scenery=1
No time: Array
(
)

               total    1  0.558
                curl    1  0.558
          parseTimes    1  0.000

Something wrong with it: LOADING OK

Errors: Array
(
)
Status: LOADING OK, Next Run: 2018-02-23 07:01:54
https://uslugi.mosreg.ru/zdrav/doctor_appointment/doctor/0901052/2485/2018-03-08?scenery=1
No time: Array
(
)

               total    1  0.611
                curl    1  0.611
          parseTimes    1  0.000

Something wrong with it: LOADING OK

Errors: Array
(
)
Status: LOADING OK, Next Run: 2018-02-23 07:01:59
https://uslugi.mosreg.ru/zdrav/doctor_appointment/doctor/0901052/2485/2018-03-08?scenery=1
No time: Array
(
)

               total    1  0.673
                curl    1  0.673
          parseTimes    1  0.000

Something wrong with it: LOADING OK

Errors: Array
(
)
Status: LOADING OK, Next Run: 2018-02-23 07:02:04
https://uslugi.mosreg.ru/zdrav/doctor_appointment/doctor/0901052/2485/2018-03-08?scenery=1
No time: Array
(
)

               total    1  0.563
                curl    1  0.563
          parseTimes    1  0.000

Something wrong with it: LOADING OK

Errors: Array
(
)
Status: LOADING OK, Next Run: 2018-02-23 07:02:09
https://uslugi.mosreg.ru/zdrav/doctor_appointment/doctor/0901052/2485/2018-03-08?scenery=1
No time: Array
(
)

               total    1  0.557
                curl    1  0.556
          parseTimes    1  0.000

Something wrong with it: LOADING OK

Errors: Array
(
)
Status: LOADING OK, Next Run: 2018-02-23 07:02:14
https://uslugi.mosreg.ru/zdrav/doctor_appointment/doctor/0901052/2485/2018-03-08?scenery=1
No time: Array
(
)

               total    1  0.559
                curl    1  0.559
          parseTimes    1  0.000

Something wrong with it: LOADING OK

Errors: Array
(
)
Status: LOADING OK, Next Run: 2018-02-23 07:02:19
https://uslugi.mosreg.ru/zdrav/doctor_appointment/doctor/0901052/2485/2018-03-08?scenery=1
No time: Array
(
)

               total    1  0.564
                curl    1  0.564
          parseTimes    1  0.000

Something wrong with it: LOADING OK

Errors: Array
(
)
Status: LOADING OK, Next Run: 2018-02-23 07:02:24
https://uslugi.mosreg.ru/zdrav/doctor_appointment/doctor/0901052/2485/2018-03-08?scenery=1
No time: Array
(
)

               total    1  0.553
                curl    1  0.553
          parseTimes    1  0.000

Something wrong with it: LOADING OK

Errors: Array
(
)
Status: LOADING OK, Next Run: 2018-02-23 07:02:29
https://uslugi.mosreg.ru/zdrav/doctor_appointment/doctor/0901052/2485/2018-03-08?scenery=1
No time: Array
(
)

               total    1  0.783
                curl    1  0.783
          parseTimes    1  0.000

Something wrong with it: LOADING OK

Errors: Array
(
)
Status: LOADING OK, Next Run: 2018-02-23 07:02:34
https://uslugi.mosreg.ru/zdrav/doctor_appointment/doctor/0901052/2485/2018-03-08?scenery=1
No time: Array
(
)

               total    1  0.552
                curl    1  0.552
          parseTimes    1  0.000

Something wrong with it: LOADING OK

Errors: Array
(
)
Status: LOADING OK, Next Run: 2018-02-23 07:02:39
https://uslugi.mosreg.ru/zdrav/doctor_appointment/doctor/0901052/2485/2018-03-08?scenery=1
No time: Array
(
)

               total    1  0.553
                curl    1  0.553
          parseTimes    1  0.000

Something wrong with it: LOADING OK

Errors: Array
(
)
Status: LOADING OK, Next Run: 2018-02-23 07:02:44
https://uslugi.mosreg.ru/zdrav/doctor_appointment/doctor/0901052/2485/2018-03-08?scenery=1
No time: Array
(
)

               total    1  3.525
                curl    1  3.525
          parseTimes    1  0.000

Something wrong with it: LOADING OK

Errors: Array
(
)
Status: LOADING OK, Next Run: 2018-02-23 07:02:49
https://uslugi.mosreg.ru/zdrav/doctor_appointment/doctor/0901052/2485/2018-03-08?scenery=1
No time: Array
(
)

               total    1  1.764
                curl    1  1.763
          parseTimes    1  0.000

Something wrong with it: LOADING OK

Errors: Array
(
)
Status: LOADING OK, Next Run: 2018-02-23 07:02:54
https://uslugi.mosreg.ru/zdrav/doctor_appointment/doctor/0901052/2485/2018-03-08?scenery=1
No time: Array
(
)

               total    1  0.944
                curl    1  0.944
          parseTimes    1  0.000

Something wrong with it: LOADING OK

Errors: Array
(
)
Status: LOADING OK, Next Run: 2018-02-23 07:03:00
https://uslugi.mosreg.ru/zdrav/doctor_appointment/doctor/0901052/2485/2018-03-08?scenery=1
No time: Array
(
)

               total    1  0.610
                curl    1  0.610
          parseTimes    1  0.000

Something wrong with it: LOADING OK

Errors: Array
(
)
Status: LOADING OK, Next Run: 2018-02-23 07:03:04
https://uslugi.mosreg.ru/zdrav/doctor_appointment/doctor/0901052/2485/2018-03-08?scenery=1
No time: Array
(
)

               total    1  0.803
                curl    1  0.803
          parseTimes    1  0.000

Something wrong with it: LOADING OK

Errors: Array
(
)
Status: LOADING OK, Next Run: 2018-02-23 07:03:09
https://uslugi.mosreg.ru/zdrav/doctor_appointment/doctor/0901052/2485/2018-03-08?scenery=1
No time: Array
(
)

               total    1  0.557
                curl    1  0.556
          parseTimes    1  0.000

Something wrong with it: LOADING OK

Errors: Array
(
)
Status: LOADING OK, Next Run: 2018-02-23 07:03:14
https://uslugi.mosreg.ru/zdrav/doctor_appointment/doctor/0901052/2485/2018-03-08?scenery=1
No time: Array
(
)

               total    1  0.551
                curl    1  0.551
          parseTimes    1  0.000

Something wrong with it: LOADING OK

Errors: Array
(
)
Status: LOADING OK, Next Run: 2018-02-23 07:03:19
https://uslugi.mosreg.ru/zdrav/doctor_appointment/doctor/0901052/2485/2018-03-08?scenery=1
No time: Array
(
)

               total    1  0.569
                curl    1  0.569
          parseTimes    1  0.000

Something wrong with it: LOADING OK

Errors: Array
(
)
Status: LOADING OK, Next Run: 2018-02-23 07:03:24
https://uslugi.mosreg.ru/zdrav/doctor_appointment/doctor/0901052/2485/2018-03-08?scenery=1
No time: Array
(
)

               total    1  0.557
                curl    1  0.557
          parseTimes    1  0.000

Something wrong with it: LOADING OK

Errors: Array
(
)
Status: LOADING OK, Next Run: 2018-02-23 07:03:29
https://uslugi.mosreg.ru/zdrav/doctor_appointment/doctor/0901052/2485/2018-03-08?scenery=1
No time: Array
(
)

               total    1  0.557
                curl    1  0.557
          parseTimes    1  0.000

Something wrong with it: LOADING OK

Errors: Array
(
)
Status: LOADING OK, Next Run: 2018-02-23 07:03:34
https://uslugi.mosreg.ru/zdrav/doctor_appointment/doctor/0901052/2485/2018-03-08?scenery=1
No time: Array
(
)

               total    1  0.556
                curl    1  0.556
          parseTimes    1  0.000

Something wrong with it: LOADING OK

Errors: Array
(
)
Status: LOADING OK, Next Run: 2018-02-23 07:03:39
https://uslugi.mosreg.ru/zdrav/doctor_appointment/doctor/0901052/2485/2018-03-08?scenery=1
No time: Array
(
)

               total    1  0.553
                curl    1  0.553
          parseTimes    1  0.000

Something wrong with it: LOADING OK

Errors: Array
(
)
Status: LOADING OK, Next Run: 2018-02-23 07:03:44
https://uslugi.mosreg.ru/zdrav/doctor_appointment/doctor/0901052/2485/2018-03-08?scenery=1
No time: Array
(
)

               total    1  0.565
                curl    1  0.564
          parseTimes    1  0.000

Something wrong with it: LOADING OK

Errors: Array
(
)
Status: LOADING OK, Next Run: 2018-02-23 07:03:49
https://uslugi.mosreg.ru/zdrav/doctor_appointment/doctor/0901052/2485/2018-03-08?scenery=1
No time: Array
(
)

               total    1  0.558
                curl    1  0.558
          parseTimes    1  0.000

Something wrong with it: LOADING OK

Errors: Array
(
)
Status: LOADING OK, Next Run: 2018-02-23 07:03:54
https://uslugi.mosreg.ru/zdrav/doctor_appointment/doctor/0901052/2485/2018-03-08?scenery=1
No time: Array
(
)

               total    1  0.572
                curl    1  0.572
          parseTimes    1  0.000

Something wrong with it: LOADING OK

Errors: Array
(
)
Status: LOADING OK, Next Run: 2018-02-23 07:03:59
https://uslugi.mosreg.ru/zdrav/doctor_appointment/doctor/0901052/2485/2018-03-08?scenery=1
No time: Array
(
)

               total    1  0.558
                curl    1  0.557
          parseTimes    1  0.000

Something wrong with it: LOADING OK

Errors: Array
(
)
Status: LOADING OK, Next Run: 2018-02-23 07:04:04
https://uslugi.mosreg.ru/zdrav/doctor_appointment/doctor/0901052/2485/2018-03-08?scenery=1
No time: Array
(
)

               total    1  0.573
                curl    1  0.573
          parseTimes    1  0.000

Something wrong with it: LOADING OK

Errors: Array
(
)
Status: LOADING OK, Next Run: 2018-02-23 07:04:09
https://uslugi.mosreg.ru/zdrav/doctor_appointment/doctor/0901052/2485/2018-03-08?scenery=1
No time: Array
(
)

               total    1  0.556
                curl    1  0.556
          parseTimes    1  0.000

Something wrong with it: LOADING OK

Errors: Array
(
)
Status: LOADING OK, Next Run: 2018-02-23 07:04:14
https://uslugi.mosreg.ru/zdrav/doctor_appointment/doctor/0901052/2485/2018-03-08?scenery=1
No time: Array
(
)

               total    1  0.558
                curl    1  0.558
          parseTimes    1  0.000

Something wrong with it: LOADING OK

Errors: Array
(
)
Status: LOADING OK, Next Run: 2018-02-23 07:04:19
https://uslugi.mosreg.ru/zdrav/doctor_appointment/doctor/0901052/2485/2018-03-08?scenery=1
No time: Array
(
)

               total    1  0.564
                curl    1  0.564
          parseTimes    1  0.000

Something wrong with it: LOADING OK

Errors: Array
(
)
Status: LOADING OK, Next Run: 2018-02-23 07:04:24
https://uslugi.mosreg.ru/zdrav/doctor_appointment/doctor/0901052/2485/2018-03-08?scenery=1
No time: Array
(
)

               total    1  0.550
                curl    1  0.550
          parseTimes    1  0.000

Something wrong with it: LOADING OK

Errors: Array
(
)
Status: LOADING OK, Next Run: 2018-02-23 07:04:29
https://uslugi.mosreg.ru/zdrav/doctor_appointment/doctor/0901052/2485/2018-03-08?scenery=1
No time: Array
(
)

               total    1  0.574
                curl    1  0.574
          parseTimes    1  0.000

Something wrong with it: LOADING OK

Errors: Array
(
)
Status: LOADING OK, Next Run: 2018-02-23 07:04:34
https://uslugi.mosreg.ru/zdrav/doctor_appointment/doctor/0901052/2485/2018-03-08?scenery=1
No time: Array
(
)

               total    1  0.574
                curl    1  0.574
          parseTimes    1  0.000

Something wrong with it: LOADING OK

Errors: Array
(
)
Status: LOADING OK, Next Run: 2018-02-23 07:04:39
https://uslugi.mosreg.ru/zdrav/doctor_appointment/doctor/0901052/2485/2018-03-08?scenery=1
No time: Array
(
)

               total    1  0.571
                curl    1  0.571
          parseTimes    1  0.000

Something wrong with it: LOADING OK

Errors: Array
(
)
Status: LOADING OK, Next Run: 2018-02-23 07:04:44
https://uslugi.mosreg.ru/zdrav/doctor_appointment/doctor/0901052/2485/2018-03-08?scenery=1
No time: Array
(
)

               total    1  0.571
                curl    1  0.571
          parseTimes    1  0.000

Something wrong with it: LOADING OK

Errors: Array
(
)
Status: LOADING OK, Next Run: 2018-02-23 07:04:49
https://uslugi.mosreg.ru/zdrav/doctor_appointment/doctor/0901052/2485/2018-03-08?scenery=1
No time: Array
(
)

               total    1  0.581
                curl    1  0.581
          parseTimes    1  0.000

Something wrong with it: LOADING OK

Errors: Array
(
)
Status: LOADING OK, Next Run: 2018-02-23 07:04:54
https://uslugi.mosreg.ru/zdrav/doctor_appointment/doctor/0901052/2485/2018-03-08?scenery=1
No time: Array
(
)

               total    1  0.570
                curl    1  0.570
          parseTimes    1  0.000

Something wrong with it: LOADING OK

Errors: Array
(
)
Status: LOADING OK, Next Run: 2018-02-23 07:04:59
https://uslugi.mosreg.ru/zdrav/doctor_appointment/doctor/0901052/2485/2018-03-08?scenery=1
No time: Array
(
)

               total    1  1.071
                curl    1  1.070
          parseTimes    1  0.000

Something wrong with it: LOADING OK

Errors: Array
(
)
Time is over: 2018-02-23 07:05:00
