2016-10-04 14:54:49 wait until 2016-10-04 20:58:00 sec: 21791, 1475603880, 1475582089  sleep: 6.0530555555556
https://uslugi.mosreg.ru/zdrav/doctor_appointment/doctor/0901052/1330/2016-10-18?scenery=1
No time: Array
(
)

               total    1  0.363
                curl    1  0.363
          parseTimes    1  0.000

Status: TIME NOT OPENED, Next Run: 2016-10-04 20:58:05
https://uslugi.mosreg.ru/zdrav/doctor_appointment/doctor/0901052/1330/2016-10-18?scenery=1
No time: Array
(
)

               total    1 20.106
                curl    1 20.106
          parseTimes    1  0.000

Status: NO TIME, Next Run: 2016-10-04 20:58:25
https://uslugi.mosreg.ru/zdrav/doctor_appointment/doctor/0901052/1330/2016-10-18?scenery=1
No time: Array
(
)

               total    1  0.068
                curl    1  0.067
          parseTimes    1  0.000

Status: TIME NOT OPENED, Next Run: 2016-10-04 20:58:30
https://uslugi.mosreg.ru/zdrav/doctor_appointment/doctor/0901052/1330/2016-10-18?scenery=1
No time: Array
(
)

               total    1  0.066
                curl    1  0.066
          parseTimes    1  0.000

Status: TIME NOT OPENED, Next Run: 2016-10-04 20:58:35
https://uslugi.mosreg.ru/zdrav/doctor_appointment/doctor/0901052/1330/2016-10-18?scenery=1
No time: Array
(
)

               total    1  0.066
                curl    1  0.066
          parseTimes    1  0.000

Status: TIME NOT OPENED, Next Run: 2016-10-04 20:58:40
https://uslugi.mosreg.ru/zdrav/doctor_appointment/doctor/0901052/1330/2016-10-18?scenery=1
No time: Array
(
)

               total    1  0.070
                curl    1  0.070
          parseTimes    1  0.000

Status: TIME NOT OPENED, Next Run: 2016-10-04 20:58:45
https://uslugi.mosreg.ru/zdrav/doctor_appointment/doctor/0901052/1330/2016-10-18?scenery=1
No time: Array
(
)

               total    1  0.070
                curl    1  0.070
          parseTimes    1  0.000

Status: TIME NOT OPENED, Next Run: 2016-10-04 20:58:50
https://uslugi.mosreg.ru/zdrav/doctor_appointment/doctor/0901052/1330/2016-10-18?scenery=1
No time: Array
(
)

               total    1 20.005
                curl    1 20.005
          parseTimes    1  0.000

Status: NO TIME, Next Run: 2016-10-04 20:59:10
https://uslugi.mosreg.ru/zdrav/doctor_appointment/doctor/0901052/1330/2016-10-18?scenery=1
No time: Array
(
)

               total    1  0.080
                curl    1  0.080
          parseTimes    1  0.000

Status: TIME NOT OPENED, Next Run: 2016-10-04 20:59:15
https://uslugi.mosreg.ru/zdrav/doctor_appointment/doctor/0901052/1330/2016-10-18?scenery=1
Have found free time: 3142308 in ranges:Array
(
    [0] => Array
        (
        )

    [1] => Array
        (
        )

    [2] => Array
        (
        )

    [3] => Array
        (
        )

    [4] => Array
        (
        )

    [5] => Array
        (
            [3142307] => 15:10
            [3142308] => 15:20
            [3142309] => 15:30
            [3142310] => 15:40
            [3142312] => 16:00
            [3142313] => 16:10
            [3142314] => 16:20
            [3142315] => 16:30
            [3142316] => 16:40
            [3142318] => 17:00
        )

    [6] => Array
        (
            [3142306] => 15:00
            [3142319] => 17:10
            [3142320] => 17:20
            [3142321] => 17:30
            [3142322] => 17:40
        )

)

https://uslugi.mosreg.ru/zdrav/doctor_appointment/submit
https://uslugi.mosreg.ru/zdrav/doctor_appointment/create_visit
               total    1 39.994
                curl    3 39.993
          parseTimes    1  0.000
          parseLogin    1  0.000
    parseCreateVisit    1  0.000

Something wrong with it: ERROR LOADING

Errors: Array
(
    [times] => <!DOCTYPE html>
<html class="no-js"><!--<![endif]-->
<head>
  <meta http-equiv="Content-Type" content="text/html; charset=UTF-8">
  <meta http-equiv="X-UA-Compatible" content="IE=edge,chrome=1">
  <title>Страница не доступна - Портал государственных и муниципальных услуг Московсковской области</title>

  <meta http-equiv="cleartype" content="on">
  <link rel="icon" href="https://uslugi.mosreg.ru/errors/images/sunshine/favicon.ico" type="image/x-icon">
  <link rel="shortcut icon" href="https://uslugi.mosreg.ru/errors/images/sunshine/favicon.ico" type="image/x-icon">
  <link rel="image_src" href="https://uslugi.mosreg.ru/errors/images/sunshine/og/image-src.jpg">

  <meta itemprop="name" content="Страница не существует">
  <meta itemprop="description" content="Страница не существует">
  <meta itemprop="image" content="https://uslugi.mosreg.ru/errors/images/sunshine/og/image-src.jpg">

  <meta id="metaViewport" name="viewport" content="width=device-width">

  <link rel="stylesheet" href="https://uslugi.mosreg.ru/errors/styles/sunshine/fonts.css">
  <link rel="stylesheet" href="https://uslugi.mosreg.ru/errors/styles/sunshine/bootstrap.css">
  <link rel="stylesheet" href="https://uslugi.mosreg.ru/errors/styles/sunshine/main.css">
  <link rel="stylesheet" href="https://uslugi.mosreg.ru/errors/styles/sunshine/responsive.css">
</head>
<body>
<div class="bg-portal"></div>
<!--[if lt IE 9]>
<p id="browsehappy">Вы используете <strong>устаревшую</strong> версию браузера.
  <br/>Пожалуйста <a style="text-decoration:underline;color:initial" href="http://browsehappy.com/">обновите свой
    браузер</a>,
  <br/>чтобы ощутить все преимущества и достоинства современного портала услуг Московской области.</p>
<![endif]-->

<div class="wrapper bg height-lock width-lock">
  <section class="section main width-lock">
    <div class="row-fluid vertical">
      <div class="bxLogo">
        <a class="logo" href="/">
          Портал государственных и&nbsp;муниципальных услуг<span class="subtitle">Московсковской области</span>
        </a>
      </div>
          <!-- pubstatic -->
          <div class="g-error">

            <div class="g-error-title">
              <p class="g-error-title-text">Портал услуг временно недоступен</p>
            </div>

            <div class="g-error-text">
              <p>На данный момент портал услуг недоступен по&nbsp;техническим&nbsp;причинам.<br>
                <br />Приносим свои извинения за доставленные неудобства.<br/>
                Пожалуйста, попробуйте <a href="#" onclick="location.reload();return false;">еще раз</a> или вернитесь
                <a href="#" onclick="history.back(-1);return false;">назад</a>.
              </p>
            </div>

            <div class="g-error-action">
              <a class="btn btn-danger" href="/">перейти на главную</a>
            </div>
          </div>

    </div>
  </section>
</div>


</body>
</html>

    [login] => <!DOCTYPE html>
<html class="no-js"><!--<![endif]-->
<head>
  <meta http-equiv="Content-Type" content="text/html; charset=UTF-8">
  <meta http-equiv="X-UA-Compatible" content="IE=edge,chrome=1">
  <title>Страница не доступна - Портал государственных и муниципальных услуг Московсковской области</title>

  <meta http-equiv="cleartype" content="on">
  <link rel="icon" href="https://uslugi.mosreg.ru/errors/images/sunshine/favicon.ico" type="image/x-icon">
  <link rel="shortcut icon" href="https://uslugi.mosreg.ru/errors/images/sunshine/favicon.ico" type="image/x-icon">
  <link rel="image_src" href="https://uslugi.mosreg.ru/errors/images/sunshine/og/image-src.jpg">

  <meta itemprop="name" content="Страница не существует">
  <meta itemprop="description" content="Страница не существует">
  <meta itemprop="image" content="https://uslugi.mosreg.ru/errors/images/sunshine/og/image-src.jpg">

  <meta id="metaViewport" name="viewport" content="width=device-width">

  <link rel="stylesheet" href="https://uslugi.mosreg.ru/errors/styles/sunshine/fonts.css">
  <link rel="stylesheet" href="https://uslugi.mosreg.ru/errors/styles/sunshine/bootstrap.css">
  <link rel="stylesheet" href="https://uslugi.mosreg.ru/errors/styles/sunshine/main.css">
  <link rel="stylesheet" href="https://uslugi.mosreg.ru/errors/styles/sunshine/responsive.css">
</head>
<body>
<div class="bg-portal"></div>
<!--[if lt IE 9]>
<p id="browsehappy">Вы используете <strong>устаревшую</strong> версию браузера.
  <br/>Пожалуйста <a style="text-decoration:underline;color:initial" href="http://browsehappy.com/">обновите свой
    браузер</a>,
  <br/>чтобы ощутить все преимущества и достоинства современного портала услуг Московской области.</p>
<![endif]-->

<div class="wrapper bg height-lock width-lock">
  <section class="section main width-lock">
    <div class="row-fluid vertical">
      <div class="bxLogo">
        <a class="logo" href="/">
          Портал государственных и&nbsp;муниципальных услуг<span class="subtitle">Московсковской области</span>
        </a>
      </div>
          <!-- pubstatic -->
          <div class="g-error">

            <div class="g-error-title">
              <p class="g-error-title-text">Портал услуг временно недоступен</p>
            </div>

            <div class="g-error-text">
              <p>На данный момент портал услуг недоступен по&nbsp;техническим&nbsp;причинам.<br>
                <br />Приносим свои извинения за доставленные неудобства.<br/>
                Пожалуйста, попробуйте <a href="#" onclick="location.reload();return false;">еще раз</a> или вернитесь
                <a href="#" onclick="history.back(-1);return false;">назад</a>.
              </p>
            </div>

            <div class="g-error-action">
              <a class="btn btn-danger" href="/">перейти на главную</a>
            </div>
          </div>

    </div>
  </section>
</div>


</body>
</html>

    [create_visit] => <!DOCTYPE html>
<html class="no-js"><!--<![endif]-->
<head>
  <meta http-equiv="Content-Type" content="text/html; charset=UTF-8">
  <meta http-equiv="X-UA-Compatible" content="IE=edge,chrome=1">
  <title>Страница не доступна - Портал государственных и муниципальных услуг Московсковской области</title>

  <meta http-equiv="cleartype" content="on">
  <link rel="icon" href="https://uslugi.mosreg.ru/errors/images/sunshine/favicon.ico" type="image/x-icon">
  <link rel="shortcut icon" href="https://uslugi.mosreg.ru/errors/images/sunshine/favicon.ico" type="image/x-icon">
  <link rel="image_src" href="https://uslugi.mosreg.ru/errors/images/sunshine/og/image-src.jpg">

  <meta itemprop="name" content="Страница не существует">
  <meta itemprop="description" content="Страница не существует">
  <meta itemprop="image" content="https://uslugi.mosreg.ru/errors/images/sunshine/og/image-src.jpg">

  <meta id="metaViewport" name="viewport" content="width=device-width">

  <link rel="stylesheet" href="https://uslugi.mosreg.ru/errors/styles/sunshine/fonts.css">
  <link rel="stylesheet" href="https://uslugi.mosreg.ru/errors/styles/sunshine/bootstrap.css">
  <link rel="stylesheet" href="https://uslugi.mosreg.ru/errors/styles/sunshine/main.css">
  <link rel="stylesheet" href="https://uslugi.mosreg.ru/errors/styles/sunshine/responsive.css">
</head>
<body>
<div class="bg-portal"></div>
<!--[if lt IE 9]>
<p id="browsehappy">Вы используете <strong>устаревшую</strong> версию браузера.
  <br/>Пожалуйста <a style="text-decoration:underline;color:initial" href="http://browsehappy.com/">обновите свой
    браузер</a>,
  <br/>чтобы ощутить все преимущества и достоинства современного портала услуг Московской области.</p>
<![endif]-->

<div class="wrapper bg height-lock width-lock">
  <section class="section main width-lock">
    <div class="row-fluid vertical">
      <div class="bxLogo">
        <a class="logo" href="/">
          Портал государственных и&nbsp;муниципальных услуг<span class="subtitle">Московсковской области</span>
        </a>
      </div>
          <!-- pubstatic -->
          <div class="g-error">

            <div class="g-error-title">
              <p class="g-error-title-text">Портал услуг временно недоступен</p>
            </div>

            <div class="g-error-text">
              <p>На данный момент портал услуг недоступен по&nbsp;техническим&nbsp;причинам.<br>
                <br />Приносим свои извинения за доставленные неудобства.<br/>
                Пожалуйста, попробуйте <a href="#" onclick="location.reload();return false;">еще раз</a> или вернитесь
                <a href="#" onclick="history.back(-1);return false;">назад</a>.
              </p>
            </div>

            <div class="g-error-action">
              <a class="btn btn-danger" href="/">перейти на главную</a>
            </div>
          </div>

    </div>
  </section>
</div>


</body>
</html>

)
Status: ERROR LOADING, Next Run: 2016-10-04 20:59:55
https://uslugi.mosreg.ru/zdrav/doctor_appointment/doctor/0901052/1330/2016-10-18?scenery=1
Have found free time: 3142308 in ranges:Array
(
    [0] => Array
        (
        )

    [1] => Array
        (
        )

    [2] => Array
        (
        )

    [3] => Array
        (
        )

    [4] => Array
        (
        )

    [5] => Array
        (
            [3142307] => 15:10
            [3142308] => 15:20
            [3142309] => 15:30
            [3142310] => 15:40
            [3142312] => 16:00
            [3142313] => 16:10
            [3142314] => 16:20
            [3142315] => 16:30
            [3142316] => 16:40
            [3142318] => 17:00
        )

    [6] => Array
        (
            [3142306] => 15:00
            [3142319] => 17:10
            [3142320] => 17:20
            [3142321] => 17:30
            [3142322] => 17:40
        )

)

https://uslugi.mosreg.ru/zdrav/doctor_appointment/submit
https://uslugi.mosreg.ru/zdrav/doctor_appointment/create_visit
               total    1 20.100
                curl    3 20.099
          parseTimes    1  0.000
          parseLogin    1  0.001
    parseCreateVisit    1  0.000

Something wrong with it: ERROR LOADING

Errors: Array
(
    [times] => <!DOCTYPE html>
<html class="no-js"><!--<![endif]-->
<head>
  <meta http-equiv="Content-Type" content="text/html; charset=UTF-8">
  <meta http-equiv="X-UA-Compatible" content="IE=edge,chrome=1">
  <title>Страница не доступна - Портал государственных и муниципальных услуг Московсковской области</title>

  <meta http-equiv="cleartype" content="on">
  <link rel="icon" href="https://uslugi.mosreg.ru/errors/images/sunshine/favicon.ico" type="image/x-icon">
  <link rel="shortcut icon" href="https://uslugi.mosreg.ru/errors/images/sunshine/favicon.ico" type="image/x-icon">
  <link rel="image_src" href="https://uslugi.mosreg.ru/errors/images/sunshine/og/image-src.jpg">

  <meta itemprop="name" content="Страница не существует">
  <meta itemprop="description" content="Страница не существует">
  <meta itemprop="image" content="https://uslugi.mosreg.ru/errors/images/sunshine/og/image-src.jpg">

  <meta id="metaViewport" name="viewport" content="width=device-width">

  <link rel="stylesheet" href="https://uslugi.mosreg.ru/errors/styles/sunshine/fonts.css">
  <link rel="stylesheet" href="https://uslugi.mosreg.ru/errors/styles/sunshine/bootstrap.css">
  <link rel="stylesheet" href="https://uslugi.mosreg.ru/errors/styles/sunshine/main.css">
  <link rel="stylesheet" href="https://uslugi.mosreg.ru/errors/styles/sunshine/responsive.css">
</head>
<body>
<div class="bg-portal"></div>
<!--[if lt IE 9]>
<p id="browsehappy">Вы используете <strong>устаревшую</strong> версию браузера.
  <br/>Пожалуйста <a style="text-decoration:underline;color:initial" href="http://browsehappy.com/">обновите свой
    браузер</a>,
  <br/>чтобы ощутить все преимущества и достоинства современного портала услуг Московской области.</p>
<![endif]-->

<div class="wrapper bg height-lock width-lock">
  <section class="section main width-lock">
    <div class="row-fluid vertical">
      <div class="bxLogo">
        <a class="logo" href="/">
          Портал государственных и&nbsp;муниципальных услуг<span class="subtitle">Московсковской области</span>
        </a>
      </div>
          <!-- pubstatic -->
          <div class="g-error">

            <div class="g-error-title">
              <p class="g-error-title-text">Портал услуг временно недоступен</p>
            </div>

            <div class="g-error-text">
              <p>На данный момент портал услуг недоступен по&nbsp;техническим&nbsp;причинам.<br>
                <br />Приносим свои извинения за доставленные неудобства.<br/>
                Пожалуйста, попробуйте <a href="#" onclick="location.reload();return false;">еще раз</a> или вернитесь
                <a href="#" onclick="history.back(-1);return false;">назад</a>.
              </p>
            </div>

            <div class="g-error-action">
              <a class="btn btn-danger" href="/">перейти на главную</a>
            </div>
          </div>

    </div>
  </section>
</div>


</body>
</html>

    [login] => <!DOCTYPE html>
<html class="no-js"><!--<![endif]-->
<head>
  <meta http-equiv="Content-Type" content="text/html; charset=UTF-8">
  <meta http-equiv="X-UA-Compatible" content="IE=edge,chrome=1">
  <title>Страница не доступна - Портал государственных и муниципальных услуг Московсковской области</title>

  <meta http-equiv="cleartype" content="on">
  <link rel="icon" href="https://uslugi.mosreg.ru/errors/images/sunshine/favicon.ico" type="image/x-icon">
  <link rel="shortcut icon" href="https://uslugi.mosreg.ru/errors/images/sunshine/favicon.ico" type="image/x-icon">
  <link rel="image_src" href="https://uslugi.mosreg.ru/errors/images/sunshine/og/image-src.jpg">

  <meta itemprop="name" content="Страница не существует">
  <meta itemprop="description" content="Страница не существует">
  <meta itemprop="image" content="https://uslugi.mosreg.ru/errors/images/sunshine/og/image-src.jpg">

  <meta id="metaViewport" name="viewport" content="width=device-width">

  <link rel="stylesheet" href="https://uslugi.mosreg.ru/errors/styles/sunshine/fonts.css">
  <link rel="stylesheet" href="https://uslugi.mosreg.ru/errors/styles/sunshine/bootstrap.css">
  <link rel="stylesheet" href="https://uslugi.mosreg.ru/errors/styles/sunshine/main.css">
  <link rel="stylesheet" href="https://uslugi.mosreg.ru/errors/styles/sunshine/responsive.css">
</head>
<body>
<div class="bg-portal"></div>
<!--[if lt IE 9]>
<p id="browsehappy">Вы используете <strong>устаревшую</strong> версию браузера.
  <br/>Пожалуйста <a style="text-decoration:underline;color:initial" href="http://browsehappy.com/">обновите свой
    браузер</a>,
  <br/>чтобы ощутить все преимущества и достоинства современного портала услуг Московской области.</p>
<![endif]-->

<div class="wrapper bg height-lock width-lock">
  <section class="section main width-lock">
    <div class="row-fluid vertical">
      <div class="bxLogo">
        <a class="logo" href="/">
          Портал государственных и&nbsp;муниципальных услуг<span class="subtitle">Московсковской области</span>
        </a>
      </div>
          <!-- pubstatic -->
          <div class="g-error">

            <div class="g-error-title">
              <p class="g-error-title-text">Портал услуг временно недоступен</p>
            </div>

            <div class="g-error-text">
              <p>На данный момент портал услуг недоступен по&nbsp;техническим&nbsp;причинам.<br>
                <br />Приносим свои извинения за доставленные неудобства.<br/>
                Пожалуйста, попробуйте <a href="#" onclick="location.reload();return false;">еще раз</a> или вернитесь
                <a href="#" onclick="history.back(-1);return false;">назад</a>.
              </p>
            </div>

            <div class="g-error-action">
              <a class="btn btn-danger" href="/">перейти на главную</a>
            </div>
          </div>

    </div>
  </section>
</div>


</body>
</html>

    [create_visit] => <!DOCTYPE html>
<html class="no-js"><!--<![endif]-->
<head>
  <meta http-equiv="Content-Type" content="text/html; charset=UTF-8">
  <meta http-equiv="X-UA-Compatible" content="IE=edge,chrome=1">
  <title>Страница не доступна - Портал государственных и муниципальных услуг Московсковской области</title>

  <meta http-equiv="cleartype" content="on">
  <link rel="icon" href="https://uslugi.mosreg.ru/errors/images/sunshine/favicon.ico" type="image/x-icon">
  <link rel="shortcut icon" href="https://uslugi.mosreg.ru/errors/images/sunshine/favicon.ico" type="image/x-icon">
  <link rel="image_src" href="https://uslugi.mosreg.ru/errors/images/sunshine/og/image-src.jpg">

  <meta itemprop="name" content="Страница не существует">
  <meta itemprop="description" content="Страница не существует">
  <meta itemprop="image" content="https://uslugi.mosreg.ru/errors/images/sunshine/og/image-src.jpg">

  <meta id="metaViewport" name="viewport" content="width=device-width">

  <link rel="stylesheet" href="https://uslugi.mosreg.ru/errors/styles/sunshine/fonts.css">
  <link rel="stylesheet" href="https://uslugi.mosreg.ru/errors/styles/sunshine/bootstrap.css">
  <link rel="stylesheet" href="https://uslugi.mosreg.ru/errors/styles/sunshine/main.css">
  <link rel="stylesheet" href="https://uslugi.mosreg.ru/errors/styles/sunshine/responsive.css">
</head>
<body>
<div class="bg-portal"></div>
<!--[if lt IE 9]>
<p id="browsehappy">Вы используете <strong>устаревшую</strong> версию браузера.
  <br/>Пожалуйста <a style="text-decoration:underline;color:initial" href="http://browsehappy.com/">обновите свой
    браузер</a>,
  <br/>чтобы ощутить все преимущества и достоинства современного портала услуг Московской области.</p>
<![endif]-->

<div class="wrapper bg height-lock width-lock">
  <section class="section main width-lock">
    <div class="row-fluid vertical">
      <div class="bxLogo">
        <a class="logo" href="/">
          Портал государственных и&nbsp;муниципальных услуг<span class="subtitle">Московсковской области</span>
        </a>
      </div>
          <!-- pubstatic -->
          <div class="g-error">

            <div class="g-error-title">
              <p class="g-error-title-text">Портал услуг временно недоступен</p>
            </div>

            <div class="g-error-text">
              <p>На данный момент портал услуг недоступен по&nbsp;техническим&nbsp;причинам.<br>
                <br />Приносим свои извинения за доставленные неудобства.<br/>
                Пожалуйста, попробуйте <a href="#" onclick="location.reload();return false;">еще раз</a> или вернитесь
                <a href="#" onclick="history.back(-1);return false;">назад</a>.
              </p>
            </div>

            <div class="g-error-action">
              <a class="btn btn-danger" href="/">перейти на главную</a>
            </div>
          </div>

    </div>
  </section>
</div>


</body>
</html>

)
Status: ERROR LOADING, Next Run: 2016-10-04 21:00:15
https://uslugi.mosreg.ru/zdrav/doctor_appointment/doctor/0901052/1330/2016-10-18?scenery=1
Have found free time: 3142309 in ranges:Array
(
    [0] => Array
        (
        )

    [1] => Array
        (
        )

    [2] => Array
        (
        )

    [3] => Array
        (
        )

    [4] => Array
        (
        )

    [5] => Array
        (
            [3142307] => 15:10
            [3142308] => 15:20
            [3142309] => 15:30
            [3142310] => 15:40
            [3142312] => 16:00
            [3142313] => 16:10
            [3142314] => 16:20
            [3142315] => 16:30
            [3142316] => 16:40
            [3142318] => 17:00
        )

    [6] => Array
        (
            [3142306] => 15:00
            [3142319] => 17:10
            [3142320] => 17:20
            [3142321] => 17:30
            [3142322] => 17:40
        )

)

https://uslugi.mosreg.ru/zdrav/doctor_appointment/create_visit
               total    1 20.100
                curl    2 20.099
          parseTimes    1  0.000
    parseCreateVisit    1  0.000

Something wrong with it: ERROR LOADING

Errors: Array
(
    [times] => <!DOCTYPE html>
<html class="no-js"><!--<![endif]-->
<head>
  <meta http-equiv="Content-Type" content="text/html; charset=UTF-8">
  <meta http-equiv="X-UA-Compatible" content="IE=edge,chrome=1">
  <title>Страница не доступна - Портал государственных и муниципальных услуг Московсковской области</title>

  <meta http-equiv="cleartype" content="on">
  <link rel="icon" href="https://uslugi.mosreg.ru/errors/images/sunshine/favicon.ico" type="image/x-icon">
  <link rel="shortcut icon" href="https://uslugi.mosreg.ru/errors/images/sunshine/favicon.ico" type="image/x-icon">
  <link rel="image_src" href="https://uslugi.mosreg.ru/errors/images/sunshine/og/image-src.jpg">

  <meta itemprop="name" content="Страница не существует">
  <meta itemprop="description" content="Страница не существует">
  <meta itemprop="image" content="https://uslugi.mosreg.ru/errors/images/sunshine/og/image-src.jpg">

  <meta id="metaViewport" name="viewport" content="width=device-width">

  <link rel="stylesheet" href="https://uslugi.mosreg.ru/errors/styles/sunshine/fonts.css">
  <link rel="stylesheet" href="https://uslugi.mosreg.ru/errors/styles/sunshine/bootstrap.css">
  <link rel="stylesheet" href="https://uslugi.mosreg.ru/errors/styles/sunshine/main.css">
  <link rel="stylesheet" href="https://uslugi.mosreg.ru/errors/styles/sunshine/responsive.css">
</head>
<body>
<div class="bg-portal"></div>
<!--[if lt IE 9]>
<p id="browsehappy">Вы используете <strong>устаревшую</strong> версию браузера.
  <br/>Пожалуйста <a style="text-decoration:underline;color:initial" href="http://browsehappy.com/">обновите свой
    браузер</a>,
  <br/>чтобы ощутить все преимущества и достоинства современного портала услуг Московской области.</p>
<![endif]-->

<div class="wrapper bg height-lock width-lock">
  <section class="section main width-lock">
    <div class="row-fluid vertical">
      <div class="bxLogo">
        <a class="logo" href="/">
          Портал государственных и&nbsp;муниципальных услуг<span class="subtitle">Московсковской области</span>
        </a>
      </div>
          <!-- pubstatic -->
          <div class="g-error">

            <div class="g-error-title">
              <p class="g-error-title-text">Портал услуг временно недоступен</p>
            </div>

            <div class="g-error-text">
              <p>На данный момент портал услуг недоступен по&nbsp;техническим&nbsp;причинам.<br>
                <br />Приносим свои извинения за доставленные неудобства.<br/>
                Пожалуйста, попробуйте <a href="#" onclick="location.reload();return false;">еще раз</a> или вернитесь
                <a href="#" onclick="history.back(-1);return false;">назад</a>.
              </p>
            </div>

            <div class="g-error-action">
              <a class="btn btn-danger" href="/">перейти на главную</a>
            </div>
          </div>

    </div>
  </section>
</div>


</body>
</html>

    [login] => <!DOCTYPE html>
<html class="no-js"><!--<![endif]-->
<head>
  <meta http-equiv="Content-Type" content="text/html; charset=UTF-8">
  <meta http-equiv="X-UA-Compatible" content="IE=edge,chrome=1">
  <title>Страница не доступна - Портал государственных и муниципальных услуг Московсковской области</title>

  <meta http-equiv="cleartype" content="on">
  <link rel="icon" href="https://uslugi.mosreg.ru/errors/images/sunshine/favicon.ico" type="image/x-icon">
  <link rel="shortcut icon" href="https://uslugi.mosreg.ru/errors/images/sunshine/favicon.ico" type="image/x-icon">
  <link rel="image_src" href="https://uslugi.mosreg.ru/errors/images/sunshine/og/image-src.jpg">

  <meta itemprop="name" content="Страница не существует">
  <meta itemprop="description" content="Страница не существует">
  <meta itemprop="image" content="https://uslugi.mosreg.ru/errors/images/sunshine/og/image-src.jpg">

  <meta id="metaViewport" name="viewport" content="width=device-width">

  <link rel="stylesheet" href="https://uslugi.mosreg.ru/errors/styles/sunshine/fonts.css">
  <link rel="stylesheet" href="https://uslugi.mosreg.ru/errors/styles/sunshine/bootstrap.css">
  <link rel="stylesheet" href="https://uslugi.mosreg.ru/errors/styles/sunshine/main.css">
  <link rel="stylesheet" href="https://uslugi.mosreg.ru/errors/styles/sunshine/responsive.css">
</head>
<body>
<div class="bg-portal"></div>
<!--[if lt IE 9]>
<p id="browsehappy">Вы используете <strong>устаревшую</strong> версию браузера.
  <br/>Пожалуйста <a style="text-decoration:underline;color:initial" href="http://browsehappy.com/">обновите свой
    браузер</a>,
  <br/>чтобы ощутить все преимущества и достоинства современного портала услуг Московской области.</p>
<![endif]-->

<div class="wrapper bg height-lock width-lock">
  <section class="section main width-lock">
    <div class="row-fluid vertical">
      <div class="bxLogo">
        <a class="logo" href="/">
          Портал государственных и&nbsp;муниципальных услуг<span class="subtitle">Московсковской области</span>
        </a>
      </div>
          <!-- pubstatic -->
          <div class="g-error">

            <div class="g-error-title">
              <p class="g-error-title-text">Портал услуг временно недоступен</p>
            </div>

            <div class="g-error-text">
              <p>На данный момент портал услуг недоступен по&nbsp;техническим&nbsp;причинам.<br>
                <br />Приносим свои извинения за доставленные неудобства.<br/>
                Пожалуйста, попробуйте <a href="#" onclick="location.reload();return false;">еще раз</a> или вернитесь
                <a href="#" onclick="history.back(-1);return false;">назад</a>.
              </p>
            </div>

            <div class="g-error-action">
              <a class="btn btn-danger" href="/">перейти на главную</a>
            </div>
          </div>

    </div>
  </section>
</div>


</body>
</html>

    [create_visit] => <!DOCTYPE html>
<html class="no-js"><!--<![endif]-->
<head>
  <meta http-equiv="Content-Type" content="text/html; charset=UTF-8">
  <meta http-equiv="X-UA-Compatible" content="IE=edge,chrome=1">
  <title>Страница не доступна - Портал государственных и муниципальных услуг Московсковской области</title>

  <meta http-equiv="cleartype" content="on">
  <link rel="icon" href="https://uslugi.mosreg.ru/errors/images/sunshine/favicon.ico" type="image/x-icon">
  <link rel="shortcut icon" href="https://uslugi.mosreg.ru/errors/images/sunshine/favicon.ico" type="image/x-icon">
  <link rel="image_src" href="https://uslugi.mosreg.ru/errors/images/sunshine/og/image-src.jpg">

  <meta itemprop="name" content="Страница не существует">
  <meta itemprop="description" content="Страница не существует">
  <meta itemprop="image" content="https://uslugi.mosreg.ru/errors/images/sunshine/og/image-src.jpg">

  <meta id="metaViewport" name="viewport" content="width=device-width">

  <link rel="stylesheet" href="https://uslugi.mosreg.ru/errors/styles/sunshine/fonts.css">
  <link rel="stylesheet" href="https://uslugi.mosreg.ru/errors/styles/sunshine/bootstrap.css">
  <link rel="stylesheet" href="https://uslugi.mosreg.ru/errors/styles/sunshine/main.css">
  <link rel="stylesheet" href="https://uslugi.mosreg.ru/errors/styles/sunshine/responsive.css">
</head>
<body>
<div class="bg-portal"></div>
<!--[if lt IE 9]>
<p id="browsehappy">Вы используете <strong>устаревшую</strong> версию браузера.
  <br/>Пожалуйста <a style="text-decoration:underline;color:initial" href="http://browsehappy.com/">обновите свой
    браузер</a>,
  <br/>чтобы ощутить все преимущества и достоинства современного портала услуг Московской области.</p>
<![endif]-->

<div class="wrapper bg height-lock width-lock">
  <section class="section main width-lock">
    <div class="row-fluid vertical">
      <div class="bxLogo">
        <a class="logo" href="/">
          Портал государственных и&nbsp;муниципальных услуг<span class="subtitle">Московсковской области</span>
        </a>
      </div>
          <!-- pubstatic -->
          <div class="g-error">

            <div class="g-error-title">
              <p class="g-error-title-text">Портал услуг временно недоступен</p>
            </div>

            <div class="g-error-text">
              <p>На данный момент портал услуг недоступен по&nbsp;техническим&nbsp;причинам.<br>
                <br />Приносим свои извинения за доставленные неудобства.<br/>
                Пожалуйста, попробуйте <a href="#" onclick="location.reload();return false;">еще раз</a> или вернитесь
                <a href="#" onclick="history.back(-1);return false;">назад</a>.
              </p>
            </div>

            <div class="g-error-action">
              <a class="btn btn-danger" href="/">перейти на главную</a>
            </div>
          </div>

    </div>
  </section>
</div>


</body>
</html>

)
Status: ERROR LOADING, Next Run: 2016-10-04 21:00:35
https://uslugi.mosreg.ru/zdrav/doctor_appointment/doctor/0901052/1330/2016-10-18?scenery=1
Have found free time: 3142309 in ranges:Array
(
    [0] => Array
        (
        )

    [1] => Array
        (
        )

    [2] => Array
        (
        )

    [3] => Array
        (
        )

    [4] => Array
        (
        )

    [5] => Array
        (
            [3142307] => 15:10
            [3142308] => 15:20
            [3142309] => 15:30
            [3142310] => 15:40
            [3142312] => 16:00
            [3142313] => 16:10
            [3142314] => 16:20
            [3142315] => 16:30
            [3142316] => 16:40
            [3142318] => 17:00
        )

    [6] => Array
        (
            [3142306] => 15:00
            [3142319] => 17:10
            [3142320] => 17:20
            [3142321] => 17:30
            [3142322] => 17:40
        )

)

https://uslugi.mosreg.ru/zdrav/doctor_appointment/create_visit
               total    1 40.000
                curl    2 39.999
          parseTimes    1  0.000
    parseCreateVisit    1  0.000

Something wrong with it: ERROR LOADING

Errors: Array
(
    [times] => <!DOCTYPE html>
<html class="no-js"><!--<![endif]-->
<head>
  <meta http-equiv="Content-Type" content="text/html; charset=UTF-8">
  <meta http-equiv="X-UA-Compatible" content="IE=edge,chrome=1">
  <title>Страница не доступна - Портал государственных и муниципальных услуг Московсковской области</title>

  <meta http-equiv="cleartype" content="on">
  <link rel="icon" href="https://uslugi.mosreg.ru/errors/images/sunshine/favicon.ico" type="image/x-icon">
  <link rel="shortcut icon" href="https://uslugi.mosreg.ru/errors/images/sunshine/favicon.ico" type="image/x-icon">
  <link rel="image_src" href="https://uslugi.mosreg.ru/errors/images/sunshine/og/image-src.jpg">

  <meta itemprop="name" content="Страница не существует">
  <meta itemprop="description" content="Страница не существует">
  <meta itemprop="image" content="https://uslugi.mosreg.ru/errors/images/sunshine/og/image-src.jpg">

  <meta id="metaViewport" name="viewport" content="width=device-width">

  <link rel="stylesheet" href="https://uslugi.mosreg.ru/errors/styles/sunshine/fonts.css">
  <link rel="stylesheet" href="https://uslugi.mosreg.ru/errors/styles/sunshine/bootstrap.css">
  <link rel="stylesheet" href="https://uslugi.mosreg.ru/errors/styles/sunshine/main.css">
  <link rel="stylesheet" href="https://uslugi.mosreg.ru/errors/styles/sunshine/responsive.css">
</head>
<body>
<div class="bg-portal"></div>
<!--[if lt IE 9]>
<p id="browsehappy">Вы используете <strong>устаревшую</strong> версию браузера.
  <br/>Пожалуйста <a style="text-decoration:underline;color:initial" href="http://browsehappy.com/">обновите свой
    браузер</a>,
  <br/>чтобы ощутить все преимущества и достоинства современного портала услуг Московской области.</p>
<![endif]-->

<div class="wrapper bg height-lock width-lock">
  <section class="section main width-lock">
    <div class="row-fluid vertical">
      <div class="bxLogo">
        <a class="logo" href="/">
          Портал государственных и&nbsp;муниципальных услуг<span class="subtitle">Московсковской области</span>
        </a>
      </div>
          <!-- pubstatic -->
          <div class="g-error">

            <div class="g-error-title">
              <p class="g-error-title-text">Портал услуг временно недоступен</p>
            </div>

            <div class="g-error-text">
              <p>На данный момент портал услуг недоступен по&nbsp;техническим&nbsp;причинам.<br>
                <br />Приносим свои извинения за доставленные неудобства.<br/>
                Пожалуйста, попробуйте <a href="#" onclick="location.reload();return false;">еще раз</a> или вернитесь
                <a href="#" onclick="history.back(-1);return false;">назад</a>.
              </p>
            </div>

            <div class="g-error-action">
              <a class="btn btn-danger" href="/">перейти на главную</a>
            </div>
          </div>

    </div>
  </section>
</div>


</body>
</html>

    [login] => <!DOCTYPE html>
<html class="no-js"><!--<![endif]-->
<head>
  <meta http-equiv="Content-Type" content="text/html; charset=UTF-8">
  <meta http-equiv="X-UA-Compatible" content="IE=edge,chrome=1">
  <title>Страница не доступна - Портал государственных и муниципальных услуг Московсковской области</title>

  <meta http-equiv="cleartype" content="on">
  <link rel="icon" href="https://uslugi.mosreg.ru/errors/images/sunshine/favicon.ico" type="image/x-icon">
  <link rel="shortcut icon" href="https://uslugi.mosreg.ru/errors/images/sunshine/favicon.ico" type="image/x-icon">
  <link rel="image_src" href="https://uslugi.mosreg.ru/errors/images/sunshine/og/image-src.jpg">

  <meta itemprop="name" content="Страница не существует">
  <meta itemprop="description" content="Страница не существует">
  <meta itemprop="image" content="https://uslugi.mosreg.ru/errors/images/sunshine/og/image-src.jpg">

  <meta id="metaViewport" name="viewport" content="width=device-width">

  <link rel="stylesheet" href="https://uslugi.mosreg.ru/errors/styles/sunshine/fonts.css">
  <link rel="stylesheet" href="https://uslugi.mosreg.ru/errors/styles/sunshine/bootstrap.css">
  <link rel="stylesheet" href="https://uslugi.mosreg.ru/errors/styles/sunshine/main.css">
  <link rel="stylesheet" href="https://uslugi.mosreg.ru/errors/styles/sunshine/responsive.css">
</head>
<body>
<div class="bg-portal"></div>
<!--[if lt IE 9]>
<p id="browsehappy">Вы используете <strong>устаревшую</strong> версию браузера.
  <br/>Пожалуйста <a style="text-decoration:underline;color:initial" href="http://browsehappy.com/">обновите свой
    браузер</a>,
  <br/>чтобы ощутить все преимущества и достоинства современного портала услуг Московской области.</p>
<![endif]-->

<div class="wrapper bg height-lock width-lock">
  <section class="section main width-lock">
    <div class="row-fluid vertical">
      <div class="bxLogo">
        <a class="logo" href="/">
          Портал государственных и&nbsp;муниципальных услуг<span class="subtitle">Московсковской области</span>
        </a>
      </div>
          <!-- pubstatic -->
          <div class="g-error">

            <div class="g-error-title">
              <p class="g-error-title-text">Портал услуг временно недоступен</p>
            </div>

            <div class="g-error-text">
              <p>На данный момент портал услуг недоступен по&nbsp;техническим&nbsp;причинам.<br>
                <br />Приносим свои извинения за доставленные неудобства.<br/>
                Пожалуйста, попробуйте <a href="#" onclick="location.reload();return false;">еще раз</a> или вернитесь
                <a href="#" onclick="history.back(-1);return false;">назад</a>.
              </p>
            </div>

            <div class="g-error-action">
              <a class="btn btn-danger" href="/">перейти на главную</a>
            </div>
          </div>

    </div>
  </section>
</div>


</body>
</html>

    [create_visit] => <!DOCTYPE html>
<html class="no-js"><!--<![endif]-->
<head>
  <meta http-equiv="Content-Type" content="text/html; charset=UTF-8">
  <meta http-equiv="X-UA-Compatible" content="IE=edge,chrome=1">
  <title>Страница не доступна - Портал государственных и муниципальных услуг Московсковской области</title>

  <meta http-equiv="cleartype" content="on">
  <link rel="icon" href="https://uslugi.mosreg.ru/errors/images/sunshine/favicon.ico" type="image/x-icon">
  <link rel="shortcut icon" href="https://uslugi.mosreg.ru/errors/images/sunshine/favicon.ico" type="image/x-icon">
  <link rel="image_src" href="https://uslugi.mosreg.ru/errors/images/sunshine/og/image-src.jpg">

  <meta itemprop="name" content="Страница не существует">
  <meta itemprop="description" content="Страница не существует">
  <meta itemprop="image" content="https://uslugi.mosreg.ru/errors/images/sunshine/og/image-src.jpg">

  <meta id="metaViewport" name="viewport" content="width=device-width">

  <link rel="stylesheet" href="https://uslugi.mosreg.ru/errors/styles/sunshine/fonts.css">
  <link rel="stylesheet" href="https://uslugi.mosreg.ru/errors/styles/sunshine/bootstrap.css">
  <link rel="stylesheet" href="https://uslugi.mosreg.ru/errors/styles/sunshine/main.css">
  <link rel="stylesheet" href="https://uslugi.mosreg.ru/errors/styles/sunshine/responsive.css">
</head>
<body>
<div class="bg-portal"></div>
<!--[if lt IE 9]>
<p id="browsehappy">Вы используете <strong>устаревшую</strong> версию браузера.
  <br/>Пожалуйста <a style="text-decoration:underline;color:initial" href="http://browsehappy.com/">обновите свой
    браузер</a>,
  <br/>чтобы ощутить все преимущества и достоинства современного портала услуг Московской области.</p>
<![endif]-->

<div class="wrapper bg height-lock width-lock">
  <section class="section main width-lock">
    <div class="row-fluid vertical">
      <div class="bxLogo">
        <a class="logo" href="/">
          Портал государственных и&nbsp;муниципальных услуг<span class="subtitle">Московсковской области</span>
        </a>
      </div>
          <!-- pubstatic -->
          <div class="g-error">

            <div class="g-error-title">
              <p class="g-error-title-text">Портал услуг временно недоступен</p>
            </div>

            <div class="g-error-text">
              <p>На данный момент портал услуг недоступен по&nbsp;техническим&nbsp;причинам.<br>
                <br />Приносим свои извинения за доставленные неудобства.<br/>
                Пожалуйста, попробуйте <a href="#" onclick="location.reload();return false;">еще раз</a> или вернитесь
                <a href="#" onclick="history.back(-1);return false;">назад</a>.
              </p>
            </div>

            <div class="g-error-action">
              <a class="btn btn-danger" href="/">перейти на главную</a>
            </div>
          </div>

    </div>
  </section>
</div>


</body>
</html>

)
Status: ERROR LOADING, Next Run: 2016-10-04 21:01:15
https://uslugi.mosreg.ru/zdrav/doctor_appointment/doctor/0901052/1330/2016-10-18?scenery=1
Have found free time: 3142318 in ranges:Array
(
    [0] => Array
        (
        )

    [1] => Array
        (
        )

    [2] => Array
        (
        )

    [3] => Array
        (
        )

    [4] => Array
        (
        )

    [5] => Array
        (
            [3142307] => 15:10
            [3142308] => 15:20
            [3142309] => 15:30
            [3142310] => 15:40
            [3142312] => 16:00
            [3142313] => 16:10
            [3142314] => 16:20
            [3142315] => 16:30
            [3142316] => 16:40
            [3142318] => 17:00
        )

    [6] => Array
        (
            [3142319] => 17:10
            [3142320] => 17:20
            [3142321] => 17:30
        )

)

https://uslugi.mosreg.ru/zdrav/doctor_appointment/create_visit
               total    1 20.000
                curl    2 19.999
          parseTimes    1  0.000
    parseCreateVisit    1  0.000

Something wrong with it: ERROR LOADING

Errors: Array
(
    [times] => <!DOCTYPE html>
<html class="no-js"><!--<![endif]-->
<head>
  <meta http-equiv="Content-Type" content="text/html; charset=UTF-8">
  <meta http-equiv="X-UA-Compatible" content="IE=edge,chrome=1">
  <title>Страница не доступна - Портал государственных и муниципальных услуг Московсковской области</title>

  <meta http-equiv="cleartype" content="on">
  <link rel="icon" href="https://uslugi.mosreg.ru/errors/images/sunshine/favicon.ico" type="image/x-icon">
  <link rel="shortcut icon" href="https://uslugi.mosreg.ru/errors/images/sunshine/favicon.ico" type="image/x-icon">
  <link rel="image_src" href="https://uslugi.mosreg.ru/errors/images/sunshine/og/image-src.jpg">

  <meta itemprop="name" content="Страница не существует">
  <meta itemprop="description" content="Страница не существует">
  <meta itemprop="image" content="https://uslugi.mosreg.ru/errors/images/sunshine/og/image-src.jpg">

  <meta id="metaViewport" name="viewport" content="width=device-width">

  <link rel="stylesheet" href="https://uslugi.mosreg.ru/errors/styles/sunshine/fonts.css">
  <link rel="stylesheet" href="https://uslugi.mosreg.ru/errors/styles/sunshine/bootstrap.css">
  <link rel="stylesheet" href="https://uslugi.mosreg.ru/errors/styles/sunshine/main.css">
  <link rel="stylesheet" href="https://uslugi.mosreg.ru/errors/styles/sunshine/responsive.css">
</head>
<body>
<div class="bg-portal"></div>
<!--[if lt IE 9]>
<p id="browsehappy">Вы используете <strong>устаревшую</strong> версию браузера.
  <br/>Пожалуйста <a style="text-decoration:underline;color:initial" href="http://browsehappy.com/">обновите свой
    браузер</a>,
  <br/>чтобы ощутить все преимущества и достоинства современного портала услуг Московской области.</p>
<![endif]-->

<div class="wrapper bg height-lock width-lock">
  <section class="section main width-lock">
    <div class="row-fluid vertical">
      <div class="bxLogo">
        <a class="logo" href="/">
          Портал государственных и&nbsp;муниципальных услуг<span class="subtitle">Московсковской области</span>
        </a>
      </div>
          <!-- pubstatic -->
          <div class="g-error">

            <div class="g-error-title">
              <p class="g-error-title-text">Портал услуг временно недоступен</p>
            </div>

            <div class="g-error-text">
              <p>На данный момент портал услуг недоступен по&nbsp;техническим&nbsp;причинам.<br>
                <br />Приносим свои извинения за доставленные неудобства.<br/>
                Пожалуйста, попробуйте <a href="#" onclick="location.reload();return false;">еще раз</a> или вернитесь
                <a href="#" onclick="history.back(-1);return false;">назад</a>.
              </p>
            </div>

            <div class="g-error-action">
              <a class="btn btn-danger" href="/">перейти на главную</a>
            </div>
          </div>

    </div>
  </section>
</div>


</body>
</html>

    [login] => <!DOCTYPE html>
<html class="no-js"><!--<![endif]-->
<head>
  <meta http-equiv="Content-Type" content="text/html; charset=UTF-8">
  <meta http-equiv="X-UA-Compatible" content="IE=edge,chrome=1">
  <title>Страница не доступна - Портал государственных и муниципальных услуг Московсковской области</title>

  <meta http-equiv="cleartype" content="on">
  <link rel="icon" href="https://uslugi.mosreg.ru/errors/images/sunshine/favicon.ico" type="image/x-icon">
  <link rel="shortcut icon" href="https://uslugi.mosreg.ru/errors/images/sunshine/favicon.ico" type="image/x-icon">
  <link rel="image_src" href="https://uslugi.mosreg.ru/errors/images/sunshine/og/image-src.jpg">

  <meta itemprop="name" content="Страница не существует">
  <meta itemprop="description" content="Страница не существует">
  <meta itemprop="image" content="https://uslugi.mosreg.ru/errors/images/sunshine/og/image-src.jpg">

  <meta id="metaViewport" name="viewport" content="width=device-width">

  <link rel="stylesheet" href="https://uslugi.mosreg.ru/errors/styles/sunshine/fonts.css">
  <link rel="stylesheet" href="https://uslugi.mosreg.ru/errors/styles/sunshine/bootstrap.css">
  <link rel="stylesheet" href="https://uslugi.mosreg.ru/errors/styles/sunshine/main.css">
  <link rel="stylesheet" href="https://uslugi.mosreg.ru/errors/styles/sunshine/responsive.css">
</head>
<body>
<div class="bg-portal"></div>
<!--[if lt IE 9]>
<p id="browsehappy">Вы используете <strong>устаревшую</strong> версию браузера.
  <br/>Пожалуйста <a style="text-decoration:underline;color:initial" href="http://browsehappy.com/">обновите свой
    браузер</a>,
  <br/>чтобы ощутить все преимущества и достоинства современного портала услуг Московской области.</p>
<![endif]-->

<div class="wrapper bg height-lock width-lock">
  <section class="section main width-lock">
    <div class="row-fluid vertical">
      <div class="bxLogo">
        <a class="logo" href="/">
          Портал государственных и&nbsp;муниципальных услуг<span class="subtitle">Московсковской области</span>
        </a>
      </div>
          <!-- pubstatic -->
          <div class="g-error">

            <div class="g-error-title">
              <p class="g-error-title-text">Портал услуг временно недоступен</p>
            </div>

            <div class="g-error-text">
              <p>На данный момент портал услуг недоступен по&nbsp;техническим&nbsp;причинам.<br>
                <br />Приносим свои извинения за доставленные неудобства.<br/>
                Пожалуйста, попробуйте <a href="#" onclick="location.reload();return false;">еще раз</a> или вернитесь
                <a href="#" onclick="history.back(-1);return false;">назад</a>.
              </p>
            </div>

            <div class="g-error-action">
              <a class="btn btn-danger" href="/">перейти на главную</a>
            </div>
          </div>

    </div>
  </section>
</div>


</body>
</html>

    [create_visit] => <!DOCTYPE html>
<html class="no-js"><!--<![endif]-->
<head>
  <meta http-equiv="Content-Type" content="text/html; charset=UTF-8">
  <meta http-equiv="X-UA-Compatible" content="IE=edge,chrome=1">
  <title>Страница не доступна - Портал государственных и муниципальных услуг Московсковской области</title>

  <meta http-equiv="cleartype" content="on">
  <link rel="icon" href="https://uslugi.mosreg.ru/errors/images/sunshine/favicon.ico" type="image/x-icon">
  <link rel="shortcut icon" href="https://uslugi.mosreg.ru/errors/images/sunshine/favicon.ico" type="image/x-icon">
  <link rel="image_src" href="https://uslugi.mosreg.ru/errors/images/sunshine/og/image-src.jpg">

  <meta itemprop="name" content="Страница не существует">
  <meta itemprop="description" content="Страница не существует">
  <meta itemprop="image" content="https://uslugi.mosreg.ru/errors/images/sunshine/og/image-src.jpg">

  <meta id="metaViewport" name="viewport" content="width=device-width">

  <link rel="stylesheet" href="https://uslugi.mosreg.ru/errors/styles/sunshine/fonts.css">
  <link rel="stylesheet" href="https://uslugi.mosreg.ru/errors/styles/sunshine/bootstrap.css">
  <link rel="stylesheet" href="https://uslugi.mosreg.ru/errors/styles/sunshine/main.css">
  <link rel="stylesheet" href="https://uslugi.mosreg.ru/errors/styles/sunshine/responsive.css">
</head>
<body>
<div class="bg-portal"></div>
<!--[if lt IE 9]>
<p id="browsehappy">Вы используете <strong>устаревшую</strong> версию браузера.
  <br/>Пожалуйста <a style="text-decoration:underline;color:initial" href="http://browsehappy.com/">обновите свой
    браузер</a>,
  <br/>чтобы ощутить все преимущества и достоинства современного портала услуг Московской области.</p>
<![endif]-->

<div class="wrapper bg height-lock width-lock">
  <section class="section main width-lock">
    <div class="row-fluid vertical">
      <div class="bxLogo">
        <a class="logo" href="/">
          Портал государственных и&nbsp;муниципальных услуг<span class="subtitle">Московсковской области</span>
        </a>
      </div>
          <!-- pubstatic -->
          <div class="g-error">

            <div class="g-error-title">
              <p class="g-error-title-text">Портал услуг временно недоступен</p>
            </div>

            <div class="g-error-text">
              <p>На данный момент портал услуг недоступен по&nbsp;техническим&nbsp;причинам.<br>
                <br />Приносим свои извинения за доставленные неудобства.<br/>
                Пожалуйста, попробуйте <a href="#" onclick="location.reload();return false;">еще раз</a> или вернитесь
                <a href="#" onclick="history.back(-1);return false;">назад</a>.
              </p>
            </div>

            <div class="g-error-action">
              <a class="btn btn-danger" href="/">перейти на главную</a>
            </div>
          </div>

    </div>
  </section>
</div>


</body>
</html>

)
Status: ERROR LOADING, Next Run: 2016-10-04 21:01:35
https://uslugi.mosreg.ru/zdrav/doctor_appointment/doctor/0901052/1330/2016-10-18?scenery=1
Have found free time: 3142312 in ranges:Array
(
    [0] => Array
        (
        )

    [1] => Array
        (
        )

    [2] => Array
        (
        )

    [3] => Array
        (
        )

    [4] => Array
        (
        )

    [5] => Array
        (
            [3142307] => 15:10
            [3142308] => 15:20
            [3142309] => 15:30
            [3142310] => 15:40
            [3142312] => 16:00
            [3142313] => 16:10
            [3142314] => 16:20
            [3142315] => 16:30
            [3142316] => 16:40
            [3142318] => 17:00
        )

    [6] => Array
        (
            [3142319] => 17:10
            [3142320] => 17:20
            [3142321] => 17:30
        )

)

https://uslugi.mosreg.ru/zdrav/doctor_appointment/create_visit
               total    1 40.000
                curl    2 39.999
          parseTimes    1  0.000
    parseCreateVisit    1  0.000

Something wrong with it: ERROR LOADING

Errors: Array
(
    [times] => <!DOCTYPE html>
<html class="no-js"><!--<![endif]-->
<head>
  <meta http-equiv="Content-Type" content="text/html; charset=UTF-8">
  <meta http-equiv="X-UA-Compatible" content="IE=edge,chrome=1">
  <title>Страница не доступна - Портал государственных и муниципальных услуг Московсковской области</title>

  <meta http-equiv="cleartype" content="on">
  <link rel="icon" href="https://uslugi.mosreg.ru/errors/images/sunshine/favicon.ico" type="image/x-icon">
  <link rel="shortcut icon" href="https://uslugi.mosreg.ru/errors/images/sunshine/favicon.ico" type="image/x-icon">
  <link rel="image_src" href="https://uslugi.mosreg.ru/errors/images/sunshine/og/image-src.jpg">

  <meta itemprop="name" content="Страница не существует">
  <meta itemprop="description" content="Страница не существует">
  <meta itemprop="image" content="https://uslugi.mosreg.ru/errors/images/sunshine/og/image-src.jpg">

  <meta id="metaViewport" name="viewport" content="width=device-width">

  <link rel="stylesheet" href="https://uslugi.mosreg.ru/errors/styles/sunshine/fonts.css">
  <link rel="stylesheet" href="https://uslugi.mosreg.ru/errors/styles/sunshine/bootstrap.css">
  <link rel="stylesheet" href="https://uslugi.mosreg.ru/errors/styles/sunshine/main.css">
  <link rel="stylesheet" href="https://uslugi.mosreg.ru/errors/styles/sunshine/responsive.css">
</head>
<body>
<div class="bg-portal"></div>
<!--[if lt IE 9]>
<p id="browsehappy">Вы используете <strong>устаревшую</strong> версию браузера.
  <br/>Пожалуйста <a style="text-decoration:underline;color:initial" href="http://browsehappy.com/">обновите свой
    браузер</a>,
  <br/>чтобы ощутить все преимущества и достоинства современного портала услуг Московской области.</p>
<![endif]-->

<div class="wrapper bg height-lock width-lock">
  <section class="section main width-lock">
    <div class="row-fluid vertical">
      <div class="bxLogo">
        <a class="logo" href="/">
          Портал государственных и&nbsp;муниципальных услуг<span class="subtitle">Московсковской области</span>
        </a>
      </div>
          <!-- pubstatic -->
          <div class="g-error">

            <div class="g-error-title">
              <p class="g-error-title-text">Портал услуг временно недоступен</p>
            </div>

            <div class="g-error-text">
              <p>На данный момент портал услуг недоступен по&nbsp;техническим&nbsp;причинам.<br>
                <br />Приносим свои извинения за доставленные неудобства.<br/>
                Пожалуйста, попробуйте <a href="#" onclick="location.reload();return false;">еще раз</a> или вернитесь
                <a href="#" onclick="history.back(-1);return false;">назад</a>.
              </p>
            </div>

            <div class="g-error-action">
              <a class="btn btn-danger" href="/">перейти на главную</a>
            </div>
          </div>

    </div>
  </section>
</div>


</body>
</html>

    [login] => <!DOCTYPE html>
<html class="no-js"><!--<![endif]-->
<head>
  <meta http-equiv="Content-Type" content="text/html; charset=UTF-8">
  <meta http-equiv="X-UA-Compatible" content="IE=edge,chrome=1">
  <title>Страница не доступна - Портал государственных и муниципальных услуг Московсковской области</title>

  <meta http-equiv="cleartype" content="on">
  <link rel="icon" href="https://uslugi.mosreg.ru/errors/images/sunshine/favicon.ico" type="image/x-icon">
  <link rel="shortcut icon" href="https://uslugi.mosreg.ru/errors/images/sunshine/favicon.ico" type="image/x-icon">
  <link rel="image_src" href="https://uslugi.mosreg.ru/errors/images/sunshine/og/image-src.jpg">

  <meta itemprop="name" content="Страница не существует">
  <meta itemprop="description" content="Страница не существует">
  <meta itemprop="image" content="https://uslugi.mosreg.ru/errors/images/sunshine/og/image-src.jpg">

  <meta id="metaViewport" name="viewport" content="width=device-width">

  <link rel="stylesheet" href="https://uslugi.mosreg.ru/errors/styles/sunshine/fonts.css">
  <link rel="stylesheet" href="https://uslugi.mosreg.ru/errors/styles/sunshine/bootstrap.css">
  <link rel="stylesheet" href="https://uslugi.mosreg.ru/errors/styles/sunshine/main.css">
  <link rel="stylesheet" href="https://uslugi.mosreg.ru/errors/styles/sunshine/responsive.css">
</head>
<body>
<div class="bg-portal"></div>
<!--[if lt IE 9]>
<p id="browsehappy">Вы используете <strong>устаревшую</strong> версию браузера.
  <br/>Пожалуйста <a style="text-decoration:underline;color:initial" href="http://browsehappy.com/">обновите свой
    браузер</a>,
  <br/>чтобы ощутить все преимущества и достоинства современного портала услуг Московской области.</p>
<![endif]-->

<div class="wrapper bg height-lock width-lock">
  <section class="section main width-lock">
    <div class="row-fluid vertical">
      <div class="bxLogo">
        <a class="logo" href="/">
          Портал государственных и&nbsp;муниципальных услуг<span class="subtitle">Московсковской области</span>
        </a>
      </div>
          <!-- pubstatic -->
          <div class="g-error">

            <div class="g-error-title">
              <p class="g-error-title-text">Портал услуг временно недоступен</p>
            </div>

            <div class="g-error-text">
              <p>На данный момент портал услуг недоступен по&nbsp;техническим&nbsp;причинам.<br>
                <br />Приносим свои извинения за доставленные неудобства.<br/>
                Пожалуйста, попробуйте <a href="#" onclick="location.reload();return false;">еще раз</a> или вернитесь
                <a href="#" onclick="history.back(-1);return false;">назад</a>.
              </p>
            </div>

            <div class="g-error-action">
              <a class="btn btn-danger" href="/">перейти на главную</a>
            </div>
          </div>

    </div>
  </section>
</div>


</body>
</html>

    [create_visit] => <!DOCTYPE html>
<html class="no-js"><!--<![endif]-->
<head>
  <meta http-equiv="Content-Type" content="text/html; charset=UTF-8">
  <meta http-equiv="X-UA-Compatible" content="IE=edge,chrome=1">
  <title>Страница не доступна - Портал государственных и муниципальных услуг Московсковской области</title>

  <meta http-equiv="cleartype" content="on">
  <link rel="icon" href="https://uslugi.mosreg.ru/errors/images/sunshine/favicon.ico" type="image/x-icon">
  <link rel="shortcut icon" href="https://uslugi.mosreg.ru/errors/images/sunshine/favicon.ico" type="image/x-icon">
  <link rel="image_src" href="https://uslugi.mosreg.ru/errors/images/sunshine/og/image-src.jpg">

  <meta itemprop="name" content="Страница не существует">
  <meta itemprop="description" content="Страница не существует">
  <meta itemprop="image" content="https://uslugi.mosreg.ru/errors/images/sunshine/og/image-src.jpg">

  <meta id="metaViewport" name="viewport" content="width=device-width">

  <link rel="stylesheet" href="https://uslugi.mosreg.ru/errors/styles/sunshine/fonts.css">
  <link rel="stylesheet" href="https://uslugi.mosreg.ru/errors/styles/sunshine/bootstrap.css">
  <link rel="stylesheet" href="https://uslugi.mosreg.ru/errors/styles/sunshine/main.css">
  <link rel="stylesheet" href="https://uslugi.mosreg.ru/errors/styles/sunshine/responsive.css">
</head>
<body>
<div class="bg-portal"></div>
<!--[if lt IE 9]>
<p id="browsehappy">Вы используете <strong>устаревшую</strong> версию браузера.
  <br/>Пожалуйста <a style="text-decoration:underline;color:initial" href="http://browsehappy.com/">обновите свой
    браузер</a>,
  <br/>чтобы ощутить все преимущества и достоинства современного портала услуг Московской области.</p>
<![endif]-->

<div class="wrapper bg height-lock width-lock">
  <section class="section main width-lock">
    <div class="row-fluid vertical">
      <div class="bxLogo">
        <a class="logo" href="/">
          Портал государственных и&nbsp;муниципальных услуг<span class="subtitle">Московсковской области</span>
        </a>
      </div>
          <!-- pubstatic -->
          <div class="g-error">

            <div class="g-error-title">
              <p class="g-error-title-text">Портал услуг временно недоступен</p>
            </div>

            <div class="g-error-text">
              <p>На данный момент портал услуг недоступен по&nbsp;техническим&nbsp;причинам.<br>
                <br />Приносим свои извинения за доставленные неудобства.<br/>
                Пожалуйста, попробуйте <a href="#" onclick="location.reload();return false;">еще раз</a> или вернитесь
                <a href="#" onclick="history.back(-1);return false;">назад</a>.
              </p>
            </div>

            <div class="g-error-action">
              <a class="btn btn-danger" href="/">перейти на главную</a>
            </div>
          </div>

    </div>
  </section>
</div>


</body>
</html>

)
Time is over: 2016-10-04 21:02:00
