2018-02-26 16:43:01 wait until 2018-02-27 06:55:00 sec: 51119, 1519703700, 1519652581  sleep: 14.199722222222
https://uslugi.mosreg.ru/zdrav/doctor_appointment/doctor/0901052/1330/2018-03-12?scenery=1
No time: Array
(
)

               total    1  0.356
                curl    1  0.355
          parseTimes    1  0.000

Status: NO TIME, Next Run: 2018-02-27 06:55:15
https://uslugi.mosreg.ru/zdrav/doctor_appointment/doctor/0901052/1330/2018-03-12?scenery=1
No time: Array
(
)

               total    1  0.003
                curl    1  0.003
          parseTimes    1  0.000

Status: NO TIME, Next Run: 2018-02-27 06:55:30
https://uslugi.mosreg.ru/zdrav/doctor_appointment/doctor/0901052/1330/2018-03-12?scenery=1
No time: Array
(
)

               total    1  0.084
                curl    1  0.084
          parseTimes    1  0.000

Status: NO TIME, Next Run: 2018-02-27 06:55:45
https://uslugi.mosreg.ru/zdrav/doctor_appointment/doctor/0901052/1330/2018-03-12?scenery=1
No time: Array
(
)

               total    1  0.003
                curl    1  0.003
          parseTimes    1  0.000

Status: NO TIME, Next Run: 2018-02-27 06:56:00
https://uslugi.mosreg.ru/zdrav/doctor_appointment/doctor/0901052/1330/2018-03-12?scenery=1
No time: Array
(
)

               total    1  0.080
                curl    1  0.080
          parseTimes    1  0.000

Status: NO TIME, Next Run: 2018-02-27 06:56:15
https://uslugi.mosreg.ru/zdrav/doctor_appointment/doctor/0901052/1330/2018-03-12?scenery=1
No time: Array
(
)

               total    1  0.461
                curl    1  0.461
          parseTimes    1  0.000

Status: NO TIME, Next Run: 2018-02-27 06:56:31
https://uslugi.mosreg.ru/zdrav/doctor_appointment/doctor/0901052/1330/2018-03-12?scenery=1
No time: Array
(
)

               total    1  0.080
                curl    1  0.080
          parseTimes    1  0.000

Status: NO TIME, Next Run: 2018-02-27 06:56:45
https://uslugi.mosreg.ru/zdrav/doctor_appointment/doctor/0901052/1330/2018-03-12?scenery=1
No time: Array
(
)

               total    1  0.004
                curl    1  0.004
          parseTimes    1  0.000

Status: NO TIME, Next Run: 2018-02-27 06:57:00
https://uslugi.mosreg.ru/zdrav/doctor_appointment/doctor/0901052/1330/2018-03-12?scenery=1
No time: Array
(
)

               total    1  0.231
                curl    1  0.231
          parseTimes    1  0.000

Status: NO TIME, Next Run: 2018-02-27 06:57:15
https://uslugi.mosreg.ru/zdrav/doctor_appointment/doctor/0901052/1330/2018-03-12?scenery=1
No time: Array
(
)

               total    1  0.003
                curl    1  0.003
          parseTimes    1  0.000

Status: NO TIME, Next Run: 2018-02-27 06:57:30
https://uslugi.mosreg.ru/zdrav/doctor_appointment/doctor/0901052/1330/2018-03-12?scenery=1
No time: Array
(
)

               total    1  0.083
                curl    1  0.083
          parseTimes    1  0.000

Status: NO TIME, Next Run: 2018-02-27 06:57:45
https://uslugi.mosreg.ru/zdrav/doctor_appointment/doctor/0901052/1330/2018-03-12?scenery=1
No time: Array
(
)

               total    1  0.003
                curl    1  0.003
          parseTimes    1  0.000

Status: NO TIME, Next Run: 2018-02-27 06:58:00
https://uslugi.mosreg.ru/zdrav/doctor_appointment/doctor/0901052/1330/2018-03-12?scenery=1
No time: Array
(
)

               total    1  0.083
                curl    1  0.082
          parseTimes    1  0.000

Status: NO TIME, Next Run: 2018-02-27 06:58:15
https://uslugi.mosreg.ru/zdrav/doctor_appointment/doctor/0901052/1330/2018-03-12?scenery=1
No time: Array
(
)

               total    1  0.003
                curl    1  0.003
          parseTimes    1  0.000

Status: NO TIME, Next Run: 2018-02-27 06:58:30
https://uslugi.mosreg.ru/zdrav/doctor_appointment/doctor/0901052/1330/2018-03-12?scenery=1
No time: Array
(
)

               total    1  0.082
                curl    1  0.082
          parseTimes    1  0.000

Status: NO TIME, Next Run: 2018-02-27 06:58:45
https://uslugi.mosreg.ru/zdrav/doctor_appointment/doctor/0901052/1330/2018-03-12?scenery=1
No time: Array
(
)

               total    1  0.003
                curl    1  0.003
          parseTimes    1  0.000

Status: NO TIME, Next Run: 2018-02-27 06:59:00
https://uslugi.mosreg.ru/zdrav/doctor_appointment/doctor/0901052/1330/2018-03-12?scenery=1
No time: Array
(
)

               total    1  0.003
                curl    1  0.003
          parseTimes    1  0.000

Status: NO TIME, Next Run: 2018-02-27 06:59:15
https://uslugi.mosreg.ru/zdrav/doctor_appointment/doctor/0901052/1330/2018-03-12?scenery=1
No time: Array
(
)

               total    1  0.232
                curl    1  0.232
          parseTimes    1  0.000

Status: NO TIME, Next Run: 2018-02-27 06:59:30
https://uslugi.mosreg.ru/zdrav/doctor_appointment/doctor/0901052/1330/2018-03-12?scenery=1
No time: Array
(
)

               total    1  0.003
                curl    1  0.003
          parseTimes    1  0.000

Status: NO TIME, Next Run: 2018-02-27 06:59:45
https://uslugi.mosreg.ru/zdrav/doctor_appointment/doctor/0901052/1330/2018-03-12?scenery=1
No time: Array
(
)

               total    1  0.003
                curl    1  0.003
          parseTimes    1  0.000

Status: NO TIME, Next Run: 2018-02-27 07:00:00
https://uslugi.mosreg.ru/zdrav/doctor_appointment/doctor/0901052/1330/2018-03-12?scenery=1
No time: Array
(
)

               total    1  0.080
                curl    1  0.080
          parseTimes    1  0.000

Status: NO TIME, Next Run: 2018-02-27 07:00:15
https://uslugi.mosreg.ru/zdrav/doctor_appointment/doctor/0901052/1330/2018-03-12?scenery=1
No time: Array
(
)

               total    1  0.003
                curl    1  0.003
          parseTimes    1  0.000

Status: NO TIME, Next Run: 2018-02-27 07:00:30
https://uslugi.mosreg.ru/zdrav/doctor_appointment/doctor/0901052/1330/2018-03-12?scenery=1
FAIL. We missed time!
