2017-02-17 16:26:30 wait until 2017-02-17 20:58:00 sec: 16290, 1487354280, 1487337990  sleep: 4.525
https://uslugi.mosreg.ru/zdrav/doctor_appointment/doctor/0901052/1325/2017-03-03?scenery=1
No time: Array
(
)

               total    1  0.833
                curl    1  0.833
          parseTimes    1  0.000

Status: TIME NOT OPENED, Next Run: 2017-02-17 20:58:05
https://uslugi.mosreg.ru/zdrav/doctor_appointment/doctor/0901052/1325/2017-03-03?scenery=1
No time: Array
(
)

               total    1  0.468
                curl    1  0.468
          parseTimes    1  0.000

Status: TIME NOT OPENED, Next Run: 2017-02-17 20:58:11
https://uslugi.mosreg.ru/zdrav/doctor_appointment/doctor/0901052/1325/2017-03-03?scenery=1
No time: Array
(
)

               total    1  0.444
                curl    1  0.444
          parseTimes    1  0.000

Status: TIME NOT OPENED, Next Run: 2017-02-17 20:58:16
https://uslugi.mosreg.ru/zdrav/doctor_appointment/doctor/0901052/1325/2017-03-03?scenery=1
No time: Array
(
)

               total    1  0.463
                curl    1  0.463
          parseTimes    1  0.000

Status: TIME NOT OPENED, Next Run: 2017-02-17 20:58:21
https://uslugi.mosreg.ru/zdrav/doctor_appointment/doctor/0901052/1325/2017-03-03?scenery=1
No time: Array
(
)

               total    1  0.444
                curl    1  0.444
          parseTimes    1  0.000

Status: TIME NOT OPENED, Next Run: 2017-02-17 20:58:26
https://uslugi.mosreg.ru/zdrav/doctor_appointment/doctor/0901052/1325/2017-03-03?scenery=1
No time: Array
(
)

               total    1  0.452
                curl    1  0.451
          parseTimes    1  0.000

Status: TIME NOT OPENED, Next Run: 2017-02-17 20:58:31
https://uslugi.mosreg.ru/zdrav/doctor_appointment/doctor/0901052/1325/2017-03-03?scenery=1
No time: Array
(
)

               total    1  0.445
                curl    1  0.445
          parseTimes    1  0.000

Status: TIME NOT OPENED, Next Run: 2017-02-17 20:58:36
https://uslugi.mosreg.ru/zdrav/doctor_appointment/doctor/0901052/1325/2017-03-03?scenery=1
No time: Array
(
)

               total    1  0.451
                curl    1  0.451
          parseTimes    1  0.000

Status: TIME NOT OPENED, Next Run: 2017-02-17 20:58:41
https://uslugi.mosreg.ru/zdrav/doctor_appointment/doctor/0901052/1325/2017-03-03?scenery=1
No time: Array
(
)

               total    1  0.446
                curl    1  0.446
          parseTimes    1  0.000

Status: TIME NOT OPENED, Next Run: 2017-02-17 20:58:46
https://uslugi.mosreg.ru/zdrav/doctor_appointment/doctor/0901052/1325/2017-03-03?scenery=1
No time: Array
(
)

               total    1  0.450
                curl    1  0.450
          parseTimes    1  0.000

Status: TIME NOT OPENED, Next Run: 2017-02-17 20:58:51
https://uslugi.mosreg.ru/zdrav/doctor_appointment/doctor/0901052/1325/2017-03-03?scenery=1
No time: Array
(
)

               total    1  0.476
                curl    1  0.476
          parseTimes    1  0.000

Status: TIME NOT OPENED, Next Run: 2017-02-17 20:58:56
https://uslugi.mosreg.ru/zdrav/doctor_appointment/doctor/0901052/1325/2017-03-03?scenery=1
No time: Array
(
)

               total    1  0.448
                curl    1  0.448
          parseTimes    1  0.000

Status: TIME NOT OPENED, Next Run: 2017-02-17 20:59:01
https://uslugi.mosreg.ru/zdrav/doctor_appointment/doctor/0901052/1325/2017-03-03?scenery=1
No time: Array
(
)

               total    1  0.518
                curl    1  0.518
          parseTimes    1  0.000

Status: TIME NOT OPENED, Next Run: 2017-02-17 20:59:05
https://uslugi.mosreg.ru/zdrav/doctor_appointment/doctor/0901052/1325/2017-03-03?scenery=1
No time: Array
(
)

               total    1  0.527
                curl    1  0.527
          parseTimes    1  0.000

Status: TIME NOT OPENED, Next Run: 2017-02-17 20:59:10
https://uslugi.mosreg.ru/zdrav/doctor_appointment/doctor/0901052/1325/2017-03-03?scenery=1
No time: Array
(
)

               total    1  0.454
                curl    1  0.454
          parseTimes    1  0.000

Status: TIME NOT OPENED, Next Run: 2017-02-17 20:59:16
https://uslugi.mosreg.ru/zdrav/doctor_appointment/doctor/0901052/1325/2017-03-03?scenery=1
No time: Array
(
)

               total    1  0.490
                curl    1  0.489
          parseTimes    1  0.000

Status: TIME NOT OPENED, Next Run: 2017-02-17 20:59:21
https://uslugi.mosreg.ru/zdrav/doctor_appointment/doctor/0901052/1325/2017-03-03?scenery=1
No time: Array
(
)

               total    1  0.461
                curl    1  0.460
          parseTimes    1  0.000

Status: TIME NOT OPENED, Next Run: 2017-02-17 20:59:26
https://uslugi.mosreg.ru/zdrav/doctor_appointment/doctor/0901052/1325/2017-03-03?scenery=1
No time: Array
(
)

               total    1  0.480
                curl    1  0.480
          parseTimes    1  0.000

Status: TIME NOT OPENED, Next Run: 2017-02-17 20:59:31
https://uslugi.mosreg.ru/zdrav/doctor_appointment/doctor/0901052/1325/2017-03-03?scenery=1
No time: Array
(
)

               total    1  0.453
                curl    1  0.453
          parseTimes    1  0.000

Status: TIME NOT OPENED, Next Run: 2017-02-17 20:59:36
https://uslugi.mosreg.ru/zdrav/doctor_appointment/doctor/0901052/1325/2017-03-03?scenery=1
No time: Array
(
)

               total    1  0.449
                curl    1  0.448
          parseTimes    1  0.000

Status: TIME NOT OPENED, Next Run: 2017-02-17 20:59:41
https://uslugi.mosreg.ru/zdrav/doctor_appointment/doctor/0901052/1325/2017-03-03?scenery=1
No time: Array
(
)

               total    1  0.452
                curl    1  0.452
          parseTimes    1  0.000

Status: TIME NOT OPENED, Next Run: 2017-02-17 20:59:46
https://uslugi.mosreg.ru/zdrav/doctor_appointment/doctor/0901052/1325/2017-03-03?scenery=1
No time: Array
(
)

               total    1  0.466
                curl    1  0.466
          parseTimes    1  0.000

Status: TIME NOT OPENED, Next Run: 2017-02-17 20:59:51
https://uslugi.mosreg.ru/zdrav/doctor_appointment/doctor/0901052/1325/2017-03-03?scenery=1
No time: Array
(
)

               total    1  0.459
                curl    1  0.459
          parseTimes    1  0.000

Status: TIME NOT OPENED, Next Run: 2017-02-17 20:59:56
https://uslugi.mosreg.ru/zdrav/doctor_appointment/doctor/0901052/1325/2017-03-03?scenery=1
No time: Array
(
)

               total    1  0.442
                curl    1  0.442
          parseTimes    1  0.000

Status: TIME NOT OPENED, Next Run: 2017-02-17 21:00:01
https://uslugi.mosreg.ru/zdrav/doctor_appointment/doctor/0901052/1325/2017-03-03?scenery=1
No time: Array
(
)

               total    1  0.461
                curl    1  0.461
          parseTimes    1  0.000

Something wrong with it: LOADING OK

Errors: Array
(
)
Status: LOADING OK, Next Run: 2017-02-17 21:00:06
https://uslugi.mosreg.ru/zdrav/doctor_appointment/doctor/0901052/1325/2017-03-03?scenery=1
No time: Array
(
)

               total    1  0.453
                curl    1  0.453
          parseTimes    1  0.000

Something wrong with it: LOADING OK

Errors: Array
(
)
Status: LOADING OK, Next Run: 2017-02-17 21:00:11
https://uslugi.mosreg.ru/zdrav/doctor_appointment/doctor/0901052/1325/2017-03-03?scenery=1
No time: Array
(
)

               total    1  0.480
                curl    1  0.480
          parseTimes    1  0.000

Something wrong with it: LOADING OK

Errors: Array
(
)
Status: LOADING OK, Next Run: 2017-02-17 21:00:16
https://uslugi.mosreg.ru/zdrav/doctor_appointment/doctor/0901052/1325/2017-03-03?scenery=1
No time: Array
(
)

               total    1  0.469
                curl    1  0.469
          parseTimes    1  0.000

Something wrong with it: LOADING OK

Errors: Array
(
)
Status: LOADING OK, Next Run: 2017-02-17 21:00:21
https://uslugi.mosreg.ru/zdrav/doctor_appointment/doctor/0901052/1325/2017-03-03?scenery=1
No time: Array
(
)

               total    1  0.478
                curl    1  0.478
          parseTimes    1  0.000

Something wrong with it: LOADING OK

Errors: Array
(
)
Status: LOADING OK, Next Run: 2017-02-17 21:00:26
https://uslugi.mosreg.ru/zdrav/doctor_appointment/doctor/0901052/1325/2017-03-03?scenery=1
No time: Array
(
)

               total    1  0.462
                curl    1  0.462
          parseTimes    1  0.000

Something wrong with it: LOADING OK

Errors: Array
(
)
Status: LOADING OK, Next Run: 2017-02-17 21:00:31
https://uslugi.mosreg.ru/zdrav/doctor_appointment/doctor/0901052/1325/2017-03-03?scenery=1
No time: Array
(
)

               total    1  0.452
                curl    1  0.452
          parseTimes    1  0.000

Something wrong with it: LOADING OK

Errors: Array
(
)
Status: LOADING OK, Next Run: 2017-02-17 21:00:36
https://uslugi.mosreg.ru/zdrav/doctor_appointment/doctor/0901052/1325/2017-03-03?scenery=1
No time: Array
(
)

               total    1  0.462
                curl    1  0.462
          parseTimes    1  0.000

Something wrong with it: LOADING OK

Errors: Array
(
)
Status: LOADING OK, Next Run: 2017-02-17 21:00:41
https://uslugi.mosreg.ru/zdrav/doctor_appointment/doctor/0901052/1325/2017-03-03?scenery=1
No time: Array
(
)

               total    1  0.478
                curl    1  0.478
          parseTimes    1  0.000

Something wrong with it: LOADING OK

Errors: Array
(
)
Status: LOADING OK, Next Run: 2017-02-17 21:00:46
https://uslugi.mosreg.ru/zdrav/doctor_appointment/doctor/0901052/1325/2017-03-03?scenery=1
No time: Array
(
)

               total    1  0.479
                curl    1  0.479
          parseTimes    1  0.000

Something wrong with it: LOADING OK

Errors: Array
(
)
Status: LOADING OK, Next Run: 2017-02-17 21:00:51
https://uslugi.mosreg.ru/zdrav/doctor_appointment/doctor/0901052/1325/2017-03-03?scenery=1
No time: Array
(
)

               total    1  0.461
                curl    1  0.461
          parseTimes    1  0.000

Something wrong with it: LOADING OK

Errors: Array
(
)
Status: LOADING OK, Next Run: 2017-02-17 21:00:56
https://uslugi.mosreg.ru/zdrav/doctor_appointment/doctor/0901052/1325/2017-03-03?scenery=1
No time: Array
(
)

               total    1  0.515
                curl    1  0.515
          parseTimes    1  0.000

Something wrong with it: LOADING OK

Errors: Array
(
)
Status: LOADING OK, Next Run: 2017-02-17 21:01:00
https://uslugi.mosreg.ru/zdrav/doctor_appointment/doctor/0901052/1325/2017-03-03?scenery=1
No time: Array
(
)

               total    1  0.473
                curl    1  0.473
          parseTimes    1  0.000

Something wrong with it: LOADING OK

Errors: Array
(
)
Status: LOADING OK, Next Run: 2017-02-17 21:01:06
https://uslugi.mosreg.ru/zdrav/doctor_appointment/doctor/0901052/1325/2017-03-03?scenery=1
No time: Array
(
)

               total    1  0.447
                curl    1  0.447
          parseTimes    1  0.000

Something wrong with it: LOADING OK

Errors: Array
(
)
Status: LOADING OK, Next Run: 2017-02-17 21:01:11
https://uslugi.mosreg.ru/zdrav/doctor_appointment/doctor/0901052/1325/2017-03-03?scenery=1
No time: Array
(
)

               total    1  0.519
                curl    1  0.519
          parseTimes    1  0.000

Something wrong with it: LOADING OK

Errors: Array
(
)
Status: LOADING OK, Next Run: 2017-02-17 21:01:15
https://uslugi.mosreg.ru/zdrav/doctor_appointment/doctor/0901052/1325/2017-03-03?scenery=1
No time: Array
(
)

               total    1  0.447
                curl    1  0.447
          parseTimes    1  0.000

Something wrong with it: LOADING OK

Errors: Array
(
)
Status: LOADING OK, Next Run: 2017-02-17 21:01:21
https://uslugi.mosreg.ru/zdrav/doctor_appointment/doctor/0901052/1325/2017-03-03?scenery=1
No time: Array
(
)

               total    1  0.457
                curl    1  0.457
          parseTimes    1  0.000

Something wrong with it: LOADING OK

Errors: Array
(
)
Status: LOADING OK, Next Run: 2017-02-17 21:01:26
https://uslugi.mosreg.ru/zdrav/doctor_appointment/doctor/0901052/1325/2017-03-03?scenery=1
No time: Array
(
)

               total    1  0.473
                curl    1  0.473
          parseTimes    1  0.000

Something wrong with it: LOADING OK

Errors: Array
(
)
Status: LOADING OK, Next Run: 2017-02-17 21:01:31
https://uslugi.mosreg.ru/zdrav/doctor_appointment/doctor/0901052/1325/2017-03-03?scenery=1
No time: Array
(
)

               total    1  0.500
                curl    1  0.500
          parseTimes    1  0.000

Something wrong with it: LOADING OK

Errors: Array
(
)
Status: LOADING OK, Next Run: 2017-02-17 21:01:35
https://uslugi.mosreg.ru/zdrav/doctor_appointment/doctor/0901052/1325/2017-03-03?scenery=1
No time: Array
(
)

               total    1  0.451
                curl    1  0.451
          parseTimes    1  0.000

Something wrong with it: LOADING OK

Errors: Array
(
)
Status: LOADING OK, Next Run: 2017-02-17 21:01:41
https://uslugi.mosreg.ru/zdrav/doctor_appointment/doctor/0901052/1325/2017-03-03?scenery=1
No time: Array
(
)

               total    1  0.448
                curl    1  0.448
          parseTimes    1  0.000

Something wrong with it: LOADING OK

Errors: Array
(
)
Status: LOADING OK, Next Run: 2017-02-17 21:01:46
https://uslugi.mosreg.ru/zdrav/doctor_appointment/doctor/0901052/1325/2017-03-03?scenery=1
No time: Array
(
)

               total    1  0.454
                curl    1  0.454
          parseTimes    1  0.000

Something wrong with it: LOADING OK

Errors: Array
(
)
Status: LOADING OK, Next Run: 2017-02-17 21:01:51
https://uslugi.mosreg.ru/zdrav/doctor_appointment/doctor/0901052/1325/2017-03-03?scenery=1
No time: Array
(
)

               total    1  0.446
                curl    1  0.446
          parseTimes    1  0.000

Something wrong with it: LOADING OK

Errors: Array
(
)
Status: LOADING OK, Next Run: 2017-02-17 21:01:56
https://uslugi.mosreg.ru/zdrav/doctor_appointment/doctor/0901052/1325/2017-03-03?scenery=1
No time: Array
(
)

               total    1  0.457
                curl    1  0.457
          parseTimes    1  0.000

Something wrong with it: LOADING OK

Errors: Array
(
)
Status: LOADING OK, Next Run: 2017-02-17 21:02:01
https://uslugi.mosreg.ru/zdrav/doctor_appointment/doctor/0901052/1325/2017-03-03?scenery=1
No time: Array
(
)

               total    1  0.445
                curl    1  0.445
          parseTimes    1  0.000

Something wrong with it: LOADING OK

Errors: Array
(
)
Time is over: 2017-02-17 21:02:00
