2017-03-02 18:11:50 wait until 2017-03-02 20:58:00 sec: 9970, 1488477480, 1488467510  sleep: 2.7694444444444
https://uslugi.mosreg.ru/zdrav/doctor_appointment/doctor/0901052/380/2017-03-16?scenery=1
No time: Array
(
)

               total    1  1.862
                curl    1  1.862
          parseTimes    1  0.000

Status: TIME NOT OPENED, Next Run: 2017-03-02 20:58:05
https://uslugi.mosreg.ru/zdrav/doctor_appointment/doctor/0901052/380/2017-03-16?scenery=1
No time: Array
(
)

               total    1  0.846
                curl    1  0.846
          parseTimes    1  0.000

Status: TIME NOT OPENED, Next Run: 2017-03-02 20:58:10
https://uslugi.mosreg.ru/zdrav/doctor_appointment/doctor/0901052/380/2017-03-16?scenery=1
No time: Array
(
)

               total    1  1.452
                curl    1  1.451
          parseTimes    1  0.000

Status: TIME NOT OPENED, Next Run: 2017-03-02 20:58:16
https://uslugi.mosreg.ru/zdrav/doctor_appointment/doctor/0901052/380/2017-03-16?scenery=1
No time: Array
(
)

               total    1  0.859
                curl    1  0.859
          parseTimes    1  0.000

Status: TIME NOT OPENED, Next Run: 2017-03-02 20:58:20
https://uslugi.mosreg.ru/zdrav/doctor_appointment/doctor/0901052/380/2017-03-16?scenery=1
No time: Array
(
)

               total    1  0.866
                curl    1  0.866
          parseTimes    1  0.000

Status: TIME NOT OPENED, Next Run: 2017-03-02 20:58:25
https://uslugi.mosreg.ru/zdrav/doctor_appointment/doctor/0901052/380/2017-03-16?scenery=1
No time: Array
(
)

               total    1  0.854
                curl    1  0.854
          parseTimes    1  0.000

Status: TIME NOT OPENED, Next Run: 2017-03-02 20:58:30
https://uslugi.mosreg.ru/zdrav/doctor_appointment/doctor/0901052/380/2017-03-16?scenery=1
No time: Array
(
)

               total    1  0.917
                curl    1  0.917
          parseTimes    1  0.000

Status: TIME NOT OPENED, Next Run: 2017-03-02 20:58:35
https://uslugi.mosreg.ru/zdrav/doctor_appointment/doctor/0901052/380/2017-03-16?scenery=1
No time: Array
(
)

               total    1  3.079
                curl    1  3.079
          parseTimes    1  0.000

Status: TIME NOT OPENED, Next Run: 2017-03-02 20:58:40
https://uslugi.mosreg.ru/zdrav/doctor_appointment/doctor/0901052/380/2017-03-16?scenery=1
No time: Array
(
)

               total    1  0.861
                curl    1  0.861
          parseTimes    1  0.000

Status: TIME NOT OPENED, Next Run: 2017-03-02 20:58:45
https://uslugi.mosreg.ru/zdrav/doctor_appointment/doctor/0901052/380/2017-03-16?scenery=1
No time: Array
(
)

               total    1  0.883
                curl    1  0.883
          parseTimes    1  0.000

Status: TIME NOT OPENED, Next Run: 2017-03-02 20:58:50
https://uslugi.mosreg.ru/zdrav/doctor_appointment/doctor/0901052/380/2017-03-16?scenery=1
No time: Array
(
)

               total    1  1.012
                curl    1  1.012
          parseTimes    1  0.000

Status: TIME NOT OPENED, Next Run: 2017-03-02 20:58:55
https://uslugi.mosreg.ru/zdrav/doctor_appointment/doctor/0901052/380/2017-03-16?scenery=1
No time: Array
(
)

               total    1  5.022
                curl    1  5.022
          parseTimes    1  0.000

Status: TIME NOT OPENED, Next Run: 2017-03-02 20:59:00
https://uslugi.mosreg.ru/zdrav/doctor_appointment/doctor/0901052/380/2017-03-16?scenery=1
No time: Array
(
)

               total    1  1.400
                curl    1  1.400
          parseTimes    1  0.000

Status: TIME NOT OPENED, Next Run: 2017-03-02 20:59:06
https://uslugi.mosreg.ru/zdrav/doctor_appointment/doctor/0901052/380/2017-03-16?scenery=1
No time: Array
(
)

               total    1  1.828
                curl    1  1.828
          parseTimes    1  0.000

Status: TIME NOT OPENED, Next Run: 2017-03-02 20:59:10
https://uslugi.mosreg.ru/zdrav/doctor_appointment/doctor/0901052/380/2017-03-16?scenery=1
No time: Array
(
)

               total    1  0.541
                curl    1  0.541
          parseTimes    1  0.000

Status: TIME NOT OPENED, Next Run: 2017-03-02 20:59:15
https://uslugi.mosreg.ru/zdrav/doctor_appointment/doctor/0901052/380/2017-03-16?scenery=1
No time: Array
(
)

               total    1  9.816
                curl    1  9.816
          parseTimes    1  0.000

Status: TIME NOT OPENED, Next Run: 2017-03-02 20:59:25
https://uslugi.mosreg.ru/zdrav/doctor_appointment/doctor/0901052/380/2017-03-16?scenery=1
No time: Array
(
)

               total    1  0.104
                curl    1  0.104
          parseTimes    1  0.000

Status: TIME NOT OPENED, Next Run: 2017-03-02 20:59:30
https://uslugi.mosreg.ru/zdrav/doctor_appointment/doctor/0901052/380/2017-03-16?scenery=1
No time: Array
(
)

               total    1  0.491
                curl    1  0.491
          parseTimes    1  0.000

Status: TIME NOT OPENED, Next Run: 2017-03-02 20:59:35
https://uslugi.mosreg.ru/zdrav/doctor_appointment/doctor/0901052/380/2017-03-16?scenery=1
No time: Array
(
)

               total    1  0.094
                curl    1  0.094
          parseTimes    1  0.000

Status: TIME NOT OPENED, Next Run: 2017-03-02 20:59:40
https://uslugi.mosreg.ru/zdrav/doctor_appointment/doctor/0901052/380/2017-03-16?scenery=1
No time: Array
(
)

               total    1  0.094
                curl    1  0.094
          parseTimes    1  0.000

Status: TIME NOT OPENED, Next Run: 2017-03-02 20:59:45
https://uslugi.mosreg.ru/zdrav/doctor_appointment/doctor/0901052/380/2017-03-16?scenery=1
No time: Array
(
)

               total    1 16.362
                curl    1 16.361
          parseTimes    1  0.000

Something wrong with it: LOADING OK

Errors: Array
(
)
Status: LOADING OK, Next Run: 2017-03-02 21:00:01
https://uslugi.mosreg.ru/zdrav/doctor_appointment/doctor/0901052/380/2017-03-16?scenery=1
No time: Array
(
)

               total    1  0.757
                curl    1  0.757
          parseTimes    1  0.000

Something wrong with it: LOADING OK

Errors: Array
(
)
Status: LOADING OK, Next Run: 2017-03-02 21:00:06
https://uslugi.mosreg.ru/zdrav/doctor_appointment/doctor/0901052/380/2017-03-16?scenery=1
No time: Array
(
)

               total    1  3.425
                curl    1  3.425
          parseTimes    1  0.000

Something wrong with it: LOADING OK

Errors: Array
(
)
Status: LOADING OK, Next Run: 2017-03-02 21:00:12
https://uslugi.mosreg.ru/zdrav/doctor_appointment/doctor/0901052/380/2017-03-16?scenery=1
No time: Array
(
)

               total    1  1.601
                curl    1  1.601
          parseTimes    1  0.000

Something wrong with it: LOADING OK

Errors: Array
(
)
Status: LOADING OK, Next Run: 2017-03-02 21:00:16
https://uslugi.mosreg.ru/zdrav/doctor_appointment/doctor/0901052/380/2017-03-16?scenery=1
No time: Array
(
)

               total    1  2.338
                curl    1  2.338
          parseTimes    1  0.000

Something wrong with it: LOADING OK

Errors: Array
(
)
Status: LOADING OK, Next Run: 2017-03-02 21:00:22
https://uslugi.mosreg.ru/zdrav/doctor_appointment/doctor/0901052/380/2017-03-16?scenery=1
No time: Array
(
)

               total    1 12.709
                curl    1 12.709
          parseTimes    1  0.000

Something wrong with it: LOADING OK

Errors: Array
(
)
Status: LOADING OK, Next Run: 2017-03-02 21:00:34
https://uslugi.mosreg.ru/zdrav/doctor_appointment/doctor/0901052/380/2017-03-16?scenery=1
No time: Array
(
)

               total    1  0.106
                curl    1  0.106
          parseTimes    1  0.000

Something wrong with it: LOADING OK

Errors: Array
(
)
Status: LOADING OK, Next Run: 2017-03-02 21:00:39
https://uslugi.mosreg.ru/zdrav/doctor_appointment/doctor/0901052/380/2017-03-16?scenery=1
No time: Array
(
)

               total    1  0.167
                curl    1  0.167
          parseTimes    1  0.000

Something wrong with it: LOADING OK

Errors: Array
(
)
Status: LOADING OK, Next Run: 2017-03-02 21:00:44
https://uslugi.mosreg.ru/zdrav/doctor_appointment/doctor/0901052/380/2017-03-16?scenery=1
No time: Array
(
)

               total    1  8.919
                curl    1  8.919
          parseTimes    1  0.000

Something wrong with it: LOADING OK

Errors: Array
(
)
Status: LOADING OK, Next Run: 2017-03-02 21:00:53
https://uslugi.mosreg.ru/zdrav/doctor_appointment/doctor/0901052/380/2017-03-16?scenery=1
No time: Array
(
)

               total    1  0.088
                curl    1  0.088
          parseTimes    1  0.000

Something wrong with it: LOADING OK

Errors: Array
(
)
Status: LOADING OK, Next Run: 2017-03-02 21:00:58
https://uslugi.mosreg.ru/zdrav/doctor_appointment/doctor/0901052/380/2017-03-16?scenery=1
No time: Array
(
)

               total    1  7.586
                curl    1  7.586
          parseTimes    1  0.000

Something wrong with it: LOADING OK

Errors: Array
(
)
Status: LOADING OK, Next Run: 2017-03-02 21:01:06
https://uslugi.mosreg.ru/zdrav/doctor_appointment/doctor/0901052/380/2017-03-16?scenery=1
No time: Array
(
)

               total    1  0.090
                curl    1  0.090
          parseTimes    1  0.000

Something wrong with it: LOADING OK

Errors: Array
(
)
Status: LOADING OK, Next Run: 2017-03-02 21:01:11
https://uslugi.mosreg.ru/zdrav/doctor_appointment/doctor/0901052/380/2017-03-16?scenery=1
No time: Array
(
)

               total    1  6.003
                curl    1  6.002
          parseTimes    1  0.000

Something wrong with it: LOADING OK

Errors: Array
(
)
Status: LOADING OK, Next Run: 2017-03-02 21:01:17
https://uslugi.mosreg.ru/zdrav/doctor_appointment/doctor/0901052/380/2017-03-16?scenery=1
No time: Array
(
)

               total    1  0.100
                curl    1  0.100
          parseTimes    1  0.000

Something wrong with it: LOADING OK

Errors: Array
(
)
Status: LOADING OK, Next Run: 2017-03-02 21:01:22
https://uslugi.mosreg.ru/zdrav/doctor_appointment/doctor/0901052/380/2017-03-16?scenery=1
No time: Array
(
)

               total    1  6.744
                curl    1  6.744
          parseTimes    1  0.000

Something wrong with it: LOADING OK

Errors: Array
(
)
Status: LOADING OK, Next Run: 2017-03-02 21:01:28
https://uslugi.mosreg.ru/zdrav/doctor_appointment/doctor/0901052/380/2017-03-16?scenery=1
No time: Array
(
)

               total    1  6.868
                curl    1  6.868
          parseTimes    1  0.000

Something wrong with it: LOADING OK

Errors: Array
(
)
Status: LOADING OK, Next Run: 2017-03-02 21:01:35
https://uslugi.mosreg.ru/zdrav/doctor_appointment/doctor/0901052/380/2017-03-16?scenery=1
No time: Array
(
)

               total    1  6.892
                curl    1  6.892
          parseTimes    1  0.000

Something wrong with it: LOADING OK

Errors: Array
(
)
Status: LOADING OK, Next Run: 2017-03-02 21:01:42
https://uslugi.mosreg.ru/zdrav/doctor_appointment/doctor/0901052/380/2017-03-16?scenery=1
No time: Array
(
)

               total    1  6.423
                curl    1  6.423
          parseTimes    1  0.000

Something wrong with it: LOADING OK

Errors: Array
(
)
Status: LOADING OK, Next Run: 2017-03-02 21:01:48
https://uslugi.mosreg.ru/zdrav/doctor_appointment/doctor/0901052/380/2017-03-16?scenery=1
No time: Array
(
)

               total    1  0.100
                curl    1  0.100
          parseTimes    1  0.000

Something wrong with it: LOADING OK

Errors: Array
(
)
Status: LOADING OK, Next Run: 2017-03-02 21:01:54
https://uslugi.mosreg.ru/zdrav/doctor_appointment/doctor/0901052/380/2017-03-16?scenery=1
No time: Array
(
)

               total    1  0.100
                curl    1  0.099
          parseTimes    1  0.000

Something wrong with it: LOADING OK

Errors: Array
(
)
Status: LOADING OK, Next Run: 2017-03-02 21:01:59
https://uslugi.mosreg.ru/zdrav/doctor_appointment/doctor/0901052/380/2017-03-16?scenery=1
No time: Array
(
)

               total    1  0.097
                curl    1  0.097
          parseTimes    1  0.000

Something wrong with it: LOADING OK

Errors: Array
(
)
Status: LOADING OK, Next Run: 2017-03-02 21:02:04
https://uslugi.mosreg.ru/zdrav/doctor_appointment/doctor/0901052/380/2017-03-16?scenery=1
No time: Array
(
)

               total    1  0.090
                curl    1  0.090
          parseTimes    1  0.000

Something wrong with it: LOADING OK

Errors: Array
(
)
Time is over: 2017-03-02 21:02:00
