2017-02-15 15:04:24 wait until 2017-02-15 20:58:00 sec: 21216, 1487181480, 1487160264  sleep: 5.8933333333333
https://uslugi.mosreg.ru/zdrav/doctor_appointment/doctor/0901052/1323/2017-03-01?scenery=1
No time: Array
(
)

               total    1  0.616
                curl    1  0.615
          parseTimes    1  0.000

Status: TIME NOT OPENED, Next Run: 2017-02-15 20:58:04
https://uslugi.mosreg.ru/zdrav/doctor_appointment/doctor/0901052/1323/2017-03-01?scenery=1
No time: Array
(
)

               total    1  0.335
                curl    1  0.335
          parseTimes    1  0.000

Status: TIME NOT OPENED, Next Run: 2017-02-15 20:58:10
https://uslugi.mosreg.ru/zdrav/doctor_appointment/doctor/0901052/1323/2017-03-01?scenery=1
No time: Array
(
)

               total    1  0.072
                curl    1  0.072
          parseTimes    1  0.000

Status: TIME NOT OPENED, Next Run: 2017-02-15 20:58:15
https://uslugi.mosreg.ru/zdrav/doctor_appointment/doctor/0901052/1323/2017-03-01?scenery=1
No time: Array
(
)

               total    1  0.088
                curl    1  0.088
          parseTimes    1  0.000

Status: TIME NOT OPENED, Next Run: 2017-02-15 20:58:20
https://uslugi.mosreg.ru/zdrav/doctor_appointment/doctor/0901052/1323/2017-03-01?scenery=1
No time: Array
(
)

               total    1  0.085
                curl    1  0.084
          parseTimes    1  0.000

Status: TIME NOT OPENED, Next Run: 2017-02-15 20:58:25
https://uslugi.mosreg.ru/zdrav/doctor_appointment/doctor/0901052/1323/2017-03-01?scenery=1
No time: Array
(
)

               total    1  0.389
                curl    1  0.389
          parseTimes    1  0.000

Status: TIME NOT OPENED, Next Run: 2017-02-15 20:58:30
https://uslugi.mosreg.ru/zdrav/doctor_appointment/doctor/0901052/1323/2017-03-01?scenery=1
No time: Array
(
)

               total    1  0.190
                curl    1  0.190
          parseTimes    1  0.000

Status: TIME NOT OPENED, Next Run: 2017-02-15 20:58:35
https://uslugi.mosreg.ru/zdrav/doctor_appointment/doctor/0901052/1323/2017-03-01?scenery=1
No time: Array
(
)

               total    1  0.096
                curl    1  0.096
          parseTimes    1  0.000

Status: TIME NOT OPENED, Next Run: 2017-02-15 20:58:40
https://uslugi.mosreg.ru/zdrav/doctor_appointment/doctor/0901052/1323/2017-03-01?scenery=1
No time: Array
(
)

               total    1  0.102
                curl    1  0.102
          parseTimes    1  0.000

Status: TIME NOT OPENED, Next Run: 2017-02-15 20:58:45
https://uslugi.mosreg.ru/zdrav/doctor_appointment/doctor/0901052/1323/2017-03-01?scenery=1
No time: Array
(
)

               total    1  0.073
                curl    1  0.073
          parseTimes    1  0.000

Status: TIME NOT OPENED, Next Run: 2017-02-15 20:58:50
https://uslugi.mosreg.ru/zdrav/doctor_appointment/doctor/0901052/1323/2017-03-01?scenery=1
No time: Array
(
)

               total    1  0.081
                curl    1  0.081
          parseTimes    1  0.000

Status: TIME NOT OPENED, Next Run: 2017-02-15 20:58:55
https://uslugi.mosreg.ru/zdrav/doctor_appointment/doctor/0901052/1323/2017-03-01?scenery=1
No time: Array
(
)

               total    1  0.086
                curl    1  0.085
          parseTimes    1  0.000

Status: TIME NOT OPENED, Next Run: 2017-02-15 20:59:00
https://uslugi.mosreg.ru/zdrav/doctor_appointment/doctor/0901052/1323/2017-03-01?scenery=1
No time: Array
(
)

               total    1  0.096
                curl    1  0.096
          parseTimes    1  0.000

Status: TIME NOT OPENED, Next Run: 2017-02-15 20:59:05
https://uslugi.mosreg.ru/zdrav/doctor_appointment/doctor/0901052/1323/2017-03-01?scenery=1
No time: Array
(
)

               total    1  0.091
                curl    1  0.091
          parseTimes    1  0.000

Status: TIME NOT OPENED, Next Run: 2017-02-15 20:59:10
https://uslugi.mosreg.ru/zdrav/doctor_appointment/doctor/0901052/1323/2017-03-01?scenery=1
No time: Array
(
)

               total    1  0.076
                curl    1  0.076
          parseTimes    1  0.000

Status: TIME NOT OPENED, Next Run: 2017-02-15 20:59:15
https://uslugi.mosreg.ru/zdrav/doctor_appointment/doctor/0901052/1323/2017-03-01?scenery=1
No time: Array
(
)

               total    1  0.076
                curl    1  0.075
          parseTimes    1  0.000

Status: TIME NOT OPENED, Next Run: 2017-02-15 20:59:20
https://uslugi.mosreg.ru/zdrav/doctor_appointment/doctor/0901052/1323/2017-03-01?scenery=1
No time: Array
(
)

               total    1  0.133
                curl    1  0.133
          parseTimes    1  0.000

Status: TIME NOT OPENED, Next Run: 2017-02-15 20:59:25
https://uslugi.mosreg.ru/zdrav/doctor_appointment/doctor/0901052/1323/2017-03-01?scenery=1
No time: Array
(
)

               total    1  0.834
                curl    1  0.834
          parseTimes    1  0.000

Status: TIME NOT OPENED, Next Run: 2017-02-15 20:59:29
https://uslugi.mosreg.ru/zdrav/doctor_appointment/doctor/0901052/1323/2017-03-01?scenery=1
No time: Array
(
)

               total    1  0.510
                curl    1  0.510
          parseTimes    1  0.000

Status: TIME NOT OPENED, Next Run: 2017-02-15 20:59:34
https://uslugi.mosreg.ru/zdrav/doctor_appointment/doctor/0901052/1323/2017-03-01?scenery=1
No time: Array
(
)

               total    1  0.112
                curl    1  0.111
          parseTimes    1  0.000

Status: TIME NOT OPENED, Next Run: 2017-02-15 20:59:40
https://uslugi.mosreg.ru/zdrav/doctor_appointment/doctor/0901052/1323/2017-03-01?scenery=1
No time: Array
(
)

               total    1  0.271
                curl    1  0.271
          parseTimes    1  0.000

Status: TIME NOT OPENED, Next Run: 2017-02-15 20:59:45
https://uslugi.mosreg.ru/zdrav/doctor_appointment/doctor/0901052/1323/2017-03-01?scenery=1
No time: Array
(
)

               total    1  0.782
                curl    1  0.782
          parseTimes    1  0.000

Status: TIME NOT OPENED, Next Run: 2017-02-15 20:59:49
https://uslugi.mosreg.ru/zdrav/doctor_appointment/doctor/0901052/1323/2017-03-01?scenery=1
No time: Array
(
)

               total    1  0.776
                curl    1  0.776
          parseTimes    1  0.000

Status: TIME NOT OPENED, Next Run: 2017-02-15 20:59:54
https://uslugi.mosreg.ru/zdrav/doctor_appointment/doctor/0901052/1323/2017-03-01?scenery=1
No time: Array
(
)

               total    1  1.267
                curl    1  1.266
          parseTimes    1  0.000

Status: TIME NOT OPENED, Next Run: 2017-02-15 21:00:00
https://uslugi.mosreg.ru/zdrav/doctor_appointment/doctor/0901052/1323/2017-03-01?scenery=1
No time: Array
(
)

               total    1  1.153
                curl    1  1.153
          parseTimes    1  0.000

Something wrong with it: LOADING OK

Errors: Array
(
)
Status: LOADING OK, Next Run: 2017-02-15 21:00:05
https://uslugi.mosreg.ru/zdrav/doctor_appointment/doctor/0901052/1323/2017-03-01?scenery=1
No time: Array
(
)

               total    1  1.410
                curl    1  1.410
          parseTimes    1  0.000

Something wrong with it: LOADING OK

Errors: Array
(
)
Status: LOADING OK, Next Run: 2017-02-15 21:00:10
https://uslugi.mosreg.ru/zdrav/doctor_appointment/doctor/0901052/1323/2017-03-01?scenery=1
No time: Array
(
)

               total    1  0.111
                curl    1  0.111
          parseTimes    1  0.000

Something wrong with it: LOADING OK

Errors: Array
(
)
Status: LOADING OK, Next Run: 2017-02-15 21:00:15
https://uslugi.mosreg.ru/zdrav/doctor_appointment/doctor/0901052/1323/2017-03-01?scenery=1
No time: Array
(
)

               total    1  0.128
                curl    1  0.128
          parseTimes    1  0.000

Something wrong with it: LOADING OK

Errors: Array
(
)
Status: LOADING OK, Next Run: 2017-02-15 21:00:20
https://uslugi.mosreg.ru/zdrav/doctor_appointment/doctor/0901052/1323/2017-03-01?scenery=1
No time: Array
(
)

               total    1  0.089
                curl    1  0.089
          parseTimes    1  0.000

Something wrong with it: LOADING OK

Errors: Array
(
)
Status: LOADING OK, Next Run: 2017-02-15 21:00:25
https://uslugi.mosreg.ru/zdrav/doctor_appointment/doctor/0901052/1323/2017-03-01?scenery=1
No time: Array
(
)

               total    1  0.085
                curl    1  0.085
          parseTimes    1  0.000

Something wrong with it: LOADING OK

Errors: Array
(
)
Status: LOADING OK, Next Run: 2017-02-15 21:00:30
https://uslugi.mosreg.ru/zdrav/doctor_appointment/doctor/0901052/1323/2017-03-01?scenery=1
No time: Array
(
)

               total    1  0.072
                curl    1  0.072
          parseTimes    1  0.000

Something wrong with it: LOADING OK

Errors: Array
(
)
Status: LOADING OK, Next Run: 2017-02-15 21:00:35
https://uslugi.mosreg.ru/zdrav/doctor_appointment/doctor/0901052/1323/2017-03-01?scenery=1
No time: Array
(
)

               total    1  0.094
                curl    1  0.094
          parseTimes    1  0.000

Something wrong with it: LOADING OK

Errors: Array
(
)
Status: LOADING OK, Next Run: 2017-02-15 21:00:40
https://uslugi.mosreg.ru/zdrav/doctor_appointment/doctor/0901052/1323/2017-03-01?scenery=1
No time: Array
(
)

               total    1  0.092
                curl    1  0.092
          parseTimes    1  0.000

Something wrong with it: LOADING OK

Errors: Array
(
)
Status: LOADING OK, Next Run: 2017-02-15 21:00:45
https://uslugi.mosreg.ru/zdrav/doctor_appointment/doctor/0901052/1323/2017-03-01?scenery=1
No time: Array
(
)

               total    1  0.075
                curl    1  0.074
          parseTimes    1  0.000

Something wrong with it: LOADING OK

Errors: Array
(
)
Status: LOADING OK, Next Run: 2017-02-15 21:00:50
https://uslugi.mosreg.ru/zdrav/doctor_appointment/doctor/0901052/1323/2017-03-01?scenery=1
No time: Array
(
)

               total    1  0.114
                curl    1  0.114
          parseTimes    1  0.000

Something wrong with it: LOADING OK

Errors: Array
(
)
Status: LOADING OK, Next Run: 2017-02-15 21:00:55
https://uslugi.mosreg.ru/zdrav/doctor_appointment/doctor/0901052/1323/2017-03-01?scenery=1
No time: Array
(
)

               total    1  0.093
                curl    1  0.093
          parseTimes    1  0.000

Something wrong with it: LOADING OK

Errors: Array
(
)
Status: LOADING OK, Next Run: 2017-02-15 21:01:00
https://uslugi.mosreg.ru/zdrav/doctor_appointment/doctor/0901052/1323/2017-03-01?scenery=1
No time: Array
(
)

               total    1  0.087
                curl    1  0.087
          parseTimes    1  0.000

Something wrong with it: LOADING OK

Errors: Array
(
)
Status: LOADING OK, Next Run: 2017-02-15 21:01:05
https://uslugi.mosreg.ru/zdrav/doctor_appointment/doctor/0901052/1323/2017-03-01?scenery=1
No time: Array
(
)

               total    1  0.070
                curl    1  0.070
          parseTimes    1  0.000

Something wrong with it: LOADING OK

Errors: Array
(
)
Status: LOADING OK, Next Run: 2017-02-15 21:01:10
https://uslugi.mosreg.ru/zdrav/doctor_appointment/doctor/0901052/1323/2017-03-01?scenery=1
No time: Array
(
)

               total    1  0.287
                curl    1  0.286
          parseTimes    1  0.000

Something wrong with it: LOADING OK

Errors: Array
(
)
Status: LOADING OK, Next Run: 2017-02-15 21:01:15
https://uslugi.mosreg.ru/zdrav/doctor_appointment/doctor/0901052/1323/2017-03-01?scenery=1
No time: Array
(
)

               total    1  0.101
                curl    1  0.101
          parseTimes    1  0.000

Something wrong with it: LOADING OK

Errors: Array
(
)
Status: LOADING OK, Next Run: 2017-02-15 21:01:20
https://uslugi.mosreg.ru/zdrav/doctor_appointment/doctor/0901052/1323/2017-03-01?scenery=1
No time: Array
(
)

               total    1  0.086
                curl    1  0.086
          parseTimes    1  0.000

Something wrong with it: LOADING OK

Errors: Array
(
)
Status: LOADING OK, Next Run: 2017-02-15 21:01:25
https://uslugi.mosreg.ru/zdrav/doctor_appointment/doctor/0901052/1323/2017-03-01?scenery=1
No time: Array
(
)

               total    1  0.090
                curl    1  0.090
          parseTimes    1  0.000

Something wrong with it: LOADING OK

Errors: Array
(
)
Status: LOADING OK, Next Run: 2017-02-15 21:01:30
https://uslugi.mosreg.ru/zdrav/doctor_appointment/doctor/0901052/1323/2017-03-01?scenery=1
No time: Array
(
)

               total    1  0.091
                curl    1  0.091
          parseTimes    1  0.000

Something wrong with it: LOADING OK

Errors: Array
(
)
Status: LOADING OK, Next Run: 2017-02-15 21:01:35
https://uslugi.mosreg.ru/zdrav/doctor_appointment/doctor/0901052/1323/2017-03-01?scenery=1
No time: Array
(
)

               total    1  0.080
                curl    1  0.080
          parseTimes    1  0.000

Something wrong with it: LOADING OK

Errors: Array
(
)
Status: LOADING OK, Next Run: 2017-02-15 21:01:40
https://uslugi.mosreg.ru/zdrav/doctor_appointment/doctor/0901052/1323/2017-03-01?scenery=1
No time: Array
(
)

               total    1  0.094
                curl    1  0.094
          parseTimes    1  0.000

Something wrong with it: LOADING OK

Errors: Array
(
)
Status: LOADING OK, Next Run: 2017-02-15 21:01:45
https://uslugi.mosreg.ru/zdrav/doctor_appointment/doctor/0901052/1323/2017-03-01?scenery=1
No time: Array
(
)

               total    1  0.091
                curl    1  0.091
          parseTimes    1  0.000

Something wrong with it: LOADING OK

Errors: Array
(
)
Status: LOADING OK, Next Run: 2017-02-15 21:01:50
https://uslugi.mosreg.ru/zdrav/doctor_appointment/doctor/0901052/1323/2017-03-01?scenery=1
No time: Array
(
)

               total    1  0.097
                curl    1  0.097
          parseTimes    1  0.000

Something wrong with it: LOADING OK

Errors: Array
(
)
Status: LOADING OK, Next Run: 2017-02-15 21:01:55
https://uslugi.mosreg.ru/zdrav/doctor_appointment/doctor/0901052/1323/2017-03-01?scenery=1
No time: Array
(
)

               total    1  0.085
                curl    1  0.085
          parseTimes    1  0.000

Something wrong with it: LOADING OK

Errors: Array
(
)
Status: LOADING OK, Next Run: 2017-02-15 21:02:00
https://uslugi.mosreg.ru/zdrav/doctor_appointment/doctor/0901052/1323/2017-03-01?scenery=1
No time: Array
(
)

               total    1  0.083
                curl    1  0.082
          parseTimes    1  0.000

Something wrong with it: LOADING OK

Errors: Array
(
)
Status: LOADING OK, Next Run: 2017-02-15 21:02:05
https://uslugi.mosreg.ru/zdrav/doctor_appointment/doctor/0901052/1323/2017-03-01?scenery=1
No time: Array
(
)

               total    1  0.127
                curl    1  0.127
          parseTimes    1  0.000

Something wrong with it: LOADING OK

Errors: Array
(
)
Time is over: 2017-02-15 21:02:00
