2017-02-15 15:04:02 wait until 2017-02-15 20:58:00 sec: 21238, 1487181480, 1487160242  sleep: 5.8994444444444
https://uslugi.mosreg.ru/zdrav/doctor_appointment/doctor/0901052/1324/2017-03-01?scenery=1
No time: Array
(
)

               total    1  1.375
                curl    1  1.375
          parseTimes    1  0.000

Status: TIME NOT OPENED, Next Run: 2017-02-15 20:58:05
https://uslugi.mosreg.ru/zdrav/doctor_appointment/doctor/0901052/1324/2017-03-01?scenery=1
No time: Array
(
)

               total    1  1.486
                curl    1  1.486
          parseTimes    1  0.000

Status: TIME NOT OPENED, Next Run: 2017-02-15 20:58:10
https://uslugi.mosreg.ru/zdrav/doctor_appointment/doctor/0901052/1324/2017-03-01?scenery=1
No time: Array
(
)

               total    1  1.494
                curl    1  1.494
          parseTimes    1  0.000

Status: TIME NOT OPENED, Next Run: 2017-02-15 20:58:15
https://uslugi.mosreg.ru/zdrav/doctor_appointment/doctor/0901052/1324/2017-03-01?scenery=1
No time: Array
(
)

               total    1  1.496
                curl    1  1.496
          parseTimes    1  0.000

Status: TIME NOT OPENED, Next Run: 2017-02-15 20:58:20
https://uslugi.mosreg.ru/zdrav/doctor_appointment/doctor/0901052/1324/2017-03-01?scenery=1
No time: Array
(
)

               total    1  1.480
                curl    1  1.480
          parseTimes    1  0.000

Status: TIME NOT OPENED, Next Run: 2017-02-15 20:58:25
https://uslugi.mosreg.ru/zdrav/doctor_appointment/doctor/0901052/1324/2017-03-01?scenery=1
No time: Array
(
)

               total    1  1.662
                curl    1  1.662
          parseTimes    1  0.000

Status: TIME NOT OPENED, Next Run: 2017-02-15 20:58:29
https://uslugi.mosreg.ru/zdrav/doctor_appointment/doctor/0901052/1324/2017-03-01?scenery=1
No time: Array
(
)

               total    1  1.776
                curl    1  1.775
          parseTimes    1  0.000

Status: TIME NOT OPENED, Next Run: 2017-02-15 20:58:34
https://uslugi.mosreg.ru/zdrav/doctor_appointment/doctor/0901052/1324/2017-03-01?scenery=1
No time: Array
(
)

               total    1  1.450
                curl    1  1.450
          parseTimes    1  0.000

Status: TIME NOT OPENED, Next Run: 2017-02-15 20:58:40
https://uslugi.mosreg.ru/zdrav/doctor_appointment/doctor/0901052/1324/2017-03-01?scenery=1
No time: Array
(
)

               total    1  1.487
                curl    1  1.487
          parseTimes    1  0.000

Status: TIME NOT OPENED, Next Run: 2017-02-15 20:58:45
https://uslugi.mosreg.ru/zdrav/doctor_appointment/doctor/0901052/1324/2017-03-01?scenery=1
No time: Array
(
)

               total    1  1.464
                curl    1  1.464
          parseTimes    1  0.000

Status: TIME NOT OPENED, Next Run: 2017-02-15 20:58:50
https://uslugi.mosreg.ru/zdrav/doctor_appointment/doctor/0901052/1324/2017-03-01?scenery=1
No time: Array
(
)

               total    1  1.452
                curl    1  1.452
          parseTimes    1  0.000

Status: TIME NOT OPENED, Next Run: 2017-02-15 20:58:55
https://uslugi.mosreg.ru/zdrav/doctor_appointment/doctor/0901052/1324/2017-03-01?scenery=1
No time: Array
(
)

               total    1  1.464
                curl    1  1.463
          parseTimes    1  0.000

Status: TIME NOT OPENED, Next Run: 2017-02-15 20:59:00
https://uslugi.mosreg.ru/zdrav/doctor_appointment/doctor/0901052/1324/2017-03-01?scenery=1
No time: Array
(
)

               total    1  1.462
                curl    1  1.462
          parseTimes    1  0.000

Status: TIME NOT OPENED, Next Run: 2017-02-15 20:59:05
https://uslugi.mosreg.ru/zdrav/doctor_appointment/doctor/0901052/1324/2017-03-01?scenery=1
No time: Array
(
)

               total    1  1.479
                curl    1  1.479
          parseTimes    1  0.000

Status: TIME NOT OPENED, Next Run: 2017-02-15 20:59:10
https://uslugi.mosreg.ru/zdrav/doctor_appointment/doctor/0901052/1324/2017-03-01?scenery=1
No time: Array
(
)

               total    1  1.733
                curl    1  1.733
          parseTimes    1  0.000

Status: TIME NOT OPENED, Next Run: 2017-02-15 20:59:14
https://uslugi.mosreg.ru/zdrav/doctor_appointment/doctor/0901052/1324/2017-03-01?scenery=1
No time: Array
(
)

               total    1  1.470
                curl    1  1.470
          parseTimes    1  0.000

Status: TIME NOT OPENED, Next Run: 2017-02-15 20:59:20
https://uslugi.mosreg.ru/zdrav/doctor_appointment/doctor/0901052/1324/2017-03-01?scenery=1
No time: Array
(
)

               total    1  1.686
                curl    1  1.686
          parseTimes    1  0.000

Status: TIME NOT OPENED, Next Run: 2017-02-15 20:59:24
https://uslugi.mosreg.ru/zdrav/doctor_appointment/doctor/0901052/1324/2017-03-01?scenery=1
No time: Array
(
)

               total    1  1.472
                curl    1  1.472
          parseTimes    1  0.000

Status: TIME NOT OPENED, Next Run: 2017-02-15 20:59:30
https://uslugi.mosreg.ru/zdrav/doctor_appointment/doctor/0901052/1324/2017-03-01?scenery=1
No time: Array
(
)

               total    1  1.461
                curl    1  1.461
          parseTimes    1  0.000

Status: TIME NOT OPENED, Next Run: 2017-02-15 20:59:35
https://uslugi.mosreg.ru/zdrav/doctor_appointment/doctor/0901052/1324/2017-03-01?scenery=1
No time: Array
(
)

               total    1  1.493
                curl    1  1.492
          parseTimes    1  0.000

Status: TIME NOT OPENED, Next Run: 2017-02-15 20:59:40
https://uslugi.mosreg.ru/zdrav/doctor_appointment/doctor/0901052/1324/2017-03-01?scenery=1
No time: Array
(
)

               total    1  1.950
                curl    1  1.950
          parseTimes    1  0.000

Status: TIME NOT OPENED, Next Run: 2017-02-15 20:59:45
https://uslugi.mosreg.ru/zdrav/doctor_appointment/doctor/0901052/1324/2017-03-01?scenery=1
No time: Array
(
)

               total    1  1.713
                curl    1  1.713
          parseTimes    1  0.000

Status: TIME NOT OPENED, Next Run: 2017-02-15 20:59:49
https://uslugi.mosreg.ru/zdrav/doctor_appointment/doctor/0901052/1324/2017-03-01?scenery=1
No time: Array
(
)

               total    1  2.184
                curl    1  2.184
          parseTimes    1  0.000

Status: TIME NOT OPENED, Next Run: 2017-02-15 20:59:55
https://uslugi.mosreg.ru/zdrav/doctor_appointment/doctor/0901052/1324/2017-03-01?scenery=1
No time: Array
(
)

               total    1  2.209
                curl    1  2.209
          parseTimes    1  0.000

Status: TIME NOT OPENED, Next Run: 2017-02-15 21:00:00
https://uslugi.mosreg.ru/zdrav/doctor_appointment/doctor/0901052/1324/2017-03-01?scenery=1
No time: Array
(
)

               total    1  1.518
                curl    1  1.518
          parseTimes    1  0.000

Something wrong with it: LOADING OK

Errors: Array
(
)
Status: LOADING OK, Next Run: 2017-02-15 21:00:04
https://uslugi.mosreg.ru/zdrav/doctor_appointment/doctor/0901052/1324/2017-03-01?scenery=1
No time: Array
(
)

               total    1  1.413
                curl    1  1.413
          parseTimes    1  0.000

Something wrong with it: LOADING OK

Errors: Array
(
)
Status: LOADING OK, Next Run: 2017-02-15 21:00:10
https://uslugi.mosreg.ru/zdrav/doctor_appointment/doctor/0901052/1324/2017-03-01?scenery=1
No time: Array
(
)

               total    1  0.956
                curl    1  0.956
          parseTimes    1  0.000

Something wrong with it: LOADING OK

Errors: Array
(
)
Status: LOADING OK, Next Run: 2017-02-15 21:00:15
https://uslugi.mosreg.ru/zdrav/doctor_appointment/doctor/0901052/1324/2017-03-01?scenery=1
No time: Array
(
)

               total    1  0.969
                curl    1  0.969
          parseTimes    1  0.000

Something wrong with it: LOADING OK

Errors: Array
(
)
Status: LOADING OK, Next Run: 2017-02-15 21:00:20
https://uslugi.mosreg.ru/zdrav/doctor_appointment/doctor/0901052/1324/2017-03-01?scenery=1
No time: Array
(
)

               total    1  0.985
                curl    1  0.985
          parseTimes    1  0.000

Something wrong with it: LOADING OK

Errors: Array
(
)
Status: LOADING OK, Next Run: 2017-02-15 21:00:25
https://uslugi.mosreg.ru/zdrav/doctor_appointment/doctor/0901052/1324/2017-03-01?scenery=1
No time: Array
(
)

               total    1  1.001
                curl    1  1.001
          parseTimes    1  0.000

Something wrong with it: LOADING OK

Errors: Array
(
)
Status: LOADING OK, Next Run: 2017-02-15 21:00:30
https://uslugi.mosreg.ru/zdrav/doctor_appointment/doctor/0901052/1324/2017-03-01?scenery=1
No time: Array
(
)

               total    1  1.007
                curl    1  1.007
          parseTimes    1  0.000

Something wrong with it: LOADING OK

Errors: Array
(
)
Status: LOADING OK, Next Run: 2017-02-15 21:00:35
https://uslugi.mosreg.ru/zdrav/doctor_appointment/doctor/0901052/1324/2017-03-01?scenery=1
No time: Array
(
)

               total    1  1.015
                curl    1  1.015
          parseTimes    1  0.000

Something wrong with it: LOADING OK

Errors: Array
(
)
Status: LOADING OK, Next Run: 2017-02-15 21:00:40
https://uslugi.mosreg.ru/zdrav/doctor_appointment/doctor/0901052/1324/2017-03-01?scenery=1
No time: Array
(
)

               total    1  0.958
                curl    1  0.958
          parseTimes    1  0.000

Something wrong with it: LOADING OK

Errors: Array
(
)
Status: LOADING OK, Next Run: 2017-02-15 21:00:45
https://uslugi.mosreg.ru/zdrav/doctor_appointment/doctor/0901052/1324/2017-03-01?scenery=1
No time: Array
(
)

               total    1  0.965
                curl    1  0.965
          parseTimes    1  0.000

Something wrong with it: LOADING OK

Errors: Array
(
)
Status: LOADING OK, Next Run: 2017-02-15 21:00:50
https://uslugi.mosreg.ru/zdrav/doctor_appointment/doctor/0901052/1324/2017-03-01?scenery=1
No time: Array
(
)

               total    1  0.976
                curl    1  0.976
          parseTimes    1  0.000

Something wrong with it: LOADING OK

Errors: Array
(
)
Status: LOADING OK, Next Run: 2017-02-15 21:00:55
https://uslugi.mosreg.ru/zdrav/doctor_appointment/doctor/0901052/1324/2017-03-01?scenery=1
No time: Array
(
)

               total    1  0.974
                curl    1  0.974
          parseTimes    1  0.000

Something wrong with it: LOADING OK

Errors: Array
(
)
Status: LOADING OK, Next Run: 2017-02-15 21:01:00
https://uslugi.mosreg.ru/zdrav/doctor_appointment/doctor/0901052/1324/2017-03-01?scenery=1
No time: Array
(
)

               total    1  0.992
                curl    1  0.992
          parseTimes    1  0.000

Something wrong with it: LOADING OK

Errors: Array
(
)
Status: LOADING OK, Next Run: 2017-02-15 21:01:05
https://uslugi.mosreg.ru/zdrav/doctor_appointment/doctor/0901052/1324/2017-03-01?scenery=1
No time: Array
(
)

               total    1  0.959
                curl    1  0.959
          parseTimes    1  0.000

Something wrong with it: LOADING OK

Errors: Array
(
)
Status: LOADING OK, Next Run: 2017-02-15 21:01:10
https://uslugi.mosreg.ru/zdrav/doctor_appointment/doctor/0901052/1324/2017-03-01?scenery=1
No time: Array
(
)

               total    1  0.955
                curl    1  0.955
          parseTimes    1  0.000

Something wrong with it: LOADING OK

Errors: Array
(
)
Status: LOADING OK, Next Run: 2017-02-15 21:01:15
https://uslugi.mosreg.ru/zdrav/doctor_appointment/doctor/0901052/1324/2017-03-01?scenery=1
No time: Array
(
)

               total    1  0.973
                curl    1  0.973
          parseTimes    1  0.000

Something wrong with it: LOADING OK

Errors: Array
(
)
Status: LOADING OK, Next Run: 2017-02-15 21:01:20
https://uslugi.mosreg.ru/zdrav/doctor_appointment/doctor/0901052/1324/2017-03-01?scenery=1
No time: Array
(
)

               total    1  0.972
                curl    1  0.972
          parseTimes    1  0.000

Something wrong with it: LOADING OK

Errors: Array
(
)
Status: LOADING OK, Next Run: 2017-02-15 21:01:25
https://uslugi.mosreg.ru/zdrav/doctor_appointment/doctor/0901052/1324/2017-03-01?scenery=1
No time: Array
(
)

               total    1  0.956
                curl    1  0.956
          parseTimes    1  0.000

Something wrong with it: LOADING OK

Errors: Array
(
)
Status: LOADING OK, Next Run: 2017-02-15 21:01:30
https://uslugi.mosreg.ru/zdrav/doctor_appointment/doctor/0901052/1324/2017-03-01?scenery=1
No time: Array
(
)

               total    1  0.953
                curl    1  0.953
          parseTimes    1  0.000

Something wrong with it: LOADING OK

Errors: Array
(
)
Status: LOADING OK, Next Run: 2017-02-15 21:01:35
https://uslugi.mosreg.ru/zdrav/doctor_appointment/doctor/0901052/1324/2017-03-01?scenery=1
No time: Array
(
)

               total    1  0.967
                curl    1  0.967
          parseTimes    1  0.000

Something wrong with it: LOADING OK

Errors: Array
(
)
Status: LOADING OK, Next Run: 2017-02-15 21:01:40
https://uslugi.mosreg.ru/zdrav/doctor_appointment/doctor/0901052/1324/2017-03-01?scenery=1
No time: Array
(
)

               total    1  1.205
                curl    1  1.205
          parseTimes    1  0.000

Something wrong with it: LOADING OK

Errors: Array
(
)
Status: LOADING OK, Next Run: 2017-02-15 21:01:45
https://uslugi.mosreg.ru/zdrav/doctor_appointment/doctor/0901052/1324/2017-03-01?scenery=1
No time: Array
(
)

               total    1  0.972
                curl    1  0.972
          parseTimes    1  0.000

Something wrong with it: LOADING OK

Errors: Array
(
)
Status: LOADING OK, Next Run: 2017-02-15 21:01:50
https://uslugi.mosreg.ru/zdrav/doctor_appointment/doctor/0901052/1324/2017-03-01?scenery=1
No time: Array
(
)

               total    1  0.960
                curl    1  0.960
          parseTimes    1  0.000

Something wrong with it: LOADING OK

Errors: Array
(
)
Status: LOADING OK, Next Run: 2017-02-15 21:01:55
https://uslugi.mosreg.ru/zdrav/doctor_appointment/doctor/0901052/1324/2017-03-01?scenery=1
No time: Array
(
)

               total    1  0.990
                curl    1  0.990
          parseTimes    1  0.000

Something wrong with it: LOADING OK

Errors: Array
(
)
Status: LOADING OK, Next Run: 2017-02-15 21:02:00
https://uslugi.mosreg.ru/zdrav/doctor_appointment/doctor/0901052/1324/2017-03-01?scenery=1
No time: Array
(
)

               total    1  0.999
                curl    1  0.999
          parseTimes    1  0.000

Something wrong with it: LOADING OK

Errors: Array
(
)
Time is over: 2017-02-15 21:02:00
