2017-02-15 15:05:30 wait until 2017-02-15 20:58:00 sec: 21150, 1487181480, 1487160330  sleep: 5.875
https://uslugi.mosreg.ru/zdrav/doctor_appointment/doctor/0901052/3648/2017-03-01?scenery=1
No time: Array
(
)

               total    1  0.362
                curl    1  0.362
          parseTimes    1  0.000

Status: NO TIME, Next Run: 2017-02-15 20:58:05
https://uslugi.mosreg.ru/zdrav/doctor_appointment/doctor/0901052/3648/2017-03-01?scenery=1
No time: Array
(
)

               total    1  0.004
                curl    1  0.004
          parseTimes    1  0.000

Status: NO TIME, Next Run: 2017-02-15 20:58:10
https://uslugi.mosreg.ru/zdrav/doctor_appointment/doctor/0901052/3648/2017-03-01?scenery=1
No time: Array
(
)

               total    1  0.005
                curl    1  0.005
          parseTimes    1  0.000

Status: NO TIME, Next Run: 2017-02-15 20:58:15
https://uslugi.mosreg.ru/zdrav/doctor_appointment/doctor/0901052/3648/2017-03-01?scenery=1
No time: Array
(
)

               total    1  0.006
                curl    1  0.006
          parseTimes    1  0.000

Status: NO TIME, Next Run: 2017-02-15 20:58:20
https://uslugi.mosreg.ru/zdrav/doctor_appointment/doctor/0901052/3648/2017-03-01?scenery=1
No time: Array
(
)

               total    1  0.005
                curl    1  0.005
          parseTimes    1  0.000

Status: NO TIME, Next Run: 2017-02-15 20:58:25
https://uslugi.mosreg.ru/zdrav/doctor_appointment/doctor/0901052/3648/2017-03-01?scenery=1
No time: Array
(
)

               total    1  0.005
                curl    1  0.004
          parseTimes    1  0.000

Status: NO TIME, Next Run: 2017-02-15 20:58:30
https://uslugi.mosreg.ru/zdrav/doctor_appointment/doctor/0901052/3648/2017-03-01?scenery=1
No time: Array
(
)

               total    1  0.004
                curl    1  0.004
          parseTimes    1  0.000

Status: NO TIME, Next Run: 2017-02-15 20:58:35
https://uslugi.mosreg.ru/zdrav/doctor_appointment/doctor/0901052/3648/2017-03-01?scenery=1
No time: Array
(
)

               total    1  0.006
                curl    1  0.005
          parseTimes    1  0.000

Status: NO TIME, Next Run: 2017-02-15 20:58:40
https://uslugi.mosreg.ru/zdrav/doctor_appointment/doctor/0901052/3648/2017-03-01?scenery=1
No time: Array
(
)

               total    1  0.005
                curl    1  0.005
          parseTimes    1  0.000

Status: NO TIME, Next Run: 2017-02-15 20:58:45
https://uslugi.mosreg.ru/zdrav/doctor_appointment/doctor/0901052/3648/2017-03-01?scenery=1
No time: Array
(
)

               total    1  0.005
                curl    1  0.005
          parseTimes    1  0.000

Status: NO TIME, Next Run: 2017-02-15 20:58:50
https://uslugi.mosreg.ru/zdrav/doctor_appointment/doctor/0901052/3648/2017-03-01?scenery=1
No time: Array
(
)

               total    1  0.005
                curl    1  0.005
          parseTimes    1  0.000

Status: NO TIME, Next Run: 2017-02-15 20:58:55
https://uslugi.mosreg.ru/zdrav/doctor_appointment/doctor/0901052/3648/2017-03-01?scenery=1
No time: Array
(
)

               total    1  0.005
                curl    1  0.005
          parseTimes    1  0.000

Status: NO TIME, Next Run: 2017-02-15 20:59:00
https://uslugi.mosreg.ru/zdrav/doctor_appointment/doctor/0901052/3648/2017-03-01?scenery=1
No time: Array
(
)

               total    1  0.006
                curl    1  0.006
          parseTimes    1  0.000

Status: NO TIME, Next Run: 2017-02-15 20:59:05
https://uslugi.mosreg.ru/zdrav/doctor_appointment/doctor/0901052/3648/2017-03-01?scenery=1
No time: Array
(
)

               total    1  0.005
                curl    1  0.005
          parseTimes    1  0.000

Status: NO TIME, Next Run: 2017-02-15 20:59:10
https://uslugi.mosreg.ru/zdrav/doctor_appointment/doctor/0901052/3648/2017-03-01?scenery=1
No time: Array
(
)

               total    1  0.005
                curl    1  0.005
          parseTimes    1  0.000

Status: NO TIME, Next Run: 2017-02-15 20:59:15
https://uslugi.mosreg.ru/zdrav/doctor_appointment/doctor/0901052/3648/2017-03-01?scenery=1
No time: Array
(
)

               total    1  0.005
                curl    1  0.005
          parseTimes    1  0.000

Status: NO TIME, Next Run: 2017-02-15 20:59:20
https://uslugi.mosreg.ru/zdrav/doctor_appointment/doctor/0901052/3648/2017-03-01?scenery=1
No time: Array
(
)

               total    1  0.005
                curl    1  0.005
          parseTimes    1  0.000

Status: NO TIME, Next Run: 2017-02-15 20:59:25
https://uslugi.mosreg.ru/zdrav/doctor_appointment/doctor/0901052/3648/2017-03-01?scenery=1
No time: Array
(
)

               total    1  0.005
                curl    1  0.005
          parseTimes    1  0.000

Status: NO TIME, Next Run: 2017-02-15 20:59:30
https://uslugi.mosreg.ru/zdrav/doctor_appointment/doctor/0901052/3648/2017-03-01?scenery=1
No time: Array
(
)

               total    1  0.008
                curl    1  0.008
          parseTimes    1  0.000

Status: NO TIME, Next Run: 2017-02-15 20:59:35
https://uslugi.mosreg.ru/zdrav/doctor_appointment/doctor/0901052/3648/2017-03-01?scenery=1
No time: Array
(
)

               total    1  0.005
                curl    1  0.005
          parseTimes    1  0.000

Status: NO TIME, Next Run: 2017-02-15 20:59:40
https://uslugi.mosreg.ru/zdrav/doctor_appointment/doctor/0901052/3648/2017-03-01?scenery=1
No time: Array
(
)

               total    1  0.005
                curl    1  0.005
          parseTimes    1  0.000

Status: NO TIME, Next Run: 2017-02-15 20:59:45
https://uslugi.mosreg.ru/zdrav/doctor_appointment/doctor/0901052/3648/2017-03-01?scenery=1
No time: Array
(
)

               total    1  0.005
                curl    1  0.005
          parseTimes    1  0.000

Status: NO TIME, Next Run: 2017-02-15 20:59:50
https://uslugi.mosreg.ru/zdrav/doctor_appointment/doctor/0901052/3648/2017-03-01?scenery=1
No time: Array
(
)

               total    1  0.005
                curl    1  0.005
          parseTimes    1  0.000

Status: NO TIME, Next Run: 2017-02-15 20:59:55
https://uslugi.mosreg.ru/zdrav/doctor_appointment/doctor/0901052/3648/2017-03-01?scenery=1
No time: Array
(
)

               total    1  0.005
                curl    1  0.005
          parseTimes    1  0.000

Status: NO TIME, Next Run: 2017-02-15 21:00:00
https://uslugi.mosreg.ru/zdrav/doctor_appointment/doctor/0901052/3648/2017-03-01?scenery=1
No time: Array
(
)

               total    1  0.005
                curl    1  0.005
          parseTimes    1  0.000

Status: NO TIME, Next Run: 2017-02-15 21:00:05
https://uslugi.mosreg.ru/zdrav/doctor_appointment/doctor/0901052/3648/2017-03-01?scenery=1
No time: Array
(
)

               total    1  0.005
                curl    1  0.005
          parseTimes    1  0.000

Status: NO TIME, Next Run: 2017-02-15 21:00:10
https://uslugi.mosreg.ru/zdrav/doctor_appointment/doctor/0901052/3648/2017-03-01?scenery=1
No time: Array
(
)

               total    1  0.007
                curl    1  0.007
          parseTimes    1  0.000

Status: NO TIME, Next Run: 2017-02-15 21:00:15
https://uslugi.mosreg.ru/zdrav/doctor_appointment/doctor/0901052/3648/2017-03-01?scenery=1
No time: Array
(
)

               total    1  0.005
                curl    1  0.005
          parseTimes    1  0.000

Status: NO TIME, Next Run: 2017-02-15 21:00:20
https://uslugi.mosreg.ru/zdrav/doctor_appointment/doctor/0901052/3648/2017-03-01?scenery=1
No time: Array
(
)

               total    1  0.005
                curl    1  0.005
          parseTimes    1  0.000

Status: NO TIME, Next Run: 2017-02-15 21:00:25
https://uslugi.mosreg.ru/zdrav/doctor_appointment/doctor/0901052/3648/2017-03-01?scenery=1
No time: Array
(
)

               total    1  0.005
                curl    1  0.005
          parseTimes    1  0.000

Status: NO TIME, Next Run: 2017-02-15 21:00:30
https://uslugi.mosreg.ru/zdrav/doctor_appointment/doctor/0901052/3648/2017-03-01?scenery=1
No time: Array
(
)

               total    1  0.005
                curl    1  0.005
          parseTimes    1  0.000

Status: NO TIME, Next Run: 2017-02-15 21:00:35
https://uslugi.mosreg.ru/zdrav/doctor_appointment/doctor/0901052/3648/2017-03-01?scenery=1
No time: Array
(
)

               total    1  0.011
                curl    1  0.011
          parseTimes    1  0.000

Status: NO TIME, Next Run: 2017-02-15 21:00:40
https://uslugi.mosreg.ru/zdrav/doctor_appointment/doctor/0901052/3648/2017-03-01?scenery=1
No time: Array
(
)

               total    1  0.005
                curl    1  0.005
          parseTimes    1  0.000

Status: NO TIME, Next Run: 2017-02-15 21:00:45
https://uslugi.mosreg.ru/zdrav/doctor_appointment/doctor/0901052/3648/2017-03-01?scenery=1
No time: Array
(
)

               total    1  0.005
                curl    1  0.005
          parseTimes    1  0.000

Status: NO TIME, Next Run: 2017-02-15 21:00:50
https://uslugi.mosreg.ru/zdrav/doctor_appointment/doctor/0901052/3648/2017-03-01?scenery=1
No time: Array
(
)

               total    1  0.005
                curl    1  0.005
          parseTimes    1  0.000

Status: NO TIME, Next Run: 2017-02-15 21:00:55
https://uslugi.mosreg.ru/zdrav/doctor_appointment/doctor/0901052/3648/2017-03-01?scenery=1
No time: Array
(
)

               total    1  0.006
                curl    1  0.006
          parseTimes    1  0.000

Status: NO TIME, Next Run: 2017-02-15 21:01:00
https://uslugi.mosreg.ru/zdrav/doctor_appointment/doctor/0901052/3648/2017-03-01?scenery=1
No time: Array
(
)

               total    1  0.005
                curl    1  0.005
          parseTimes    1  0.000

Status: NO TIME, Next Run: 2017-02-15 21:01:05
https://uslugi.mosreg.ru/zdrav/doctor_appointment/doctor/0901052/3648/2017-03-01?scenery=1
No time: Array
(
)

               total    1  0.005
                curl    1  0.005
          parseTimes    1  0.000

Status: NO TIME, Next Run: 2017-02-15 21:01:10
https://uslugi.mosreg.ru/zdrav/doctor_appointment/doctor/0901052/3648/2017-03-01?scenery=1
No time: Array
(
)

               total    1  0.005
                curl    1  0.005
          parseTimes    1  0.000

Status: NO TIME, Next Run: 2017-02-15 21:01:15
https://uslugi.mosreg.ru/zdrav/doctor_appointment/doctor/0901052/3648/2017-03-01?scenery=1
No time: Array
(
)

               total    1  0.005
                curl    1  0.005
          parseTimes    1  0.000

Status: NO TIME, Next Run: 2017-02-15 21:01:20
https://uslugi.mosreg.ru/zdrav/doctor_appointment/doctor/0901052/3648/2017-03-01?scenery=1
No time: Array
(
)

               total    1  0.005
                curl    1  0.005
          parseTimes    1  0.000

Status: NO TIME, Next Run: 2017-02-15 21:01:25
https://uslugi.mosreg.ru/zdrav/doctor_appointment/doctor/0901052/3648/2017-03-01?scenery=1
No time: Array
(
)

               total    1  0.468
                curl    1  0.468
          parseTimes    1  0.000

Status: NO TIME, Next Run: 2017-02-15 21:01:30
https://uslugi.mosreg.ru/zdrav/doctor_appointment/doctor/0901052/3648/2017-03-01?scenery=1
No time: Array
(
)

               total    1  0.005
                curl    1  0.004
          parseTimes    1  0.000

Status: NO TIME, Next Run: 2017-02-15 21:01:35
https://uslugi.mosreg.ru/zdrav/doctor_appointment/doctor/0901052/3648/2017-03-01?scenery=1
No time: Array
(
)

               total    1  0.004
                curl    1  0.004
          parseTimes    1  0.000

Status: NO TIME, Next Run: 2017-02-15 21:01:40
https://uslugi.mosreg.ru/zdrav/doctor_appointment/doctor/0901052/3648/2017-03-01?scenery=1
No time: Array
(
)

               total    1  0.005
                curl    1  0.005
          parseTimes    1  0.000

Status: NO TIME, Next Run: 2017-02-15 21:01:45
https://uslugi.mosreg.ru/zdrav/doctor_appointment/doctor/0901052/3648/2017-03-01?scenery=1
No time: Array
(
)

               total    1  0.004
                curl    1  0.004
          parseTimes    1  0.000

Status: NO TIME, Next Run: 2017-02-15 21:01:50
https://uslugi.mosreg.ru/zdrav/doctor_appointment/doctor/0901052/3648/2017-03-01?scenery=1
No time: Array
(
)

               total    1  0.006
                curl    1  0.006
          parseTimes    1  0.000

Status: NO TIME, Next Run: 2017-02-15 21:01:55
https://uslugi.mosreg.ru/zdrav/doctor_appointment/doctor/0901052/3648/2017-03-01?scenery=1
No time: Array
(
)

               total    1  0.005
                curl    1  0.005
          parseTimes    1  0.000

Status: NO TIME, Next Run: 2017-02-15 21:02:00
https://uslugi.mosreg.ru/zdrav/doctor_appointment/doctor/0901052/3648/2017-03-01?scenery=1
No time: Array
(
)

               total    1  0.005
                curl    1  0.004
          parseTimes    1  0.000

Status: NO TIME, Next Run: 2017-02-15 21:02:05
https://uslugi.mosreg.ru/zdrav/doctor_appointment/doctor/0901052/3648/2017-03-01?scenery=1
No time: Array
(
)

               total    1  0.005
                curl    1  0.004
          parseTimes    1  0.000

Time is over: 2017-02-15 21:02:00
