2017-02-17 16:26:13 wait until 2017-02-17 20:58:00 sec: 16307, 1487354280, 1487337973  sleep: 4.5297222222222
https://uslugi.mosreg.ru/zdrav/doctor_appointment/doctor/0901052/2500/2017-03-03?scenery=1
No time: Array
(
)

               total    1  0.458
                curl    1  0.458
          parseTimes    1  0.000

Status: TIME NOT OPENED, Next Run: 2017-02-17 20:58:05
https://uslugi.mosreg.ru/zdrav/doctor_appointment/doctor/0901052/2500/2017-03-03?scenery=1
No time: Array
(
)

               total    1  0.076
                curl    1  0.076
          parseTimes    1  0.000

Status: TIME NOT OPENED, Next Run: 2017-02-17 20:58:10
https://uslugi.mosreg.ru/zdrav/doctor_appointment/doctor/0901052/2500/2017-03-03?scenery=1
No time: Array
(
)

               total    1  0.080
                curl    1  0.080
          parseTimes    1  0.000

Status: TIME NOT OPENED, Next Run: 2017-02-17 20:58:15
https://uslugi.mosreg.ru/zdrav/doctor_appointment/doctor/0901052/2500/2017-03-03?scenery=1
No time: Array
(
)

               total    1  0.095
                curl    1  0.095
          parseTimes    1  0.000

Status: TIME NOT OPENED, Next Run: 2017-02-17 20:58:20
https://uslugi.mosreg.ru/zdrav/doctor_appointment/doctor/0901052/2500/2017-03-03?scenery=1
No time: Array
(
)

               total    1  0.063
                curl    1  0.063
          parseTimes    1  0.000

Status: TIME NOT OPENED, Next Run: 2017-02-17 20:58:25
https://uslugi.mosreg.ru/zdrav/doctor_appointment/doctor/0901052/2500/2017-03-03?scenery=1
No time: Array
(
)

               total    1  0.077
                curl    1  0.077
          parseTimes    1  0.000

Status: TIME NOT OPENED, Next Run: 2017-02-17 20:58:30
https://uslugi.mosreg.ru/zdrav/doctor_appointment/doctor/0901052/2500/2017-03-03?scenery=1
No time: Array
(
)

               total    1  0.070
                curl    1  0.070
          parseTimes    1  0.000

Status: TIME NOT OPENED, Next Run: 2017-02-17 20:58:35
https://uslugi.mosreg.ru/zdrav/doctor_appointment/doctor/0901052/2500/2017-03-03?scenery=1
No time: Array
(
)

               total    1  0.070
                curl    1  0.070
          parseTimes    1  0.000

Status: TIME NOT OPENED, Next Run: 2017-02-17 20:58:40
https://uslugi.mosreg.ru/zdrav/doctor_appointment/doctor/0901052/2500/2017-03-03?scenery=1
No time: Array
(
)

               total    1  0.068
                curl    1  0.068
          parseTimes    1  0.000

Status: TIME NOT OPENED, Next Run: 2017-02-17 20:58:45
https://uslugi.mosreg.ru/zdrav/doctor_appointment/doctor/0901052/2500/2017-03-03?scenery=1
No time: Array
(
)

               total    1  0.064
                curl    1  0.064
          parseTimes    1  0.000

Status: TIME NOT OPENED, Next Run: 2017-02-17 20:58:50
https://uslugi.mosreg.ru/zdrav/doctor_appointment/doctor/0901052/2500/2017-03-03?scenery=1
No time: Array
(
)

               total    1  0.067
                curl    1  0.067
          parseTimes    1  0.000

Status: TIME NOT OPENED, Next Run: 2017-02-17 20:58:55
https://uslugi.mosreg.ru/zdrav/doctor_appointment/doctor/0901052/2500/2017-03-03?scenery=1
No time: Array
(
)

               total    1  0.078
                curl    1  0.078
          parseTimes    1  0.000

Status: TIME NOT OPENED, Next Run: 2017-02-17 20:59:00
https://uslugi.mosreg.ru/zdrav/doctor_appointment/doctor/0901052/2500/2017-03-03?scenery=1
No time: Array
(
)

               total    1  0.069
                curl    1  0.069
          parseTimes    1  0.000

Status: TIME NOT OPENED, Next Run: 2017-02-17 20:59:05
https://uslugi.mosreg.ru/zdrav/doctor_appointment/doctor/0901052/2500/2017-03-03?scenery=1
No time: Array
(
)

               total    1  0.080
                curl    1  0.080
          parseTimes    1  0.000

Status: TIME NOT OPENED, Next Run: 2017-02-17 20:59:10
https://uslugi.mosreg.ru/zdrav/doctor_appointment/doctor/0901052/2500/2017-03-03?scenery=1
No time: Array
(
)

               total    1  0.066
                curl    1  0.066
          parseTimes    1  0.000

Status: TIME NOT OPENED, Next Run: 2017-02-17 20:59:15
https://uslugi.mosreg.ru/zdrav/doctor_appointment/doctor/0901052/2500/2017-03-03?scenery=1
No time: Array
(
)

               total    1  0.098
                curl    1  0.098
          parseTimes    1  0.000

Status: TIME NOT OPENED, Next Run: 2017-02-17 20:59:20
https://uslugi.mosreg.ru/zdrav/doctor_appointment/doctor/0901052/2500/2017-03-03?scenery=1
No time: Array
(
)

               total    1  0.071
                curl    1  0.071
          parseTimes    1  0.000

Status: TIME NOT OPENED, Next Run: 2017-02-17 20:59:25
https://uslugi.mosreg.ru/zdrav/doctor_appointment/doctor/0901052/2500/2017-03-03?scenery=1
No time: Array
(
)

               total    1  0.099
                curl    1  0.099
          parseTimes    1  0.000

Status: TIME NOT OPENED, Next Run: 2017-02-17 20:59:30
https://uslugi.mosreg.ru/zdrav/doctor_appointment/doctor/0901052/2500/2017-03-03?scenery=1
No time: Array
(
)

               total    1  0.099
                curl    1  0.099
          parseTimes    1  0.000

Status: TIME NOT OPENED, Next Run: 2017-02-17 20:59:35
https://uslugi.mosreg.ru/zdrav/doctor_appointment/doctor/0901052/2500/2017-03-03?scenery=1
No time: Array
(
)

               total    1  0.089
                curl    1  0.088
          parseTimes    1  0.000

Status: TIME NOT OPENED, Next Run: 2017-02-17 20:59:40
https://uslugi.mosreg.ru/zdrav/doctor_appointment/doctor/0901052/2500/2017-03-03?scenery=1
No time: Array
(
)

               total    1  0.070
                curl    1  0.070
          parseTimes    1  0.000

Status: TIME NOT OPENED, Next Run: 2017-02-17 20:59:45
https://uslugi.mosreg.ru/zdrav/doctor_appointment/doctor/0901052/2500/2017-03-03?scenery=1
No time: Array
(
)

               total    1  0.087
                curl    1  0.086
          parseTimes    1  0.000

Status: TIME NOT OPENED, Next Run: 2017-02-17 20:59:50
https://uslugi.mosreg.ru/zdrav/doctor_appointment/doctor/0901052/2500/2017-03-03?scenery=1
No time: Array
(
)

               total    1  0.080
                curl    1  0.080
          parseTimes    1  0.000

Status: TIME NOT OPENED, Next Run: 2017-02-17 20:59:55
https://uslugi.mosreg.ru/zdrav/doctor_appointment/doctor/0901052/2500/2017-03-03?scenery=1
No time: Array
(
)

               total    1  0.070
                curl    1  0.070
          parseTimes    1  0.000

Status: TIME NOT OPENED, Next Run: 2017-02-17 21:00:00
https://uslugi.mosreg.ru/zdrav/doctor_appointment/doctor/0901052/2500/2017-03-03?scenery=1
No time: Array
(
)

               total    1  0.163
                curl    1  0.162
          parseTimes    1  0.000

Something wrong with it: LOADING OK

Errors: Array
(
)
Status: LOADING OK, Next Run: 2017-02-17 21:00:05
https://uslugi.mosreg.ru/zdrav/doctor_appointment/doctor/0901052/2500/2017-03-03?scenery=1
No time: Array
(
)

               total    1  0.096
                curl    1  0.096
          parseTimes    1  0.000

Something wrong with it: LOADING OK

Errors: Array
(
)
Status: LOADING OK, Next Run: 2017-02-17 21:00:10
https://uslugi.mosreg.ru/zdrav/doctor_appointment/doctor/0901052/2500/2017-03-03?scenery=1
No time: Array
(
)

               total    1  0.099
                curl    1  0.099
          parseTimes    1  0.000

Something wrong with it: LOADING OK

Errors: Array
(
)
Status: LOADING OK, Next Run: 2017-02-17 21:00:15
https://uslugi.mosreg.ru/zdrav/doctor_appointment/doctor/0901052/2500/2017-03-03?scenery=1
No time: Array
(
)

               total    1  0.072
                curl    1  0.072
          parseTimes    1  0.000

Something wrong with it: LOADING OK

Errors: Array
(
)
Status: LOADING OK, Next Run: 2017-02-17 21:00:20
https://uslugi.mosreg.ru/zdrav/doctor_appointment/doctor/0901052/2500/2017-03-03?scenery=1
No time: Array
(
)

               total    1  0.084
                curl    1  0.084
          parseTimes    1  0.000

Something wrong with it: LOADING OK

Errors: Array
(
)
Status: LOADING OK, Next Run: 2017-02-17 21:00:25
https://uslugi.mosreg.ru/zdrav/doctor_appointment/doctor/0901052/2500/2017-03-03?scenery=1
No time: Array
(
)

               total    1  0.088
                curl    1  0.088
          parseTimes    1  0.000

Something wrong with it: LOADING OK

Errors: Array
(
)
Status: LOADING OK, Next Run: 2017-02-17 21:00:30
https://uslugi.mosreg.ru/zdrav/doctor_appointment/doctor/0901052/2500/2017-03-03?scenery=1
No time: Array
(
)

               total    1  0.080
                curl    1  0.079
          parseTimes    1  0.000

Something wrong with it: LOADING OK

Errors: Array
(
)
Status: LOADING OK, Next Run: 2017-02-17 21:00:35
https://uslugi.mosreg.ru/zdrav/doctor_appointment/doctor/0901052/2500/2017-03-03?scenery=1
No time: Array
(
)

               total    1  0.086
                curl    1  0.086
          parseTimes    1  0.000

Something wrong with it: LOADING OK

Errors: Array
(
)
Status: LOADING OK, Next Run: 2017-02-17 21:00:40
https://uslugi.mosreg.ru/zdrav/doctor_appointment/doctor/0901052/2500/2017-03-03?scenery=1
No time: Array
(
)

               total    1  0.112
                curl    1  0.112
          parseTimes    1  0.000

Something wrong with it: LOADING OK

Errors: Array
(
)
Status: LOADING OK, Next Run: 2017-02-17 21:00:45
https://uslugi.mosreg.ru/zdrav/doctor_appointment/doctor/0901052/2500/2017-03-03?scenery=1
No time: Array
(
)

               total    1  0.067
                curl    1  0.066
          parseTimes    1  0.000

Something wrong with it: LOADING OK

Errors: Array
(
)
Status: LOADING OK, Next Run: 2017-02-17 21:00:50
https://uslugi.mosreg.ru/zdrav/doctor_appointment/doctor/0901052/2500/2017-03-03?scenery=1
No time: Array
(
)

               total    1  0.111
                curl    1  0.111
          parseTimes    1  0.000

Something wrong with it: LOADING OK

Errors: Array
(
)
Status: LOADING OK, Next Run: 2017-02-17 21:00:55
https://uslugi.mosreg.ru/zdrav/doctor_appointment/doctor/0901052/2500/2017-03-03?scenery=1
No time: Array
(
)

               total    1  0.087
                curl    1  0.087
          parseTimes    1  0.000

Something wrong with it: LOADING OK

Errors: Array
(
)
Status: LOADING OK, Next Run: 2017-02-17 21:01:00
https://uslugi.mosreg.ru/zdrav/doctor_appointment/doctor/0901052/2500/2017-03-03?scenery=1
No time: Array
(
)

               total    1  0.238
                curl    1  0.238
          parseTimes    1  0.000

Something wrong with it: LOADING OK

Errors: Array
(
)
Status: LOADING OK, Next Run: 2017-02-17 21:01:05
https://uslugi.mosreg.ru/zdrav/doctor_appointment/doctor/0901052/2500/2017-03-03?scenery=1
No time: Array
(
)

               total    1  0.076
                curl    1  0.076
          parseTimes    1  0.000

Something wrong with it: LOADING OK

Errors: Array
(
)
Status: LOADING OK, Next Run: 2017-02-17 21:01:10
https://uslugi.mosreg.ru/zdrav/doctor_appointment/doctor/0901052/2500/2017-03-03?scenery=1
No time: Array
(
)

               total    1  0.090
                curl    1  0.090
          parseTimes    1  0.000

Something wrong with it: LOADING OK

Errors: Array
(
)
Status: LOADING OK, Next Run: 2017-02-17 21:01:15
https://uslugi.mosreg.ru/zdrav/doctor_appointment/doctor/0901052/2500/2017-03-03?scenery=1
No time: Array
(
)

               total    1  0.100
                curl    1  0.100
          parseTimes    1  0.000

Something wrong with it: LOADING OK

Errors: Array
(
)
Status: LOADING OK, Next Run: 2017-02-17 21:01:20
https://uslugi.mosreg.ru/zdrav/doctor_appointment/doctor/0901052/2500/2017-03-03?scenery=1
No time: Array
(
)

               total    1  0.077
                curl    1  0.077
          parseTimes    1  0.000

Something wrong with it: LOADING OK

Errors: Array
(
)
Status: LOADING OK, Next Run: 2017-02-17 21:01:25
https://uslugi.mosreg.ru/zdrav/doctor_appointment/doctor/0901052/2500/2017-03-03?scenery=1
No time: Array
(
)

               total    1  0.087
                curl    1  0.087
          parseTimes    1  0.000

Something wrong with it: LOADING OK

Errors: Array
(
)
Status: LOADING OK, Next Run: 2017-02-17 21:01:30
https://uslugi.mosreg.ru/zdrav/doctor_appointment/doctor/0901052/2500/2017-03-03?scenery=1
No time: Array
(
)

               total    1  0.070
                curl    1  0.070
          parseTimes    1  0.000

Something wrong with it: LOADING OK

Errors: Array
(
)
Status: LOADING OK, Next Run: 2017-02-17 21:01:35
https://uslugi.mosreg.ru/zdrav/doctor_appointment/doctor/0901052/2500/2017-03-03?scenery=1
No time: Array
(
)

               total    1  0.073
                curl    1  0.073
          parseTimes    1  0.000

Something wrong with it: LOADING OK

Errors: Array
(
)
Status: LOADING OK, Next Run: 2017-02-17 21:01:40
https://uslugi.mosreg.ru/zdrav/doctor_appointment/doctor/0901052/2500/2017-03-03?scenery=1
No time: Array
(
)

               total    1  0.102
                curl    1  0.102
          parseTimes    1  0.000

Something wrong with it: LOADING OK

Errors: Array
(
)
Status: LOADING OK, Next Run: 2017-02-17 21:01:45
https://uslugi.mosreg.ru/zdrav/doctor_appointment/doctor/0901052/2500/2017-03-03?scenery=1
No time: Array
(
)

               total    1  0.099
                curl    1  0.099
          parseTimes    1  0.000

Something wrong with it: LOADING OK

Errors: Array
(
)
Status: LOADING OK, Next Run: 2017-02-17 21:01:50
https://uslugi.mosreg.ru/zdrav/doctor_appointment/doctor/0901052/2500/2017-03-03?scenery=1
No time: Array
(
)

               total    1  0.090
                curl    1  0.090
          parseTimes    1  0.000

Something wrong with it: LOADING OK

Errors: Array
(
)
Status: LOADING OK, Next Run: 2017-02-17 21:01:55
https://uslugi.mosreg.ru/zdrav/doctor_appointment/doctor/0901052/2500/2017-03-03?scenery=1
No time: Array
(
)

               total    1  0.094
                curl    1  0.094
          parseTimes    1  0.000

Something wrong with it: LOADING OK

Errors: Array
(
)
Status: LOADING OK, Next Run: 2017-02-17 21:02:00
https://uslugi.mosreg.ru/zdrav/doctor_appointment/doctor/0901052/2500/2017-03-03?scenery=1
No time: Array
(
)

               total    1  0.078
                curl    1  0.078
          parseTimes    1  0.000

Something wrong with it: LOADING OK

Errors: Array
(
)
Status: LOADING OK, Next Run: 2017-02-17 21:02:05
https://uslugi.mosreg.ru/zdrav/doctor_appointment/doctor/0901052/2500/2017-03-03?scenery=1
No time: Array
(
)

               total    1  0.069
                curl    1  0.069
          parseTimes    1  0.000

Something wrong with it: LOADING OK

Errors: Array
(
)
Time is over: 2017-02-17 21:02:00
