2016-06-08 14:54:31 wait until 2016-06-08 20:58:00 sec: 21809, 1465408680, 1465386871  sleep: 6.0580555555556
https://uslugi.mosreg.ru/zdrav/doctor_appointment/doctor/0901052/2469/2016-06-22?scenery=1
No time: Array
(
)

               total    1  0.665
                curl    1  0.665
          parseTimes    1  0.000

Status: TIME NOT OPENED, Next Run: 2016-06-08 20:58:05
https://uslugi.mosreg.ru/zdrav/doctor_appointment/doctor/0901052/2469/2016-06-22?scenery=1
No time: Array
(
)

               total    1  0.097
                curl    1  0.097
          parseTimes    1  0.000

Status: TIME NOT OPENED, Next Run: 2016-06-08 20:58:10
https://uslugi.mosreg.ru/zdrav/doctor_appointment/doctor/0901052/2469/2016-06-22?scenery=1
No time: Array
(
)

               total    1  0.066
                curl    1  0.066
          parseTimes    1  0.000

Status: TIME NOT OPENED, Next Run: 2016-06-08 20:58:15
https://uslugi.mosreg.ru/zdrav/doctor_appointment/doctor/0901052/2469/2016-06-22?scenery=1
No time: Array
(
)

               total    1  0.144
                curl    1  0.144
          parseTimes    1  0.000

Status: TIME NOT OPENED, Next Run: 2016-06-08 20:58:20
https://uslugi.mosreg.ru/zdrav/doctor_appointment/doctor/0901052/2469/2016-06-22?scenery=1
No time: Array
(
)

               total    1  0.067
                curl    1  0.066
          parseTimes    1  0.000

Status: TIME NOT OPENED, Next Run: 2016-06-08 20:58:25
https://uslugi.mosreg.ru/zdrav/doctor_appointment/doctor/0901052/2469/2016-06-22?scenery=1
No time: Array
(
)

               total    1  0.200
                curl    1  0.200
          parseTimes    1  0.000

Status: TIME NOT OPENED, Next Run: 2016-06-08 20:58:30
https://uslugi.mosreg.ru/zdrav/doctor_appointment/doctor/0901052/2469/2016-06-22?scenery=1
No time: Array
(
)

               total    1  0.070
                curl    1  0.069
          parseTimes    1  0.000

Status: TIME NOT OPENED, Next Run: 2016-06-08 20:58:35
https://uslugi.mosreg.ru/zdrav/doctor_appointment/doctor/0901052/2469/2016-06-22?scenery=1
No time: Array
(
)

               total    1  0.072
                curl    1  0.072
          parseTimes    1  0.000

Status: TIME NOT OPENED, Next Run: 2016-06-08 20:58:40
https://uslugi.mosreg.ru/zdrav/doctor_appointment/doctor/0901052/2469/2016-06-22?scenery=1
No time: Array
(
)

               total    1  0.250
                curl    1  0.250
          parseTimes    1  0.000

Status: TIME NOT OPENED, Next Run: 2016-06-08 20:58:45
https://uslugi.mosreg.ru/zdrav/doctor_appointment/doctor/0901052/2469/2016-06-22?scenery=1
No time: Array
(
)

               total    1  0.067
                curl    1  0.067
          parseTimes    1  0.000

Status: TIME NOT OPENED, Next Run: 2016-06-08 20:58:50
https://uslugi.mosreg.ru/zdrav/doctor_appointment/doctor/0901052/2469/2016-06-22?scenery=1
No time: Array
(
)

               total    1  0.160
                curl    1  0.160
          parseTimes    1  0.000

Status: TIME NOT OPENED, Next Run: 2016-06-08 20:58:55
https://uslugi.mosreg.ru/zdrav/doctor_appointment/doctor/0901052/2469/2016-06-22?scenery=1
No time: Array
(
)

               total    1  0.100
                curl    1  0.099
          parseTimes    1  0.000

Status: TIME NOT OPENED, Next Run: 2016-06-08 20:59:00
https://uslugi.mosreg.ru/zdrav/doctor_appointment/doctor/0901052/2469/2016-06-22?scenery=1
No time: Array
(
)

               total    1  0.077
                curl    1  0.076
          parseTimes    1  0.000

Status: TIME NOT OPENED, Next Run: 2016-06-08 20:59:05
https://uslugi.mosreg.ru/zdrav/doctor_appointment/doctor/0901052/2469/2016-06-22?scenery=1
No time: Array
(
)

               total    1  0.082
                curl    1  0.082
          parseTimes    1  0.000

Status: TIME NOT OPENED, Next Run: 2016-06-08 20:59:10
https://uslugi.mosreg.ru/zdrav/doctor_appointment/doctor/0901052/2469/2016-06-22?scenery=1
No time: Array
(
)

               total    1  0.254
                curl    1  0.254
          parseTimes    1  0.000

Status: TIME NOT OPENED, Next Run: 2016-06-08 20:59:15
https://uslugi.mosreg.ru/zdrav/doctor_appointment/doctor/0901052/2469/2016-06-22?scenery=1
No time: Array
(
)

               total    1  0.066
                curl    1  0.066
          parseTimes    1  0.000

Status: TIME NOT OPENED, Next Run: 2016-06-08 20:59:20
https://uslugi.mosreg.ru/zdrav/doctor_appointment/doctor/0901052/2469/2016-06-22?scenery=1
No time: Array
(
)

               total    1  0.205
                curl    1  0.205
          parseTimes    1  0.000

Status: TIME NOT OPENED, Next Run: 2016-06-08 20:59:25
https://uslugi.mosreg.ru/zdrav/doctor_appointment/doctor/0901052/2469/2016-06-22?scenery=1
No time: Array
(
)

               total    1  0.170
                curl    1  0.170
          parseTimes    1  0.000

Status: TIME NOT OPENED, Next Run: 2016-06-08 20:59:30
https://uslugi.mosreg.ru/zdrav/doctor_appointment/doctor/0901052/2469/2016-06-22?scenery=1
No time: Array
(
)

               total    1  0.075
                curl    1  0.075
          parseTimes    1  0.000

Status: TIME NOT OPENED, Next Run: 2016-06-08 20:59:35
https://uslugi.mosreg.ru/zdrav/doctor_appointment/doctor/0901052/2469/2016-06-22?scenery=1
No time: Array
(
)

               total    1  0.076
                curl    1  0.076
          parseTimes    1  0.000

Status: TIME NOT OPENED, Next Run: 2016-06-08 20:59:40
https://uslugi.mosreg.ru/zdrav/doctor_appointment/doctor/0901052/2469/2016-06-22?scenery=1
No time: Array
(
)

               total    1  0.083
                curl    1  0.083
          parseTimes    1  0.000

Status: TIME NOT OPENED, Next Run: 2016-06-08 20:59:45
https://uslugi.mosreg.ru/zdrav/doctor_appointment/doctor/0901052/2469/2016-06-22?scenery=1
No time: Array
(
)

               total    1  0.070
                curl    1  0.070
          parseTimes    1  0.000

Status: TIME NOT OPENED, Next Run: 2016-06-08 20:59:50
https://uslugi.mosreg.ru/zdrav/doctor_appointment/doctor/0901052/2469/2016-06-22?scenery=1
No time: Array
(
)

               total    1  0.158
                curl    1  0.158
          parseTimes    1  0.000

Status: TIME NOT OPENED, Next Run: 2016-06-08 20:59:55
https://uslugi.mosreg.ru/zdrav/doctor_appointment/doctor/0901052/2469/2016-06-22?scenery=1
No time: Array
(
)

               total    1  0.185
                curl    1  0.184
          parseTimes    1  0.000

Something wrong with it: LOADING OK

Errors: Array
(
)
Status: LOADING OK, Next Run: 2016-06-08 21:00:00
https://uslugi.mosreg.ru/zdrav/doctor_appointment/doctor/0901052/2469/2016-06-22?scenery=1
No time: Array
(
)

               total    1  0.069
                curl    1  0.069
          parseTimes    1  0.000

Something wrong with it: LOADING OK

Errors: Array
(
)
Status: LOADING OK, Next Run: 2016-06-08 21:00:05
https://uslugi.mosreg.ru/zdrav/doctor_appointment/doctor/0901052/2469/2016-06-22?scenery=1
No time: Array
(
)

               total    1  0.132
                curl    1  0.132
          parseTimes    1  0.000

Something wrong with it: LOADING OK

Errors: Array
(
)
Status: LOADING OK, Next Run: 2016-06-08 21:00:10
https://uslugi.mosreg.ru/zdrav/doctor_appointment/doctor/0901052/2469/2016-06-22?scenery=1
No time: Array
(
)

               total    1  0.116
                curl    1  0.116
          parseTimes    1  0.000

Something wrong with it: LOADING OK

Errors: Array
(
)
Status: LOADING OK, Next Run: 2016-06-08 21:00:15
https://uslugi.mosreg.ru/zdrav/doctor_appointment/doctor/0901052/2469/2016-06-22?scenery=1
No time: Array
(
)

               total    1  0.215
                curl    1  0.215
          parseTimes    1  0.000

Something wrong with it: LOADING OK

Errors: Array
(
)
Status: LOADING OK, Next Run: 2016-06-08 21:00:20
https://uslugi.mosreg.ru/zdrav/doctor_appointment/doctor/0901052/2469/2016-06-22?scenery=1
No time: Array
(
)

               total    1  0.076
                curl    1  0.076
          parseTimes    1  0.000

Something wrong with it: LOADING OK

Errors: Array
(
)
Status: LOADING OK, Next Run: 2016-06-08 21:00:25
https://uslugi.mosreg.ru/zdrav/doctor_appointment/doctor/0901052/2469/2016-06-22?scenery=1
No time: Array
(
)

               total    1  0.083
                curl    1  0.083
          parseTimes    1  0.000

Something wrong with it: LOADING OK

Errors: Array
(
)
Status: LOADING OK, Next Run: 2016-06-08 21:00:30
https://uslugi.mosreg.ru/zdrav/doctor_appointment/doctor/0901052/2469/2016-06-22?scenery=1
No time: Array
(
)

               total    1  0.077
                curl    1  0.076
          parseTimes    1  0.000

Something wrong with it: LOADING OK

Errors: Array
(
)
Status: LOADING OK, Next Run: 2016-06-08 21:00:35
https://uslugi.mosreg.ru/zdrav/doctor_appointment/doctor/0901052/2469/2016-06-22?scenery=1
No time: Array
(
)

               total    1  0.237
                curl    1  0.237
          parseTimes    1  0.000

Something wrong with it: LOADING OK

Errors: Array
(
)
Status: LOADING OK, Next Run: 2016-06-08 21:00:40
https://uslugi.mosreg.ru/zdrav/doctor_appointment/doctor/0901052/2469/2016-06-22?scenery=1
No time: Array
(
)

               total    1  0.080
                curl    1  0.080
          parseTimes    1  0.000

Something wrong with it: LOADING OK

Errors: Array
(
)
Status: LOADING OK, Next Run: 2016-06-08 21:00:45
https://uslugi.mosreg.ru/zdrav/doctor_appointment/doctor/0901052/2469/2016-06-22?scenery=1
No time: Array
(
)

               total    1  0.125
                curl    1  0.125
          parseTimes    1  0.000

Something wrong with it: LOADING OK

Errors: Array
(
)
Status: LOADING OK, Next Run: 2016-06-08 21:00:50
https://uslugi.mosreg.ru/zdrav/doctor_appointment/doctor/0901052/2469/2016-06-22?scenery=1
No time: Array
(
)

               total    1  0.070
                curl    1  0.070
          parseTimes    1  0.000

Something wrong with it: LOADING OK

Errors: Array
(
)
Status: LOADING OK, Next Run: 2016-06-08 21:00:55
https://uslugi.mosreg.ru/zdrav/doctor_appointment/doctor/0901052/2469/2016-06-22?scenery=1
No time: Array
(
)

               total    1  0.090
                curl    1  0.090
          parseTimes    1  0.000

Something wrong with it: LOADING OK

Errors: Array
(
)
Status: LOADING OK, Next Run: 2016-06-08 21:01:00
https://uslugi.mosreg.ru/zdrav/doctor_appointment/doctor/0901052/2469/2016-06-22?scenery=1
No time: Array
(
)

               total    1  0.080
                curl    1  0.080
          parseTimes    1  0.000

Something wrong with it: LOADING OK

Errors: Array
(
)
Status: LOADING OK, Next Run: 2016-06-08 21:01:05
https://uslugi.mosreg.ru/zdrav/doctor_appointment/doctor/0901052/2469/2016-06-22?scenery=1
No time: Array
(
)

               total    1  0.068
                curl    1  0.068
          parseTimes    1  0.000

Something wrong with it: LOADING OK

Errors: Array
(
)
Status: LOADING OK, Next Run: 2016-06-08 21:01:10
https://uslugi.mosreg.ru/zdrav/doctor_appointment/doctor/0901052/2469/2016-06-22?scenery=1
No time: Array
(
)

               total    1  0.077
                curl    1  0.077
          parseTimes    1  0.000

Something wrong with it: LOADING OK

Errors: Array
(
)
Status: LOADING OK, Next Run: 2016-06-08 21:01:15
https://uslugi.mosreg.ru/zdrav/doctor_appointment/doctor/0901052/2469/2016-06-22?scenery=1
No time: Array
(
)

               total    1  0.073
                curl    1  0.073
          parseTimes    1  0.000

Something wrong with it: LOADING OK

Errors: Array
(
)
Status: LOADING OK, Next Run: 2016-06-08 21:01:20
https://uslugi.mosreg.ru/zdrav/doctor_appointment/doctor/0901052/2469/2016-06-22?scenery=1
No time: Array
(
)

               total    1  0.119
                curl    1  0.119
          parseTimes    1  0.000

Something wrong with it: LOADING OK

Errors: Array
(
)
Status: LOADING OK, Next Run: 2016-06-08 21:01:25
https://uslugi.mosreg.ru/zdrav/doctor_appointment/doctor/0901052/2469/2016-06-22?scenery=1
No time: Array
(
)

               total    1  0.070
                curl    1  0.070
          parseTimes    1  0.000

Something wrong with it: LOADING OK

Errors: Array
(
)
Status: LOADING OK, Next Run: 2016-06-08 21:01:30
https://uslugi.mosreg.ru/zdrav/doctor_appointment/doctor/0901052/2469/2016-06-22?scenery=1
No time: Array
(
)

               total    1  0.195
                curl    1  0.195
          parseTimes    1  0.000

Something wrong with it: LOADING OK

Errors: Array
(
)
Status: LOADING OK, Next Run: 2016-06-08 21:01:35
https://uslugi.mosreg.ru/zdrav/doctor_appointment/doctor/0901052/2469/2016-06-22?scenery=1
No time: Array
(
)

               total    1  0.076
                curl    1  0.076
          parseTimes    1  0.000

Something wrong with it: LOADING OK

Errors: Array
(
)
Status: LOADING OK, Next Run: 2016-06-08 21:01:40
https://uslugi.mosreg.ru/zdrav/doctor_appointment/doctor/0901052/2469/2016-06-22?scenery=1
No time: Array
(
)

               total    1  0.326
                curl    1  0.326
          parseTimes    1  0.000

Something wrong with it: LOADING OK

Errors: Array
(
)
Status: LOADING OK, Next Run: 2016-06-08 21:01:45
https://uslugi.mosreg.ru/zdrav/doctor_appointment/doctor/0901052/2469/2016-06-22?scenery=1
No time: Array
(
)

               total    1  0.073
                curl    1  0.073
          parseTimes    1  0.000

Something wrong with it: LOADING OK

Errors: Array
(
)
Status: LOADING OK, Next Run: 2016-06-08 21:01:50
https://uslugi.mosreg.ru/zdrav/doctor_appointment/doctor/0901052/2469/2016-06-22?scenery=1
No time: Array
(
)

               total    1  0.069
                curl    1  0.068
          parseTimes    1  0.000

Something wrong with it: LOADING OK

Errors: Array
(
)
Status: LOADING OK, Next Run: 2016-06-08 21:01:55
https://uslugi.mosreg.ru/zdrav/doctor_appointment/doctor/0901052/2469/2016-06-22?scenery=1
No time: Array
(
)

               total    1  0.117
                curl    1  0.117
          parseTimes    1  0.000

Something wrong with it: LOADING OK

Errors: Array
(
)
Status: LOADING OK, Next Run: 2016-06-08 21:02:00
https://uslugi.mosreg.ru/zdrav/doctor_appointment/doctor/0901052/2469/2016-06-22?scenery=1
No time: Array
(
)

               total    1  0.078
                curl    1  0.078
          parseTimes    1  0.000

Something wrong with it: LOADING OK

Errors: Array
(
)
Status: LOADING OK, Next Run: 2016-06-08 21:02:05
https://uslugi.mosreg.ru/zdrav/doctor_appointment/doctor/0901052/2469/2016-06-22?scenery=1
No time: Array
(
)

               total    1  0.164
                curl    1  0.163
          parseTimes    1  0.000

Something wrong with it: LOADING OK

Errors: Array
(
)
Time is over: 2016-06-08 21:02:00
