2016-06-08 14:54:46 wait until 2016-06-08 20:58:00 sec: 21794, 1465408680, 1465386886  sleep: 6.0538888888889
https://uslugi.mosreg.ru/zdrav/doctor_appointment/doctor/0901052/1346/2016-06-22?scenery=1
No time: Array
(
)

               total    1  0.391
                curl    1  0.391
          parseTimes    1  0.000

Status: TIME NOT OPENED, Next Run: 2016-06-08 20:58:06
https://uslugi.mosreg.ru/zdrav/doctor_appointment/doctor/0901052/1346/2016-06-22?scenery=1
No time: Array
(
)

               total    1  0.066
                curl    1  0.066
          parseTimes    1  0.000

Status: TIME NOT OPENED, Next Run: 2016-06-08 20:58:11
https://uslugi.mosreg.ru/zdrav/doctor_appointment/doctor/0901052/1346/2016-06-22?scenery=1
No time: Array
(
)

               total    1  0.068
                curl    1  0.068
          parseTimes    1  0.000

Status: TIME NOT OPENED, Next Run: 2016-06-08 20:58:16
https://uslugi.mosreg.ru/zdrav/doctor_appointment/doctor/0901052/1346/2016-06-22?scenery=1
No time: Array
(
)

               total    1  0.205
                curl    1  0.205
          parseTimes    1  0.000

Status: TIME NOT OPENED, Next Run: 2016-06-08 20:58:21
https://uslugi.mosreg.ru/zdrav/doctor_appointment/doctor/0901052/1346/2016-06-22?scenery=1
No time: Array
(
)

               total    1  0.069
                curl    1  0.069
          parseTimes    1  0.000

Status: TIME NOT OPENED, Next Run: 2016-06-08 20:58:26
https://uslugi.mosreg.ru/zdrav/doctor_appointment/doctor/0901052/1346/2016-06-22?scenery=1
No time: Array
(
)

               total    1  0.100
                curl    1  0.100
          parseTimes    1  0.000

Status: TIME NOT OPENED, Next Run: 2016-06-08 20:58:31
https://uslugi.mosreg.ru/zdrav/doctor_appointment/doctor/0901052/1346/2016-06-22?scenery=1
No time: Array
(
)

               total    1  0.078
                curl    1  0.078
          parseTimes    1  0.000

Status: TIME NOT OPENED, Next Run: 2016-06-08 20:58:36
https://uslugi.mosreg.ru/zdrav/doctor_appointment/doctor/0901052/1346/2016-06-22?scenery=1
No time: Array
(
)

               total    1  0.250
                curl    1  0.250
          parseTimes    1  0.000

Status: TIME NOT OPENED, Next Run: 2016-06-08 20:58:41
https://uslugi.mosreg.ru/zdrav/doctor_appointment/doctor/0901052/1346/2016-06-22?scenery=1
No time: Array
(
)

               total    1  0.069
                curl    1  0.069
          parseTimes    1  0.000

Status: TIME NOT OPENED, Next Run: 2016-06-08 20:58:46
https://uslugi.mosreg.ru/zdrav/doctor_appointment/doctor/0901052/1346/2016-06-22?scenery=1
No time: Array
(
)

               total    1  0.077
                curl    1  0.077
          parseTimes    1  0.000

Status: TIME NOT OPENED, Next Run: 2016-06-08 20:58:51
https://uslugi.mosreg.ru/zdrav/doctor_appointment/doctor/0901052/1346/2016-06-22?scenery=1
No time: Array
(
)

               total    1  0.069
                curl    1  0.069
          parseTimes    1  0.000

Status: TIME NOT OPENED, Next Run: 2016-06-08 20:58:56
https://uslugi.mosreg.ru/zdrav/doctor_appointment/doctor/0901052/1346/2016-06-22?scenery=1
No time: Array
(
)

               total    1  0.152
                curl    1  0.152
          parseTimes    1  0.000

Status: TIME NOT OPENED, Next Run: 2016-06-08 20:59:01
https://uslugi.mosreg.ru/zdrav/doctor_appointment/doctor/0901052/1346/2016-06-22?scenery=1
No time: Array
(
)

               total    1  0.122
                curl    1  0.122
          parseTimes    1  0.000

Status: TIME NOT OPENED, Next Run: 2016-06-08 20:59:06
https://uslugi.mosreg.ru/zdrav/doctor_appointment/doctor/0901052/1346/2016-06-22?scenery=1
No time: Array
(
)

               total    1  0.187
                curl    1  0.187
          parseTimes    1  0.000

Status: TIME NOT OPENED, Next Run: 2016-06-08 20:59:11
https://uslugi.mosreg.ru/zdrav/doctor_appointment/doctor/0901052/1346/2016-06-22?scenery=1
No time: Array
(
)

               total    1  0.071
                curl    1  0.070
          parseTimes    1  0.000

Status: TIME NOT OPENED, Next Run: 2016-06-08 20:59:16
https://uslugi.mosreg.ru/zdrav/doctor_appointment/doctor/0901052/1346/2016-06-22?scenery=1
No time: Array
(
)

               total    1  0.070
                curl    1  0.070
          parseTimes    1  0.000

Status: TIME NOT OPENED, Next Run: 2016-06-08 20:59:21
https://uslugi.mosreg.ru/zdrav/doctor_appointment/doctor/0901052/1346/2016-06-22?scenery=1
No time: Array
(
)

               total    1  0.186
                curl    1  0.186
          parseTimes    1  0.000

Status: TIME NOT OPENED, Next Run: 2016-06-08 20:59:26
https://uslugi.mosreg.ru/zdrav/doctor_appointment/doctor/0901052/1346/2016-06-22?scenery=1
No time: Array
(
)

               total    1  0.070
                curl    1  0.070
          parseTimes    1  0.000

Status: TIME NOT OPENED, Next Run: 2016-06-08 20:59:31
https://uslugi.mosreg.ru/zdrav/doctor_appointment/doctor/0901052/1346/2016-06-22?scenery=1
No time: Array
(
)

               total    1  0.185
                curl    1  0.185
          parseTimes    1  0.000

Status: TIME NOT OPENED, Next Run: 2016-06-08 20:59:36
https://uslugi.mosreg.ru/zdrav/doctor_appointment/doctor/0901052/1346/2016-06-22?scenery=1
No time: Array
(
)

               total    1  0.068
                curl    1  0.068
          parseTimes    1  0.000

Status: TIME NOT OPENED, Next Run: 2016-06-08 20:59:41
https://uslugi.mosreg.ru/zdrav/doctor_appointment/doctor/0901052/1346/2016-06-22?scenery=1
No time: Array
(
)

               total    1  0.252
                curl    1  0.251
          parseTimes    1  0.000

Status: TIME NOT OPENED, Next Run: 2016-06-08 20:59:46
https://uslugi.mosreg.ru/zdrav/doctor_appointment/doctor/0901052/1346/2016-06-22?scenery=1
No time: Array
(
)

               total    1  0.066
                curl    1  0.066
          parseTimes    1  0.000

Status: TIME NOT OPENED, Next Run: 2016-06-08 20:59:51
https://uslugi.mosreg.ru/zdrav/doctor_appointment/doctor/0901052/1346/2016-06-22?scenery=1
No time: Array
(
)

               total    1  0.074
                curl    1  0.074
          parseTimes    1  0.000

Status: TIME NOT OPENED, Next Run: 2016-06-08 20:59:56
https://uslugi.mosreg.ru/zdrav/doctor_appointment/doctor/0901052/1346/2016-06-22?scenery=1
Have found free time: 2804721 in ranges:Array
(
    [1] => Array
        (
            [2804720] => 08:00
            [2804721] => 08:20
            [2804722] => 08:40
        )

    [2] => Array
        (
        )

    [3] => Array
        (
        )

    [4] => Array
        (
        )

    [5] => Array
        (
        )

    [6] => Array
        (
        )

)

https://uslugi.mosreg.ru/zdrav/doctor_appointment/submit
https://uslugi.mosreg.ru/zdrav/doctor_appointment/create_visit
               total    1  1.202
                curl    3  1.201
          parseTimes    1  0.000
          parseLogin    1  0.001
    parseCreateVisit    1  0.000


Result: Array
(
    [times] => Array
        (
            [2804720] => 08:00
            [2804721] => 08:20
            [2804722] => 08:40
        )

    [create_visit] => Array
        (
            [success] => 1
            [items] => Array
                (
                    [CreateVisitResult] => <CreateVisitResult Result="true" StubNum="СЕ002" Code="0">
<ErrorDescription>OK</ErrorDescription>
</CreateVisitResult>
                )

            [lpu] => Array
                (
                    [ID] => 57082163
                    [LPUCODE] => 0901052
                    [EMAIL] => gel-dor.cgb@mail.ru
                    [SITEURL] =>  
                    [NAME] => Детская поликлиника (ГБУЗ МО "ЦГБ")
                    [IP] => http://10.3.126.67:8002/Zhelezn_CGB/webhltservice.asmx?wsdl
                    [ADDRESS] => Московская обл., г Железнодорожный, ул Некрасова, дом 4, стр. 1
                    [PHONE] =>  
                    [ACCESSIBILITY] => 1.0000
                    [CHILDREN] => 1.0000
                    [CITY] => 57074335
                    [isWaitingList] => 1
                    [isCallDocHome] => 1
                    [latitude] => 55.749841
                    [longitude] => 37.995664
                )

            [policy] => Array
                (
                    [S_POL] => 
                    [N_POL] => 7193689784000012
                    [Birthday] => 2013-06-15
                )

            [binded] => 1
            [server] => Array
                (
                    [date] => 08.06.2016
                    [time] => 21:00
                )

            [STATUS] => COMPLETE
        )

    [login] => Array
        (
            [STATUS] => AUTHORIZED
            [last_authorized] => 1465408796
            [success] => 1
            [count_items] => 16
        )

)
Finish and complete!
