2016-12-26 18:59:05 wait until 2016-12-26 20:58:00 sec: 7135, 1482775080, 1482767945  sleep: 1.9819444444444
https://uslugi.mosreg.ru/zdrav/doctor_appointment/doctor/090104/1215/2017-01-09?scenery=1
No time: Array
(
)

               total    1  0.492
                curl    1  0.492
          parseTimes    1  0.000

Status: TIME NOT OPENED, Next Run: 2016-12-26 20:58:06
https://uslugi.mosreg.ru/zdrav/doctor_appointment/doctor/090104/1215/2017-01-09?scenery=1
No time: Array
(
)

               total    1  0.067
                curl    1  0.067
          parseTimes    1  0.000

Status: TIME NOT OPENED, Next Run: 2016-12-26 20:58:10
https://uslugi.mosreg.ru/zdrav/doctor_appointment/doctor/090104/1215/2017-01-09?scenery=1
No time: Array
(
)

               total    1  0.079
                curl    1  0.078
          parseTimes    1  0.000

Status: TIME NOT OPENED, Next Run: 2016-12-26 20:58:15
https://uslugi.mosreg.ru/zdrav/doctor_appointment/doctor/090104/1215/2017-01-09?scenery=1
No time: Array
(
)

               total    1  0.069
                curl    1  0.069
          parseTimes    1  0.000

Status: TIME NOT OPENED, Next Run: 2016-12-26 20:58:20
https://uslugi.mosreg.ru/zdrav/doctor_appointment/doctor/090104/1215/2017-01-09?scenery=1
No time: Array
(
)

               total    1  0.065
                curl    1  0.065
          parseTimes    1  0.000

Status: TIME NOT OPENED, Next Run: 2016-12-26 20:58:25
https://uslugi.mosreg.ru/zdrav/doctor_appointment/doctor/090104/1215/2017-01-09?scenery=1
No time: Array
(
)

               total    1  0.072
                curl    1  0.071
          parseTimes    1  0.000

Status: TIME NOT OPENED, Next Run: 2016-12-26 20:58:30
https://uslugi.mosreg.ru/zdrav/doctor_appointment/doctor/090104/1215/2017-01-09?scenery=1
No time: Array
(
)

               total    1  0.063
                curl    1  0.062
          parseTimes    1  0.000

Status: TIME NOT OPENED, Next Run: 2016-12-26 20:58:35
https://uslugi.mosreg.ru/zdrav/doctor_appointment/doctor/090104/1215/2017-01-09?scenery=1
No time: Array
(
)

               total    1  0.173
                curl    1  0.172
          parseTimes    1  0.000

Status: TIME NOT OPENED, Next Run: 2016-12-26 20:58:41
https://uslugi.mosreg.ru/zdrav/doctor_appointment/doctor/090104/1215/2017-01-09?scenery=1
No time: Array
(
)

               total    1  0.087
                curl    1  0.087
          parseTimes    1  0.000

Status: TIME NOT OPENED, Next Run: 2016-12-26 20:58:45
https://uslugi.mosreg.ru/zdrav/doctor_appointment/doctor/090104/1215/2017-01-09?scenery=1
No time: Array
(
)

               total    1  0.060
                curl    1  0.060
          parseTimes    1  0.000

Status: TIME NOT OPENED, Next Run: 2016-12-26 20:58:50
https://uslugi.mosreg.ru/zdrav/doctor_appointment/doctor/090104/1215/2017-01-09?scenery=1
No time: Array
(
)

               total    1  0.176
                curl    1  0.176
          parseTimes    1  0.000

Status: TIME NOT OPENED, Next Run: 2016-12-26 20:58:56
https://uslugi.mosreg.ru/zdrav/doctor_appointment/doctor/090104/1215/2017-01-09?scenery=1
No time: Array
(
)

               total    1  0.183
                curl    1  0.183
          parseTimes    1  0.000

Status: TIME NOT OPENED, Next Run: 2016-12-26 20:59:01
https://uslugi.mosreg.ru/zdrav/doctor_appointment/doctor/090104/1215/2017-01-09?scenery=1
No time: Array
(
)

               total    1  0.061
                curl    1  0.061
          parseTimes    1  0.000

Status: TIME NOT OPENED, Next Run: 2016-12-26 20:59:05
https://uslugi.mosreg.ru/zdrav/doctor_appointment/doctor/090104/1215/2017-01-09?scenery=1
No time: Array
(
)

               total    1  0.175
                curl    1  0.175
          parseTimes    1  0.000

Status: TIME NOT OPENED, Next Run: 2016-12-26 20:59:11
https://uslugi.mosreg.ru/zdrav/doctor_appointment/doctor/090104/1215/2017-01-09?scenery=1
No time: Array
(
)

               total    1  0.174
                curl    1  0.174
          parseTimes    1  0.000

Status: TIME NOT OPENED, Next Run: 2016-12-26 20:59:16
https://uslugi.mosreg.ru/zdrav/doctor_appointment/doctor/090104/1215/2017-01-09?scenery=1
No time: Array
(
)

               total    1  0.069
                curl    1  0.069
          parseTimes    1  0.000

Status: TIME NOT OPENED, Next Run: 2016-12-26 20:59:20
https://uslugi.mosreg.ru/zdrav/doctor_appointment/doctor/090104/1215/2017-01-09?scenery=1
No time: Array
(
)

               total    1  0.065
                curl    1  0.065
          parseTimes    1  0.000

Status: TIME NOT OPENED, Next Run: 2016-12-26 20:59:25
https://uslugi.mosreg.ru/zdrav/doctor_appointment/doctor/090104/1215/2017-01-09?scenery=1
No time: Array
(
)

               total    1  0.213
                curl    1  0.213
          parseTimes    1  0.000

Status: TIME NOT OPENED, Next Run: 2016-12-26 20:59:31
https://uslugi.mosreg.ru/zdrav/doctor_appointment/doctor/090104/1215/2017-01-09?scenery=1
No time: Array
(
)

               total    1  0.061
                curl    1  0.061
          parseTimes    1  0.000

Status: TIME NOT OPENED, Next Run: 2016-12-26 20:59:35
https://uslugi.mosreg.ru/zdrav/doctor_appointment/doctor/090104/1215/2017-01-09?scenery=1
No time: Array
(
)

               total    1  0.072
                curl    1  0.072
          parseTimes    1  0.000

Status: TIME NOT OPENED, Next Run: 2016-12-26 20:59:40
https://uslugi.mosreg.ru/zdrav/doctor_appointment/doctor/090104/1215/2017-01-09?scenery=1
No time: Array
(
)

               total    1  0.212
                curl    1  0.212
          parseTimes    1  0.000

Status: TIME NOT OPENED, Next Run: 2016-12-26 20:59:46
https://uslugi.mosreg.ru/zdrav/doctor_appointment/doctor/090104/1215/2017-01-09?scenery=1
No time: Array
(
)

               total    1  0.357
                curl    1  0.357
          parseTimes    1  0.000

Status: TIME NOT OPENED, Next Run: 2016-12-26 20:59:51
https://uslugi.mosreg.ru/zdrav/doctor_appointment/doctor/090104/1215/2017-01-09?scenery=1
No time: Array
(
)

               total    1  0.061
                curl    1  0.061
          parseTimes    1  0.000

Status: TIME NOT OPENED, Next Run: 2016-12-26 20:59:55
https://uslugi.mosreg.ru/zdrav/doctor_appointment/doctor/090104/1215/2017-01-09?scenery=1
No time: Array
(
)

               total    1  0.074
                curl    1  0.074
          parseTimes    1  0.000

Status: TIME NOT OPENED, Next Run: 2016-12-26 21:00:00
https://uslugi.mosreg.ru/zdrav/doctor_appointment/doctor/090104/1215/2017-01-09?scenery=1
No time: Array
(
)

               total    1  0.561
                curl    1  0.561
          parseTimes    1  0.000

Something wrong with it: LOADING OK

Errors: Array
(
)
Status: LOADING OK, Next Run: 2016-12-26 21:00:05
https://uslugi.mosreg.ru/zdrav/doctor_appointment/doctor/090104/1215/2017-01-09?scenery=1
No time: Array
(
)

               total    1  0.068
                curl    1  0.068
          parseTimes    1  0.000

Something wrong with it: LOADING OK

Errors: Array
(
)
Status: LOADING OK, Next Run: 2016-12-26 21:00:10
https://uslugi.mosreg.ru/zdrav/doctor_appointment/doctor/090104/1215/2017-01-09?scenery=1
No time: Array
(
)

               total    1  0.076
                curl    1  0.076
          parseTimes    1  0.000

Something wrong with it: LOADING OK

Errors: Array
(
)
Status: LOADING OK, Next Run: 2016-12-26 21:00:15
https://uslugi.mosreg.ru/zdrav/doctor_appointment/doctor/090104/1215/2017-01-09?scenery=1
No time: Array
(
)

               total    1  0.200
                curl    1  0.200
          parseTimes    1  0.000

Something wrong with it: LOADING OK

Errors: Array
(
)
Status: LOADING OK, Next Run: 2016-12-26 21:00:21
https://uslugi.mosreg.ru/zdrav/doctor_appointment/doctor/090104/1215/2017-01-09?scenery=1
No time: Array
(
)

               total    1  0.074
                curl    1  0.074
          parseTimes    1  0.000

Something wrong with it: LOADING OK

Errors: Array
(
)
Status: LOADING OK, Next Run: 2016-12-26 21:00:25
https://uslugi.mosreg.ru/zdrav/doctor_appointment/doctor/090104/1215/2017-01-09?scenery=1
No time: Array
(
)

               total    1  0.180
                curl    1  0.180
          parseTimes    1  0.000

Something wrong with it: LOADING OK

Errors: Array
(
)
Status: LOADING OK, Next Run: 2016-12-26 21:00:31
https://uslugi.mosreg.ru/zdrav/doctor_appointment/doctor/090104/1215/2017-01-09?scenery=1
No time: Array
(
)

               total    1  0.070
                curl    1  0.070
          parseTimes    1  0.000

Something wrong with it: LOADING OK

Errors: Array
(
)
Status: LOADING OK, Next Run: 2016-12-26 21:00:35
https://uslugi.mosreg.ru/zdrav/doctor_appointment/doctor/090104/1215/2017-01-09?scenery=1
No time: Array
(
)

               total    1  0.059
                curl    1  0.059
          parseTimes    1  0.000

Something wrong with it: LOADING OK

Errors: Array
(
)
Status: LOADING OK, Next Run: 2016-12-26 21:00:40
https://uslugi.mosreg.ru/zdrav/doctor_appointment/doctor/090104/1215/2017-01-09?scenery=1
No time: Array
(
)

               total    1  0.295
                curl    1  0.295
          parseTimes    1  0.000

Something wrong with it: LOADING OK

Errors: Array
(
)
Status: LOADING OK, Next Run: 2016-12-26 21:00:46
https://uslugi.mosreg.ru/zdrav/doctor_appointment/doctor/090104/1215/2017-01-09?scenery=1
No time: Array
(
)

               total    1  0.176
                curl    1  0.176
          parseTimes    1  0.000

Something wrong with it: LOADING OK

Errors: Array
(
)
Status: LOADING OK, Next Run: 2016-12-26 21:00:51
https://uslugi.mosreg.ru/zdrav/doctor_appointment/doctor/090104/1215/2017-01-09?scenery=1
No time: Array
(
)

               total    1  0.068
                curl    1  0.068
          parseTimes    1  0.000

Something wrong with it: LOADING OK

Errors: Array
(
)
Status: LOADING OK, Next Run: 2016-12-26 21:00:55
https://uslugi.mosreg.ru/zdrav/doctor_appointment/doctor/090104/1215/2017-01-09?scenery=1
No time: Array
(
)

               total    1  0.139
                curl    1  0.139
          parseTimes    1  0.000

Something wrong with it: LOADING OK

Errors: Array
(
)
Status: LOADING OK, Next Run: 2016-12-26 21:01:00
https://uslugi.mosreg.ru/zdrav/doctor_appointment/doctor/090104/1215/2017-01-09?scenery=1
No time: Array
(
)

               total    1  0.072
                curl    1  0.072
          parseTimes    1  0.000

Something wrong with it: LOADING OK

Errors: Array
(
)
Status: LOADING OK, Next Run: 2016-12-26 21:01:05
https://uslugi.mosreg.ru/zdrav/doctor_appointment/doctor/090104/1215/2017-01-09?scenery=1
No time: Array
(
)

               total    1  0.060
                curl    1  0.060
          parseTimes    1  0.000

Something wrong with it: LOADING OK

Errors: Array
(
)
Status: LOADING OK, Next Run: 2016-12-26 21:01:10
https://uslugi.mosreg.ru/zdrav/doctor_appointment/doctor/090104/1215/2017-01-09?scenery=1
No time: Array
(
)

               total    1  0.065
                curl    1  0.065
          parseTimes    1  0.000

Something wrong with it: LOADING OK

Errors: Array
(
)
Status: LOADING OK, Next Run: 2016-12-26 21:01:15
https://uslugi.mosreg.ru/zdrav/doctor_appointment/doctor/090104/1215/2017-01-09?scenery=1
No time: Array
(
)

               total    1  0.076
                curl    1  0.076
          parseTimes    1  0.000

Something wrong with it: LOADING OK

Errors: Array
(
)
Status: LOADING OK, Next Run: 2016-12-26 21:01:20
https://uslugi.mosreg.ru/zdrav/doctor_appointment/doctor/090104/1215/2017-01-09?scenery=1
No time: Array
(
)

               total    1  0.173
                curl    1  0.172
          parseTimes    1  0.000

Something wrong with it: LOADING OK

Errors: Array
(
)
Status: LOADING OK, Next Run: 2016-12-26 21:01:26
https://uslugi.mosreg.ru/zdrav/doctor_appointment/doctor/090104/1215/2017-01-09?scenery=1
No time: Array
(
)

               total    1  0.070
                curl    1  0.070
          parseTimes    1  0.000

Something wrong with it: LOADING OK

Errors: Array
(
)
Status: LOADING OK, Next Run: 2016-12-26 21:01:30
https://uslugi.mosreg.ru/zdrav/doctor_appointment/doctor/090104/1215/2017-01-09?scenery=1
No time: Array
(
)

               total    1  0.173
                curl    1  0.173
          parseTimes    1  0.000

Something wrong with it: LOADING OK

Errors: Array
(
)
Status: LOADING OK, Next Run: 2016-12-26 21:01:36
https://uslugi.mosreg.ru/zdrav/doctor_appointment/doctor/090104/1215/2017-01-09?scenery=1
No time: Array
(
)

               total    1  0.076
                curl    1  0.076
          parseTimes    1  0.000

Something wrong with it: LOADING OK

Errors: Array
(
)
Status: LOADING OK, Next Run: 2016-12-26 21:01:40
https://uslugi.mosreg.ru/zdrav/doctor_appointment/doctor/090104/1215/2017-01-09?scenery=1
No time: Array
(
)

               total    1  0.150
                curl    1  0.150
          parseTimes    1  0.000

Something wrong with it: LOADING OK

Errors: Array
(
)
Status: LOADING OK, Next Run: 2016-12-26 21:01:45
https://uslugi.mosreg.ru/zdrav/doctor_appointment/doctor/090104/1215/2017-01-09?scenery=1
No time: Array
(
)

               total    1  0.210
                curl    1  0.210
          parseTimes    1  0.000

Something wrong with it: LOADING OK

Errors: Array
(
)
Status: LOADING OK, Next Run: 2016-12-26 21:01:51
https://uslugi.mosreg.ru/zdrav/doctor_appointment/doctor/090104/1215/2017-01-09?scenery=1
No time: Array
(
)

               total    1  0.067
                curl    1  0.067
          parseTimes    1  0.000

Something wrong with it: LOADING OK

Errors: Array
(
)
Status: LOADING OK, Next Run: 2016-12-26 21:01:55
https://uslugi.mosreg.ru/zdrav/doctor_appointment/doctor/090104/1215/2017-01-09?scenery=1
No time: Array
(
)

               total    1  0.062
                curl    1  0.062
          parseTimes    1  0.000

Something wrong with it: LOADING OK

Errors: Array
(
)
Status: LOADING OK, Next Run: 2016-12-26 21:02:00
https://uslugi.mosreg.ru/zdrav/doctor_appointment/doctor/090104/1215/2017-01-09?scenery=1
No time: Array
(
)

               total    1  0.181
                curl    1  0.180
          parseTimes    1  0.000

Something wrong with it: LOADING OK

Errors: Array
(
)
Time is over: 2016-12-26 21:02:00
