2016-05-26 19:26:12 wait until 2016-05-26 20:58:00 sec: 5508, 1464285480, 1464279972  sleep: 1.53
https://uslugi.mosreg.ru/zdrav/doctor_appointment/doctor/0901052/2469/2016-06-09?scenery=1
No time: Array
(
)

               total    1  0.497
                curl    1  0.497
          parseTimes    1  0.000

Status: TIME NOT OPENED, Next Run: 2016-05-26 20:58:06
https://uslugi.mosreg.ru/zdrav/doctor_appointment/doctor/0901052/2469/2016-06-09?scenery=1
No time: Array
(
)

               total    1  0.974
                curl    1  0.974
          parseTimes    1  0.000

Status: TIME NOT OPENED, Next Run: 2016-05-26 20:58:10
https://uslugi.mosreg.ru/zdrav/doctor_appointment/doctor/0901052/2469/2016-06-09?scenery=1
No time: Array
(
)

               total    1  4.791
                curl    1  4.791
          parseTimes    1  0.000

Status: TIME NOT OPENED, Next Run: 2016-05-26 20:58:15
https://uslugi.mosreg.ru/zdrav/doctor_appointment/doctor/0901052/2469/2016-06-09?scenery=1
No time: Array
(
)

               total    1  6.014
                curl    1  6.013
          parseTimes    1  0.000

Status: TIME NOT OPENED, Next Run: 2016-05-26 20:58:21
https://uslugi.mosreg.ru/zdrav/doctor_appointment/doctor/0901052/2469/2016-06-09?scenery=1
No time: Array
(
)

               total    1  5.939
                curl    1  5.939
          parseTimes    1  0.000

Status: TIME NOT OPENED, Next Run: 2016-05-26 20:58:27
https://uslugi.mosreg.ru/zdrav/doctor_appointment/doctor/0901052/2469/2016-06-09?scenery=1
No time: Array
(
)

               total    1  1.107
                curl    1  1.106
          parseTimes    1  0.000

Status: TIME NOT OPENED, Next Run: 2016-05-26 20:58:32
https://uslugi.mosreg.ru/zdrav/doctor_appointment/doctor/0901052/2469/2016-06-09?scenery=1
No time: Array
(
)

               total    1  4.689
                curl    1  4.689
          parseTimes    1  0.000

Status: TIME NOT OPENED, Next Run: 2016-05-26 20:58:37
https://uslugi.mosreg.ru/zdrav/doctor_appointment/doctor/0901052/2469/2016-06-09?scenery=1
No time: Array
(
)

               total    1  6.268
                curl    1  6.267
          parseTimes    1  0.000

Status: TIME NOT OPENED, Next Run: 2016-05-26 20:58:43
https://uslugi.mosreg.ru/zdrav/doctor_appointment/doctor/0901052/2469/2016-06-09?scenery=1
No time: Array
(
)

               total    1  0.061
                curl    1  0.061
          parseTimes    1  0.000

Status: TIME NOT OPENED, Next Run: 2016-05-26 20:58:48
https://uslugi.mosreg.ru/zdrav/doctor_appointment/doctor/0901052/2469/2016-06-09?scenery=1
No time: Array
(
)

               total    1  1.141
                curl    1  1.141
          parseTimes    1  0.000

Status: TIME NOT OPENED, Next Run: 2016-05-26 20:58:53
https://uslugi.mosreg.ru/zdrav/doctor_appointment/doctor/0901052/2469/2016-06-09?scenery=1
No time: Array
(
)

               total    1  0.130
                curl    1  0.130
          parseTimes    1  0.000

Status: TIME NOT OPENED, Next Run: 2016-05-26 20:58:58
https://uslugi.mosreg.ru/zdrav/doctor_appointment/doctor/0901052/2469/2016-06-09?scenery=1
No time: Array
(
)

               total    1  0.080
                curl    1  0.080
          parseTimes    1  0.000

Status: TIME NOT OPENED, Next Run: 2016-05-26 20:59:03
https://uslugi.mosreg.ru/zdrav/doctor_appointment/doctor/0901052/2469/2016-06-09?scenery=1
No time: Array
(
)

               total    1  0.061
                curl    1  0.061
          parseTimes    1  0.000

Status: TIME NOT OPENED, Next Run: 2016-05-26 20:59:08
https://uslugi.mosreg.ru/zdrav/doctor_appointment/doctor/0901052/2469/2016-06-09?scenery=1
No time: Array
(
)

               total    1  1.680
                curl    1  1.680
          parseTimes    1  0.000

Status: TIME NOT OPENED, Next Run: 2016-05-26 20:59:13
https://uslugi.mosreg.ru/zdrav/doctor_appointment/doctor/0901052/2469/2016-06-09?scenery=1
No time: Array
(
)

               total    1  0.903
                curl    1  0.903
          parseTimes    1  0.000

Status: TIME NOT OPENED, Next Run: 2016-05-26 20:59:18
https://uslugi.mosreg.ru/zdrav/doctor_appointment/doctor/0901052/2469/2016-06-09?scenery=1
No time: Array
(
)

               total    1 10.789
                curl    1 10.789
          parseTimes    1  0.000

Status: TIME NOT OPENED, Next Run: 2016-05-26 20:59:29
https://uslugi.mosreg.ru/zdrav/doctor_appointment/doctor/0901052/2469/2016-06-09?scenery=1
No time: Array
(
)

               total    1  2.944
                curl    1  2.944
          parseTimes    1  0.000

Status: TIME NOT OPENED, Next Run: 2016-05-26 20:59:34
https://uslugi.mosreg.ru/zdrav/doctor_appointment/doctor/0901052/2469/2016-06-09?scenery=1
No time: Array
(
)

               total    1  3.967
                curl    1  3.967
          parseTimes    1  0.000

Status: TIME NOT OPENED, Next Run: 2016-05-26 20:59:39
https://uslugi.mosreg.ru/zdrav/doctor_appointment/doctor/0901052/2469/2016-06-09?scenery=1
No time: Array
(
)

               total    1 10.157
                curl    1 10.157
          parseTimes    1  0.000

Status: TIME NOT OPENED, Next Run: 2016-05-26 20:59:49
https://uslugi.mosreg.ru/zdrav/doctor_appointment/doctor/0901052/2469/2016-06-09?scenery=1
No time: Array
(
    [2735914] => 13:00
    [2735915] => 13:20
    [2735917] => 14:00
    [2735918] => 14:20
)

               total    1 11.167
                curl    1 11.167
          parseTimes    1  0.000

Something wrong with it: LOADING OK

Errors: Array
(
)
Status: LOADING OK, Next Run: 2016-05-26 21:00:00
https://uslugi.mosreg.ru/zdrav/doctor_appointment/doctor/0901052/2469/2016-06-09?scenery=1
No time: Array
(
    [2735914] => 13:00
    [2735915] => 13:20
    [2735917] => 14:00
    [2735918] => 14:20
)

               total    1  3.153
                curl    1  3.152
          parseTimes    1  0.000

Status: TIME NOT OPENED, Next Run: 2016-05-26 21:00:06
https://uslugi.mosreg.ru/zdrav/doctor_appointment/doctor/0901052/2469/2016-06-09?scenery=1
No time: Array
(
    [2735914] => 13:00
    [2735915] => 13:20
    [2735917] => 14:00
    [2735918] => 14:20
)

               total    1  4.078
                curl    1  4.077
          parseTimes    1  0.000

Something wrong with it: LOADING OK

Errors: Array
(
)
Status: LOADING OK, Next Run: 2016-05-26 21:00:10
https://uslugi.mosreg.ru/zdrav/doctor_appointment/doctor/0901052/2469/2016-06-09?scenery=1
No time: Array
(
    [2735914] => 13:00
    [2735915] => 13:20
    [2735917] => 14:00
    [2735918] => 14:20
)

               total    1  1.418
                curl    1  1.418
          parseTimes    1  0.000

Something wrong with it: LOADING OK

Errors: Array
(
)
Status: LOADING OK, Next Run: 2016-05-26 21:00:16
https://uslugi.mosreg.ru/zdrav/doctor_appointment/doctor/0901052/2469/2016-06-09?scenery=1
No time: Array
(
    [2735914] => 13:00
    [2735915] => 13:20
    [2735917] => 14:00
    [2735918] => 14:20
)

               total    1  2.215
                curl    1  2.215
          parseTimes    1  0.000

Something wrong with it: LOADING OK

Errors: Array
(
)
Status: LOADING OK, Next Run: 2016-05-26 21:00:21
https://uslugi.mosreg.ru/zdrav/doctor_appointment/doctor/0901052/2469/2016-06-09?scenery=1
No time: Array
(
    [2735914] => 13:00
    [2735915] => 13:20
    [2735917] => 14:00
    [2735918] => 14:20
)

               total    1  2.006
                curl    1  2.006
          parseTimes    1  0.000

Something wrong with it: LOADING OK

Errors: Array
(
)
Status: LOADING OK, Next Run: 2016-05-26 21:00:25
https://uslugi.mosreg.ru/zdrav/doctor_appointment/doctor/0901052/2469/2016-06-09?scenery=1
No time: Array
(
    [2735914] => 13:00
    [2735915] => 13:20
    [2735917] => 14:00
    [2735918] => 14:20
)

               total    1  0.061
                curl    1  0.061
          parseTimes    1  0.000

Something wrong with it: LOADING OK

Errors: Array
(
)
Status: LOADING OK, Next Run: 2016-05-26 21:00:30
https://uslugi.mosreg.ru/zdrav/doctor_appointment/doctor/0901052/2469/2016-06-09?scenery=1
No time: Array
(
    [2735914] => 13:00
    [2735915] => 13:20
    [2735917] => 14:00
    [2735918] => 14:20
)

               total    1  0.108
                curl    1  0.108
          parseTimes    1  0.000

Something wrong with it: LOADING OK

Errors: Array
(
)
Status: LOADING OK, Next Run: 2016-05-26 21:00:35
https://uslugi.mosreg.ru/zdrav/doctor_appointment/doctor/0901052/2469/2016-06-09?scenery=1
No time: Array
(
    [2735914] => 13:00
    [2735915] => 13:20
    [2735917] => 14:00
    [2735918] => 14:20
)

               total    1  0.398
                curl    1  0.398
          parseTimes    1  0.000

Something wrong with it: LOADING OK

Errors: Array
(
)
Status: LOADING OK, Next Run: 2016-05-26 21:00:41
https://uslugi.mosreg.ru/zdrav/doctor_appointment/doctor/0901052/2469/2016-06-09?scenery=1
No time: Array
(
    [2735914] => 13:00
    [2735915] => 13:20
    [2735917] => 14:00
    [2735918] => 14:20
)

               total    1  0.064
                curl    1  0.064
          parseTimes    1  0.000

Something wrong with it: LOADING OK

Errors: Array
(
)
Status: LOADING OK, Next Run: 2016-05-26 21:00:45
https://uslugi.mosreg.ru/zdrav/doctor_appointment/doctor/0901052/2469/2016-06-09?scenery=1
No time: Array
(
    [2735914] => 13:00
    [2735915] => 13:20
    [2735917] => 14:00
    [2735918] => 14:20
)

               total    1  0.064
                curl    1  0.064
          parseTimes    1  0.000

Something wrong with it: LOADING OK

Errors: Array
(
)
Status: LOADING OK, Next Run: 2016-05-26 21:00:50
https://uslugi.mosreg.ru/zdrav/doctor_appointment/doctor/0901052/2469/2016-06-09?scenery=1
No time: Array
(
    [2735914] => 13:00
    [2735915] => 13:20
    [2735918] => 14:20
)

               total    1  0.208
                curl    1  0.208
          parseTimes    1  0.000

Something wrong with it: LOADING OK

Errors: Array
(
)
Status: LOADING OK, Next Run: 2016-05-26 21:00:56
https://uslugi.mosreg.ru/zdrav/doctor_appointment/doctor/0901052/2469/2016-06-09?scenery=1
No time: Array
(
    [2735914] => 13:00
    [2735915] => 13:20
    [2735918] => 14:20
)

               total    1  0.962
                curl    1  0.961
          parseTimes    1  0.000

Something wrong with it: LOADING OK

Errors: Array
(
)
Status: LOADING OK, Next Run: 2016-05-26 21:01:00
https://uslugi.mosreg.ru/zdrav/doctor_appointment/doctor/0901052/2469/2016-06-09?scenery=1
No time: Array
(
    [2735914] => 13:00
    [2735915] => 13:20
    [2735918] => 14:20
)

               total    1  0.070
                curl    1  0.070
          parseTimes    1  0.000

Something wrong with it: LOADING OK

Errors: Array
(
)
Status: LOADING OK, Next Run: 2016-05-26 21:01:05
https://uslugi.mosreg.ru/zdrav/doctor_appointment/doctor/0901052/2469/2016-06-09?scenery=1
FAIL. We missed time!
