2017-03-02 18:12:28 wait until 2017-03-02 20:58:00 sec: 9932, 1488477480, 1488467548  sleep: 2.7588888888889
https://uslugi.mosreg.ru/zdrav/doctor_appointment/doctor/0901052/3673/2017-03-16?scenery=1
No time: Array
(
)

               total    1  0.308
                curl    1  0.308
          parseTimes    1  0.000

Status: NO TIME, Next Run: 2017-03-02 20:58:06
https://uslugi.mosreg.ru/zdrav/doctor_appointment/doctor/0901052/3673/2017-03-16?scenery=1
No time: Array
(
)

               total    1  0.004
                curl    1  0.004
          parseTimes    1  0.000

Status: NO TIME, Next Run: 2017-03-02 20:58:10
https://uslugi.mosreg.ru/zdrav/doctor_appointment/doctor/0901052/3673/2017-03-16?scenery=1
No time: Array
(
)

               total    1  0.004
                curl    1  0.004
          parseTimes    1  0.000

Status: NO TIME, Next Run: 2017-03-02 20:58:15
https://uslugi.mosreg.ru/zdrav/doctor_appointment/doctor/0901052/3673/2017-03-16?scenery=1
No time: Array
(
)

               total    1  0.004
                curl    1  0.004
          parseTimes    1  0.000

Status: NO TIME, Next Run: 2017-03-02 20:58:20
https://uslugi.mosreg.ru/zdrav/doctor_appointment/doctor/0901052/3673/2017-03-16?scenery=1
No time: Array
(
)

               total    1  0.004
                curl    1  0.004
          parseTimes    1  0.000

Status: NO TIME, Next Run: 2017-03-02 20:58:25
https://uslugi.mosreg.ru/zdrav/doctor_appointment/doctor/0901052/3673/2017-03-16?scenery=1
No time: Array
(
)

               total    1  0.004
                curl    1  0.004
          parseTimes    1  0.000

Status: NO TIME, Next Run: 2017-03-02 20:58:30
https://uslugi.mosreg.ru/zdrav/doctor_appointment/doctor/0901052/3673/2017-03-16?scenery=1
No time: Array
(
)

               total    1  0.004
                curl    1  0.004
          parseTimes    1  0.000

Status: NO TIME, Next Run: 2017-03-02 20:58:35
https://uslugi.mosreg.ru/zdrav/doctor_appointment/doctor/0901052/3673/2017-03-16?scenery=1
No time: Array
(
)

               total    1  0.004
                curl    1  0.004
          parseTimes    1  0.000

Status: NO TIME, Next Run: 2017-03-02 20:58:40
https://uslugi.mosreg.ru/zdrav/doctor_appointment/doctor/0901052/3673/2017-03-16?scenery=1
No time: Array
(
)

               total    1  0.004
                curl    1  0.004
          parseTimes    1  0.000

Status: NO TIME, Next Run: 2017-03-02 20:58:45
https://uslugi.mosreg.ru/zdrav/doctor_appointment/doctor/0901052/3673/2017-03-16?scenery=1
No time: Array
(
)

               total    1  0.004
                curl    1  0.004
          parseTimes    1  0.000

Status: NO TIME, Next Run: 2017-03-02 20:58:50
https://uslugi.mosreg.ru/zdrav/doctor_appointment/doctor/0901052/3673/2017-03-16?scenery=1
No time: Array
(
)

               total    1  0.004
                curl    1  0.004
          parseTimes    1  0.000

Status: NO TIME, Next Run: 2017-03-02 20:58:55
https://uslugi.mosreg.ru/zdrav/doctor_appointment/doctor/0901052/3673/2017-03-16?scenery=1
No time: Array
(
)

               total    1  0.008
                curl    1  0.008
          parseTimes    1  0.000

Status: NO TIME, Next Run: 2017-03-02 20:59:00
https://uslugi.mosreg.ru/zdrav/doctor_appointment/doctor/0901052/3673/2017-03-16?scenery=1
No time: Array
(
)

               total    1  0.004
                curl    1  0.004
          parseTimes    1  0.000

Status: NO TIME, Next Run: 2017-03-02 20:59:05
https://uslugi.mosreg.ru/zdrav/doctor_appointment/doctor/0901052/3673/2017-03-16?scenery=1
No time: Array
(
)

               total    1  1.686
                curl    1  1.686
          parseTimes    1  0.000

Status: TIME NOT OPENED, Next Run: 2017-03-02 20:59:10
https://uslugi.mosreg.ru/zdrav/doctor_appointment/doctor/0901052/3673/2017-03-16?scenery=1
No time: Array
(
)

               total    1  0.821
                curl    1  0.821
          parseTimes    1  0.000

Status: TIME NOT OPENED, Next Run: 2017-03-02 20:59:15
https://uslugi.mosreg.ru/zdrav/doctor_appointment/doctor/0901052/3673/2017-03-16?scenery=1
No time: Array
(
)

               total    1  0.981
                curl    1  0.981
          parseTimes    1  0.000

Status: TIME NOT OPENED, Next Run: 2017-03-02 20:59:20
https://uslugi.mosreg.ru/zdrav/doctor_appointment/doctor/0901052/3673/2017-03-16?scenery=1
No time: Array
(
)

               total    1  0.502
                curl    1  0.501
          parseTimes    1  0.000

Status: TIME NOT OPENED, Next Run: 2017-03-02 20:59:25
https://uslugi.mosreg.ru/zdrav/doctor_appointment/doctor/0901052/3673/2017-03-16?scenery=1
No time: Array
(
)

               total    1  0.411
                curl    1  0.411
          parseTimes    1  0.000

Status: TIME NOT OPENED, Next Run: 2017-03-02 20:59:31
https://uslugi.mosreg.ru/zdrav/doctor_appointment/doctor/0901052/3673/2017-03-16?scenery=1
No time: Array
(
)

               total    1  1.135
                curl    1  1.135
          parseTimes    1  0.000

Status: TIME NOT OPENED, Next Run: 2017-03-02 20:59:36
https://uslugi.mosreg.ru/zdrav/doctor_appointment/doctor/0901052/3673/2017-03-16?scenery=1
No time: Array
(
)

               total    1 11.594
                curl    1 11.594
          parseTimes    1  0.000

Status: TIME NOT OPENED, Next Run: 2017-03-02 20:59:47
https://uslugi.mosreg.ru/zdrav/doctor_appointment/doctor/0901052/3673/2017-03-16?scenery=1
No time: Array
(
)

               total    1  0.206
                curl    1  0.206
          parseTimes    1  0.000

Status: TIME NOT OPENED, Next Run: 2017-03-02 20:59:52
https://uslugi.mosreg.ru/zdrav/doctor_appointment/doctor/0901052/3673/2017-03-16?scenery=1
No time: Array
(
)

               total    1 19.985
                curl    1 19.984
          parseTimes    1  0.000

Status: NO TIME, Next Run: 2017-03-02 21:00:12
https://uslugi.mosreg.ru/zdrav/doctor_appointment/doctor/0901052/3673/2017-03-16?scenery=1
Have found free time: 3509506 in ranges:Array
(
    [0] => Array
        (
            [3509505] => 08:00
            [3509506] => 08:10
            [3509507] => 08:20
            [3509508] => 08:30
        )

    [1] => Array
        (
            [3509509] => 08:40
            [3509510] => 08:50
        )

    [2] => Array
        (
        )

    [3] => Array
        (
            [3509512] => 09:10
            [3509513] => 09:20
            [3509514] => 09:30
            [3509515] => 09:40
            [3509516] => 09:50
            [3509517] => 10:00
        )

    [4] => Array
        (
            [3509518] => 10:15
            [3509519] => 10:30
            [3509521] => 11:00
            [3509522] => 11:15
            [3509523] => 11:30
            [3509524] => 11:45
            [3509525] => 12:00
            [3509527] => 12:30
            [3509528] => 12:45
            [3509529] => 13:00
            [3509530] => 13:15
            [3509531] => 13:30
        )

    [5] => Array
        (
        )

    [6] => Array
        (
        )

)

https://uslugi.mosreg.ru/zdrav/doctor_appointment/submit
https://uslugi.mosreg.ru/zdrav/doctor_appointment/create_visit
https://uslugi.mosreg.ru/zdrav/doctor_appointment/send_mail
https://uslugi.mosreg.ru/zdrav/doctor_appointment/send_mail
               total    1 20.513
                curl    5 20.512
          parseTimes    1  0.000
          parseLogin    1  0.000
    parseCreateVisit    1  0.750
      parseSendEmail    2  0.000


Result: Array
(
    [times] => Array
        (
            [3509505] => 08:00
            [3509506] => 08:10
            [3509507] => 08:20
            [3509508] => 08:30
            [3509509] => 08:40
            [3509510] => 08:50
            [3509512] => 09:10
            [3509513] => 09:20
            [3509514] => 09:30
            [3509515] => 09:40
            [3509516] => 09:50
            [3509517] => 10:00
            [3509518] => 10:15
            [3509519] => 10:30
            [3509521] => 11:00
            [3509522] => 11:15
            [3509523] => 11:30
            [3509524] => 11:45
            [3509525] => 12:00
            [3509527] => 12:30
            [3509528] => 12:45
            [3509529] => 13:00
            [3509530] => 13:15
            [3509531] => 13:30
        )

    [create_visit] => Array
        (
            [success] => 1
            [items] => Array
                (
                    [CreateVisitResult] => <CreateVisitResult Result="true" StubNum="КО002" Code="0">
<ErrorDescription>OK</ErrorDescription>
</CreateVisitResult>
                )

            [lpu] => Array
                (
                    [ID] => 57082163
                    [LPUCODE] => 0901052
                    [EMAIL] => gel-dor.cgb@mail.ru
                    [SITEURL] =>  
                    [NAME] => Детская поликлиника (ГБУЗ МО "ЦГБ")
                    [IP] => http://10.3.126.67:8002/Zhelezn_CGB/webhltservice.asmx?wsdl
                    [ADDRESS] => Московская обл., г Железнодорожный, ул Некрасова, дом 4, стр. 1
                    [PHONE] =>  
                    [ACCESSIBILITY] => 1.0000
                    [CHILDREN] => 1.0000
                    [CITY] => 57074335
                    [isWaitingList] => 1
                    [isCallDocHome] => 1
                    [latitude] => 55.749841
                    [longitude] => 37.995664
                )

            [policy] => Array
                (
                    [S_POL] => 
                    [N_POL] => 5091689772000310
                    [Birthday] => 2013-08-27
                )

            [binded] => 1
            [server] => Array
                (
                    [date] => 02.03.2017
                    [time] => 21:00
                )

            [STATUS] => COMPLETE
        )

    [lpu_list] => Array
        (
            [090401] => Array
                (
                    [ID] => 57099842
                    [LPUCODE] => 090401
                    [EMAIL] => mausp@bk.ru
                    [SITEURL] =>  
                    [NAME] => ГАУЗ МО "Стоматологическая поликлиника г.Железнодорожный"
                    [IP] => http://10.3.126.67:8002/Zhelezn_StP/webhltservice.asmx?wsdl
                    [ADDRESS] => обл. Московская,г. Железнодорожный, ул. Интернациональная, 20а
                    [PHONE] => 8(495) 522-59-05 - Лечебно-хирургическое отделение  / 8 (498) 520 56 78 - Детское отделение
                    [ACCESSIBILITY] => 1.0000
                    [CHILDREN] => 0.0000
                    [CITY] => 57074335
                    [isWaitingList] => 1
                    [isCallDocHome] => 1
                    [latitude] => 55.746649
                    [longitude] => 38.012589
                )

            [0901052] => Array
                (
                    [ID] => 57082163
                    [LPUCODE] => 0901052
                    [EMAIL] => gel-dor.cgb@mail.ru
                    [SITEURL] =>  
                    [NAME] => Детская поликлиника (ГБУЗ МО "ЦГБ")
                    [IP] => http://10.3.126.67:8002/Zhelezn_CGB/webhltservice.asmx?wsdl
                    [ADDRESS] => Московская обл., г Железнодорожный, ул Некрасова, дом 4, стр. 1
                    [PHONE] =>  
                    [ACCESSIBILITY] => 1.0000
                    [CHILDREN] => 1.0000
                    [CITY] => 57074335
                    [isWaitingList] => 1
                    [isCallDocHome] => 1
                    [latitude] => 55.749841
                    [longitude] => 37.995664
                )

            [901017] => Array
                (
                    [ID] => 57221256
                    [LPUCODE] => 901017
                    [EMAIL] => gel-dor.cgb@mail.ru
                    [SITEURL] =>  
                    [NAME] => Детское поликлиническое отделение детской поликлиники № 1 в мкр. Павлино (ГБУЗ МО "ЦГБ")
                    [IP] => http://10.3.126.67:8002/Zhelezn_CGB/webhltservice.asmx?wsdl
                    [ADDRESS] => обл. Московская,г. Железнодорожный, мкр. Павлино, 10
                    [PHONE] => 84986631223
                    [ACCESSIBILITY] => 1.0000
                    [CHILDREN] => 1.0000
                    [CITY] => 57074335
                    [isWaitingList] => 1
                    [isCallDocHome] => 1
                    [latitude] => 
                    [longitude] => 
                )

            [0901021] => Array
                (
                    [ID] => 57082146
                    [LPUCODE] => 0901021
                    [EMAIL] => gel-dor.cgb@mail.ru
                    [SITEURL] =>  
                    [NAME] => Детское поликлиническое отделение поликлиники № 1 (ГБУЗ МО "ЦГБ")
                    [IP] => http://10.3.126.67:8002/Zhelezn_CGB/webhltservice.asmx?wsdl
                    [ADDRESS] => Московская обл., г Железнодорожный, ул Юннатов, дом 2
                    [PHONE] => 8-495-522-10-20
                    [ACCESSIBILITY] => 1.0000
                    [CHILDREN] => 1.0000
                    [CITY] => 57074335
                    [isWaitingList] => 1
                    [isCallDocHome] => 1
                    [latitude] => 55.7487
                    [longitude] => 37.950639
                )

            [0902011] => Array
                (
                    [ID] => 57082148
                    [LPUCODE] => 0902011
                    [EMAIL] => gel-dor.cgb@mail.ru
                    [SITEURL] =>  
                    [NAME] => Детское поликлиническое отделение поликлиники № 2 (ГБУЗ МО "ЦГБ")
                    [IP] => http://10.3.126.67:8002/Zhelezn_CGB/webhltservice.asmx?wsdl
                    [ADDRESS] => обл. Московская,г. Железнодорожный, ул. Транспортная, 4
                    [PHONE] => 8-495-527-51-07
                    [ACCESSIBILITY] => 1.0000
                    [CHILDREN] => 1.0000
                    [CITY] => 57074335
                    [isWaitingList] => 1
                    [isCallDocHome] => 1
                    [latitude] => 55.734595
                    [longitude] => 38.024473
                )

            [0901071] => Array
                (
                    [ID] => 57082155
                    [LPUCODE] => 0901071
                    [EMAIL] => gel-dor.cgb@mail.ru
                    [SITEURL] =>  
                    [NAME] => Детское поликлиническое отделение поликлиники № 5 (ГБУЗ МО "ЦГБ")
                    [IP] => http://10.3.126.67:8002/Zhelezn_CGB/webhltservice.asmx?wsdl
                    [ADDRESS] => Московская обл., г Железнодорожный, ул Адмирала Макарова, дом 1
                    [PHONE] => 8-495-527-92-65
                    [ACCESSIBILITY] => 1.0000
                    [CHILDREN] => 1.0000
                    [CITY] => 57074335
                    [isWaitingList] => 1
                    [isCallDocHome] => 1
                    [latitude] => 64.467096
                    [longitude] => 40.605692
                )

            [090104] => Array
                (
                    [ID] => 57082164
                    [LPUCODE] => 090104
                    [EMAIL] => gel-dor.cgb@mail.ru
                    [SITEURL] =>  
                    [NAME] => Женская консультация (ГБУЗ МО "ЦГБ")
                    [IP] => http://10.3.126.67:8002/Zhelezn_CGB/webhltservice.asmx?wsdl
                    [ADDRESS] => обл. Московская,г. Железнодорожный, ш. Саввинское, 6
                    [PHONE] => 8-495-522-63-80
                    [ACCESSIBILITY] => 1.0000
                    [CHILDREN] => 0.0000
                    [CITY] => 57074335
                    [isWaitingList] => 1
                    [isCallDocHome] => 1
                    [latitude] => 55.744693
                    [longitude] => 38.012463
                )

            [090601] => Array
                (
                    [ID] => 57082166
                    [LPUCODE] => 090601
                    [EMAIL] => gel-dor.cgb@mail.ru
                    [SITEURL] =>  
                    [NAME] => Кожновенерологическое поликлиническое отделение (ГБУЗ МО "ЦГБ")
                    [IP] => http://10.3.126.67:8002/Zhelezn_CGB/webhltservice.asmx?wsdl
                    [ADDRESS] => Московская обл.,Железнодорожный г.,Юннатов ул.,2
                    [PHONE] => 8(495)527-72-85
                    [ACCESSIBILITY] => 1.0000
                    [CHILDREN] => 0.0000
                    [CITY] => 57074335
                    [isWaitingList] => 1
                    [isCallDocHome] => 1
                    [latitude] => 55.748706
                    [longitude] => 37.950677
                )

            [901072] => Array
                (
                    [ID] => 57107882
                    [LPUCODE] => 901072
                    [EMAIL] => gel-dor.cgb@mail.ru
                    [SITEURL] =>  
                    [NAME] => Наркологический диспансер (ул.Речная д.85)
                    [IP] => http://10.3.126.67:8002/Zhelezn_CGB/webhltservice.asmx?wsdl
                    [ADDRESS] => Московская обл., г Железнодорожный, ул Речная, дом 85
                    [PHONE] => 8 (495) 527-73-25
                    [ACCESSIBILITY] => 1.0000
                    [CHILDREN] => 0.0000
                    [CITY] => 57074335
                    [isWaitingList] => 1
                    [isCallDocHome] => 1
                    [latitude] => 55.740167
                    [longitude] => 37.956883
                )

            [090105] => Array
                (
                    [ID] => 57082161
                    [LPUCODE] => 090105
                    [EMAIL] => gel-dor.cgb@mail.ru
                    [SITEURL] =>  
                    [NAME] => Педиатрическое отделение детской поликлиники (ГБУЗ МО "ЦГБ")
                    [IP] => http://10.3.126.67:8002/Zhelezn_CGB/webhltservice.asmx?wsdl
                    [ADDRESS] => Московская обл., г Железнодорожный, ул Маяковского, дом 9, корп. 1
                    [PHONE] => 8-495-522-11-26
                    [ACCESSIBILITY] => 1.0000
                    [CHILDREN] => 1.0000
                    [CITY] => 57074335
                    [isWaitingList] => 1
                    [isCallDocHome] => 1
                    [latitude] => 54.616492
                    [longitude] => 39.748879
                )

            [090102] => Array
                (
                    [ID] => 57082145
                    [LPUCODE] => 090102
                    [EMAIL] => gel-dor.cgb@mail.ru
                    [SITEURL] =>  
                    [NAME] => Поликлиника №1 (ГБУЗ МО "ЦГБ")
                    [IP] => http://10.3.126.67:8002/Zhelezn_CGB/webhltservice.asmx?wsdl
                    [ADDRESS] => Московская обл., г Железнодорожный, ул Юннатов, дом 2
                    [PHONE] => 8-495-527-50-85
                    [ACCESSIBILITY] => 1.0000
                    [CHILDREN] => 0.0000
                    [CITY] => 57074335
                    [isWaitingList] => 1
                    [isCallDocHome] => 1
                    [latitude] => 55.7487
                    [longitude] => 37.950639
                )

            [090201] => Array
                (
                    [ID] => 57082147
                    [LPUCODE] => 090201
                    [EMAIL] => gel-dor.cgb@mail.ru
                    [SITEURL] =>  
                    [NAME] => Поликлиника №2 (ГБУЗ МО "ЦГБ")
                    [IP] => http://10.3.126.67:8002/Zhelezn_CGB/webhltservice.asmx?wsdl
                    [ADDRESS] => Московская обл., г Железнодорожный, ул Детская, дом 11, корп. 2
                    [PHONE] => 8-495-527-53-03
                    [ACCESSIBILITY] => 1.0000
                    [CHILDREN] => 0.0000
                    [CITY] => 57074335
                    [isWaitingList] => 1
                    [isCallDocHome] => 1
                    [latitude] => 55.729346
                    [longitude] => 38.020206
                )

            [090106] => Array
                (
                    [ID] => 57082149
                    [LPUCODE] => 090106
                    [EMAIL] => gel-dor.cgb@mail.ru
                    [SITEURL] =>  
                    [NAME] => Поликлиника №3 (ГБУЗ МО "ЦГБ")
                    [IP] => http://10.3.126.67:8002/Zhelezn_CGB/webhltservice.asmx?wsdl
                    [ADDRESS] => Московская обл., г Железнодорожный, ул Керамическая, дом 2, корп. 1
                    [PHONE] => 8-495-522-87-59
                    [ACCESSIBILITY] => 1.0000
                    [CHILDREN] => 0.0000
                    [CITY] => 57074335
                    [isWaitingList] => 1
                    [isCallDocHome] => 1
                    [latitude] => 55.7487
                    [longitude] => 37.950639
                )

            [090103] => Array
                (
                    [ID] => 57082151
                    [LPUCODE] => 090103
                    [EMAIL] => gel-dor.cgb@mail.ru
                    [SITEURL] =>  
                    [NAME] => Поликлиника №4 (ГБУЗ МО "ЦГБ")
                    [IP] => http://10.3.126.67:8002/Zhelezn_CGB/webhltservice.asmx?wsdl
                    [ADDRESS] => обл. Московская,г. Железнодорожный, ул. Пролетарская, 3
                    [PHONE] => 8-495-522-75-73
                    [ACCESSIBILITY] => 1.0000
                    [CHILDREN] => 0.0000
                    [CITY] => 57074335
                    [isWaitingList] => 1
                    [isCallDocHome] => 1
                    [latitude] => 55.749121
                    [longitude] => 38.01059
                )

            [0901032] => Array
                (
                    [ID] => 57082153
                    [LPUCODE] => 0901032
                    [EMAIL] => gel-dor.cgb@mail.ru
                    [SITEURL] =>  
                    [NAME] => Поликлиника №4 (ГБУЗ МО "ЦГБ")
                    [IP] => http://10.3.126.67:8002/Zhelezn_CGB/webhltservice.asmx?wsdl
                    [ADDRESS] => обл. Московская,г. Железнодорожный, ш. Саввинское, 4, корп.1
                    [PHONE] => 8-498-698-21-20
                    [ACCESSIBILITY] => 1.0000
                    [CHILDREN] => 0.0000
                    [CITY] => 57074335
                    [isWaitingList] => 1
                    [isCallDocHome] => 1
                    [latitude] => 55.743634
                    [longitude] => 38.012463
                )

            [901015] => Array
                (
                    [ID] => 57102756
                    [LPUCODE] => 901015
                    [EMAIL] => gel-dor.cgb@mail.ru
                    [SITEURL] =>  
                    [NAME] => Психиатрическое поликлиническое отделение
                    [IP] => http://10.3.126.67:8002/Zhelezn_CGB/webhltservice.asmx?wsdl
                    [ADDRESS] => Московская обл., г Железнодорожный, ул Свободы, дом 12
                    [PHONE] => 8-495-527-74-15
                    [ACCESSIBILITY] => 1.0000
                    [CHILDREN] => 0.0000
                    [CITY] => 57074335
                    [isWaitingList] => 1
                    [isCallDocHome] => 1
                    [latitude] => 48.488542
                    [longitude] => 24.593734
                )

            [0901061] => Array
                (
                    [ID] => 57082150
                    [LPUCODE] => 0901061
                    [EMAIL] => gel-dor.cgb@mail.ru
                    [SITEURL] =>  
                    [NAME] => Травматологический пункт поликлиники №3 (ГБУЗ МО "ЦГБ")
                    [IP] => http://10.3.126.67:8002/Zhelezn_CGB/webhltservice.asmx?wsdl
                    [ADDRESS] => обл. Московская,г. Балашиха,мкр. Керамик, ш. Носовихинское, 12
                    [PHONE] => 8-495-522-05-53
                    [ACCESSIBILITY] => 1.0000
                    [CHILDREN] => 0.0000
                    [CITY] => 57074335
                    [isWaitingList] => 1
                    [isCallDocHome] => 1
                    [latitude] => 55.746238
                    [longitude] => 37.862705
                )

        )

    [doctors] => Array
        (
            [3686] => Array
                (
                    [ID] => 3686
                    [Family] => Чехонина
                    [Name] => Ирина
                    [Patronymic] => Вячеславовна
                    [Uchastok] => 
                    [Room] => 
                    [Post] => Аллергологи-иммунологи
                    [Sepatation] => Аллерология детской поликлиники
                    [lpuCode] => 0901052
                    [typeId] => 1088
                )

            [3696] => Array
                (
                    [ID] => 3696
                    [Family] => Михалева
                    [Name] => Елена
                    [Patronymic] => Сергеевна
                    [Uchastok] => 
                    [Room] => 
                    [Post] => Гастроэнтерологи
                    [Sepatation] => Гастроэнтерология детской поликлиники
                    [lpuCode] => 0901052
                    [typeId] => 1090
                )

            [1324] => Array
                (
                    [ID] => 1324
                    [Family] => Сергеева
                    [Name] => Татьяна
                    [Patronymic] => Анатольевна
                    [Uchastok] => 
                    [Room] => 
                    [Post] => Кардиологи
                    [Sepatation] => Кардиология детской поликлиники
                    [lpuCode] => 0901052
                    [typeId] => 1092
                )

            [1329] => Array
                (
                    [ID] => 1329
                    [Family] => Тажибаев
                    [Name] => Руслан
                    [Patronymic] => Акынбекович
                    [Uchastok] => 
                    [Room] => 
                    [Post] => Урологи
                    [Sepatation] => Урология детской поликлиники
                    [lpuCode] => 0901052
                    [typeId] => 1024
                )

            [2485] => Array
                (
                    [ID] => 2485
                    [Family] => Жирнов
                    [Name] => Иван
                    [Patronymic] => Петрович
                    [Uchastok] => 
                    [Room] => 
                    [Post] => Детские хирурги
                    [Sepatation] => Хирургия детской поликлиники
                    [lpuCode] => 0901052
                    [typeId] => 1022
                )

            [3721] => Array
                (
                    [ID] => 3721
                    [Family] => Исмагилова
                    [Name] => Гузаля
                    [Patronymic] => Баходыровна
                    [Uchastok] => 
                    [Room] => 
                    [Post] => Детские хирурги
                    [Sepatation] => Хирургия детской поликлиники
                    [lpuCode] => 0901052
                    [typeId] => 1022
                )

            [1330] => Array
                (
                    [ID] => 1330
                    [Family] => Смышляев
                    [Name] => Сергей
                    [Patronymic] => Николаевич
                    [Uchastok] => 
                    [Room] => 
                    [Post] => Хирурги
                    [Sepatation] => Хирургия детской поликлиники
                    [lpuCode] => 0901052
                    [typeId] => 1022
                )

            [1332] => Array
                (
                    [ID] => 1332
                    [Family] => Чайка
                    [Name] => Наталья
                    [Patronymic] => Ивановна
                    [Uchastok] => 
                    [Room] => 
                    [Post] => Детские эндокринологи
                    [Sepatation] => Эндокринология детской поликлиники
                    [lpuCode] => 0901052
                    [typeId] => 1094
                )

            [1323] => Array
                (
                    [ID] => 1323
                    [Family] => Бондаренко
                    [Name] => Ираида
                    [Patronymic] => Лукъяновна
                    [Uchastok] => 
                    [Room] => 
                    [Post] => Неврологи
                    [Sepatation] => Неврология детской поликлиники
                    [lpuCode] => 0901052
                    [typeId] => 1063
                )

            [3673] => Array
                (
                    [ID] => 3673
                    [Family] => Киселева
                    [Name] => Олеся
                    [Patronymic] => Сергеевна
                    [Uchastok] => 
                    [Room] => 
                    [Post] => Неврологи
                    [Sepatation] => Неврология детской поликлиники
                    [lpuCode] => 0901052
                    [typeId] => 1063
                )

            [3700] => Array
                (
                    [ID] => 3700
                    [Family] => Шемякина
                    [Name] => Татьяна
                    [Patronymic] => Вячеславовна
                    [Uchastok] => 
                    [Room] => 
                    [Post] => Неврологи
                    [Sepatation] => Неврология детской поликлиники
                    [lpuCode] => 0901052
                    [typeId] => 1063
                )

            [3651] => Array
                (
                    [ID] => 3651
                    [Family] => Фисунова
                    [Name] => Ольга
                    [Patronymic] => Юрьевна
                    [Uchastok] => 
                    [Room] => 
                    [Post] => Нефрологи
                    [Sepatation] => Нефрология детской поликлиники
                    [lpuCode] => 0901052
                    [typeId] => 1099
                )

            [1326] => Array
                (
                    [ID] => 1326
                    [Family] => Лукьянников
                    [Name] => Владимир
                    [Patronymic] => Алексеевич
                    [Uchastok] => 
                    [Room] => 
                    [Post] => Отоларингологи
                    [Sepatation] => Отоларингологя детской поликлиники
                    [lpuCode] => 0901052
                    [typeId] => 1083
                )

            [1348] => Array
                (
                    [ID] => 1348
                    [Family] => Овчаренко
                    [Name] => Юрий
                    [Patronymic] => Иванович
                    [Uchastok] => 
                    [Room] => 
                    [Post] => Отоларингологи
                    [Sepatation] => Отоларингологя детской поликлиники
                    [lpuCode] => 0901052
                    [typeId] => 1083
                )

            [1395] => Array
                (
                    [ID] => 1395
                    [Family] => Бирюкова
                    [Name] => Елена
                    [Patronymic] => Николаевна
                    [Uchastok] => 
                    [Room] => 
                    [Post] => Офтальмологи
                    [Sepatation] => Офтальмология детской поликлиники
                    [lpuCode] => 0901052
                    [typeId] => 1085
                )

            [3648] => Array
                (
                    [ID] => 3648
                    [Family] => Карпыч
                    [Name] => Виктория
                    [Patronymic] => Ростиславовна
                    [Uchastok] => 
                    [Room] => 
                    [Post] => Офтальмологи
                    [Sepatation] => Офтальмология детской поликлиники
                    [lpuCode] => 0901052
                    [typeId] => 1085
                )

            [2469] => Array
                (
                    [ID] => 2469
                    [Family] => Ивашкина
                    [Name] => Татьяна
                    [Patronymic] => Александровна
                    [Uchastok] => 
                    [Room] => 
                    [Post] => Педиатры
                    [Sepatation] => Логопед детской поликлиники
                    [lpuCode] => 0901052
                    [typeId] => 1159
                )

            [1346] => Array
                (
                    [ID] => 1346
                    [Family] => Селина
                    [Name] => Елена
                    [Patronymic] => Николаевна
                    [Uchastok] => 
                    [Room] => 
                    [Post] => Педиатры
                    [Sepatation] => Логопед детской поликлиники
                    [lpuCode] => 0901052
                    [typeId] => 1159
                )

            [1328] => Array
                (
                    [ID] => 1328
                    [Family] => Абдуллаева
                    [Name] => Марина
                    [Patronymic] => Алимберовна
                    [Uchastok] => 
                    [Room] => 
                    [Post] => Психиатры
                    [Sepatation] => Психиатрия детской поликлиники
                    [lpuCode] => 0901052
                    [typeId] => 1107
                )

            [1427] => Array
                (
                    [ID] => 1427
                    [Family] => Буланов
                    [Name] => Артем
                    [Patronymic] => Владимирович
                    [Uchastok] => 
                    [Room] => 
                    [Post] => Врачи
                    [Sepatation] => Пульмонология детской поликлиники
                    [lpuCode] => 0901052
                    [typeId] => 1046
                )

            [2500] => Array
                (
                    [ID] => 2500
                    [Family] => Аминов
                    [Name] => Муродбек
                    [Patronymic] => Кенджаевич
                    [Uchastok] => 
                    [Room] => 
                    [Post] => Травматологи-ортопеды
                    [Sepatation] => Ортопедия детской поликлиники
                    [lpuCode] => 0901052
                    [typeId] => 1163
                )

            [1325] => Array
                (
                    [ID] => 1325
                    [Family] => Рыкова
                    [Name] => Инна
                    [Patronymic] => Юрьевна
                    [Uchastok] => 
                    [Room] => 
                    [Post] => Травматологи-ортопеды
                    [Sepatation] => Ортопедия детской поликлиники
                    [lpuCode] => 0901052
                    [typeId] => 1163
                )

            [3623] => Array
                (
                    [ID] => 3623
                    [Family] => Амельникова
                    [Name] => Светлана
                    [Patronymic] => Александровна
                    [Uchastok] => 
                    [Room] => 
                    [Post] => Педиатры
                    [Sepatation] => Педиатрия детской поликлиники
                    [lpuCode] => 090105
                    [typeId] => 1087
                )

            [3692] => Array
                (
                    [ID] => 3692
                    [Family] => Буркова
                    [Name] => Людмила
                    [Patronymic] => Ивановна
                    [Uchastok] => 21
                    [Room] => 208
                    [Post] => Педиатры
                    [Sepatation] => Педиатрия детской поликлиники
                    [lpuCode] => 090105
                    [typeId] => 1087
                )

            [1372] => Array
                (
                    [ID] => 1372
                    [Family] => Ефимова
                    [Name] => Анастасия
                    [Patronymic] => Сергеевна
                    [Uchastok] => 8(д п), 9(д п)
                    [Room] => 
                    [Post] => Педиатры
                    [Sepatation] => Педиатрия детской поликлиники
                    [lpuCode] => 090105
                    [typeId] => 1087
                )

            [3644] => Array
                (
                    [ID] => 3644
                    [Family] => Кольницкая
                    [Name] => Светлана
                    [Patronymic] => Борисовна
                    [Uchastok] => 16(дп), 2
                    [Room] => 
                    [Post] => Педиатры
                    [Sepatation] => Педиатрия детской поликлиники
                    [lpuCode] => 090105
                    [typeId] => 1087
                )

            [3630] => Array
                (
                    [ID] => 3630
                    [Family] => Коробова
                    [Name] => Людмила
                    [Patronymic] => Владимировна
                    [Uchastok] => 
                    [Room] => 
                    [Post] => Участковые педиатры городских участков
                    [Sepatation] => Педиатрия детской поликлиники
                    [lpuCode] => 090105
                    [typeId] => 1087
                )

            [3666] => Array
                (
                    [ID] => 3666
                    [Family] => Кусакина
                    [Name] => Наталья
                    [Patronymic] => Викторовна
                    [Uchastok] => 5(д п), 7
                    [Room] => 206
                    [Post] => Участковые педиатры городских участков
                    [Sepatation] => Педиатрия детской поликлиники
                    [lpuCode] => 090105
                    [typeId] => 1087
                )

            [1378] => Array
                (
                    [ID] => 1378
                    [Family] => Михалева
                    [Name] => Елена
                    [Patronymic] => Сергеевна
                    [Uchastok] => 4(д п), 11
                    [Room] => 
                    [Post] => Педиатры
                    [Sepatation] => Педиатрия детской поликлиники
                    [lpuCode] => 090105
                    [typeId] => 1087
                )

            [3710] => Array
                (
                    [ID] => 3710
                    [Family] => Мунаваров
                    [Name] => Амонкул
                    [Patronymic] => 
                    [Uchastok] => 1(д п), 1
                    [Room] => 
                    [Post] => Участковые педиатры городских участков
                    [Sepatation] => Педиатрия детской поликлиники
                    [lpuCode] => 090105
                    [typeId] => 1087
                )

            [3702] => Array
                (
                    [ID] => 3702
                    [Family] => Мунаварова
                    [Name] => Зиядахон
                    [Patronymic] => Еровна
                    [Uchastok] => 12(дп), 13(дп), 19(дп)
                    [Room] => 
                    [Post] => Педиатры
                    [Sepatation] => Педиатрия детской поликлиники
                    [lpuCode] => 090105
                    [typeId] => 1087
                )

            [1377] => Array
                (
                    [ID] => 1377
                    [Family] => Рахмонова
                    [Name] => Гульнора
                    [Patronymic] => Ахмедовна
                    [Uchastok] => 14(дп), 3
                    [Room] => 
                    [Post] => Педиатры
                    [Sepatation] => Педиатрия детской поликлиники
                    [lpuCode] => 090105
                    [typeId] => 1087
                )

            [1396] => Array
                (
                    [ID] => 1396
                    [Family] => Розикова
                    [Name] => Соадат
                    [Patronymic] => Аслановна
                    [Uchastok] => 17(дп), 20
                    [Room] => 
                    [Post] => Педиатры
                    [Sepatation] => Педиатрия детской поликлиники
                    [lpuCode] => 090105
                    [typeId] => 1087
                )

            [3625] => Array
                (
                    [ID] => 3625
                    [Family] => Салиева
                    [Name] => Замира
                    [Patronymic] => Закировна
                    [Uchastok] => 18(дп), 10
                    [Room] => 
                    [Post] => Педиатры
                    [Sepatation] => Педиатрия детской поликлиники
                    [lpuCode] => 090105
                    [typeId] => 1087
                )

            [3653] => Array
                (
                    [ID] => 3653
                    [Family] => Фисунова
                    [Name] => Ольга
                    [Patronymic] => Юрьевна
                    [Uchastok] => 6(д п), 15(дп)
                    [Room] => 
                    [Post] => Участковые педиатры городских участков
                    [Sepatation] => Педиатрия детской поликлиники
                    [lpuCode] => 090105
                    [typeId] => 1087
                )

            [3588] => Array
                (
                    [ID] => 3588
                    [Family] => Халмурадова
                    [Name] => Нина
                    [Patronymic] => Реджеповна
                    [Uchastok] => 
                    [Room] => 
                    [Post] => Участковые педиатры городских участков
                    [Sepatation] => Иммунология поликлинического отделения детской поликлиники
                    [lpuCode] => 090105
                    [typeId] => 1087
                )

            [1242] => Array
                (
                    [ID] => 1242
                    [Family] => Бортникова
                    [Name] => Елена
                    [Patronymic] => Викторовна
                    [Uchastok] => 
                    [Room] => 
                    [Post] => Гастроэнтерологи
                    [Sepatation] => Гастроэнтерология поликлиники №4
                    [lpuCode] => 0901032
                    [typeId] => 1036
                )

            [1399] => Array
                (
                    [ID] => 1399
                    [Family] => Ерасова
                    [Name] => Мария
                    [Patronymic] => Петровна
                    [Uchastok] => 
                    [Room] => 
                    [Post] => Кардиологи
                    [Sepatation] => Кардиология поликлиники №4
                    [lpuCode] => 0901032
                    [typeId] => 1040
                )

            [1244] => Array
                (
                    [ID] => 1244
                    [Family] => Зеленова
                    [Name] => Елена
                    [Patronymic] => Николаевна
                    [Uchastok] => 
                    [Room] => 
                    [Post] => Кардиологи
                    [Sepatation] => Кардиология поликлиники №4
                    [lpuCode] => 0901032
                    [typeId] => 1040
                )

            [3602] => Array
                (
                    [ID] => 3602
                    [Family] => Борисова
                    [Name] => Виктория
                    [Patronymic] => Алексеевна
                    [Uchastok] => 
                    [Room] => 
                    [Post] => Неврологи
                    [Sepatation] => Неврология поликлиники №4
                    [lpuCode] => 0901032
                    [typeId] => 1063
                )

            [3699] => Array
                (
                    [ID] => 3699
                    [Family] => Джалилова
                    [Name] => Тамила
                    [Patronymic] => Курбановна
                    [Uchastok] => 
                    [Room] => 
                    [Post] => Неврологи
                    [Sepatation] => Неврология поликлиники №4
                    [lpuCode] => 0901032
                    [typeId] => 1063
                )

            [1245] => Array
                (
                    [ID] => 1245
                    [Family] => Шелковникова
                    [Name] => Анна
                    [Patronymic] => Владимировна
                    [Uchastok] => 
                    [Room] => 
                    [Post] => Неврологи
                    [Sepatation] => Неврология поликлиники №4
                    [lpuCode] => 0901032
                    [typeId] => 1063
                )

            [1393] => Array
                (
                    [ID] => 1393
                    [Family] => Багиров
                    [Name] => Руфат
                    [Patronymic] => Искандерович
                    [Uchastok] => 
                    [Room] => 
                    [Post] => Урологи
                    [Sepatation] => Урология поликлиники №4
                    [lpuCode] => 0901032
                    [typeId] => 1137
                )

            [1246] => Array
                (
                    [ID] => 1246
                    [Family] => Беспалов
                    [Name] => Николай
                    [Patronymic] => Леонидович
                    [Uchastok] => 
                    [Room] => 
                    [Post] => Урологи
                    [Sepatation] => Урология поликлиники №4
                    [lpuCode] => 0901032
                    [typeId] => 1137
                )

            [1413] => Array
                (
                    [ID] => 1413
                    [Family] => Батыр
                    [Name] => Ольга
                    [Patronymic] => Степановна
                    [Uchastok] => 
                    [Room] => 4
                    [Post] => Акушеры-гинекологи
                    [Sepatation] => Акушерство и гинекология женской консультации
                    [lpuCode] => 090104
                    [typeId] => 1011
                )

            [3675] => Array
                (
                    [ID] => 3675
                    [Family] => Бобылёва
                    [Name] => Елена
                    [Patronymic] => Николаевна
                    [Uchastok] => 
                    [Room] => 
                    [Post] => Акушеры-гинекологи
                    [Sepatation] => Акушерство и гинекология женской консультации
                    [lpuCode] => 090104
                    [typeId] => 1011
                )

            [1421] => Array
                (
                    [ID] => 1421
                    [Family] => Дементьева
                    [Name] => Ольга
                    [Patronymic] => Викторовна
                    [Uchastok] => 
                    [Room] => 22
                    [Post] => Акушеры-гинекологи
                    [Sepatation] => Акушерство и гинекология женской консультации
                    [lpuCode] => 090104
                    [typeId] => 1011
                )

            [1412] => Array
                (
                    [ID] => 1412
                    [Family] => Зверева
                    [Name] => Елена
                    [Patronymic] => Валентиновна
                    [Uchastok] => 
                    [Room] => 3
                    [Post] => Акушеры-гинекологи
                    [Sepatation] => Акушерство и гинекология женской консультации
                    [lpuCode] => 090104
                    [typeId] => 1011
                )

            [1415] => Array
                (
                    [ID] => 1415
                    [Family] => Иревли
                    [Name] => Лидия
                    [Patronymic] => Никитична
                    [Uchastok] => 
                    [Room] => 16
                    [Post] => Акушеры-гинекологи
                    [Sepatation] => Акушерство и гинекология женской консультации
                    [lpuCode] => 090104
                    [typeId] => 1011
                )

            [1418] => Array
                (
                    [ID] => 1418
                    [Family] => Котельникова
                    [Name] => Валентина
                    [Patronymic] => Алексеевна
                    [Uchastok] => 
                    [Room] => 22
                    [Post] => Акушеры-гинекологи
                    [Sepatation] => Акушерство и гинекология женской консультации
                    [lpuCode] => 090104
                    [typeId] => 1011
                )

            [3719] => Array
                (
                    [ID] => 3719
                    [Family] => Мерзликина
                    [Name] => Кристина
                    [Patronymic] => Александровна
                    [Uchastok] => 
                    [Room] => 
                    [Post] => Акушеры-гинекологи
                    [Sepatation] => Акушерство и гинекология женской консультации
                    [lpuCode] => 090104
                    [typeId] => 1011
                )

            [2483] => Array
                (
                    [ID] => 2483
                    [Family] => Осипова
                    [Name] => Валентина
                    [Patronymic] => Васильевна
                    [Uchastok] => 
                    [Room] => 20
                    [Post] => Акушеры-гинекологи
                    [Sepatation] => Акушерство и гинекология женской консультации
                    [lpuCode] => 090104
                    [typeId] => 1011
                )

            [3709] => Array
                (
                    [ID] => 3709
                    [Family] => Тараканова
                    [Name] => Мария
                    [Patronymic] => Юрьевна
                    [Uchastok] => 
                    [Room] => 
                    [Post] => Акушеры-гинекологи
                    [Sepatation] => Акушерство и гинекология женской консультации
                    [lpuCode] => 090104
                    [typeId] => 1011
                )

            [3718] => Array
                (
                    [ID] => 3718
                    [Family] => Храмцова
                    [Name] => Наталья
                    [Patronymic] => Ивановна
                    [Uchastok] => 
                    [Room] => 
                    [Post] => Акушеры-гинекологи
                    [Sepatation] => Акушерство и гинекология женской консультации
                    [lpuCode] => 090104
                    [typeId] => 1011
                )

            [1423] => Array
                (
                    [ID] => 1423
                    [Family] => Солдатова
                    [Name] => Ольга
                    [Patronymic] => Вячеславовна
                    [Uchastok] => 
                    [Room] => 9
                    [Post] => Терапевты
                    [Sepatation] => Терапия женской консультации
                    [lpuCode] => 090104
                    [typeId] => 1122
                )

            [1419] => Array
                (
                    [ID] => 1419
                    [Family] => Сорокина
                    [Name] => Ирина
                    [Patronymic] => Николаевна
                    [Uchastok] => 
                    [Room] => 9
                    [Post] => Терапевты
                    [Sepatation] => Терапия женской консультации
                    [lpuCode] => 090104
                    [typeId] => 1122
                )

            [1218] => Array
                (
                    [ID] => 1218
                    [Family] => Кузнецова
                    [Name] => Ирина
                    [Patronymic] => Викторовна
                    [Uchastok] => 
                    [Room] => 
                    [Post] => Инфекционисты
                    [Sepatation] => Инфекционные болезни Поликлиники №4
                    [lpuCode] => 090103
                    [typeId] => 1056
                )

            [3640] => Array
                (
                    [ID] => 3640
                    [Family] => Адамян
                    [Name] => Ваган
                    [Patronymic] => Ваникович
                    [Uchastok] => 
                    [Room] => 27
                    [Post] => Онкологи
                    [Sepatation] => Онкология поликлиники №4
                    [lpuCode] => 090103
                    [typeId] => 1079
                )

            [1214] => Array
                (
                    [ID] => 1214
                    [Family] => Павлов
                    [Name] => Владимир
                    [Patronymic] => Федорович
                    [Uchastok] => 
                    [Room] => 21
                    [Post] => Отоларингологи
                    [Sepatation] => Отоларингология Поликлиники №4
                    [lpuCode] => 090103
                    [typeId] => 1083
                )

            [1215] => Array
                (
                    [ID] => 1215
                    [Family] => Титова
                    [Name] => Ольга
                    [Patronymic] => Владимировна
                    [Uchastok] => 
                    [Room] => 21
                    [Post] => Отоларингологи
                    [Sepatation] => Отоларингология Поликлиники №4
                    [lpuCode] => 090103
                    [typeId] => 1083
                )

            [1216] => Array
                (
                    [ID] => 1216
                    [Family] => Порохина
                    [Name] => Наталья
                    [Patronymic] => Георгиевна
                    [Uchastok] => 
                    [Room] => 11
                    [Post] => Офтальмологи
                    [Sepatation] => Офтальмология Поликлиники №4
                    [lpuCode] => 090103
                    [typeId] => 1085
                )

            [3641] => Array
                (
                    [ID] => 3641
                    [Family] => Цой
                    [Name] => Людмила
                    [Patronymic] => Григорьевна
                    [Uchastok] => 
                    [Room] => 
                    [Post] => Офтальмологи
                    [Sepatation] => Офтальмология Поликлиники №4
                    [lpuCode] => 090103
                    [typeId] => 1085
                )

            [1206] => Array
                (
                    [ID] => 1206
                    [Family] => Вандышева
                    [Name] => Татьяна
                    [Patronymic] => Анатольевна
                    [Uchastok] => 14, 17
                    [Room] => 3
                    [Post] => Терапевты
                    [Sepatation] => Терапия Поликлиники №4
                    [lpuCode] => 090103
                    [typeId] => 1122
                )

            [1459] => Array
                (
                    [ID] => 1459
                    [Family] => Головкова
                    [Name] => Лилия
                    [Patronymic] => Александровна
                    [Uchastok] => 3, 4
                    [Room] => 17
                    [Post] => Терапевты
                    [Sepatation] => Терапия Поликлиники №4
                    [lpuCode] => 090103
                    [typeId] => 1122
                )

            [2480] => Array
                (
                    [ID] => 2480
                    [Family] => Исаева
                    [Name] => Елена
                    [Patronymic] => Васильевна
                    [Uchastok] => 15, 25
                    [Room] => 17
                    [Post] => Терапевты
                    [Sepatation] => Терапия Поликлиники №4
                    [lpuCode] => 090103
                    [typeId] => 1122
                )

            [3659] => Array
                (
                    [ID] => 3659
                    [Family] => Кабардина
                    [Name] => Евгения
                    [Patronymic] => Валерьевна
                    [Uchastok] => 23, 27
                    [Room] => 12
                    [Post] => Терапевты
                    [Sepatation] => Терапия Поликлиники №4
                    [lpuCode] => 090103
                    [typeId] => 1122
                )

            [1452] => Array
                (
                    [ID] => 1452
                    [Family] => Колдаева
                    [Name] => Марина
                    [Patronymic] => Александровна
                    [Uchastok] => 21, 22
                    [Room] => 26
                    [Post] => Терапевты
                    [Sepatation] => Терапия Поликлиники №4
                    [lpuCode] => 090103
                    [typeId] => 1122
                )

            [1400] => Array
                (
                    [ID] => 1400
                    [Family] => Корнякова
                    [Name] => Любовь
                    [Patronymic] => Филипповна
                    [Uchastok] => 6, 10
                    [Room] => 26
                    [Post] => Терапевты
                    [Sepatation] => Терапия Поликлиники №4
                    [lpuCode] => 090103
                    [typeId] => 1122
                )

            [3537] => Array
                (
                    [ID] => 3537
                    [Family] => Короткова
                    [Name] => Ирина
                    [Patronymic] => Ивановна
                    [Uchastok] => 2, 11
                    [Room] => 7
                    [Post] => Терапевты
                    [Sepatation] => Терапия Поликлиники №4
                    [lpuCode] => 090103
                    [typeId] => 1122
                )

            [2530] => Array
                (
                    [ID] => 2530
                    [Family] => Кузнецова
                    [Name] => Татьяна
                    [Patronymic] => Алексеевна
                    [Uchastok] => 24, 26
                    [Room] => 7
                    [Post] => Врачи
                    [Sepatation] => Терапия Поликлиники №4
                    [lpuCode] => 090103
                    [typeId] => 1122
                )

            [3658] => Array
                (
                    [ID] => 3658
                    [Family] => Матвеева
                    [Name] => Ирина
                    [Patronymic] => Павловна
                    [Uchastok] => 9, 29
                    [Room] => 3
                    [Post] => Участковые терапевты городских участков
                    [Sepatation] => Терапия Поликлиники №4
                    [lpuCode] => 090103
                    [typeId] => 1122
                )

            [1455] => Array
                (
                    [ID] => 1455
                    [Family] => Муравьева
                    [Name] => Алла
                    [Patronymic] => Александровна
                    [Uchastok] => 16, 19
                    [Room] => 13
                    [Post] => Терапевты
                    [Sepatation] => Терапия Поликлиники №4
                    [lpuCode] => 090103
                    [typeId] => 1122
                )

            [1453] => Array
                (
                    [ID] => 1453
                    [Family] => Пацева
                    [Name] => Светлана
                    [Patronymic] => Владимировна
                    [Uchastok] => 1, 8
                    [Room] => 12
                    [Post] => Терапевты
                    [Sepatation] => Терапия Поликлиники №4
                    [lpuCode] => 090103
                    [typeId] => 1122
                )

            [1448] => Array
                (
                    [ID] => 1448
                    [Family] => Сошнина
                    [Name] => Нелли
                    [Patronymic] => Александровна
                    [Uchastok] => 5, 7
                    [Room] => 13
                    [Post] => Терапевты
                    [Sepatation] => Терапия Поликлиники №4
                    [lpuCode] => 090103
                    [typeId] => 1122
                )

            [1454] => Array
                (
                    [ID] => 1454
                    [Family] => Супругов
                    [Name] => Юрий
                    [Patronymic] => Николаевич
                    [Uchastok] => 12, 13
                    [Room] => 6
                    [Post] => Терапевты
                    [Sepatation] => Терапия Поликлиники №4
                    [lpuCode] => 090103
                    [typeId] => 1122
                )

            [1457] => Array
                (
                    [ID] => 1457
                    [Family] => Юрченкова
                    [Name] => Тамара
                    [Patronymic] => Максимовна
                    [Uchastok] => 18, 20
                    [Room] => 6
                    [Post] => Терапевты
                    [Sepatation] => Терапия Поликлиники №4
                    [lpuCode] => 090103
                    [typeId] => 1122
                )

            [1212] => Array
                (
                    [ID] => 1212
                    [Family] => Воробьев
                    [Name] => Сергей
                    [Patronymic] => Владимирович
                    [Uchastok] => 
                    [Room] => 28
                    [Post] => Хирурги
                    [Sepatation] => Хирургия Поликлиники №4
                    [lpuCode] => 090103
                    [typeId] => 1130
                )

            [3698] => Array
                (
                    [ID] => 3698
                    [Family] => Идрисов
                    [Name] => Рустам
                    [Patronymic] => Яргубеевич
                    [Uchastok] => 
                    [Room] => 
                    [Post] => Хирурги
                    [Sepatation] => Хирургия Поликлиники №4
                    [lpuCode] => 090103
                    [typeId] => 1130
                )

            [1213] => Array
                (
                    [ID] => 1213
                    [Family] => Янчев
                    [Name] => Александр
                    [Patronymic] => Иванович
                    [Uchastok] => 
                    [Room] => 28
                    [Post] => Хирурги
                    [Sepatation] => Хирургия Поликлиники №4
                    [lpuCode] => 090103
                    [typeId] => 1130
                )

            [1248] => Array
                (
                    [ID] => 1248
                    [Family] => Исаева
                    [Name] => Светлана
                    [Patronymic] => Евгеньевна
                    [Uchastok] => 
                    [Room] => 
                    [Post] => Эндокринологи
                    [Sepatation] => Эндокринология поликлиники №4
                    [lpuCode] => 090103
                    [typeId] => 1141
                )

            [1394] => Array
                (
                    [ID] => 1394
                    [Family] => Королева
                    [Name] => Светлана
                    [Patronymic] => Ивановна
                    [Uchastok] => 
                    [Room] => 
                    [Post] => Эндокринологи
                    [Sepatation] => Эндокринология поликлиники №4
                    [lpuCode] => 090103
                    [typeId] => 1141
                )

            [1249] => Array
                (
                    [ID] => 1249
                    [Family] => Попова
                    [Name] => Ольга
                    [Patronymic] => Владимировна
                    [Uchastok] => 
                    [Room] => 
                    [Post] => Эндокринологи
                    [Sepatation] => Эндокринология поликлиники №4
                    [lpuCode] => 090103
                    [typeId] => 1141
                )

            [377] => Array
                (
                    [ID] => 377
                    [Family] => Раскина
                    [Name] => Алевтина
                    [Patronymic] => Валентиновна
                    [Uchastok] => 
                    [Room] => 10
                    [Post] => Стоматологи-ортодонты
                    [Sepatation] => Стоматологическое отделение №2
                    [lpuCode] => 090401
                    [typeId] => 1145
                )

            [379] => Array
                (
                    [ID] => 379
                    [Family] => Трухачев
                    [Name] => Алексей
                    [Patronymic] => Николаевич
                    [Uchastok] => 
                    [Room] => 10
                    [Post] => Стоматологи-ортодонты
                    [Sepatation] => Стоматологическое отделение №2
                    [lpuCode] => 090401
                    [typeId] => 1145
                )

            [386] => Array
                (
                    [ID] => 386
                    [Family] => Бурцева
                    [Name] => Наталья
                    [Patronymic] => Владимировна
                    [Uchastok] => 
                    [Room] => 11
                    [Post] => Стоматологи детские
                    [Sepatation] => Стоматологическое отделение №2
                    [lpuCode] => 090401
                    [typeId] => 1146
                )

            [381] => Array
                (
                    [ID] => 381
                    [Family] => Голубицкая
                    [Name] => Елена
                    [Patronymic] => Николаевна
                    [Uchastok] => 
                    [Room] => 11
                    [Post] => Зубные врачи
                    [Sepatation] => Стоматологическое отделение №2
                    [lpuCode] => 090401
                    [typeId] => 1146
                )

            [384] => Array
                (
                    [ID] => 384
                    [Family] => Закидкина
                    [Name] => Марина
                    [Patronymic] => Юрьевна
                    [Uchastok] => 
                    [Room] => 11
                    [Post] => Стоматологи детские
                    [Sepatation] => Стоматологическое отделение №2
                    [lpuCode] => 090401
                    [typeId] => 1146
                )

            [380] => Array
                (
                    [ID] => 380
                    [Family] => Лашенко
                    [Name] => Антонина
                    [Patronymic] => Евгеньевна
                    [Uchastok] => 
                    [Room] => 11
                    [Post] => Зубные врачи
                    [Sepatation] => Стоматологическое отделение №2
                    [lpuCode] => 090401
                    [typeId] => 1146
                )

            [398] => Array
                (
                    [ID] => 398
                    [Family] => (пародонтолог)фоминская 
                    [Name] => Наталья
                    [Patronymic] => Ивановна
                    [Uchastok] => 
                    [Room] => 3
                    [Post] => Стоматологи-терапевты
                    [Sepatation] => Стоматологическое отделение 1 (лечебно-хирургическое)
                    [lpuCode] => 090401
                    [typeId] => 1148
                )

            [423] => Array
                (
                    [ID] => 423
                    [Family] => Адаменко
                    [Name] => Наталия
                    [Patronymic] => Александровна
                    [Uchastok] => 
                    [Room] => 8
                    [Post] => Стоматологи-терапевты
                    [Sepatation] => Стоматологическое отделение 1 (лечебно-хирургическое)
                    [lpuCode] => 090401
                    [typeId] => 1148
                )

            [372] => Array
                (
                    [ID] => 372
                    [Family] => Герелевич
                    [Name] => Наталья
                    [Patronymic] => Викторовна
                    [Uchastok] => 
                    [Room] => 3
                    [Post] => Стоматологи-терапевты
                    [Sepatation] => Стоматологическое отделение 1 (лечебно-хирургическое)
                    [lpuCode] => 090401
                    [typeId] => 1148
                )

            [403] => Array
                (
                    [ID] => 403
                    [Family] => Гурова
                    [Name] => Татьяна
                    [Patronymic] => Алексеевна
                    [Uchastok] => 
                    [Room] => 2
                    [Post] => Стоматологи-терапевты
                    [Sepatation] => Стоматологическое отделение 1 (лечебно-хирургическое)
                    [lpuCode] => 090401
                    [typeId] => 1148
                )

            [409] => Array
                (
                    [ID] => 409
                    [Family] => Ежова
                    [Name] => Мария
                    [Patronymic] => Витальевна
                    [Uchastok] => 
                    [Room] => 7
                    [Post] => Стоматологи-терапевты
                    [Sepatation] => Стоматологическое отделение 1 (лечебно-хирургическое)
                    [lpuCode] => 090401
                    [typeId] => 1148
                )

            [373] => Array
                (
                    [ID] => 373
                    [Family] => Еникеева
                    [Name] => Ксения
                    [Patronymic] => Вячеславовна
                    [Uchastok] => 
                    [Room] => 3
                    [Post] => Стоматологи-терапевты
                    [Sepatation] => Стоматологическое отделение 1 (лечебно-хирургическое)
                    [lpuCode] => 090401
                    [typeId] => 1148
                )

            [401] => Array
                (
                    [ID] => 401
                    [Family] => Заставная
                    [Name] => Елена
                    [Patronymic] => Юрьевна
                    [Uchastok] => 
                    [Room] => 8
                    [Post] => Стоматологи-терапевты
                    [Sepatation] => Стоматологическое отделение 1 (лечебно-хирургическое)
                    [lpuCode] => 090401
                    [typeId] => 1148
                )

            [402] => Array
                (
                    [ID] => 402
                    [Family] => Иващенко
                    [Name] => Людмила
                    [Patronymic] => Валентиновна
                    [Uchastok] => 
                    [Room] => 7
                    [Post] => Стоматологи-терапевты
                    [Sepatation] => Стоматологическое отделение 1 (лечебно-хирургическое)
                    [lpuCode] => 090401
                    [typeId] => 1148
                )

            [400] => Array
                (
                    [ID] => 400
                    [Family] => Лялина
                    [Name] => Марина
                    [Patronymic] => Михайловна
                    [Uchastok] => 
                    [Room] => 7
                    [Post] => Стоматологи-терапевты
                    [Sepatation] => Стоматологическое отделение 1 (лечебно-хирургическое)
                    [lpuCode] => 090401
                    [typeId] => 1148
                )

            [434] => Array
                (
                    [ID] => 434
                    [Family] => Няненкова
                    [Name] => Ольга
                    [Patronymic] => Николаевна
                    [Uchastok] => 
                    [Room] => 2
                    [Post] => Стоматологи-терапевты
                    [Sepatation] => Стоматологическое отделение 1 (лечебно-хирургическое)
                    [lpuCode] => 090401
                    [typeId] => 1148
                )

            [361] => Array
                (
                    [ID] => 361
                    [Family] => Потягова
                    [Name] => Любовь
                    [Patronymic] => Михайловна
                    [Uchastok] => 
                    [Room] => 2
                    [Post] => Стоматологи-терапевты
                    [Sepatation] => Стоматологическое отделение 1 (лечебно-хирургическое)
                    [lpuCode] => 090401
                    [typeId] => 1148
                )

            [365] => Array
                (
                    [ID] => 365
                    [Family] => Сизова
                    [Name] => Татьяна
                    [Patronymic] => Васильевна
                    [Uchastok] => 
                    [Room] => 2
                    [Post] => Стоматологи-терапевты
                    [Sepatation] => Стоматологическое отделение 1 (лечебно-хирургическое)
                    [lpuCode] => 090401
                    [typeId] => 1148
                )

            [357] => Array
                (
                    [ID] => 357
                    [Family] => Степаненко
                    [Name] => Виктория
                    [Patronymic] => Витальевна
                    [Uchastok] => 
                    [Room] => 3
                    [Post] => Стоматологи-терапевты
                    [Sepatation] => Стоматологическое отделение 1 (лечебно-хирургическое)
                    [lpuCode] => 090401
                    [typeId] => 1148
                )

            [404] => Array
                (
                    [ID] => 404
                    [Family] => Субботина
                    [Name] => Ольга
                    [Patronymic] => Вячеславовна
                    [Uchastok] => 
                    [Room] => 7
                    [Post] => Стоматологи-терапевты
                    [Sepatation] => Стоматологическое отделение 1 (лечебно-хирургическое)
                    [lpuCode] => 090401
                    [typeId] => 1148
                )

            [344] => Array
                (
                    [ID] => 344
                    [Family] => Алексеева
                    [Name] => Татьяна
                    [Patronymic] => Евгеньевна
                    [Uchastok] => 
                    [Room] => 5
                    [Post] => Стоматологи-хирурги
                    [Sepatation] => Стоматологическое отделение 1 (лечебно-хирургическое)
                    [lpuCode] => 090401
                    [typeId] => 1149
                )

            [393] => Array
                (
                    [ID] => 393
                    [Family] => Гуров
                    [Name] => Валерий
                    [Patronymic] => Иванович
                    [Uchastok] => 
                    [Room] => 5
                    [Post] => Стоматологи-хирурги
                    [Sepatation] => Стоматологическое отделение 1 (лечебно-хирургическое)
                    [lpuCode] => 090401
                    [typeId] => 1149
                )

            [340] => Array
                (
                    [ID] => 340
                    [Family] => Кобзев
                    [Name] => Геннадий
                    [Patronymic] => Митрофанович
                    [Uchastok] => 
                    [Room] => 5
                    [Post] => Стоматологи-хирурги
                    [Sepatation] => Стоматологическое отделение 1 (лечебно-хирургическое)
                    [lpuCode] => 090401
                    [typeId] => 1149
                )

            [343] => Array
                (
                    [ID] => 343
                    [Family] => Соколова
                    [Name] => Наталья
                    [Patronymic] => Юрьевна
                    [Uchastok] => 
                    [Room] => 5
                    [Post] => Стоматологи-хирурги
                    [Sepatation] => Стоматологическое отделение 1 (лечебно-хирургическое)
                    [lpuCode] => 090401
                    [typeId] => 1149
                )

        )

    [login] => Array
        (
            [STATUS] => AUTHORIZED
            [last_authorized] => 1488477618
            [success] => 1
            [count_items] => 17
        )

    [send_email] => Array
        (
            [success] => 1
            [message] => Письмо успешно отправлено на yurineydachin@mail.ru.
            [STATUS] => EMAIL SENDED OK
        )

)
Finish and complete!
