2017-03-02 18:12:41 wait until 2017-03-02 20:58:00 sec: 9919, 1488477480, 1488467561  sleep: 2.7552777777778
https://uslugi.mosreg.ru/zdrav/doctor_appointment/doctor/0901052/3700/2017-03-16?scenery=1
No time: Array
(
)

               total    1  1.288
                curl    1  1.287
          parseTimes    1  0.000

Status: TIME NOT OPENED, Next Run: 2017-03-02 20:58:05
https://uslugi.mosreg.ru/zdrav/doctor_appointment/doctor/0901052/3700/2017-03-16?scenery=1
No time: Array
(
)

               total    1  1.351
                curl    1  1.351
          parseTimes    1  0.000

Status: TIME NOT OPENED, Next Run: 2017-03-02 20:58:11
https://uslugi.mosreg.ru/zdrav/doctor_appointment/doctor/0901052/3700/2017-03-16?scenery=1
No time: Array
(
)

               total    1  1.398
                curl    1  1.398
          parseTimes    1  0.000

Status: TIME NOT OPENED, Next Run: 2017-03-02 20:58:16
https://uslugi.mosreg.ru/zdrav/doctor_appointment/doctor/0901052/3700/2017-03-16?scenery=1
No time: Array
(
)

               total    1  1.407
                curl    1  1.406
          parseTimes    1  0.000

Status: TIME NOT OPENED, Next Run: 2017-03-02 20:58:21
https://uslugi.mosreg.ru/zdrav/doctor_appointment/doctor/0901052/3700/2017-03-16?scenery=1
No time: Array
(
)

               total    1  1.379
                curl    1  1.379
          parseTimes    1  0.000

Status: TIME NOT OPENED, Next Run: 2017-03-02 20:58:26
https://uslugi.mosreg.ru/zdrav/doctor_appointment/doctor/0901052/3700/2017-03-16?scenery=1
No time: Array
(
)

               total    1  1.428
                curl    1  1.428
          parseTimes    1  0.000

Status: TIME NOT OPENED, Next Run: 2017-03-02 20:58:31
https://uslugi.mosreg.ru/zdrav/doctor_appointment/doctor/0901052/3700/2017-03-16?scenery=1
No time: Array
(
)

               total    1  1.348
                curl    1  1.348
          parseTimes    1  0.000

Status: TIME NOT OPENED, Next Run: 2017-03-02 20:58:36
https://uslugi.mosreg.ru/zdrav/doctor_appointment/doctor/0901052/3700/2017-03-16?scenery=1
No time: Array
(
)

               total    1  1.775
                curl    1  1.775
          parseTimes    1  0.000

Status: TIME NOT OPENED, Next Run: 2017-03-02 20:58:40
https://uslugi.mosreg.ru/zdrav/doctor_appointment/doctor/0901052/3700/2017-03-16?scenery=1
No time: Array
(
)

               total    1  5.025
                curl    1  5.024
          parseTimes    1  0.000

Status: TIME NOT OPENED, Next Run: 2017-03-02 20:58:45
https://uslugi.mosreg.ru/zdrav/doctor_appointment/doctor/0901052/3700/2017-03-16?scenery=1
No time: Array
(
)

               total    1  1.338
                curl    1  1.337
          parseTimes    1  0.000

Status: TIME NOT OPENED, Next Run: 2017-03-02 20:58:51
https://uslugi.mosreg.ru/zdrav/doctor_appointment/doctor/0901052/3700/2017-03-16?scenery=1
No time: Array
(
)

               total    1  1.568
                curl    1  1.568
          parseTimes    1  0.000

Status: TIME NOT OPENED, Next Run: 2017-03-02 20:58:55
https://uslugi.mosreg.ru/zdrav/doctor_appointment/doctor/0901052/3700/2017-03-16?scenery=1
No time: Array
(
)

               total    1  5.260
                curl    1  5.260
          parseTimes    1  0.000

Status: TIME NOT OPENED, Next Run: 2017-03-02 20:59:00
https://uslugi.mosreg.ru/zdrav/doctor_appointment/doctor/0901052/3700/2017-03-16?scenery=1
No time: Array
(
)

               total    1  3.240
                curl    1  3.240
          parseTimes    1  0.000

Status: TIME NOT OPENED, Next Run: 2017-03-02 20:59:06
https://uslugi.mosreg.ru/zdrav/doctor_appointment/doctor/0901052/3700/2017-03-16?scenery=1
No time: Array
(
)

               total    1  7.493
                curl    1  7.493
          parseTimes    1  0.000

Status: TIME NOT OPENED, Next Run: 2017-03-02 20:59:13
https://uslugi.mosreg.ru/zdrav/doctor_appointment/doctor/0901052/3700/2017-03-16?scenery=1
No time: Array
(
)

               total    1  7.992
                curl    1  7.992
          parseTimes    1  0.000

Status: TIME NOT OPENED, Next Run: 2017-03-02 20:59:21
https://uslugi.mosreg.ru/zdrav/doctor_appointment/doctor/0901052/3700/2017-03-16?scenery=1
No time: Array
(
)

               total    1  0.254
                curl    1  0.254
          parseTimes    1  0.000

Status: TIME NOT OPENED, Next Run: 2017-03-02 20:59:26
https://uslugi.mosreg.ru/zdrav/doctor_appointment/doctor/0901052/3700/2017-03-16?scenery=1
No time: Array
(
)

               total    1 13.402
                curl    1 13.402
          parseTimes    1  0.000

Status: TIME NOT OPENED, Next Run: 2017-03-02 20:59:39
https://uslugi.mosreg.ru/zdrav/doctor_appointment/doctor/0901052/3700/2017-03-16?scenery=1
No time: Array
(
)

               total    1 11.012
                curl    1 11.012
          parseTimes    1  0.000

Status: TIME NOT OPENED, Next Run: 2017-03-02 20:59:50
https://uslugi.mosreg.ru/zdrav/doctor_appointment/doctor/0901052/3700/2017-03-16?scenery=1
No time: Array
(
)

               total    1  0.070
                curl    1  0.070
          parseTimes    1  0.000

Status: TIME NOT OPENED, Next Run: 2017-03-02 20:59:55
https://uslugi.mosreg.ru/zdrav/doctor_appointment/doctor/0901052/3700/2017-03-16?scenery=1
No time: Array
(
)

               total    1  1.315
                curl    1  1.315
          parseTimes    1  0.000

Status: TIME NOT OPENED, Next Run: 2017-03-02 21:00:01
https://uslugi.mosreg.ru/zdrav/doctor_appointment/doctor/0901052/3700/2017-03-16?scenery=1
No time: Array
(
)

               total    1  0.572
                curl    1  0.572
          parseTimes    1  0.000

Something wrong with it: LOADING OK

Errors: Array
(
)
Status: LOADING OK, Next Run: 2017-03-02 21:00:05
https://uslugi.mosreg.ru/zdrav/doctor_appointment/doctor/0901052/3700/2017-03-16?scenery=1
No time: Array
(
)

               total    1 19.352
                curl    1 19.352
          parseTimes    1  0.000

Something wrong with it: LOADING OK

Errors: Array
(
)
Status: LOADING OK, Next Run: 2017-03-02 21:00:25
https://uslugi.mosreg.ru/zdrav/doctor_appointment/doctor/0901052/3700/2017-03-16?scenery=1
No time: Array
(
)

               total    1 11.767
                curl    1 11.767
          parseTimes    1  0.000

Something wrong with it: LOADING OK

Errors: Array
(
)
Status: LOADING OK, Next Run: 2017-03-02 21:00:36
https://uslugi.mosreg.ru/zdrav/doctor_appointment/doctor/0901052/3700/2017-03-16?scenery=1
No time: Array
(
)

               total    1  9.396
                curl    1  9.396
          parseTimes    1  0.000

Something wrong with it: LOADING OK

Errors: Array
(
)
Status: LOADING OK, Next Run: 2017-03-02 21:00:46
https://uslugi.mosreg.ru/zdrav/doctor_appointment/doctor/0901052/3700/2017-03-16?scenery=1
No time: Array
(
)

               total    1  0.094
                curl    1  0.094
          parseTimes    1  0.000

Something wrong with it: LOADING OK

Errors: Array
(
)
Status: LOADING OK, Next Run: 2017-03-02 21:00:51
https://uslugi.mosreg.ru/zdrav/doctor_appointment/doctor/0901052/3700/2017-03-16?scenery=1
No time: Array
(
)

               total    1  0.107
                curl    1  0.107
          parseTimes    1  0.000

Something wrong with it: LOADING OK

Errors: Array
(
)
Status: LOADING OK, Next Run: 2017-03-02 21:00:56
https://uslugi.mosreg.ru/zdrav/doctor_appointment/doctor/0901052/3700/2017-03-16?scenery=1
No time: Array
(
)

               total    1  8.273
                curl    1  8.273
          parseTimes    1  0.000

Something wrong with it: LOADING OK

Errors: Array
(
)
Status: LOADING OK, Next Run: 2017-03-02 21:01:04
https://uslugi.mosreg.ru/zdrav/doctor_appointment/doctor/0901052/3700/2017-03-16?scenery=1
No time: Array
(
)

               total    1  7.558
                curl    1  7.558
          parseTimes    1  0.000

Something wrong with it: LOADING OK

Errors: Array
(
)
Status: LOADING OK, Next Run: 2017-03-02 21:01:12
https://uslugi.mosreg.ru/zdrav/doctor_appointment/doctor/0901052/3700/2017-03-16?scenery=1
No time: Array
(
)

               total    1  0.100
                curl    1  0.100
          parseTimes    1  0.000

Something wrong with it: LOADING OK

Errors: Array
(
)
Status: LOADING OK, Next Run: 2017-03-02 21:01:17
https://uslugi.mosreg.ru/zdrav/doctor_appointment/doctor/0901052/3700/2017-03-16?scenery=1
No time: Array
(
)

               total    1  6.067
                curl    1  6.066
          parseTimes    1  0.000

Something wrong with it: LOADING OK

Errors: Array
(
)
Status: LOADING OK, Next Run: 2017-03-02 21:01:23
https://uslugi.mosreg.ru/zdrav/doctor_appointment/doctor/0901052/3700/2017-03-16?scenery=1
No time: Array
(
)

               total    1  0.094
                curl    1  0.094
          parseTimes    1  0.000

Something wrong with it: LOADING OK

Errors: Array
(
)
Status: LOADING OK, Next Run: 2017-03-02 21:01:28
https://uslugi.mosreg.ru/zdrav/doctor_appointment/doctor/0901052/3700/2017-03-16?scenery=1
No time: Array
(
)

               total    1  6.301
                curl    1  6.301
          parseTimes    1  0.000

Something wrong with it: LOADING OK

Errors: Array
(
)
Status: LOADING OK, Next Run: 2017-03-02 21:01:34
https://uslugi.mosreg.ru/zdrav/doctor_appointment/doctor/0901052/3700/2017-03-16?scenery=1
No time: Array
(
)

               total    1  0.077
                curl    1  0.076
          parseTimes    1  0.000

Something wrong with it: LOADING OK

Errors: Array
(
)
Status: LOADING OK, Next Run: 2017-03-02 21:01:39
https://uslugi.mosreg.ru/zdrav/doctor_appointment/doctor/0901052/3700/2017-03-16?scenery=1
No time: Array
(
)

               total    1  6.058
                curl    1  6.057
          parseTimes    1  0.000

Something wrong with it: LOADING OK

Errors: Array
(
)
Status: LOADING OK, Next Run: 2017-03-02 21:01:45
https://uslugi.mosreg.ru/zdrav/doctor_appointment/doctor/0901052/3700/2017-03-16?scenery=1
No time: Array
(
)

               total    1  0.201
                curl    1  0.200
          parseTimes    1  0.000

Something wrong with it: LOADING OK

Errors: Array
(
)
Status: LOADING OK, Next Run: 2017-03-02 21:01:50
https://uslugi.mosreg.ru/zdrav/doctor_appointment/doctor/0901052/3700/2017-03-16?scenery=1
No time: Array
(
)

               total    1  5.799
                curl    1  5.799
          parseTimes    1  0.000

Something wrong with it: LOADING OK

Errors: Array
(
)
Status: LOADING OK, Next Run: 2017-03-02 21:01:56
https://uslugi.mosreg.ru/zdrav/doctor_appointment/doctor/0901052/3700/2017-03-16?scenery=1
No time: Array
(
)

               total    1  0.090
                curl    1  0.090
          parseTimes    1  0.000

Something wrong with it: LOADING OK

Errors: Array
(
)
Status: LOADING OK, Next Run: 2017-03-02 21:02:01
https://uslugi.mosreg.ru/zdrav/doctor_appointment/doctor/0901052/3700/2017-03-16?scenery=1
No time: Array
(
)

               total    1  5.199
                curl    1  5.199
          parseTimes    1  0.000

Something wrong with it: LOADING OK

Errors: Array
(
)
Time is over: 2017-03-02 21:02:00
